#    1 | steps:    18 | steps_t:     0 | t: 0.028503 | r:  -517.000000 | e:   1.000000 | Q:        nan | won: False 
#    2 | steps:    27 | steps_t:     0 | t: 0.031643 | r:  -508.000000 | e:   1.000000 | Q:        nan | won: False 
#    3 | steps:    35 | steps_t:     0 | t: 0.033915 | r:  -507.000000 | e:   1.000000 | Q:        nan | won: False 
#    4 | steps:    41 | steps_t:     0 | t: 0.035584 | r:  -505.000000 | e:   1.000000 | Q:        nan | won: False 
#    5 | steps:    49 | steps_t:     0 | t: 0.038349 | r:  -507.000000 | e:   1.000000 | Q:        nan | won: False 
#    6 | steps:    56 | steps_t:     0 | t: 0.040410 | r:  -506.000000 | e:   1.000000 | Q:        nan | won: False 
#    7 | steps:    64 | steps_t:     0 | t: 0.042833 | r:  -507.000000 | e:   1.000000 | Q:        nan | won: False 
#    8 | steps:    78 | steps_t:     0 | t: 0.046830 | r:  -513.000000 | e:   1.000000 | Q:        nan | won: False 
#    9 | steps:    84 | steps_t:     0 | t: 0.094333 | r:  -505.000000 | e:   1.000000 | Q:        nan | won: False 
#   10 | steps:    95 | steps_t:     0 | t: 0.097765 | r:  -510.000000 | e:   1.000000 | Q:        nan | won: False 
#   11 | steps:   101 | steps_t:     0 | t: 0.099587 | r:  -505.000000 | e:   1.000000 | Q:        nan | won: False 
#   12 | steps:   107 | steps_t:     0 | t: 0.101449 | r:  -505.000000 | e:   1.000000 | Q:        nan | won: False 
#   13 | steps:   120 | steps_t:     0 | t: 0.105257 | r:  -512.000000 | e:   1.000000 | Q:        nan | won: False 
#   14 | steps:   133 | steps_t:     0 | t: 0.109115 | r:  -512.000000 | e:   1.000000 | Q:        nan | won: False 
#   15 | steps:   147 | steps_t:     0 | t: 0.113520 | r:  -513.000000 | e:   1.000000 | Q:        nan | won: False 
#   16 | steps:   153 | steps_t:     0 | t: 0.115401 | r:  -505.000000 | e:   1.000000 | Q:        nan | won: False 
#   17 | steps:   166 | steps_t:     0 | t: 0.119286 | r:  -512.000000 | e:   1.000000 | Q:        nan | won: False 
#   18 | steps:   173 | steps_t:     0 | t: 0.121413 | r:  -506.000000 | e:   1.000000 | Q:        nan | won: False 
#   19 | steps:   181 | steps_t:     0 | t: 0.124037 | r:  -507.000000 | e:   1.000000 | Q:        nan | won: False 
#   20 | steps:   187 | steps_t:     0 | t: 0.125953 | r:  -505.000000 | e:   1.000000 | Q:        nan | won: False 
#   21 | steps:   195 | steps_t:     0 | t: 0.128314 | r:  -507.000000 | e:   1.000000 | Q:        nan | won: False 
#   22 | steps:   205 | steps_t:     0 | t: 0.131285 | r:  -509.000000 | e:   1.000000 | Q:        nan | won: False 
#   23 | steps:   216 | steps_t:     0 | t: 0.134752 | r:  -510.000000 | e:   1.000000 | Q:        nan | won: False 
#   24 | steps:   225 | steps_t:     0 | t: 0.137710 | r:  -508.000000 | e:   1.000000 | Q:        nan | won: False 
#   25 | steps:   239 | steps_t:     0 | t: 0.141877 | r:  -513.000000 | e:   1.000000 | Q:        nan | won: False 
#   26 | steps:   253 | steps_t:     0 | t: 0.146056 | r:  -513.000000 | e:   1.000000 | Q:        nan | won: False 
#   27 | steps:   258 | steps_t:     0 | t: 0.147550 | r:  -504.000000 | e:   1.000000 | Q:        nan | won: False 
#   28 | steps:   268 | steps_t:     0 | t: 0.150389 | r:  -509.000000 | e:   1.000000 | Q:        nan | won: False 
#   29 | steps:   276 | steps_t:     0 | t: 0.152777 | r:  -507.000000 | e:   1.000000 | Q:        nan | won: False 
#   30 | steps:   283 | steps_t:     0 | t: 0.154878 | r:  -506.000000 | e:   1.000000 | Q:        nan | won: False 
#   31 | steps:   292 | steps_t:     0 | t: 0.157579 | r:  -508.000000 | e:   1.000000 | Q:        nan | won: False 
#   32 | steps:   303 | steps_t:     0 | t: 0.161224 | r:  -510.000000 | e:   1.000000 | Q:        nan | won: False 
#   33 | steps:   312 | steps_t:     0 | t: 0.164309 | r:  -508.000000 | e:   1.000000 | Q:        nan | won: False 
#   34 | steps:   321 | steps_t:     0 | t: 0.167234 | r:  -508.000000 | e:   1.000000 | Q:        nan | won: False 
#   35 | steps:   340 | steps_t:     0 | t: 0.173162 | r:  -496.000000 | e:   1.000000 | Q:        nan | won: False 
#   36 | steps:   351 | steps_t:     0 | t: 0.176751 | r:  -510.000000 | e:   1.000000 | Q:        nan | won: False 
#   37 | steps:   357 | steps_t:     0 | t: 0.178934 | r:  -505.000000 | e:   1.000000 | Q:        nan | won: False 
#   38 | steps:   371 | steps_t:     0 | t: 0.183623 | r:  -513.000000 | e:   1.000000 | Q:        nan | won: False 
#   39 | steps:   379 | steps_t:     0 | t: 0.186596 | r:  -507.000000 | e:   1.000000 | Q:        nan | won: False 
#   40 | steps:   395 | steps_t:     0 | t: 0.191805 | r:  -515.000000 | e:   1.000000 | Q:        nan | won: False 
#   41 | steps:   400 | steps_t:     0 | t: 0.193501 | r:  -504.000000 | e:   1.000000 | Q:        nan | won: False 
#   42 | steps:   406 | steps_t:     0 | t: 0.195559 | r:  -505.000000 | e:   1.000000 | Q:        nan | won: False 
#   43 | steps:   413 | steps_t:     0 | t: 0.197846 | r:  -506.000000 | e:   1.000000 | Q:        nan | won: False 
#   44 | steps:   420 | steps_t:     0 | t: 0.200189 | r:  -506.000000 | e:   1.000000 | Q:        nan | won: False 
#   45 | steps:   430 | steps_t:     0 | t: 0.203848 | r:  -509.000000 | e:   1.000000 | Q:        nan | won: False 
#   46 | steps:   439 | steps_t:     0 | t: 0.206899 | r:  -508.000000 | e:   1.000000 | Q:        nan | won: False 
#   47 | steps:   447 | steps_t:     0 | t: 0.209592 | r:  -507.000000 | e:   1.000000 | Q:        nan | won: False 
#   48 | steps:   458 | steps_t:     0 | t: 0.213102 | r:  -510.000000 | e:   1.000000 | Q:        nan | won: False 
#   49 | steps:   466 | steps_t:     0 | t: 0.215566 | r:  -507.000000 | e:   1.000000 | Q:        nan | won: False 
#   50 | steps:   472 | steps_t:     0 | t: 0.217503 | r:  -505.000000 | e:   1.000000 | Q:        nan | won: False 
#   51 | steps:   479 | steps_t:     0 | t: 0.219799 | r:  -506.000000 | e:   1.000000 | Q:        nan | won: False 
#   52 | steps:   487 | steps_t:     0 | t: 0.222447 | r:  -507.000000 | e:   1.000000 | Q:        nan | won: False 
#   53 | steps:   493 | steps_t:     0 | t: 0.224391 | r:  -505.000000 | e:   1.000000 | Q:        nan | won: False 
#   54 | steps:   502 | steps_t:     0 | t: 0.227295 | r:  -508.000000 | e:   1.000000 | Q:        nan | won: False 
#   55 | steps:   507 | steps_t:     0 | t: 0.228987 | r:  -504.000000 | e:   1.000000 | Q:        nan | won: False 
#   56 | steps:   515 | steps_t:     0 | t: 0.231490 | r:  -507.000000 | e:   1.000000 | Q:        nan | won: False 
#   57 | steps:   521 | steps_t:     0 | t: 0.233505 | r:  -505.000000 | e:   1.000000 | Q:        nan | won: False 
#   58 | steps:   532 | steps_t:     0 | t: 0.237246 | r:  -510.000000 | e:   1.000000 | Q:        nan | won: False 
#   59 | steps:   538 | steps_t:     0 | t: 0.239133 | r:  -505.000000 | e:   1.000000 | Q:        nan | won: False 
#   60 | steps:   551 | steps_t:     0 | t: 0.243146 | r:  -512.000000 | e:   1.000000 | Q:        nan | won: False 
#   61 | steps:   560 | steps_t:     0 | t: 0.246049 | r:  -508.000000 | e:   1.000000 | Q:        nan | won: False 
#   62 | steps:   570 | steps_t:     0 | t: 0.249339 | r:  -509.000000 | e:   1.000000 | Q:        nan | won: False 
#   63 | steps:   577 | steps_t:     0 | t: 0.251657 | r:  -506.000000 | e:   1.000000 | Q:        nan | won: False 
#   64 | steps:   583 | steps_t:     0 | t: 0.253625 | r:  -505.000000 | e:   1.000000 | Q:        nan | won: False 
#   65 | steps:   595 | steps_t:     0 | t: 0.257546 | r:  -511.000000 | e:   1.000000 | Q:        nan | won: False 
#   66 | steps:   602 | steps_t:     0 | t: 0.259889 | r:  -506.000000 | e:   1.000000 | Q:        nan | won: False 
#   67 | steps:   615 | steps_t:     0 | t: 0.264077 | r:  -512.000000 | e:   1.000000 | Q:        nan | won: False 
#   68 | steps:   621 | steps_t:     0 | t: 0.266111 | r:  -505.000000 | e:   1.000000 | Q:        nan | won: False 
#   69 | steps:   628 | steps_t:     0 | t: 0.268459 | r:  -506.000000 | e:   1.000000 | Q:        nan | won: False 
#   70 | steps:   642 | steps_t:     0 | t: 0.273258 | r:  -513.000000 | e:   1.000000 | Q:        nan | won: False 
#   71 | steps:   650 | steps_t:     0 | t: 0.276268 | r:  -507.000000 | e:   1.000000 | Q:        nan | won: False 
#   72 | steps:   662 | steps_t:     0 | t: 0.280437 | r:  -511.000000 | e:   1.000000 | Q:        nan | won: False 
#   73 | steps:   670 | steps_t:     0 | t: 0.283222 | r:  -507.000000 | e:   1.000000 | Q:        nan | won: False 
#   74 | steps:   679 | steps_t:     0 | t: 0.286504 | r:  -508.000000 | e:   1.000000 | Q:        nan | won: False 
#   75 | steps:   685 | steps_t:     0 | t: 0.288686 | r:  -505.000000 | e:   1.000000 | Q:        nan | won: False 
#   76 | steps:   693 | steps_t:     0 | t: 0.291499 | r:  -507.000000 | e:   1.000000 | Q:        nan | won: False 
#   77 | steps:   704 | steps_t:     0 | t: 0.295392 | r:  -510.000000 | e:   1.000000 | Q:        nan | won: False 
#   78 | steps:   713 | steps_t:     0 | t: 0.298661 | r:  -508.000000 | e:   1.000000 | Q:        nan | won: False 
#   79 | steps:   725 | steps_t:     0 | t: 0.303024 | r:  -511.000000 | e:   1.000000 | Q:        nan | won: False 
#   80 | steps:   731 | steps_t:     0 | t: 0.305280 | r:  -505.000000 | e:   1.000000 | Q:        nan | won: False 
#   81 | steps:   745 | steps_t:     0 | t: 0.310053 | r:  -513.000000 | e:   1.000000 | Q:        nan | won: False 
#   82 | steps:   752 | steps_t:     0 | t: 0.312505 | r:  -506.000000 | e:   1.000000 | Q:        nan | won: False 
#   83 | steps:   759 | steps_t:     0 | t: 0.314926 | r:  -506.000000 | e:   1.000000 | Q:        nan | won: False 
#   84 | steps:   773 | steps_t:     0 | t: 0.319789 | r:  -513.000000 | e:   1.000000 | Q:        nan | won: False 
#   85 | steps:   779 | steps_t:     0 | t: 0.321918 | r:  -505.000000 | e:   1.000000 | Q:        nan | won: False 
#   86 | steps:   788 | steps_t:     0 | t: 0.325103 | r:  -508.000000 | e:   1.000000 | Q:        nan | won: False 
#   87 | steps:   795 | steps_t:     0 | t: 0.327590 | r:  -506.000000 | e:   1.000000 | Q:        nan | won: False 
#   88 | steps:   804 | steps_t:     0 | t: 0.330890 | r:  -508.000000 | e:   1.000000 | Q:        nan | won: False 
#   89 | steps:   819 | steps_t:     0 | t: 0.336171 | r:  -514.000000 | e:   1.000000 | Q:        nan | won: False 
#   90 | steps:   831 | steps_t:     0 | t: 0.340621 | r:  -511.000000 | e:   1.000000 | Q:        nan | won: False 
#   91 | steps:   839 | steps_t:     0 | t: 0.343535 | r:  -507.000000 | e:   1.000000 | Q:        nan | won: False 
#   92 | steps:   849 | steps_t:     0 | t: 0.347072 | r:  -509.000000 | e:   1.000000 | Q:        nan | won: False 
#   93 | steps:   854 | steps_t:     0 | t: 0.349111 | r:  -504.000000 | e:   1.000000 | Q:        nan | won: False 
#   94 | steps:   861 | steps_t:     0 | t: 0.351655 | r:  -506.000000 | e:   1.000000 | Q:        nan | won: False 
#   95 | steps:   869 | steps_t:     0 | t: 0.354523 | r:  -507.000000 | e:   1.000000 | Q:        nan | won: False 
#   96 | steps:   876 | steps_t:     0 | t: 0.357086 | r:  -506.000000 | e:   1.000000 | Q:        nan | won: False 
#   97 | steps:   884 | steps_t:     0 | t: 0.360080 | r:  -507.000000 | e:   1.000000 | Q:        nan | won: False 
#   98 | steps:   896 | steps_t:     0 | t: 0.364332 | r:  -511.000000 | e:   1.000000 | Q:        nan | won: False 
#   99 | steps:   908 | steps_t:     0 | t: 0.368712 | r:  -511.000000 | e:   1.000000 | Q:        nan | won: False 
#  100 | steps:   916 | steps_t:     0 | t: 0.371832 | r:  -507.000000 | e:   1.000000 | Q:        nan | won: False 
#  101 | steps:   923 | steps_t:     0 | t: 0.374322 | r:  -506.000000 | e:   1.000000 | Q:        nan | won: False 
#  102 | steps:   930 | steps_t:     0 | t: 0.376733 | r:  -506.000000 | e:   1.000000 | Q:        nan | won: False 
#  103 | steps:   940 | steps_t:     0 | t: 0.380184 | r:  -509.000000 | e:   1.000000 | Q:        nan | won: False 
#  104 | steps:   957 | steps_t:     0 | t: 0.385984 | r:  -516.000000 | e:   1.000000 | Q:        nan | won: False 
#  105 | steps:   966 | steps_t:     0 | t: 0.389092 | r:  -508.000000 | e:   1.000000 | Q:        nan | won: False 
#  106 | steps:   973 | steps_t:     0 | t: 0.391587 | r:  -506.000000 | e:   1.000000 | Q:        nan | won: False 
#  107 | steps:   983 | steps_t:     0 | t: 0.395185 | r:  -509.000000 | e:   1.000000 | Q:        nan | won: False 
#  108 | steps:   990 | steps_t:     0 | t: 0.397629 | r:  -506.000000 | e:   1.000000 | Q:        nan | won: False 
#  109 | steps:   998 | steps_t:     0 | t: 0.400539 | r:  -507.000000 | e:   1.000000 | Q:        nan | won: False 
#  110 | steps:  1007 | steps_t:     0 | t: 0.403832 | r:  -508.000000 | e:   1.000000 | Q:        nan | won: False 
#  111 | steps:  1013 | steps_t:     0 | t: 0.405865 | r:  -505.000000 | e:   1.000000 | Q:        nan | won: False 
#  112 | steps:  1030 | steps_t:     0 | t: 0.412094 | r:  -516.000000 | e:   1.000000 | Q:        nan | won: False 
#  113 | steps:  1036 | steps_t:     0 | t: 0.414509 | r:  -505.000000 | e:   1.000000 | Q:        nan | won: False 
#  114 | steps:  1044 | steps_t:     0 | t: 0.417590 | r:  -507.000000 | e:   1.000000 | Q:        nan | won: False 
#  115 | steps:  1053 | steps_t:     0 | t: 0.421019 | r:  -508.000000 | e:   1.000000 | Q:        nan | won: False 
#  116 | steps:  1060 | steps_t:     0 | t: 0.423698 | r:  -506.000000 | e:   1.000000 | Q:        nan | won: False 
#  117 | steps:  1068 | steps_t:     0 | t: 0.426675 | r:  -507.000000 | e:   1.000000 | Q:        nan | won: False 
#  118 | steps:  1077 | steps_t:     0 | t: 0.429734 | r:  -508.000000 | e:   1.000000 | Q:        nan | won: False 
#  119 | steps:  1086 | steps_t:     0 | t: 0.433026 | r:  -508.000000 | e:   1.000000 | Q:        nan | won: False 
#  120 | steps:  1093 | steps_t:     0 | t: 0.435681 | r:  -506.000000 | e:   1.000000 | Q:        nan | won: False 
#  121 | steps:  1099 | steps_t:     0 | t: 0.437971 | r:  -505.000000 | e:   1.000000 | Q:        nan | won: False 
#  122 | steps:  1104 | steps_t:     0 | t: 0.439985 | r:  -504.000000 | e:   1.000000 | Q:        nan | won: False 
#  123 | steps:  1112 | steps_t:     0 | t: 0.443060 | r:  -507.000000 | e:   1.000000 | Q:        nan | won: False 
#  124 | steps:  1119 | steps_t:     0 | t: 0.445710 | r:  -506.000000 | e:   1.000000 | Q:        nan | won: False 
#  125 | steps:  1127 | steps_t:     0 | t: 0.448705 | r:  -507.000000 | e:   1.000000 | Q:        nan | won: False 
#  126 | steps:  1135 | steps_t:     0 | t: 0.451690 | r:  -507.000000 | e:   1.000000 | Q:        nan | won: False 
#  127 | steps:  1145 | steps_t:     0 | t: 0.455227 | r:  -509.000000 | e:   1.000000 | Q:        nan | won: False 
#  128 | steps:  1154 | steps_t:     0 | t: 0.458300 | r:  -508.000000 | e:   1.000000 | Q:        nan | won: False 
#  129 | steps:  1160 | steps_t:     0 | t: 0.460774 | r:  -505.000000 | e:   1.000000 | Q:        nan | won: False 
#  130 | steps:  1168 | steps_t:     0 | t: 0.463847 | r:  -507.000000 | e:   1.000000 | Q:        nan | won: False 
#  131 | steps:  1176 | steps_t:     0 | t: 0.466741 | r:  -507.000000 | e:   1.000000 | Q:        nan | won: False 
#  132 | steps:  1183 | steps_t:     0 | t: 0.469332 | r:  -506.000000 | e:   1.000000 | Q:        nan | won: False 
#  133 | steps:  1190 | steps_t:     0 | t: 0.471850 | r:  -506.000000 | e:   1.000000 | Q:        nan | won: False 
#  134 | steps:  1199 | steps_t:     0 | t: 0.474919 | r:  -508.000000 | e:   1.000000 | Q:        nan | won: False 
#  135 | steps:  1206 | steps_t:     0 | t: 0.477925 | r:  -506.000000 | e:   1.000000 | Q:        nan | won: False 
#  136 | steps:  1212 | steps_t:     0 | t: 0.480542 | r:  -505.000000 | e:   1.000000 | Q:        nan | won: False 
#  137 | steps:  1224 | steps_t:     0 | t: 0.485271 | r:  -511.000000 | e:   1.000000 | Q:        nan | won: False 
#  138 | steps:  1230 | steps_t:     0 | t: 0.487739 | r:  -505.000000 | e:   1.000000 | Q:        nan | won: False 
#  139 | steps:  1236 | steps_t:     0 | t: 0.490280 | r:  -505.000000 | e:   1.000000 | Q:        nan | won: False 
#  140 | steps:  1243 | steps_t:     0 | t: 0.493507 | r:  -506.000000 | e:   1.000000 | Q:        nan | won: False 
#  141 | steps:  1250 | steps_t:     0 | t: 0.496575 | r:  -506.000000 | e:   1.000000 | Q:        nan | won: False 
#  142 | steps:  1257 | steps_t:     0 | t: 0.501188 | r:  -506.000000 | e:   1.000000 | Q:        nan | won: False 
#  143 | steps:  1267 | steps_t:     0 | t: 0.506480 | r:  -509.000000 | e:   1.000000 | Q:        nan | won: False 
#  144 | steps:  1274 | steps_t:     0 | t: 0.510151 | r:  -506.000000 | e:   1.000000 | Q:        nan | won: False 
#  145 | steps:  1285 | steps_t:     0 | t: 0.515303 | r:  -510.000000 | e:   1.000000 | Q:        nan | won: False 
#  146 | steps:  1292 | steps_t:     0 | t: 0.518189 | r:  -506.000000 | e:   1.000000 | Q:        nan | won: False 
#  147 | steps:  1305 | steps_t:     0 | t: 0.523652 | r:  -512.000000 | e:   1.000000 | Q:        nan | won: False 
#  148 | steps:  1312 | steps_t:     0 | t: 0.527163 | r:  -506.000000 | e:   1.000000 | Q:        nan | won: False 
#  149 | steps:  1321 | steps_t:     0 | t: 0.531516 | r:  -508.000000 | e:   1.000000 | Q:        nan | won: False 
#  150 | steps:  1328 | steps_t:     0 | t: 0.534873 | r:  -506.000000 | e:   1.000000 | Q:        nan | won: False 
#  151 | steps:  1335 | steps_t:     0 | t: 0.537962 | r:  -506.000000 | e:   1.000000 | Q:        nan | won: False 
#  152 | steps:  1341 | steps_t:     0 | t: 0.540560 | r:  -505.000000 | e:   1.000000 | Q:        nan | won: False 
#  153 | steps:  1350 | steps_t:     0 | t: 0.544098 | r:  -508.000000 | e:   1.000000 | Q:        nan | won: False 
#  154 | steps:  1357 | steps_t:     0 | t: 0.547221 | r:  -506.000000 | e:   1.000000 | Q:        nan | won: False 
#  155 | steps:  1365 | steps_t:     0 | t: 0.550603 | r:  -507.000000 | e:   1.000000 | Q:        nan | won: False 
#  156 | steps:  1377 | steps_t:     0 | t: 0.555369 | r:  -511.000000 | e:   1.000000 | Q:        nan | won: False 
#  157 | steps:  1385 | steps_t:     0 | t: 0.558803 | r:  -507.000000 | e:   1.000000 | Q:        nan | won: False 
#  158 | steps:  1392 | steps_t:     0 | t: 0.561563 | r:  -506.000000 | e:   1.000000 | Q:        nan | won: False 
#  159 | steps:  1400 | steps_t:     0 | t: 0.564466 | r:  -507.000000 | e:   1.000000 | Q:        nan | won: False 
#  160 | steps:  1408 | steps_t:     0 | t: 0.567608 | r:  -507.000000 | e:   1.000000 | Q:        nan | won: False 
#  161 | steps:  1415 | steps_t:     0 | t: 0.570268 | r:  -506.000000 | e:   1.000000 | Q:        nan | won: False 
#  162 | steps:  1420 | steps_t:     0 | t: 0.572302 | r:  -504.000000 | e:   1.000000 | Q:        nan | won: False 
#  163 | steps:  1426 | steps_t:     0 | t: 0.574700 | r:  -505.000000 | e:   1.000000 | Q:        nan | won: False 
#  164 | steps:  1433 | steps_t:     0 | t: 0.577483 | r:  -506.000000 | e:   1.000000 | Q:        nan | won: False 
#  165 | steps:  1446 | steps_t:     0 | t: 0.582518 | r:  -512.000000 | e:   1.000000 | Q:        nan | won: False 
#  166 | steps:  1455 | steps_t:     0 | t: 0.586160 | r:  -508.000000 | e:   1.000000 | Q:        nan | won: False 
#  167 | steps:  1462 | steps_t:     0 | t: 0.588864 | r:  -506.000000 | e:   1.000000 | Q:        nan | won: False 
#  168 | steps:  1470 | steps_t:     0 | t: 0.592211 | r:  -507.000000 | e:   1.000000 | Q:        nan | won: False 
#  169 | steps:  1476 | steps_t:     0 | t: 0.594618 | r:  -505.000000 | e:   1.000000 | Q:        nan | won: False 
#  170 | steps:  1486 | steps_t:     0 | t: 0.598585 | r:  -509.000000 | e:   1.000000 | Q:        nan | won: False 
#  171 | steps:  1501 | steps_t:     0 | t: 0.604531 | r:  -514.000000 | e:   1.000000 | Q:        nan | won: False 
#  172 | steps:  1508 | steps_t:     0 | t: 0.607491 | r:  -506.000000 | e:   1.000000 | Q:        nan | won: False 
#  173 | steps:  1515 | steps_t:     0 | t: 0.610296 | r:  -506.000000 | e:   1.000000 | Q:        nan | won: False 
#  174 | steps:  1522 | steps_t:     0 | t: 0.613632 | r:  -506.000000 | e:   1.000000 | Q:        nan | won: False 
#  175 | steps:  1530 | steps_t:     0 | t: 0.617077 | r:  -507.000000 | e:   1.000000 | Q:        nan | won: False 
#  176 | steps:  1540 | steps_t:     0 | t: 0.621210 | r:  -509.000000 | e:   1.000000 | Q:        nan | won: False 
#  177 | steps:  1549 | steps_t:     0 | t: 0.624998 | r:  -508.000000 | e:   1.000000 | Q:        nan | won: False 
#  178 | steps:  1558 | steps_t:     0 | t: 0.628669 | r:  -508.000000 | e:   1.000000 | Q:        nan | won: False 
#  179 | steps:  1565 | steps_t:     0 | t: 0.631460 | r:  -506.000000 | e:   1.000000 | Q:        nan | won: False 
#  180 | steps:  1570 | steps_t:     0 | t: 0.633468 | r:  -504.000000 | e:   1.000000 | Q:        nan | won: False 
#  181 | steps:  1576 | steps_t:     0 | t: 0.636101 | r:  -505.000000 | e:   1.000000 | Q:        nan | won: False 
#  182 | steps:  1589 | steps_t:     0 | t: 0.641400 | r:  -512.000000 | e:   1.000000 | Q:        nan | won: False 
#  183 | steps:  1596 | steps_t:     0 | t: 0.644320 | r:  -506.000000 | e:   1.000000 | Q:        nan | won: False 
#  184 | steps:  1604 | steps_t:     0 | t: 0.647602 | r:  -507.000000 | e:   1.000000 | Q:        nan | won: False 
#  185 | steps:  1615 | steps_t:     0 | t: 0.651932 | r:  -510.000000 | e:   1.000000 | Q:        nan | won: False 
#  186 | steps:  1622 | steps_t:     0 | t: 0.654529 | r:  -506.000000 | e:   1.000000 | Q:        nan | won: False 
#  187 | steps:  1629 | steps_t:     0 | t: 0.657266 | r:  -506.000000 | e:   1.000000 | Q:        nan | won: False 
#  188 | steps:  1635 | steps_t:     0 | t: 0.659460 | r:  -505.000000 | e:   1.000000 | Q:        nan | won: False 
#  189 | steps:  1641 | steps_t:     0 | t: 0.661621 | r:  -505.000000 | e:   1.000000 | Q:        nan | won: False 
#  190 | steps:  1652 | steps_t:     0 | t: 0.665884 | r:  -510.000000 | e:   1.000000 | Q:        nan | won: False 
#  191 | steps:  1658 | steps_t:     0 | t: 0.668264 | r:  -505.000000 | e:   1.000000 | Q:        nan | won: False 
#  192 | steps:  1668 | steps_t:     0 | t: 0.672208 | r:  -509.000000 | e:   1.000000 | Q:        nan | won: False 
#  193 | steps:  1674 | steps_t:     0 | t: 0.674789 | r:  -505.000000 | e:   1.000000 | Q:        nan | won: False 
#  194 | steps:  1680 | steps_t:     0 | t: 0.677106 | r:  -505.000000 | e:   1.000000 | Q:        nan | won: False 
#  195 | steps:  1692 | steps_t:     0 | t: 0.682453 | r:  -511.000000 | e:   1.000000 | Q:        nan | won: False 
#  196 | steps:  1698 | steps_t:     0 | t: 0.685202 | r:  -505.000000 | e:   1.000000 | Q:        nan | won: False 
#  197 | steps:  1708 | steps_t:     0 | t: 0.689083 | r:  -509.000000 | e:   1.000000 | Q:        nan | won: False 
#  198 | steps:  1719 | steps_t:     0 | t: 0.693328 | r:  -510.000000 | e:   1.000000 | Q:        nan | won: False 
#  199 | steps:  1725 | steps_t:     0 | t: 0.695775 | r:  -505.000000 | e:   1.000000 | Q:        nan | won: False 
#  200 | steps:  1735 | steps_t:     0 | t: 0.699795 | r:  -509.000000 | e:   1.000000 | Q:        nan | won: False 
#  201 | steps:  1742 | steps_t:     0 | t: 0.703025 | r:  -506.000000 | e:   1.000000 | Q:        nan | won: False 
#  202 | steps:  1750 | steps_t:     0 | t: 0.706279 | r:  -507.000000 | e:   1.000000 | Q:        nan | won: False 
#  203 | steps:  1758 | steps_t:     0 | t: 0.709515 | r:  -507.000000 | e:   1.000000 | Q:        nan | won: False 
#  204 | steps:  1764 | steps_t:     0 | t: 0.711889 | r:  -505.000000 | e:   1.000000 | Q:        nan | won: False 
#  205 | steps:  1776 | steps_t:     0 | t: 0.717388 | r:  -511.000000 | e:   1.000000 | Q:        nan | won: False 
#  206 | steps:  1783 | steps_t:     0 | t: 0.720845 | r:  -506.000000 | e:   1.000000 | Q:        nan | won: False 
#  207 | steps:  1792 | steps_t:     0 | t: 0.725041 | r:  -508.000000 | e:   1.000000 | Q:        nan | won: False 
#  208 | steps:  1800 | steps_t:     0 | t: 0.728504 | r:  -507.000000 | e:   1.000000 | Q:        nan | won: False 
#  209 | steps:  1808 | steps_t:     0 | t: 0.731872 | r:  -507.000000 | e:   1.000000 | Q:        nan | won: False 
#  210 | steps:  1815 | steps_t:     0 | t: 0.734796 | r:  -506.000000 | e:   1.000000 | Q:        nan | won: False 
#  211 | steps:  1821 | steps_t:     0 | t: 0.737283 | r:  -505.000000 | e:   1.000000 | Q:        nan | won: False 
#  212 | steps:  1827 | steps_t:     0 | t: 0.739769 | r:  -505.000000 | e:   1.000000 | Q:        nan | won: False 
#  213 | steps:  1833 | steps_t:     0 | t: 0.742239 | r:  -505.000000 | e:   1.000000 | Q:        nan | won: False 
#  214 | steps:  1843 | steps_t:     0 | t: 0.746395 | r:  -509.000000 | e:   1.000000 | Q:        nan | won: False 
#  215 | steps:  1848 | steps_t:     0 | t: 0.748542 | r:  -504.000000 | e:   1.000000 | Q:        nan | won: False 
#  216 | steps:  1854 | steps_t:     0 | t: 0.751107 | r:  -505.000000 | e:   1.000000 | Q:        nan | won: False 
#  217 | steps:  1866 | steps_t:     0 | t: 0.756005 | r:  -511.000000 | e:   1.000000 | Q:        nan | won: False 
#  218 | steps:  1875 | steps_t:     0 | t: 0.759551 | r:  -508.000000 | e:   1.000000 | Q:        nan | won: False 
#  219 | steps:  1886 | steps_t:     0 | t: 0.764034 | r:  -510.000000 | e:   1.000000 | Q:        nan | won: False 
#  220 | steps:  1894 | steps_t:     0 | t: 0.767362 | r:  -507.000000 | e:   1.000000 | Q:        nan | won: False 
#  221 | steps:  1901 | steps_t:     0 | t: 0.770460 | r:  -506.000000 | e:   1.000000 | Q:        nan | won: False 
#  222 | steps:  1913 | steps_t:     0 | t: 0.775481 | r:  -511.000000 | e:   1.000000 | Q:        nan | won: False 
#  223 | steps:  1922 | steps_t:     0 | t: 0.779249 | r:  -508.000000 | e:   1.000000 | Q:        nan | won: False 
#  224 | steps:  1929 | steps_t:     0 | t: 0.781988 | r:  -506.000000 | e:   1.000000 | Q:        nan | won: False 
#  225 | steps:  1935 | steps_t:     0 | t: 0.784299 | r:  -505.000000 | e:   1.000000 | Q:        nan | won: False 
#  226 | steps:  1944 | steps_t:     0 | t: 0.787834 | r:  -508.000000 | e:   1.000000 | Q:        nan | won: False 
#  227 | steps:  1955 | steps_t:     0 | t: 0.792207 | r:  -510.000000 | e:   1.000000 | Q:        nan | won: False 
#  228 | steps:  1961 | steps_t:     0 | t: 0.794734 | r:  -505.000000 | e:   1.000000 | Q:        nan | won: False 
#  229 | steps:  1973 | steps_t:     0 | t: 0.799650 | r:  -511.000000 | e:   1.000000 | Q:        nan | won: False 
#  230 | steps:  1978 | steps_t:     0 | t: 0.801776 | r:  -504.000000 | e:   1.000000 | Q:        nan | won: False 
#  231 | steps:  1987 | steps_t:     0 | t: 0.805422 | r:  -508.000000 | e:   1.000000 | Q:        nan | won: False 
#  232 | steps:  1994 | steps_t:     0 | t: 0.808095 | r:  -506.000000 | e:   1.000000 | Q:        nan | won: False 
#  233 | steps:  2000 | steps_t:     0 | t: 0.810360 | r:  -505.000000 | e:   1.000000 | Q:        nan | won: False 
#  234 | steps:  2012 | steps_t:     0 | t: 0.814899 | r:  -511.000000 | e:   1.000000 | Q:        nan | won: False 
#  235 | steps:  2021 | steps_t:     0 | t: 0.818465 | r:  -508.000000 | e:   1.000000 | Q:        nan | won: False 
#  236 | steps:  2044 | steps_t:     0 | t: 0.827182 | r:  -522.000000 | e:   1.000000 | Q:        nan | won: False 
#  237 | steps:  2052 | steps_t:     0 | t: 0.830534 | r:  -507.000000 | e:   1.000000 | Q:        nan | won: False 
#  238 | steps:  2058 | steps_t:     0 | t: 0.833011 | r:  -505.000000 | e:   1.000000 | Q:        nan | won: False 
#  239 | steps:  2069 | steps_t:     0 | t: 0.837129 | r:  -510.000000 | e:   1.000000 | Q:        nan | won: False 
#  240 | steps:  2077 | steps_t:     0 | t: 0.840320 | r:  -507.000000 | e:   1.000000 | Q:        nan | won: False 
#  241 | steps:  2083 | steps_t:     0 | t: 0.842829 | r:  -505.000000 | e:   1.000000 | Q:        nan | won: False 
#  242 | steps:  2090 | steps_t:     0 | t: 0.845540 | r:  -506.000000 | e:   1.000000 | Q:        nan | won: False 
#  243 | steps:  2102 | steps_t:     0 | t: 0.850030 | r:  -511.000000 | e:   1.000000 | Q:        nan | won: False 
#  244 | steps:  2108 | steps_t:     0 | t: 0.852497 | r:  -505.000000 | e:   1.000000 | Q:        nan | won: False 
#  245 | steps:  2117 | steps_t:     0 | t: 0.856012 | r:  -508.000000 | e:   1.000000 | Q:        nan | won: False 
#  246 | steps:  2128 | steps_t:     0 | t: 0.860118 | r:  -510.000000 | e:   1.000000 | Q:        nan | won: False 
#  247 | steps:  2135 | steps_t:     0 | t: 0.862733 | r:  -506.000000 | e:   1.000000 | Q:        nan | won: False 
#  248 | steps:  2145 | steps_t:     0 | t: 0.866651 | r:  -509.000000 | e:   1.000000 | Q:        nan | won: False 
#  249 | steps:  2153 | steps_t:     0 | t: 0.870281 | r:  -507.000000 | e:   1.000000 | Q:        nan | won: False 
#  250 | steps:  2197 | steps_t:     0 | t: 0.887633 | r:  -543.000000 | e:   1.000000 | Q:        nan | won: False 
#  251 | steps:  2203 | steps_t:     0 | t: 0.890305 | r:  -505.000000 | e:   1.000000 | Q:        nan | won: False 
#  252 | steps:  2209 | steps_t:     0 | t: 0.892863 | r:  -505.000000 | e:   1.000000 | Q:        nan | won: False 
#  253 | steps:  2219 | steps_t:     0 | t: 0.897060 | r:  -509.000000 | e:   1.000000 | Q:        nan | won: False 
#  254 | steps:  2227 | steps_t:     0 | t: 0.900875 | r:  -507.000000 | e:   1.000000 | Q:        nan | won: False 
#  255 | steps:  2242 | steps_t:     0 | t: 0.906706 | r:  -514.000000 | e:   1.000000 | Q:        nan | won: False 
#  256 | steps:  2252 | steps_t:     0 | t: 0.910643 | r:  -509.000000 | e:   1.000000 | Q:        nan | won: False 
#  257 | steps:  2261 | steps_t:     0 | t: 0.914114 | r:  -508.000000 | e:   1.000000 | Q:        nan | won: False 
#  258 | steps:  2273 | steps_t:     0 | t: 0.918775 | r:  -511.000000 | e:   1.000000 | Q:        nan | won: False 
#  259 | steps:  2297 | steps_t:     0 | t: 0.927847 | r:  -523.000000 | e:   1.000000 | Q:        nan | won: False 
#  260 | steps:  2305 | steps_t:     0 | t: 0.930959 | r:  -507.000000 | e:   1.000000 | Q:        nan | won: False 
#  261 | steps:  2316 | steps_t:     0 | t: 0.935094 | r:  -510.000000 | e:   1.000000 | Q:        nan | won: False 
#  262 | steps:  2328 | steps_t:     0 | t: 0.939829 | r:  -511.000000 | e:   1.000000 | Q:        nan | won: False 
#  263 | steps:  2337 | steps_t:     0 | t: 0.943370 | r:  -508.000000 | e:   1.000000 | Q:        nan | won: False 
#  264 | steps:  2346 | steps_t:     0 | t: 0.946854 | r:  -508.000000 | e:   1.000000 | Q:        nan | won: False 
#  265 | steps:  2354 | steps_t:     0 | t: 0.949940 | r:  -507.000000 | e:   1.000000 | Q:        nan | won: False 
#  266 | steps:  2363 | steps_t:     0 | t: 0.953715 | r:  -508.000000 | e:   1.000000 | Q:        nan | won: False 
#  267 | steps:  2370 | steps_t:     0 | t: 0.956531 | r:  -506.000000 | e:   1.000000 | Q:        nan | won: False 
#  268 | steps:  2385 | steps_t:     0 | t: 0.962360 | r:  -514.000000 | e:   1.000000 | Q:        nan | won: False 
#  269 | steps:  2390 | steps_t:     0 | t: 0.964576 | r:  -504.000000 | e:   1.000000 | Q:        nan | won: False 
#  270 | steps:  2404 | steps_t:     0 | t: 0.971087 | r:  -513.000000 | e:   1.000000 | Q:        nan | won: False 
#  271 | steps:  2415 | steps_t:     0 | t: 0.975789 | r:  -510.000000 | e:   1.000000 | Q:        nan | won: False 
#  272 | steps:  2432 | steps_t:     0 | t: 0.983000 | r:  -516.000000 | e:   1.000000 | Q:        nan | won: False 
#  273 | steps:  2438 | steps_t:     0 | t: 0.985983 | r:  -505.000000 | e:   1.000000 | Q:        nan | won: False 
#  274 | steps:  2448 | steps_t:     0 | t: 0.989860 | r:  -509.000000 | e:   1.000000 | Q:        nan | won: False 
#  275 | steps:  2457 | steps_t:     0 | t: 0.993531 | r:  -508.000000 | e:   1.000000 | Q:        nan | won: False 
#  276 | steps:  2466 | steps_t:     0 | t: 0.997092 | r:  -508.000000 | e:   1.000000 | Q:        nan | won: False 
#  277 | steps:  2474 | steps_t:     0 | t: 1.000221 | r:  -507.000000 | e:   1.000000 | Q:        nan | won: False 
#  278 | steps:  2480 | steps_t:     0 | t: 1.002808 | r:  -505.000000 | e:   1.000000 | Q:        nan | won: False 
#  279 | steps:  2488 | steps_t:     0 | t: 1.005946 | r:  -507.000000 | e:   1.000000 | Q:        nan | won: False 
#  280 | steps:  2496 | steps_t:     0 | t: 1.008958 | r:  -507.000000 | e:   1.000000 | Q:        nan | won: False 
#  281 | steps:  2504 | steps_t:     0 | t: 1.012100 | r:  -507.000000 | e:   1.000000 | Q:        nan | won: False 
#  282 | steps:  2517 | steps_t:     0 | t: 1.017551 | r:  -512.000000 | e:   1.000000 | Q:        nan | won: False 
#  283 | steps:  2526 | steps_t:     0 | t: 1.021155 | r:  -508.000000 | e:   1.000000 | Q:        nan | won: False 
#  284 | steps:  2533 | steps_t:     0 | t: 1.023939 | r:  -506.000000 | e:   1.000000 | Q:        nan | won: False 
#  285 | steps:  2546 | steps_t:     0 | t: 1.028958 | r:  -512.000000 | e:   1.000000 | Q:        nan | won: False 
#  286 | steps:  2554 | steps_t:     0 | t: 1.032138 | r:  -507.000000 | e:   1.000000 | Q:        nan | won: False 
#  287 | steps:  2566 | steps_t:     0 | t: 1.037207 | r:  -511.000000 | e:   1.000000 | Q:        nan | won: False 
#  288 | steps:  2585 | steps_t:     0 | t: 1.045549 | r:  -518.000000 | e:   1.000000 | Q:        nan | won: False 
#  289 | steps:  2596 | steps_t:     0 | t: 1.050005 | r:  -510.000000 | e:   1.000000 | Q:        nan | won: False 
#  290 | steps:  2607 | steps_t:     0 | t: 1.054549 | r:  -510.000000 | e:   1.000000 | Q:        nan | won: False 
#  291 | steps:  2619 | steps_t:     0 | t: 1.059317 | r:  -511.000000 | e:   1.000000 | Q:        nan | won: False 
#  292 | steps:  2630 | steps_t:     0 | t: 1.063902 | r:  -510.000000 | e:   1.000000 | Q:        nan | won: False 
#  293 | steps:  2639 | steps_t:     0 | t: 1.067520 | r:  -508.000000 | e:   1.000000 | Q:        nan | won: False 
#  294 | steps:  2646 | steps_t:     0 | t: 1.070391 | r:  -506.000000 | e:   1.000000 | Q:        nan | won: False 
#  295 | steps:  2658 | steps_t:     0 | t: 1.074865 | r:  -511.000000 | e:   1.000000 | Q:        nan | won: False 
#  296 | steps:  2667 | steps_t:     0 | t: 1.078658 | r:  -508.000000 | e:   1.000000 | Q:        nan | won: False 
#  297 | steps:  2674 | steps_t:     0 | t: 1.081476 | r:  -506.000000 | e:   1.000000 | Q:        nan | won: False 
#  298 | steps:  2686 | steps_t:     0 | t: 1.086145 | r:  -511.000000 | e:   1.000000 | Q:        nan | won: False 
#  299 | steps:  2693 | steps_t:     0 | t: 1.088992 | r:  -506.000000 | e:   1.000000 | Q:        nan | won: False 
#  300 | steps:  2701 | steps_t:     0 | t: 1.092182 | r:  -507.000000 | e:   1.000000 | Q:        nan | won: False 
#  301 | steps:  2710 | steps_t:     0 | t: 1.096139 | r:  -508.000000 | e:   1.000000 | Q:        nan | won: False 
#  302 | steps:  2723 | steps_t:     0 | t: 1.102009 | r:  -512.000000 | e:   1.000000 | Q:        nan | won: False 
#  303 | steps:  2730 | steps_t:     0 | t: 1.107284 | r:  -506.000000 | e:   1.000000 | Q:        nan | won: False 
#  304 | steps:  2735 | steps_t:     0 | t: 1.110785 | r:  -504.000000 | e:   1.000000 | Q:        nan | won: False 
#  305 | steps:  2755 | steps_t:     0 | t: 1.121147 | r:  -519.000000 | e:   1.000000 | Q:        nan | won: False 
#  306 | steps:  2764 | steps_t:     0 | t: 1.124897 | r:  -508.000000 | e:   1.000000 | Q:        nan | won: False 
#  307 | steps:  2770 | steps_t:     0 | t: 1.130352 | r:  -505.000000 | e:   1.000000 | Q:        nan | won: False 
#  308 | steps:  2779 | steps_t:     0 | t: 1.137190 | r:  -508.000000 | e:   1.000000 | Q:        nan | won: False 
#  309 | steps:  2787 | steps_t:     0 | t: 1.141989 | r:  -507.000000 | e:   1.000000 | Q:        nan | won: False 
#  310 | steps:  2797 | steps_t:     0 | t: 1.147002 | r:  -509.000000 | e:   1.000000 | Q:        nan | won: False 
#  311 | steps:  2806 | steps_t:     0 | t: 1.151122 | r:  -508.000000 | e:   1.000000 | Q:        nan | won: False 
#  312 | steps:  2812 | steps_t:     0 | t: 1.153715 | r:  -505.000000 | e:   1.000000 | Q:        nan | won: False 
#  313 | steps:  2822 | steps_t:     0 | t: 1.158571 | r:  -509.000000 | e:   1.000000 | Q:        nan | won: False 
#  314 | steps:  2832 | steps_t:     0 | t: 1.162947 | r:  -509.000000 | e:   1.000000 | Q:        nan | won: False 
#  315 | steps:  2841 | steps_t:     0 | t: 1.166717 | r:  -508.000000 | e:   1.000000 | Q:        nan | won: False 
#  316 | steps:  2852 | steps_t:     0 | t: 1.171886 | r:  -510.000000 | e:   1.000000 | Q:        nan | won: False 
#  317 | steps:  2859 | steps_t:     0 | t: 1.175225 | r:  -506.000000 | e:   1.000000 | Q:        nan | won: False 
#  318 | steps:  2877 | steps_t:     0 | t: 1.183321 | r:  -517.000000 | e:   1.000000 | Q:        nan | won: False 
#  319 | steps:  2884 | steps_t:     0 | t: 1.186585 | r:  -506.000000 | e:   1.000000 | Q:        nan | won: False 
#  320 | steps:  2903 | steps_t:     0 | t: 1.194456 | r:  -518.000000 | e:   1.000000 | Q:        nan | won: False 
#  321 | steps:  2910 | steps_t:     0 | t: 1.197327 | r:  -506.000000 | e:   1.000000 | Q:        nan | won: False 
#  322 | steps:  2917 | steps_t:     0 | t: 1.200445 | r:  -506.000000 | e:   1.000000 | Q:        nan | won: False 
#  323 | steps:  2926 | steps_t:     0 | t: 1.204528 | r:  -508.000000 | e:   1.000000 | Q:        nan | won: False 
#  324 | steps:  2935 | steps_t:     0 | t: 1.208267 | r:  -508.000000 | e:   1.000000 | Q:        nan | won: False 
#  325 | steps:  2942 | steps_t:     0 | t: 1.211286 | r:  -506.000000 | e:   1.000000 | Q:        nan | won: False 
#  326 | steps:  2957 | steps_t:     0 | t: 1.217550 | r:  -514.000000 | e:   1.000000 | Q:        nan | won: False 
#  327 | steps:  2964 | steps_t:     0 | t: 1.220647 | r:  -506.000000 | e:   1.000000 | Q:        nan | won: False 
#  328 | steps:  2971 | steps_t:     0 | t: 1.223820 | r:  -506.000000 | e:   1.000000 | Q:        nan | won: False 
#  329 | steps:  2980 | steps_t:     0 | t: 1.227982 | r:  -508.000000 | e:   1.000000 | Q:        nan | won: False 
#  330 | steps:  2989 | steps_t:     0 | t: 1.231729 | r:  -508.000000 | e:   1.000000 | Q:        nan | won: False 
#  331 | steps:  2998 | steps_t:     0 | t: 1.235677 | r:  -508.000000 | e:   1.000000 | Q:        nan | won: False 
#  332 | steps:  3008 | steps_t:     0 | t: 1.240191 | r:  -509.000000 | e:   1.000000 | Q:        nan | won: False 
#  333 | steps:  3022 | steps_t:     0 | t: 1.247255 | r:  -513.000000 | e:   1.000000 | Q:        nan | won: False 
#  334 | steps:  3036 | steps_t:     0 | t: 1.254493 | r:  -513.000000 | e:   1.000000 | Q:        nan | won: False 
#  335 | steps:  3044 | steps_t:     0 | t: 1.258472 | r:  -507.000000 | e:   1.000000 | Q:        nan | won: False 
#  336 | steps:  3050 | steps_t:     0 | t: 1.262218 | r:  -505.000000 | e:   1.000000 | Q:        nan | won: False 
#  337 | steps:  3060 | steps_t:     0 | t: 1.270215 | r:  -509.000000 | e:   1.000000 | Q:        nan | won: False 
#  338 | steps:  3068 | steps_t:     0 | t: 1.274687 | r:  -507.000000 | e:   1.000000 | Q:        nan | won: False 
#  339 | steps:  3083 | steps_t:     0 | t: 1.286422 | r:  -514.000000 | e:   1.000000 | Q:        nan | won: False 
#  340 | steps:  3092 | steps_t:     0 | t: 1.291339 | r:  -508.000000 | e:   1.000000 | Q:        nan | won: False 
#  341 | steps:  3099 | steps_t:     0 | t: 1.295572 | r:  -506.000000 | e:   1.000000 | Q:        nan | won: False 
#  342 | steps:  3104 | steps_t:     0 | t: 1.298316 | r:  -504.000000 | e:   1.000000 | Q:        nan | won: False 
#  343 | steps:  3123 | steps_t:     0 | t: 1.306969 | r:  -518.000000 | e:   1.000000 | Q:        nan | won: False 
#  344 | steps:  3129 | steps_t:     0 | t: 1.309894 | r:  -505.000000 | e:   1.000000 | Q:        nan | won: False 
#  345 | steps:  3136 | steps_t:     0 | t: 1.313268 | r:  -506.000000 | e:   1.000000 | Q:        nan | won: False 
#  346 | steps:  3145 | steps_t:     0 | t: 1.317435 | r:  -508.000000 | e:   1.000000 | Q:        nan | won: False 
#  347 | steps:  3153 | steps_t:     0 | t: 1.322197 | r:  -507.000000 | e:   1.000000 | Q:        nan | won: False 
#  348 | steps:  3162 | steps_t:     0 | t: 1.326683 | r:  -508.000000 | e:   1.000000 | Q:        nan | won: False 
#  349 | steps:  3167 | steps_t:     0 | t: 1.329084 | r:  -504.000000 | e:   1.000000 | Q:        nan | won: False 
#  350 | steps:  3182 | steps_t:     0 | t: 1.335835 | r:  -514.000000 | e:   1.000000 | Q:        nan | won: False 
#  351 | steps:  3194 | steps_t:     0 | t: 1.342236 | r:  -511.000000 | e:   1.000000 | Q:        nan | won: False 
#  352 | steps:  3200 | steps_t:     0 | t: 1.345429 | r:  -505.000000 | e:   1.000000 | Q:        nan | won: False 
#  353 | steps:  3213 | steps_t:     0 | t: 1.351864 | r:  -512.000000 | e:   1.000000 | Q:        nan | won: False 
#  354 | steps:  3224 | steps_t:     0 | t: 1.358720 | r:  -510.000000 | e:   1.000000 | Q:        nan | won: False 
#  355 | steps:  3235 | steps_t:     0 | t: 1.364674 | r:  -510.000000 | e:   1.000000 | Q:        nan | won: False 
#  356 | steps:  3243 | steps_t:     0 | t: 1.368703 | r:  -507.000000 | e:   1.000000 | Q:        nan | won: False 
#  357 | steps:  3255 | steps_t:     0 | t: 1.374738 | r:  -511.000000 | e:   1.000000 | Q:        nan | won: False 
#  358 | steps:  3263 | steps_t:     0 | t: 1.379504 | r:  -507.000000 | e:   1.000000 | Q:        nan | won: False 
#  359 | steps:  3271 | steps_t:     0 | t: 1.384082 | r:  -507.000000 | e:   1.000000 | Q:        nan | won: False 
#  360 | steps:  3279 | steps_t:     0 | t: 1.390517 | r:  -507.000000 | e:   1.000000 | Q:        nan | won: False 
#  361 | steps:  3288 | steps_t:     0 | t: 1.395693 | r:  -508.000000 | e:   1.000000 | Q:        nan | won: False 
#  362 | steps:  3294 | steps_t:     0 | t: 1.398991 | r:  -505.000000 | e:   1.000000 | Q:        nan | won: False 
#  363 | steps:  3301 | steps_t:     0 | t: 1.404116 | r:  -506.000000 | e:   1.000000 | Q:        nan | won: False 
#  364 | steps:  3313 | steps_t:     0 | t: 1.411559 | r:  -511.000000 | e:   1.000000 | Q:        nan | won: False 
#  365 | steps:  3319 | steps_t:     0 | t: 1.414365 | r:  -505.000000 | e:   1.000000 | Q:        nan | won: False 
#  366 | steps:  3330 | steps_t:     0 | t: 1.420047 | r:  -510.000000 | e:   1.000000 | Q:        nan | won: False 
#  367 | steps:  3340 | steps_t:     0 | t: 1.427644 | r:  -509.000000 | e:   1.000000 | Q:        nan | won: False 
#  368 | steps:  3347 | steps_t:     0 | t: 1.432558 | r:  -506.000000 | e:   1.000000 | Q:        nan | won: False 
#  369 | steps:  3356 | steps_t:     0 | t: 1.438679 | r:  -508.000000 | e:   1.000000 | Q:        nan | won: False 
#  370 | steps:  3364 | steps_t:     0 | t: 1.443724 | r:  -507.000000 | e:   1.000000 | Q:        nan | won: False 
#  371 | steps:  3372 | steps_t:     0 | t: 1.449300 | r:  -507.000000 | e:   1.000000 | Q:        nan | won: False 
#  372 | steps:  3381 | steps_t:     0 | t: 1.455081 | r:  -508.000000 | e:   1.000000 | Q:        nan | won: False 
#  373 | steps:  3389 | steps_t:     0 | t: 1.460330 | r:  -507.000000 | e:   1.000000 | Q:        nan | won: False 
#  374 | steps:  3398 | steps_t:     0 | t: 1.465542 | r:  -508.000000 | e:   1.000000 | Q:        nan | won: False 
#  375 | steps:  3412 | steps_t:     0 | t: 1.474052 | r:  -513.000000 | e:   1.000000 | Q:        nan | won: False 
#  376 | steps:  3419 | steps_t:     0 | t: 1.479875 | r:  -506.000000 | e:   1.000000 | Q:        nan | won: False 
#  377 | steps:  3430 | steps_t:     0 | t: 1.486597 | r:  -510.000000 | e:   1.000000 | Q:        nan | won: False 
#  378 | steps:  3440 | steps_t:     0 | t: 1.492080 | r:  -509.000000 | e:   1.000000 | Q:        nan | won: False 
#  379 | steps:  3449 | steps_t:     0 | t: 1.497664 | r:  -508.000000 | e:   1.000000 | Q:        nan | won: False 
#  380 | steps:  3458 | steps_t:     0 | t: 1.503564 | r:  -508.000000 | e:   1.000000 | Q:        nan | won: False 
#  381 | steps:  3466 | steps_t:     0 | t: 1.508163 | r:  -507.000000 | e:   1.000000 | Q:        nan | won: False 
#  382 | steps:  3480 | steps_t:     0 | t: 1.516416 | r:  -513.000000 | e:   1.000000 | Q:        nan | won: False 
#  383 | steps:  3485 | steps_t:     0 | t: 1.520182 | r:  -504.000000 | e:   1.000000 | Q:        nan | won: False 
#  384 | steps:  3498 | steps_t:     0 | t: 1.528480 | r:  -512.000000 | e:   1.000000 | Q:        nan | won: False 
#  385 | steps:  3507 | steps_t:     0 | t: 1.534424 | r:  -508.000000 | e:   1.000000 | Q:        nan | won: False 
#  386 | steps:  3517 | steps_t:     0 | t: 1.541838 | r:  -509.000000 | e:   1.000000 | Q:        nan | won: False 
#  387 | steps:  3529 | steps_t:     0 | t: 1.549228 | r:  -511.000000 | e:   1.000000 | Q:        nan | won: False 
#  388 | steps:  3537 | steps_t:     0 | t: 1.554064 | r:  -507.000000 | e:   1.000000 | Q:        nan | won: False 
#  389 | steps:  3553 | steps_t:     0 | t: 1.563847 | r:  -515.000000 | e:   1.000000 | Q:        nan | won: False 
#  390 | steps:  3561 | steps_t:     0 | t: 1.572346 | r:  -507.000000 | e:   1.000000 | Q:        nan | won: False 
#  391 | steps:  3568 | steps_t:     0 | t: 1.576308 | r:  -506.000000 | e:   1.000000 | Q:        nan | won: False 
#  392 | steps:  3575 | steps_t:     0 | t: 1.581088 | r:  -506.000000 | e:   1.000000 | Q:        nan | won: False 
#  393 | steps:  3582 | steps_t:     0 | t: 1.589143 | r:  -506.000000 | e:   1.000000 | Q:        nan | won: False 
#  394 | steps:  3599 | steps_t:     0 | t: 1.601240 | r:  -505.000000 | e:   1.000000 | Q:        nan | won: False 
#  395 | steps:  3608 | steps_t:     0 | t: 1.607100 | r:  -508.000000 | e:   1.000000 | Q:        nan | won: False 
#  396 | steps:  3617 | steps_t:     0 | t: 1.613959 | r:  -508.000000 | e:   1.000000 | Q:        nan | won: False 
#  397 | steps:  3632 | steps_t:     0 | t: 1.623824 | r:  -503.000000 | e:   1.000000 | Q:        nan | won: False 
#  398 | steps:  3638 | steps_t:     0 | t: 1.628759 | r:  -505.000000 | e:   1.000000 | Q:        nan | won: False 
#  399 | steps:  3647 | steps_t:     0 | t: 1.635648 | r:  -508.000000 | e:   1.000000 | Q:        nan | won: False 
#  400 | steps:  3655 | steps_t:     0 | t: 1.641374 | r:  -507.000000 | e:   1.000000 | Q:        nan | won: False 
#  401 | steps:  3669 | steps_t:     0 | t: 1.649403 | r:  -513.000000 | e:   1.000000 | Q:        nan | won: False 
#  402 | steps:  3680 | steps_t:     0 | t: 1.657830 | r:  -510.000000 | e:   1.000000 | Q:        nan | won: False 
#  403 | steps:  3689 | steps_t:     0 | t: 1.663405 | r:  -508.000000 | e:   1.000000 | Q:        nan | won: False 
#  404 | steps:  3697 | steps_t:     0 | t: 1.668386 | r:  -507.000000 | e:   1.000000 | Q:        nan | won: False 
#  405 | steps:  3707 | steps_t:     0 | t: 1.675045 | r:  -509.000000 | e:   1.000000 | Q:        nan | won: False 
#  406 | steps:  3714 | steps_t:     0 | t: 1.680046 | r:  -506.000000 | e:   1.000000 | Q:        nan | won: False 
#  407 | steps:  3720 | steps_t:     0 | t: 1.684272 | r:  -505.000000 | e:   1.000000 | Q:        nan | won: False 
#  408 | steps:  3727 | steps_t:     0 | t: 1.689519 | r:  -506.000000 | e:   1.000000 | Q:        nan | won: False 
#  409 | steps:  3736 | steps_t:     0 | t: 1.694970 | r:  -508.000000 | e:   1.000000 | Q:        nan | won: False 
#  410 | steps:  3744 | steps_t:     0 | t: 1.700165 | r:  -507.000000 | e:   1.000000 | Q:        nan | won: False 
#  411 | steps:  3754 | steps_t:     0 | t: 1.707556 | r:  -509.000000 | e:   1.000000 | Q:        nan | won: False 
#  412 | steps:  3771 | steps_t:     0 | t: 1.716890 | r:  -516.000000 | e:   1.000000 | Q:        nan | won: False 
#  413 | steps:  3779 | steps_t:     0 | t: 1.724982 | r:  -507.000000 | e:   1.000000 | Q:        nan | won: False 
#  414 | steps:  3791 | steps_t:     0 | t: 1.736363 | r:  -511.000000 | e:   1.000000 | Q:        nan | won: False 
#  415 | steps:  3798 | steps_t:     0 | t: 1.744942 | r:  -506.000000 | e:   1.000000 | Q:        nan | won: False 
#  416 | steps:  3807 | steps_t:     0 | t: 1.752531 | r:  -508.000000 | e:   1.000000 | Q:        nan | won: False 
#  417 | steps:  3815 | steps_t:     0 | t: 1.757726 | r:  -507.000000 | e:   1.000000 | Q:        nan | won: False 
#  418 | steps:  3823 | steps_t:     0 | t: 1.764229 | r:  -507.000000 | e:   1.000000 | Q:        nan | won: False 
#  419 | steps:  3835 | steps_t:     0 | t: 1.774220 | r:  -511.000000 | e:   1.000000 | Q:        nan | won: False 
#  420 | steps:  3845 | steps_t:     0 | t: 1.781873 | r:  -509.000000 | e:   1.000000 | Q:        nan | won: False 
#  421 | steps:  3854 | steps_t:     0 | t: 1.789619 | r:  -508.000000 | e:   1.000000 | Q:        nan | won: False 
#  422 | steps:  3864 | steps_t:     0 | t: 1.796170 | r:  -509.000000 | e:   1.000000 | Q:        nan | won: False 
#  423 | steps:  3871 | steps_t:     0 | t: 1.800849 | r:  -506.000000 | e:   1.000000 | Q:        nan | won: False 
#  424 | steps:  3878 | steps_t:     0 | t: 1.806657 | r:  -506.000000 | e:   1.000000 | Q:        nan | won: False 
#  425 | steps:  3889 | steps_t:     0 | t: 1.815471 | r:  -510.000000 | e:   1.000000 | Q:        nan | won: False 
#  426 | steps:  3895 | steps_t:     0 | t: 1.819522 | r:  -505.000000 | e:   1.000000 | Q:        nan | won: False 
#  427 | steps:  3914 | steps_t:     0 | t: 1.831731 | r:  -518.000000 | e:   1.000000 | Q:        nan | won: False 
#  428 | steps:  3920 | steps_t:     0 | t: 1.839017 | r:  -505.000000 | e:   1.000000 | Q:        nan | won: False 
#  429 | steps:  3928 | steps_t:     0 | t: 1.845577 | r:  -507.000000 | e:   1.000000 | Q:        nan | won: False 
#  430 | steps:  3937 | steps_t:     0 | t: 1.853241 | r:  -508.000000 | e:   1.000000 | Q:        nan | won: False 
#  431 | steps:  3958 | steps_t:     0 | t: 1.872758 | r:  -520.000000 | e:   1.000000 | Q:        nan | won: False 
#  432 | steps:  3966 | steps_t:     0 | t: 1.881916 | r:  -507.000000 | e:   1.000000 | Q:        nan | won: False 
#  433 | steps:  3975 | steps_t:     0 | t: 1.888473 | r:  -508.000000 | e:   1.000000 | Q:        nan | won: False 
#  434 | steps:  3985 | steps_t:     0 | t: 1.896194 | r:  -509.000000 | e:   1.000000 | Q:        nan | won: False 
#  435 | steps:  3996 | steps_t:     0 | t: 1.902993 | r:  -510.000000 | e:   1.000000 | Q:        nan | won: False 
#  436 | steps:  4003 | steps_t:     0 | t: 1.908230 | r:  -506.000000 | e:   1.000000 | Q:        nan | won: False 
#  437 | steps:  4009 | steps_t:     0 | t: 1.911969 | r:  -505.000000 | e:   1.000000 | Q:        nan | won: False 
#  438 | steps:  4018 | steps_t:     0 | t: 1.917308 | r:  -508.000000 | e:   1.000000 | Q:        nan | won: False 
#  439 | steps:  4027 | steps_t:     0 | t: 1.923647 | r:  -508.000000 | e:   1.000000 | Q:        nan | won: False 
#  440 | steps:  4045 | steps_t:     0 | t: 1.936391 | r:  -517.000000 | e:   1.000000 | Q:        nan | won: False 
#  441 | steps:  4059 | steps_t:     0 | t: 1.945293 | r:  -513.000000 | e:   1.000000 | Q:        nan | won: False 
#  442 | steps:  4068 | steps_t:     0 | t: 1.953347 | r:  -508.000000 | e:   1.000000 | Q:        nan | won: False 
#  443 | steps:  4075 | steps_t:     0 | t: 1.957978 | r:  -506.000000 | e:   1.000000 | Q:        nan | won: False 
#  444 | steps:  4083 | steps_t:     0 | t: 1.963004 | r:  -507.000000 | e:   1.000000 | Q:        nan | won: False 
#  445 | steps:  4091 | steps_t:     0 | t: 1.968060 | r:  -507.000000 | e:   1.000000 | Q:        nan | won: False 
#  446 | steps:  4102 | steps_t:     0 | t: 1.979455 | r:  -510.000000 | e:   1.000000 | Q:        nan | won: False 
#  447 | steps:  4108 | steps_t:     0 | t: 1.983578 | r:  -505.000000 | e:   1.000000 | Q:        nan | won: False 
#  448 | steps:  4115 | steps_t:     0 | t: 1.987843 | r:  -506.000000 | e:   1.000000 | Q:        nan | won: False 
#  449 | steps:  4123 | steps_t:     0 | t: 1.992560 | r:  -507.000000 | e:   1.000000 | Q:        nan | won: False 
#  450 | steps:  4131 | steps_t:     0 | t: 1.999177 | r:  -507.000000 | e:   1.000000 | Q:        nan | won: False 
#  451 | steps:  4146 | steps_t:     0 | t: 2.010582 | r:  -514.000000 | e:   1.000000 | Q:        nan | won: False 
#  452 | steps:  4156 | steps_t:     0 | t: 2.016899 | r:  -509.000000 | e:   1.000000 | Q:        nan | won: False 
#  453 | steps:  4166 | steps_t:     0 | t: 2.025268 | r:  -509.000000 | e:   1.000000 | Q:        nan | won: False 
#  454 | steps:  4174 | steps_t:     0 | t: 2.030392 | r:  -507.000000 | e:   1.000000 | Q:        nan | won: False 
#  455 | steps:  4184 | steps_t:     0 | t: 2.036615 | r:  -509.000000 | e:   1.000000 | Q:        nan | won: False 
#  456 | steps:  4196 | steps_t:     0 | t: 2.044819 | r:  -511.000000 | e:   1.000000 | Q:        nan | won: False 
#  457 | steps:  4204 | steps_t:     0 | t: 2.049929 | r:  -507.000000 | e:   1.000000 | Q:        nan | won: False 
#  458 | steps:  4217 | steps_t:     0 | t: 2.059011 | r:  -512.000000 | e:   1.000000 | Q:        nan | won: False 
#  459 | steps:  4226 | steps_t:     0 | t: 2.065414 | r:  -508.000000 | e:   1.000000 | Q:        nan | won: False 
#  460 | steps:  4233 | steps_t:     0 | t: 2.070277 | r:  -506.000000 | e:   1.000000 | Q:        nan | won: False 
#  461 | steps:  4241 | steps_t:     0 | t: 2.076850 | r:  -507.000000 | e:   1.000000 | Q:        nan | won: False 
#  462 | steps:  4249 | steps_t:     0 | t: 2.081953 | r:  -507.000000 | e:   1.000000 | Q:        nan | won: False 
#  463 | steps:  4259 | steps_t:     0 | t: 2.089107 | r:  -509.000000 | e:   1.000000 | Q:        nan | won: False 
#  464 | steps:  4265 | steps_t:     0 | t: 2.092911 | r:  -505.000000 | e:   1.000000 | Q:        nan | won: False 
#  465 | steps:  4271 | steps_t:     0 | t: 2.096712 | r:  -505.000000 | e:   1.000000 | Q:        nan | won: False 
#  466 | steps:  4283 | steps_t:     0 | t: 2.104270 | r:  -511.000000 | e:   1.000000 | Q:        nan | won: False 
#  467 | steps:  4299 | steps_t:     0 | t: 2.114823 | r:  -515.000000 | e:   1.000000 | Q:        nan | won: False 
#  468 | steps:  4305 | steps_t:     0 | t: 2.118767 | r:  -505.000000 | e:   1.000000 | Q:        nan | won: False 
#  469 | steps:  4313 | steps_t:     0 | t: 2.123794 | r:  -507.000000 | e:   1.000000 | Q:        nan | won: False 
#  470 | steps:  4328 | steps_t:     0 | t: 2.136837 | r:  -514.000000 | e:   1.000000 | Q:        nan | won: False 
#  471 | steps:  4333 | steps_t:     0 | t: 2.140027 | r:  -504.000000 | e:   1.000000 | Q:        nan | won: False 
#  472 | steps:  4339 | steps_t:     0 | t: 2.143397 | r:  -505.000000 | e:   1.000000 | Q:        nan | won: False 
#  473 | steps:  4358 | steps_t:     0 | t: 2.154515 | r:  -518.000000 | e:   1.000000 | Q:        nan | won: False 
#  474 | steps:  4366 | steps_t:     0 | t: 2.159133 | r:  -507.000000 | e:   1.000000 | Q:        nan | won: False 
#  475 | steps:  4372 | steps_t:     0 | t: 2.162513 | r:  -505.000000 | e:   1.000000 | Q:        nan | won: False 
#  476 | steps:  4384 | steps_t:     0 | t: 2.169803 | r:  -511.000000 | e:   1.000000 | Q:        nan | won: False 
#  477 | steps:  4393 | steps_t:     0 | t: 2.176122 | r:  -508.000000 | e:   1.000000 | Q:        nan | won: False 
#  478 | steps:  4401 | steps_t:     0 | t: 2.181429 | r:  -507.000000 | e:   1.000000 | Q:        nan | won: False 
#  479 | steps:  4409 | steps_t:     0 | t: 2.186559 | r:  -507.000000 | e:   1.000000 | Q:        nan | won: False 
#  480 | steps:  4417 | steps_t:     0 | t: 2.191541 | r:  -507.000000 | e:   1.000000 | Q:        nan | won: False 
#  481 | steps:  4424 | steps_t:     0 | t: 2.198168 | r:  -506.000000 | e:   1.000000 | Q:        nan | won: False 
#  482 | steps:  4430 | steps_t:     0 | t: 2.203706 | r:  -505.000000 | e:   1.000000 | Q:        nan | won: False 
#  483 | steps:  4444 | steps_t:     0 | t: 2.211530 | r:  -513.000000 | e:   1.000000 | Q:        nan | won: False 
#  484 | steps:  4451 | steps_t:     0 | t: 2.215735 | r:  -506.000000 | e:   1.000000 | Q:        nan | won: False 
#  485 | steps:  4456 | steps_t:     0 | t: 2.219029 | r:  -504.000000 | e:   1.000000 | Q:        nan | won: False 
#  486 | steps:  4469 | steps_t:     0 | t: 2.228760 | r:  -512.000000 | e:   1.000000 | Q:        nan | won: False 
#  487 | steps:  4480 | steps_t:     0 | t: 2.237562 | r:  -510.000000 | e:   1.000000 | Q:        nan | won: False 
#  488 | steps:  4495 | steps_t:     0 | t: 2.245606 | r:  -514.000000 | e:   1.000000 | Q:        nan | won: False 
#  489 | steps:  4502 | steps_t:     0 | t: 2.250996 | r:  -506.000000 | e:   1.000000 | Q:        nan | won: False 
#  490 | steps:  4511 | steps_t:     0 | t: 2.257279 | r:  -508.000000 | e:   1.000000 | Q:        nan | won: False 
#  491 | steps:  4521 | steps_t:     0 | t: 2.264122 | r:  -509.000000 | e:   1.000000 | Q:        nan | won: False 
#  492 | steps:  4531 | steps_t:     0 | t: 2.269786 | r:  -509.000000 | e:   1.000000 | Q:        nan | won: False 
#  493 | steps:  4537 | steps_t:     0 | t: 2.274020 | r:  -505.000000 | e:   1.000000 | Q:        nan | won: False 
#  494 | steps:  4546 | steps_t:     0 | t: 2.279864 | r:  -508.000000 | e:   1.000000 | Q:        nan | won: False 
#  495 | steps:  4554 | steps_t:     0 | t: 2.285186 | r:  -507.000000 | e:   1.000000 | Q:        nan | won: False 
#  496 | steps:  4562 | steps_t:     0 | t: 2.290301 | r:  -507.000000 | e:   1.000000 | Q:        nan | won: False 
#  497 | steps:  4570 | steps_t:     0 | t: 2.295330 | r:  -507.000000 | e:   1.000000 | Q:        nan | won: False 
#  498 | steps:  4575 | steps_t:     0 | t: 2.298613 | r:  -504.000000 | e:   1.000000 | Q:        nan | won: False 
#  499 | steps:  4584 | steps_t:     0 | t: 2.304889 | r:  -508.000000 | e:   1.000000 | Q:        nan | won: False 
#  500 | steps:  4593 | steps_t:     0 | t: 2.313260 | r:  -508.000000 | e:   1.000000 | Q:        nan | won: False 
#  501 | steps:  4602 | steps_t:     0 | t: 2.319622 | r:  -508.000000 | e:   1.000000 | Q:        nan | won: False 
#  502 | steps:  4609 | steps_t:     0 | t: 2.323839 | r:  -506.000000 | e:   1.000000 | Q:        nan | won: False 
#  503 | steps:  4616 | steps_t:     0 | t: 2.327844 | r:  -506.000000 | e:   1.000000 | Q:        nan | won: False 
#  504 | steps:  4624 | steps_t:     0 | t: 2.334486 | r:  -507.000000 | e:   1.000000 | Q:        nan | won: False 
#  505 | steps:  4631 | steps_t:     0 | t: 2.339111 | r:  -506.000000 | e:   1.000000 | Q:        nan | won: False 
#  506 | steps:  4650 | steps_t:     0 | t: 2.351069 | r:  -518.000000 | e:   1.000000 | Q:        nan | won: False 
#  507 | steps:  4657 | steps_t:     0 | t: 2.359023 | r:  -506.000000 | e:   1.000000 | Q:        nan | won: False 
#  508 | steps:  4666 | steps_t:     0 | t: 2.364518 | r:  -508.000000 | e:   1.000000 | Q:        nan | won: False 
#  509 | steps:  4676 | steps_t:     0 | t: 2.370201 | r:  -509.000000 | e:   1.000000 | Q:        nan | won: False 
#  510 | steps:  4685 | steps_t:     0 | t: 2.377778 | r:  -508.000000 | e:   1.000000 | Q:        nan | won: False 
#  511 | steps:  4690 | steps_t:     0 | t: 2.380906 | r:  -504.000000 | e:   1.000000 | Q:        nan | won: False 
#  512 | steps:  4698 | steps_t:     0 | t: 2.386880 | r:  -507.000000 | e:   1.000000 | Q:        nan | won: False 
#  513 | steps:  4712 | steps_t:     0 | t: 2.395384 | r:  -513.000000 | e:   1.000000 | Q:        nan | won: False 
#  514 | steps:  4733 | steps_t:     0 | t: 2.408513 | r:  -520.000000 | e:   1.000000 | Q:        nan | won: False 
#  515 | steps:  4749 | steps_t:     0 | t: 2.417440 | r:  -515.000000 | e:   1.000000 | Q:        nan | won: False 
#  516 | steps:  4768 | steps_t:     0 | t: 2.428292 | r:  -518.000000 | e:   1.000000 | Q:        nan | won: False 
#  517 | steps:  4776 | steps_t:     0 | t: 2.433130 | r:  -507.000000 | e:   1.000000 | Q:        nan | won: False 
#  518 | steps:  4783 | steps_t:     0 | t: 2.437236 | r:  -506.000000 | e:   1.000000 | Q:        nan | won: False 
#  519 | steps:  4800 | steps_t:     0 | t: 2.447581 | r:  -516.000000 | e:   1.000000 | Q:        nan | won: False 
#  520 | steps:  4806 | steps_t:     0 | t: 2.451419 | r:  -505.000000 | e:   1.000000 | Q:        nan | won: False 
#  521 | steps:  4813 | steps_t:     0 | t: 2.457082 | r:  -506.000000 | e:   1.000000 | Q:        nan | won: False 
#  522 | steps:  4823 | steps_t:     0 | t: 2.463581 | r:  -509.000000 | e:   1.000000 | Q:        nan | won: False 
#  523 | steps:  4835 | steps_t:     0 | t: 2.472485 | r:  -511.000000 | e:   1.000000 | Q:        nan | won: False 
#  524 | steps:  4842 | steps_t:     0 | t: 2.478055 | r:  -506.000000 | e:   1.000000 | Q:        nan | won: False 
#  525 | steps:  4853 | steps_t:     0 | t: 2.484464 | r:  -510.000000 | e:   1.000000 | Q:        nan | won: False 
#  526 | steps:  4860 | steps_t:     0 | t: 2.488550 | r:  -506.000000 | e:   1.000000 | Q:        nan | won: False 
#  527 | steps:  4867 | steps_t:     0 | t: 2.493179 | r:  -506.000000 | e:   1.000000 | Q:        nan | won: False 
#  528 | steps:  4878 | steps_t:     0 | t: 2.501868 | r:  -510.000000 | e:   1.000000 | Q:        nan | won: False 
#  529 | steps:  4889 | steps_t:     0 | t: 2.507906 | r:  -510.000000 | e:   1.000000 | Q:        nan | won: False 
#  530 | steps:  4896 | steps_t:     0 | t: 2.512038 | r:  -506.000000 | e:   1.000000 | Q:        nan | won: False 
#  531 | steps:  4906 | steps_t:     0 | t: 2.517986 | r:  -509.000000 | e:   1.000000 | Q:        nan | won: False 
#  532 | steps:  4912 | steps_t:     0 | t: 2.521595 | r:  -505.000000 | e:   1.000000 | Q:        nan | won: False 
#  533 | steps:  4921 | steps_t:     0 | t: 2.526763 | r:  -508.000000 | e:   1.000000 | Q:        nan | won: False 
#  534 | steps:  4930 | steps_t:     0 | t: 2.531647 | r:  -508.000000 | e:   1.000000 | Q:        nan | won: False 
#  535 | steps:  4938 | steps_t:     0 | t: 2.536320 | r:  -507.000000 | e:   1.000000 | Q:        nan | won: False 
#  536 | steps:  4947 | steps_t:     0 | t: 2.541396 | r:  -508.000000 | e:   1.000000 | Q:        nan | won: False 
#  537 | steps:  4955 | steps_t:     0 | t: 2.546715 | r:  -507.000000 | e:   1.000000 | Q:        nan | won: False 
#  538 | steps:  4963 | steps_t:     0 | t: 2.551590 | r:  -507.000000 | e:   1.000000 | Q:        nan | won: False 
#  539 | steps:  4973 | steps_t:     0 | t: 2.557439 | r:  -509.000000 | e:   1.000000 | Q:        nan | won: False 
#  540 | steps:  4981 | steps_t:     0 | t: 2.562087 | r:  -507.000000 | e:   1.000000 | Q:        nan | won: False 
#  541 | steps:  4987 | steps_t:     0 | t: 2.567377 | r:  -505.000000 | e:   1.000000 | Q:        nan | won: False 
#  542 | steps:  4998 | steps_t:     0 | t: 2.575391 | r:  -510.000000 | e:   1.000000 | Q:        nan | won: False 
#  543 | steps:  5008 | steps_t:     7 | t: 2.757468 | r:  -509.000000 | e:   0.999300 | Q:        nan | won: False 
#  544 | steps:  5015 | steps_t:    13 | t: 2.820465 | r:  -506.000000 | e:   0.998700 | Q:        nan | won: False 
#  545 | steps:  5021 | steps_t:    18 | t: 2.872126 | r:  -505.000000 | e:   0.998200 | Q:  -0.134346 | won: False 
#  546 | steps:  5033 | steps_t:    29 | t: 2.980679 | r:  -511.000000 | e:   0.997100 | Q:        nan | won: False 
#  547 | steps:  5044 | steps_t:    39 | t: 3.099962 | r:  -510.000000 | e:   0.996100 | Q:        nan | won: False 
#  548 | steps:  5051 | steps_t:    45 | t: 3.178285 | r:  -506.000000 | e:   0.995500 | Q:        nan | won: False 
#  549 | steps:  5057 | steps_t:    50 | t: 3.236403 | r:  -505.000000 | e:   0.995000 | Q:        nan | won: False 
#  550 | steps:  5065 | steps_t:    57 | t: 3.350375 | r:  -507.000000 | e:   0.994300 | Q:        nan | won: False 
#  551 | steps:  5073 | steps_t:    64 | t: 3.451524 | r:  -507.000000 | e:   0.993600 | Q:        nan | won: False 
#  552 | steps:  5085 | steps_t:    75 | t: 3.610021 | r:  -511.000000 | e:   0.992500 | Q:        nan | won: False 
#  553 | steps:  5094 | steps_t:    83 | t: 3.733146 | r:  -508.000000 | e:   0.991700 | Q:        nan | won: False 
#  554 | steps:  5105 | steps_t:    93 | t: 3.894172 | r:  -510.000000 | e:   0.990700 | Q:        nan | won: False 
#  555 | steps:  5113 | steps_t:   100 | t: 3.995522 | r:  -507.000000 | e:   0.990000 | Q:        nan | won: False 
#  556 | steps:  5122 | steps_t:   108 | t: 4.100968 | r:  -508.000000 | e:   0.989200 | Q:        nan | won: False 
#  557 | steps:  5129 | steps_t:   114 | t: 4.173993 | r:  -506.000000 | e:   0.988600 | Q:        nan | won: False 
#  558 | steps:  5141 | steps_t:   125 | t: 4.306267 | r:  -511.000000 | e:   0.987500 | Q:        nan | won: False 
#  559 | steps:  5154 | steps_t:   137 | t: 4.453202 | r:  -512.000000 | e:   0.986300 | Q:        nan | won: False 
#  560 | steps:  5160 | steps_t:   142 | t: 4.519851 | r:  -505.000000 | e:   0.985800 | Q:        nan | won: False 
#  561 | steps:  5177 | steps_t:   158 | t: 4.686758 | r:  -516.000000 | e:   0.984200 | Q: -323.838257 | won: False 
#  562 | steps:  5183 | steps_t:   163 | t: 4.740996 | r:  -505.000000 | e:   0.983700 | Q:        nan | won: False 
#  563 | steps:  5190 | steps_t:   169 | t: 4.806605 | r:  -506.000000 | e:   0.983100 | Q:        nan | won: False 
#  564 | steps:  5196 | steps_t:   174 | t: 4.865602 | r:  -505.000000 | e:   0.982600 | Q:        nan | won: False 
#  565 | steps:  5201 | steps_t:   178 | t: 4.908566 | r:  -504.000000 | e:   0.982200 | Q:        nan | won: False 
#  566 | steps:  5208 | steps_t:   184 | t: 4.976411 | r:  -506.000000 | e:   0.981600 | Q:        nan | won: False 
#  567 | steps:  5214 | steps_t:   189 | t: 5.039113 | r:  -505.000000 | e:   0.981100 | Q:        nan | won: False 
#  568 | steps:  5224 | steps_t:   198 | t: 5.153799 | r:  -509.000000 | e:   0.980200 | Q: -302.620667 | won: False 
#  569 | steps:  5233 | steps_t:   206 | t: 5.250181 | r:  -508.000000 | e:   0.979400 | Q:        nan | won: False 
#  570 | steps:  5244 | steps_t:   216 | t: 5.394568 | r:  -510.000000 | e:   0.978400 | Q:        nan | won: False 
#  571 | steps:  5252 | steps_t:   223 | t: 5.486665 | r:  -507.000000 | e:   0.977700 | Q:        nan | won: False 
#  572 | steps:  5258 | steps_t:   228 | t: 5.568107 | r:  -505.000000 | e:   0.977200 | Q:        nan | won: False 
#  573 | steps:  5267 | steps_t:   236 | t: 5.695468 | r:  -508.000000 | e:   0.976400 | Q:        nan | won: False 
#  574 | steps:  5280 | steps_t:   248 | t: 5.845583 | r:  -512.000000 | e:   0.975200 | Q: -340.038849 | won: False 
#  575 | steps:  5293 | steps_t:   260 | t: 6.007328 | r:  -512.000000 | e:   0.974000 | Q:        nan | won: False 
#  576 | steps:  5301 | steps_t:   267 | t: 6.083079 | r:  -507.000000 | e:   0.973300 | Q:        nan | won: False 
#  577 | steps:  5307 | steps_t:   272 | t: 6.138242 | r:  -505.000000 | e:   0.972800 | Q:        nan | won: False 
#  578 | steps:  5315 | steps_t:   279 | t: 6.213276 | r:  -507.000000 | e:   0.972100 | Q:        nan | won: False 
#  579 | steps:  5324 | steps_t:   287 | t: 6.294291 | r:  -508.000000 | e:   0.971300 | Q:        nan | won: False 
#  580 | steps:  5332 | steps_t:   294 | t: 6.362920 | r:  -507.000000 | e:   0.970600 | Q: -309.703491 | won: False 
#  581 | steps:  5343 | steps_t:   304 | t: 6.467408 | r:  -510.000000 | e:   0.969600 | Q:        nan | won: False 
#  582 | steps:  5349 | steps_t:   309 | t: 6.519682 | r:  -505.000000 | e:   0.969100 | Q:        nan | won: False 
#  583 | steps:  5356 | steps_t:   315 | t: 6.583408 | r:  -506.000000 | e:   0.968500 | Q:        nan | won: False 
#  584 | steps:  5365 | steps_t:   323 | t: 6.665616 | r:  -508.000000 | e:   0.967700 | Q:        nan | won: False 
#  585 | steps:  5375 | steps_t:   332 | t: 6.738762 | r:  -509.000000 | e:   0.966800 | Q: -296.255676 | won: False 
#  586 | steps:  5387 | steps_t:   343 | t: 6.829253 | r:  -511.000000 | e:   0.965700 | Q:        nan | won: False 
#  587 | steps:  5395 | steps_t:   350 | t: 6.884768 | r:  -507.000000 | e:   0.965000 | Q:        nan | won: False 
#  588 | steps:  5408 | steps_t:   362 | t: 6.989039 | r:  -512.000000 | e:   0.963800 | Q:        nan | won: False 
#  589 | steps:  5424 | steps_t:   377 | t: 7.127708 | r:  -504.000000 | e:   0.962300 | Q:        nan | won: False 
#  590 | steps:  5435 | steps_t:   387 | t: 7.225840 | r:  -510.000000 | e:   0.961300 | Q: -305.816345 | won: False 
#  591 | steps:  5445 | steps_t:   396 | t: 7.331968 | r:  -509.000000 | e:   0.960400 | Q:        nan | won: False 
#  592 | steps:  5461 | steps_t:   411 | t: 7.538114 | r:  -515.000000 | e:   0.958900 | Q:        nan | won: False 
#  593 | steps:  5469 | steps_t:   418 | t: 7.640528 | r:  -507.000000 | e:   0.958200 | Q:        nan | won: False 
#  594 | steps:  5475 | steps_t:   423 | t: 7.716677 | r:  -505.000000 | e:   0.957700 | Q:        nan | won: False 
#  595 | steps:  5484 | steps_t:   431 | t: 7.844186 | r:  -508.000000 | e:   0.956900 | Q:        nan | won: False 
#  596 | steps:  5495 | steps_t:   441 | t: 8.006991 | r:  -510.000000 | e:   0.955900 | Q:        nan | won: False 
#  597 | steps:  5504 | steps_t:   449 | t: 8.105647 | r:  -508.000000 | e:   0.955100 | Q:        nan | won: False 
#  598 | steps:  5521 | steps_t:   465 | t: 8.281359 | r:  -516.000000 | e:   0.953500 | Q:        nan | won: False 
#  599 | steps:  5529 | steps_t:   472 | t: 8.367453 | r:  -507.000000 | e:   0.952800 | Q:        nan | won: False 
#  600 | steps:  5535 | steps_t:   477 | t: 8.426263 | r:  -505.000000 | e:   0.952300 | Q:        nan | won: False 
#  601 | steps:  5548 | steps_t:   489 | t: 8.565516 | r:  -512.000000 | e:   0.951100 | Q: -342.418213 | won: False 
#  602 | steps:  5556 | steps_t:   496 | t: 8.638754 | r:  -507.000000 | e:   0.950400 | Q:        nan | won: False 
#  603 | steps:  5564 | steps_t:   503 | t: 8.710638 | r:  -507.000000 | e:   0.949700 | Q:        nan | won: False 
#  604 | steps:  5572 | steps_t:   510 | t: 8.778556 | r:  -507.000000 | e:   0.949000 | Q: -305.679932 | won: False 
#  605 | steps:  5579 | steps_t:   516 | t: 8.836688 | r:  -506.000000 | e:   0.948400 | Q: -308.133057 | won: False 
#  606 | steps:  5588 | steps_t:   524 | t: 8.918707 | r:  -508.000000 | e:   0.947600 | Q: -298.468323 | won: False 
#  607 | steps:  5597 | steps_t:   532 | t: 9.012255 | r:  -508.000000 | e:   0.946800 | Q: -282.265594 | won: False 
#  608 | steps:  5604 | steps_t:   538 | t: 9.086289 | r:  -506.000000 | e:   0.946200 | Q:        nan | won: False 
#  609 | steps:  5613 | steps_t:   546 | t: 9.178178 | r:  -508.000000 | e:   0.945400 | Q:        nan | won: False 
#  610 | steps:  5627 | steps_t:   559 | t: 9.333365 | r:  -513.000000 | e:   0.944100 | Q:        nan | won: False 
#  611 | steps:  5639 | steps_t:   570 | t: 9.483418 | r:  -511.000000 | e:   0.943000 | Q:        nan | won: False 
#  612 | steps:  5646 | steps_t:   576 | t: 9.565554 | r:  -506.000000 | e:   0.942400 | Q:        nan | won: False 
#  613 | steps:  5655 | steps_t:   584 | t: 9.682971 | r:  -508.000000 | e:   0.941600 | Q: -342.478119 | won: False 
#  614 | steps:  5664 | steps_t:   592 | t: 9.794530 | r:  -508.000000 | e:   0.940800 | Q: -340.618927 | won: False 
#  615 | steps:  5672 | steps_t:   599 | t: 9.903531 | r:  -507.000000 | e:   0.940100 | Q:        nan | won: False 
#  616 | steps:  5679 | steps_t:   605 | t: 9.990711 | r:  -506.000000 | e:   0.939500 | Q:        nan | won: False 
#  617 | steps:  5687 | steps_t:   612 | t: 10.074062 | r:  -507.000000 | e:   0.938800 | Q:        nan | won: False 
#  618 | steps:  5698 | steps_t:   622 | t: 10.193440 | r:  -510.000000 | e:   0.937800 | Q: -341.866058 | won: False 
#  619 | steps:  5705 | steps_t:   628 | t: 10.270087 | r:  -506.000000 | e:   0.937200 | Q: -334.771698 | won: False 
#  620 | steps:  5710 | steps_t:   632 | t: 10.317398 | r:  -504.000000 | e:   0.936800 | Q:        nan | won: False 
#  621 | steps:  5715 | steps_t:   636 | t: 10.366626 | r:  -504.000000 | e:   0.936400 | Q:        nan | won: False 
#  622 | steps:  5722 | steps_t:   642 | t: 10.443046 | r:  -506.000000 | e:   0.935800 | Q: -326.473389 | won: False 
#  623 | steps:  5729 | steps_t:   648 | t: 10.514941 | r:  -506.000000 | e:   0.935200 | Q:        nan | won: False 
#  624 | steps:  5737 | steps_t:   655 | t: 10.581790 | r:  -507.000000 | e:   0.934500 | Q: -314.114899 | won: False 
#  625 | steps:  5745 | steps_t:   662 | t: 10.652002 | r:  -507.000000 | e:   0.933800 | Q:        nan | won: False 
#  626 | steps:  5757 | steps_t:   673 | t: 10.758405 | r:  -511.000000 | e:   0.932700 | Q: -313.664032 | won: False 
#  627 | steps:  5763 | steps_t:   678 | t: 10.805351 | r:  -505.000000 | e:   0.932200 | Q:        nan | won: False 
#  628 | steps:  5769 | steps_t:   683 | t: 10.855031 | r:  -505.000000 | e:   0.931700 | Q:        nan | won: False 
#  629 | steps:  5778 | steps_t:   691 | t: 10.930804 | r:  -508.000000 | e:   0.930900 | Q:        nan | won: False 
#  630 | steps:  5789 | steps_t:   701 | t: 11.044105 | r:  -510.000000 | e:   0.929900 | Q:        nan | won: False 
#  631 | steps:  5811 | steps_t:   722 | t: 11.287738 | r:  -521.000000 | e:   0.927800 | Q: -330.486847 | won: False 
#  632 | steps:  5818 | steps_t:   728 | t: 11.369569 | r:  -506.000000 | e:   0.927200 | Q:        nan | won: False 
#  633 | steps:  5829 | steps_t:   738 | t: 11.479988 | r:  -510.000000 | e:   0.926200 | Q: -332.810760 | won: False 
#  634 | steps:  5836 | steps_t:   744 | t: 11.554941 | r:  -506.000000 | e:   0.925600 | Q:        nan | won: False 
#  635 | steps:  5848 | steps_t:   755 | t: 11.700016 | r:  -511.000000 | e:   0.924500 | Q: -298.766571 | won: False 
#  636 | steps:  5856 | steps_t:   762 | t: 11.793921 | r:  -507.000000 | e:   0.923800 | Q:        nan | won: False 
#  637 | steps:  5867 | steps_t:   772 | t: 11.913508 | r:  -510.000000 | e:   0.922800 | Q: -284.128967 | won: False 
#  638 | steps:  5876 | steps_t:   780 | t: 11.993036 | r:  -508.000000 | e:   0.922000 | Q:        nan | won: False 
#  639 | steps:  5884 | steps_t:   787 | t: 12.063966 | r:  -507.000000 | e:   0.921300 | Q:        nan | won: False 
#  640 | steps:  5894 | steps_t:   796 | t: 12.158725 | r:  -509.000000 | e:   0.920400 | Q: -320.092682 | won: False 
#  641 | steps:  5918 | steps_t:   819 | t: 12.385055 | r:  -523.000000 | e:   0.918100 | Q: -326.916931 | won: False 
#  642 | steps:  5927 | steps_t:   827 | t: 12.460914 | r:  -508.000000 | e:   0.917300 | Q: -339.694611 | won: False 
#  643 | steps:  5937 | steps_t:   836 | t: 12.532911 | r:  -509.000000 | e:   0.916400 | Q:        nan | won: False 
#  644 | steps:  5959 | steps_t:   857 | t: 12.698352 | r:  -521.000000 | e:   0.914300 | Q: -322.701447 | won: False 
#  645 | steps:  5965 | steps_t:   862 | t: 12.737637 | r:  -505.000000 | e:   0.913800 | Q: -305.882324 | won: False 
#  646 | steps:  5974 | steps_t:   870 | t: 12.805949 | r:  -508.000000 | e:   0.913000 | Q: -305.970245 | won: False 
#  647 | steps:  5986 | steps_t:   881 | t: 12.895504 | r:  -511.000000 | e:   0.911900 | Q: -298.723358 | won: False 
#  648 | steps:  5994 | steps_t:   888 | t: 12.951748 | r:  -507.000000 | e:   0.911200 | Q: -298.110046 | won: False 
#  649 | steps:  6003 | steps_t:   896 | t: 13.029788 | r:  -508.000000 | e:   0.910400 | Q: -301.485962 | won: False 
#  650 | steps:  6012 | steps_t:   904 | t: 13.119980 | r:  -508.000000 | e:   0.909600 | Q:        nan | won: False 
#  651 | steps:  6021 | steps_t:   912 | t: 13.210520 | r:  -508.000000 | e:   0.908800 | Q:        nan | won: False 
#  652 | steps:  6028 | steps_t:   918 | t: 13.288476 | r:  -506.000000 | e:   0.908200 | Q:        nan | won: False 
#  653 | steps:  6035 | steps_t:   924 | t: 13.384608 | r:  -506.000000 | e:   0.907600 | Q: -305.991577 | won: False 
#  654 | steps:  6044 | steps_t:   932 | t: 13.500012 | r:  -508.000000 | e:   0.906800 | Q: -300.909546 | won: False 
#  655 | steps:  6055 | steps_t:   942 | t: 13.648670 | r:  -510.000000 | e:   0.905800 | Q: -301.256409 | won: False 
#  656 | steps:  6067 | steps_t:   953 | t: 13.808181 | r:  -511.000000 | e:   0.904700 | Q: -301.999237 | won: False 
#  657 | steps:  6074 | steps_t:   959 | t: 13.899451 | r:  -506.000000 | e:   0.904100 | Q:        nan | won: False 
#  658 | steps:  6081 | steps_t:   965 | t: 13.989307 | r:  -506.000000 | e:   0.903500 | Q: -303.358765 | won: False 
#  659 | steps:  6091 | steps_t:   974 | t: 14.094512 | r:  -509.000000 | e:   0.902600 | Q: -301.478790 | won: False 
#  660 | steps:  6111 | steps_t:   993 | t: 14.352313 | r:  -519.000000 | e:   0.900700 | Q: -332.855591 | won: False 
#  661 | steps:  6121 | steps_t:  1002 | t: 14.470346 | r:  -509.000000 | e:   0.899800 | Q:        nan | won: False 
#  662 | steps:  6127 | steps_t:  1007 | t: 14.547082 | r:  -505.000000 | e:   0.899300 | Q:        nan | won: False 
#  663 | steps:  6137 | steps_t:  1016 | t: 14.674172 | r:  -509.000000 | e:   0.898400 | Q:        nan | won: False 
#  664 | steps:  6146 | steps_t:  1024 | t: 14.759652 | r:  -508.000000 | e:   0.897600 | Q: -322.782776 | won: False 
#  665 | steps:  6155 | steps_t:  1032 | t: 14.839099 | r:  -508.000000 | e:   0.896800 | Q:        nan | won: False 
#  666 | steps:  6162 | steps_t:  1038 | t: 14.917062 | r:  -506.000000 | e:   0.896200 | Q:        nan | won: False 
#  667 | steps:  6172 | steps_t:  1047 | t: 15.063770 | r:  -509.000000 | e:   0.895300 | Q: -347.285522 | won: False 
#  668 | steps:  6182 | steps_t:  1056 | t: 15.222976 | r:  -509.000000 | e:   0.894400 | Q:        nan | won: False 
#  669 | steps:  6188 | steps_t:  1061 | t: 15.308009 | r:  -505.000000 | e:   0.893900 | Q: -341.885773 | won: False 
#  670 | steps:  6204 | steps_t:  1076 | t: 15.578796 | r:  -515.000000 | e:   0.892400 | Q: -343.956146 | won: False 
#  671 | steps:  6212 | steps_t:  1083 | t: 15.712492 | r:  -507.000000 | e:   0.891700 | Q: -335.500885 | won: False 
#  672 | steps:  6226 | steps_t:  1096 | t: 15.996196 | r:  -513.000000 | e:   0.890400 | Q: -346.483978 | won: False 
#  673 | steps:  6240 | steps_t:  1109 | t: 16.242843 | r:  -513.000000 | e:   0.889100 | Q: -337.547791 | won: False 
#  674 | steps:  6247 | steps_t:  1115 | t: 16.346415 | r:  -506.000000 | e:   0.888500 | Q:        nan | won: False 
#  675 | steps:  6255 | steps_t:  1122 | t: 16.477829 | r:  -507.000000 | e:   0.887800 | Q: -333.147430 | won: False 
#  676 | steps:  6261 | steps_t:  1127 | t: 16.565554 | r:  -505.000000 | e:   0.887300 | Q: -334.390900 | won: False 
#  677 | steps:  6271 | steps_t:  1136 | t: 16.676853 | r:  -509.000000 | e:   0.886400 | Q: -332.093750 | won: False 
#  678 | steps:  6280 | steps_t:  1144 | t: 16.800709 | r:  -508.000000 | e:   0.885600 | Q: -327.994904 | won: False 
#  679 | steps:  6290 | steps_t:  1153 | t: 16.957486 | r:  -509.000000 | e:   0.884700 | Q:        nan | won: False 
#  680 | steps:  6297 | steps_t:  1159 | t: 17.051027 | r:  -506.000000 | e:   0.884100 | Q: -303.008118 | won: False 
#  681 | steps:  6306 | steps_t:  1167 | t: 17.179597 | r:  -508.000000 | e:   0.883300 | Q:        nan | won: False 
#  682 | steps:  6315 | steps_t:  1175 | t: 17.351427 | r:  -508.000000 | e:   0.882500 | Q: -324.767914 | won: False 
#  683 | steps:  6329 | steps_t:  1188 | t: 17.580851 | r:  -513.000000 | e:   0.881200 | Q:        nan | won: False 
#  684 | steps:  6337 | steps_t:  1195 | t: 17.704169 | r:  -507.000000 | e:   0.880500 | Q: -352.722198 | won: False 
#  685 | steps:  6348 | steps_t:  1205 | t: 17.873184 | r:  -510.000000 | e:   0.879500 | Q: -357.578308 | won: False 
#  686 | steps:  6358 | steps_t:  1214 | t: 18.020662 | r:  -509.000000 | e:   0.878600 | Q:        nan | won: False 
#  687 | steps:  6371 | steps_t:  1226 | t: 18.225617 | r:  -512.000000 | e:   0.877400 | Q: -350.413788 | won: False 
#  688 | steps:  6379 | steps_t:  1233 | t: 18.349426 | r:  -507.000000 | e:   0.876700 | Q:        nan | won: False 
#  689 | steps:  6385 | steps_t:  1238 | t: 18.439769 | r:  -505.000000 | e:   0.876200 | Q:        nan | won: False 
#  690 | steps:  6392 | steps_t:  1244 | t: 18.540566 | r:  -506.000000 | e:   0.875600 | Q:        nan | won: False 
#  691 | steps:  6403 | steps_t:  1254 | t: 18.697015 | r:  -510.000000 | e:   0.874600 | Q: -308.736237 | won: False 
#  692 | steps:  6412 | steps_t:  1262 | t: 18.809948 | r:  -508.000000 | e:   0.873800 | Q: -326.582367 | won: False 
#  693 | steps:  6422 | steps_t:  1271 | t: 18.958151 | r:  -509.000000 | e:   0.872900 | Q: -320.733521 | won: False 
#  694 | steps:  6429 | steps_t:  1277 | t: 19.089371 | r:  -506.000000 | e:   0.872300 | Q: -323.973511 | won: False 
#  695 | steps:  6440 | steps_t:  1287 | t: 19.284137 | r:  -510.000000 | e:   0.871300 | Q:        nan | won: False 
#  696 | steps:  6448 | steps_t:  1294 | t: 19.407267 | r:  -507.000000 | e:   0.870600 | Q:        nan | won: False 
#  697 | steps:  6458 | steps_t:  1303 | t: 19.584454 | r:  -509.000000 | e:   0.869700 | Q: -315.416687 | won: False 
#  698 | steps:  6469 | steps_t:  1313 | t: 19.770006 | r:  -510.000000 | e:   0.868700 | Q: -325.942474 | won: False 
#  699 | steps:  6485 | steps_t:  1328 | t: 20.202152 | r:  -515.000000 | e:   0.867200 | Q: -321.721313 | won: False 
#  700 | steps:  6499 | steps_t:  1341 | t: 20.521255 | r:  -513.000000 | e:   0.865900 | Q:        nan | won: False 
#  701 | steps:  6508 | steps_t:  1349 | t: 20.709302 | r:  -508.000000 | e:   0.865100 | Q: -341.708954 | won: False 
#  702 | steps:  6518 | steps_t:  1358 | t: 21.110811 | r:  -509.000000 | e:   0.864200 | Q: -369.385742 | won: False 
#  703 | steps:  6523 | steps_t:  1362 | t: 21.290083 | r:  -504.000000 | e:   0.863800 | Q:        nan | won: False 
#  704 | steps:  6533 | steps_t:  1371 | t: 21.509241 | r:  -509.000000 | e:   0.862900 | Q: -365.763275 | won: False 
#  705 | steps:  6543 | steps_t:  1380 | t: 21.757746 | r:  -509.000000 | e:   0.862000 | Q: -347.992004 | won: False 
#  706 | steps:  6550 | steps_t:  1386 | t: 21.878966 | r:  -506.000000 | e:   0.861400 | Q:        nan | won: False 
#  707 | steps:  6569 | steps_t:  1404 | t: 22.238113 | r:  -518.000000 | e:   0.859600 | Q:        nan | won: False 
#  708 | steps:  6575 | steps_t:  1409 | t: 22.332686 | r:  -505.000000 | e:   0.859100 | Q: -311.849426 | won: False 
#  709 | steps:  6584 | steps_t:  1417 | t: 22.520882 | r:  -508.000000 | e:   0.858300 | Q: -301.842255 | won: False 
#  710 | steps:  6592 | steps_t:  1424 | t: 22.693662 | r:  -507.000000 | e:   0.857600 | Q:        nan | won: False 
#  711 | steps:  6599 | steps_t:  1430 | t: 22.831109 | r:  -506.000000 | e:   0.857000 | Q: -288.429352 | won: False 
#  712 | steps:  6606 | steps_t:  1436 | t: 22.975427 | r:  -506.000000 | e:   0.856400 | Q: -291.976685 | won: False 
#  713 | steps:  6613 | steps_t:  1442 | t: 23.116242 | r:  -506.000000 | e:   0.855800 | Q: -330.552887 | won: False 
#  714 | steps:  6623 | steps_t:  1451 | t: 23.592292 | r:  -509.000000 | e:   0.854900 | Q: -360.641693 | won: False 
#  715 | steps:  6631 | steps_t:  1458 | t: 23.843056 | r:  -507.000000 | e:   0.854200 | Q:        nan | won: False 
#  716 | steps:  6643 | steps_t:  1469 | t: 24.226578 | r:  -511.000000 | e:   0.853100 | Q: -335.111481 | won: False 
#  717 | steps:  6654 | steps_t:  1479 | t: 24.537713 | r:  -510.000000 | e:   0.852100 | Q: -339.570648 | won: False 
#  718 | steps:  6662 | steps_t:  1486 | t: 24.843124 | r:  -507.000000 | e:   0.851400 | Q:        nan | won: False 
#  719 | steps:  6669 | steps_t:  1492 | t: 25.045997 | r:  -506.000000 | e:   0.850800 | Q: -314.040436 | won: False 
#  720 | steps:  6678 | steps_t:  1500 | t: 25.227741 | r:  -508.000000 | e:   0.850000 | Q:        nan | won: False 
#  721 | steps:  6685 | steps_t:  1506 | t: 25.364479 | r:  -506.000000 | e:   0.849400 | Q: -298.307098 | won: False 
#  722 | steps:  6694 | steps_t:  1514 | t: 25.542969 | r:  -508.000000 | e:   0.848600 | Q: -321.268860 | won: False 
#  723 | steps:  6703 | steps_t:  1522 | t: 25.693632 | r:  -508.000000 | e:   0.847800 | Q:        nan | won: False 
#  724 | steps:  6711 | steps_t:  1529 | t: 25.825624 | r:  -507.000000 | e:   0.847100 | Q: -313.830780 | won: False 
#  725 | steps:  6719 | steps_t:  1536 | t: 25.987675 | r:  -507.000000 | e:   0.846400 | Q: -314.296692 | won: False 
#  726 | steps:  6728 | steps_t:  1544 | t: 26.141148 | r:  -508.000000 | e:   0.845600 | Q: -309.961975 | won: False 
#  727 | steps:  6736 | steps_t:  1551 | t: 26.256576 | r:  -507.000000 | e:   0.844900 | Q: -310.872009 | won: False 
#  728 | steps:  6743 | steps_t:  1557 | t: 26.402033 | r:  -506.000000 | e:   0.844300 | Q: -323.391968 | won: False 
#  729 | steps:  6751 | steps_t:  1564 | t: 26.659716 | r:  -507.000000 | e:   0.843600 | Q: -368.118683 | won: False 
#  730 | steps:  6760 | steps_t:  1572 | t: 27.231155 | r:  -508.000000 | e:   0.842800 | Q: -337.939514 | won: False 
#  731 | steps:  6768 | steps_t:  1579 | t: 27.725534 | r:  -507.000000 | e:   0.842100 | Q:        nan | won: False 
#  732 | steps:  6774 | steps_t:  1584 | t: 27.860065 | r:  -505.000000 | e:   0.841600 | Q:        nan | won: False 
#  733 | steps:  6784 | steps_t:  1593 | t: 28.207734 | r:  -509.000000 | e:   0.840700 | Q: -300.743134 | won: False 
#  734 | steps:  6790 | steps_t:  1598 | t: 28.345817 | r:  -505.000000 | e:   0.840200 | Q:        nan | won: False 
#  735 | steps:  6799 | steps_t:  1606 | t: 28.575630 | r:  -508.000000 | e:   0.839400 | Q:        nan | won: False 
#  736 | steps:  6815 | steps_t:  1621 | t: 28.918790 | r:  -504.000000 | e:   0.837900 | Q: -296.255341 | won: False 
#  737 | steps:  6823 | steps_t:  1628 | t: 29.073710 | r:  -507.000000 | e:   0.837200 | Q: -314.466125 | won: False 
#  738 | steps:  6831 | steps_t:  1635 | t: 29.266374 | r:  -507.000000 | e:   0.836500 | Q: -289.605682 | won: False 
#  739 | steps:  6839 | steps_t:  1642 | t: 29.477104 | r:  -507.000000 | e:   0.835800 | Q:        nan | won: False 
#  740 | steps:  6850 | steps_t:  1652 | t: 29.740826 | r:  -510.000000 | e:   0.834800 | Q:        nan | won: False 
#  741 | steps:  6861 | steps_t:  1662 | t: 29.944969 | r:  -510.000000 | e:   0.833800 | Q: -346.670776 | won: False 
#  742 | steps:  6867 | steps_t:  1667 | t: 30.078061 | r:  -505.000000 | e:   0.833300 | Q: -339.916870 | won: False 
#  743 | steps:  6874 | steps_t:  1673 | t: 30.229631 | r:  -506.000000 | e:   0.832700 | Q:        nan | won: False 
#  744 | steps:  6885 | steps_t:  1683 | t: 30.431626 | r:  -510.000000 | e:   0.831700 | Q: -303.481567 | won: False 
#  745 | steps:  6901 | steps_t:  1698 | t: 30.780787 | r:  -515.000000 | e:   0.830200 | Q:        nan | won: False 
#  746 | steps:  6911 | steps_t:  1707 | t: 30.961106 | r:  -509.000000 | e:   0.829300 | Q: -321.354095 | won: False 
#  747 | steps:  6923 | steps_t:  1718 | t: 31.244369 | r:  -511.000000 | e:   0.828200 | Q: -337.981689 | won: False 
#  748 | steps:  6931 | steps_t:  1725 | t: 31.407877 | r:  -507.000000 | e:   0.827500 | Q: -302.121429 | won: False 
#  749 | steps:  6938 | steps_t:  1731 | t: 31.519087 | r:  -506.000000 | e:   0.826900 | Q: -324.285736 | won: False 
#  750 | steps:  6946 | steps_t:  1738 | t: 31.642634 | r:  -507.000000 | e:   0.826200 | Q:        nan | won: False 
#  751 | steps:  6958 | steps_t:  1749 | t: 31.869806 | r:  -511.000000 | e:   0.825100 | Q: -322.092896 | won: False 
#  752 | steps:  6965 | steps_t:  1755 | t: 31.991497 | r:  -506.000000 | e:   0.824500 | Q: -332.904602 | won: False 
#  753 | steps:  6977 | steps_t:  1766 | t: 32.222597 | r:  -511.000000 | e:   0.823400 | Q: -313.737305 | won: False 
#  754 | steps:  6984 | steps_t:  1772 | t: 32.356321 | r:  -506.000000 | e:   0.822800 | Q:        nan | won: False 
#  755 | steps:  6995 | steps_t:  1782 | t: 32.575433 | r:  -510.000000 | e:   0.821800 | Q: -315.437286 | won: False 
#  756 | steps:  7003 | steps_t:  1789 | t: 32.737993 | r:  -507.000000 | e:   0.821100 | Q:        nan | won: False 
#  757 | steps:  7010 | steps_t:  1795 | t: 32.858148 | r:  -506.000000 | e:   0.820500 | Q:        nan | won: False 
#  758 | steps:  7031 | steps_t:  1815 | t: 33.247443 | r:  -520.000000 | e:   0.818500 | Q: -321.926880 | won: False 
#  759 | steps:  7037 | steps_t:  1820 | t: 33.338440 | r:  -505.000000 | e:   0.818000 | Q:        nan | won: False 
#  760 | steps:  7064 | steps_t:  1846 | t: 33.806779 | r:  -526.000000 | e:   0.815400 | Q: -326.582550 | won: False 
#  761 | steps:  7071 | steps_t:  1852 | t: 33.914937 | r:  -506.000000 | e:   0.814800 | Q:        nan | won: False 
#  762 | steps:  7080 | steps_t:  1860 | t: 34.061648 | r:  -508.000000 | e:   0.814000 | Q: -349.457916 | won: False 
#  763 | steps:  7086 | steps_t:  1865 | t: 34.173903 | r:  -505.000000 | e:   0.813500 | Q:        nan | won: False 
#  764 | steps:  7093 | steps_t:  1871 | t: 34.292887 | r:  -506.000000 | e:   0.812900 | Q:        nan | won: False 
#  765 | steps:  7099 | steps_t:  1876 | t: 34.394628 | r:  -505.000000 | e:   0.812400 | Q: -386.103485 | won: False 
#  766 | steps:  7108 | steps_t:  1884 | t: 34.559578 | r:  -508.000000 | e:   0.811600 | Q: -355.788879 | won: False 
#  767 | steps:  7117 | steps_t:  1892 | t: 34.752830 | r:  -508.000000 | e:   0.810800 | Q:        nan | won: False 
#  768 | steps:  7126 | steps_t:  1900 | t: 34.913777 | r:  -508.000000 | e:   0.810000 | Q:        nan | won: False 
#  769 | steps:  7133 | steps_t:  1906 | t: 35.045751 | r:  -506.000000 | e:   0.809400 | Q:        nan | won: False 
#  770 | steps:  7140 | steps_t:  1912 | t: 35.158067 | r:  -506.000000 | e:   0.808800 | Q:        nan | won: False 
#  771 | steps:  7151 | steps_t:  1922 | t: 35.333049 | r:  -510.000000 | e:   0.807800 | Q: -331.509827 | won: False 
#  772 | steps:  7160 | steps_t:  1930 | t: 35.467637 | r:  -508.000000 | e:   0.807000 | Q: -319.218781 | won: False 
#  773 | steps:  7166 | steps_t:  1935 | t: 35.571273 | r:  -505.000000 | e:   0.806500 | Q:        nan | won: False 
