#    1 | steps:    11 | steps_t:     0 | t: 0.471878 | r:  -510.000000 | e:   1.000000 | Q:        nan | won: False 
#    2 | steps:    26 | steps_t:     0 | t: 0.476609 | r:  -503.000000 | e:   1.000000 | Q:        nan | won: False 
#    3 | steps:    34 | steps_t:     0 | t: 0.478940 | r:  -507.000000 | e:   1.000000 | Q:        nan | won: False 
#    4 | steps:    43 | steps_t:     0 | t: 0.481441 | r:  -508.000000 | e:   1.000000 | Q:        nan | won: False 
#    5 | steps:    51 | steps_t:     0 | t: 0.484099 | r:  -507.000000 | e:   1.000000 | Q:        nan | won: False 
#    6 | steps:    61 | steps_t:     0 | t: 0.487191 | r:  -509.000000 | e:   1.000000 | Q:        nan | won: False 
#    7 | steps:    74 | steps_t:     0 | t: 0.491223 | r:  -512.000000 | e:   1.000000 | Q:        nan | won: False 
#    8 | steps:    81 | steps_t:     0 | t: 0.544338 | r:  -506.000000 | e:   1.000000 | Q:        nan | won: False 
#    9 | steps:    95 | steps_t:     0 | t: 0.548899 | r:  -513.000000 | e:   1.000000 | Q:        nan | won: False 
#   10 | steps:   103 | steps_t:     0 | t: 0.551608 | r:  -507.000000 | e:   1.000000 | Q:        nan | won: False 
#   11 | steps:   112 | steps_t:     0 | t: 0.554438 | r:  -508.000000 | e:   1.000000 | Q:        nan | won: False 
#   12 | steps:   127 | steps_t:     0 | t: 0.559486 | r:  -514.000000 | e:   1.000000 | Q:        nan | won: False 
#   13 | steps:   135 | steps_t:     0 | t: 0.562505 | r:  -507.000000 | e:   1.000000 | Q:        nan | won: False 
#   14 | steps:   143 | steps_t:     0 | t: 0.565467 | r:  -507.000000 | e:   1.000000 | Q:        nan | won: False 
#   15 | steps:   157 | steps_t:     0 | t: 0.570802 | r:  -513.000000 | e:   1.000000 | Q:        nan | won: False 
#   16 | steps:   166 | steps_t:     0 | t: 0.575056 | r:  -508.000000 | e:   1.000000 | Q:        nan | won: False 
#   17 | steps:   171 | steps_t:     0 | t: 0.577151 | r:  -504.000000 | e:   1.000000 | Q:        nan | won: False 
#   18 | steps:   178 | steps_t:     0 | t: 0.579643 | r:  -506.000000 | e:   1.000000 | Q:        nan | won: False 
#   19 | steps:   188 | steps_t:     0 | t: 0.583256 | r:  -509.000000 | e:   1.000000 | Q:        nan | won: False 
#   20 | steps:   204 | steps_t:     0 | t: 0.588869 | r:  -515.000000 | e:   1.000000 | Q:        nan | won: False 
#   21 | steps:   211 | steps_t:     0 | t: 0.591728 | r:  -506.000000 | e:   1.000000 | Q:        nan | won: False 
#   22 | steps:   223 | steps_t:     0 | t: 0.597287 | r:  -511.000000 | e:   1.000000 | Q:        nan | won: False 
#   23 | steps:   231 | steps_t:     0 | t: 0.600360 | r:  -507.000000 | e:   1.000000 | Q:        nan | won: False 
#   24 | steps:   242 | steps_t:     0 | t: 0.604559 | r:  -510.000000 | e:   1.000000 | Q:        nan | won: False 
#   25 | steps:   260 | steps_t:     0 | t: 0.611431 | r:  -517.000000 | e:   1.000000 | Q:        nan | won: False 
#   26 | steps:   271 | steps_t:     0 | t: 0.616370 | r:  -510.000000 | e:   1.000000 | Q:        nan | won: False 
#   27 | steps:   295 | steps_t:     0 | t: 0.627580 | r:  -523.000000 | e:   1.000000 | Q:        nan | won: False 
#   28 | steps:   303 | steps_t:     0 | t: 0.632320 | r:  -507.000000 | e:   1.000000 | Q:        nan | won: False 
#   29 | steps:   311 | steps_t:     0 | t: 0.636207 | r:  -507.000000 | e:   1.000000 | Q:        nan | won: False 
#   30 | steps:   318 | steps_t:     0 | t: 0.639779 | r:  -506.000000 | e:   1.000000 | Q:        nan | won: False 
#   31 | steps:   325 | steps_t:     0 | t: 0.643621 | r:  -506.000000 | e:   1.000000 | Q:        nan | won: False 
#   32 | steps:   336 | steps_t:     0 | t: 0.649639 | r:  -510.000000 | e:   1.000000 | Q:        nan | won: False 
#   33 | steps:   344 | steps_t:     0 | t: 0.653483 | r:  -507.000000 | e:   1.000000 | Q:        nan | won: False 
#   34 | steps:   358 | steps_t:     0 | t: 0.663686 | r:  -502.000000 | e:   1.000000 | Q:        nan | won: False 
#   35 | steps:   366 | steps_t:     0 | t: 0.668206 | r:  -507.000000 | e:   1.000000 | Q:        nan | won: False 
#   36 | steps:   378 | steps_t:     0 | t: 0.674492 | r:  -511.000000 | e:   1.000000 | Q:        nan | won: False 
#   37 | steps:   393 | steps_t:     0 | t: 0.681095 | r:  -514.000000 | e:   1.000000 | Q:        nan | won: False 
#   38 | steps:   402 | steps_t:     0 | t: 0.685294 | r:  -508.000000 | e:   1.000000 | Q:        nan | won: False 
#   39 | steps:   412 | steps_t:     0 | t: 0.690542 | r:  -509.000000 | e:   1.000000 | Q:        nan | won: False 
#   40 | steps:   421 | steps_t:     0 | t: 0.695191 | r:  -508.000000 | e:   1.000000 | Q:        nan | won: False 
#   41 | steps:   427 | steps_t:     0 | t: 0.698178 | r:  -505.000000 | e:   1.000000 | Q:        nan | won: False 
#   42 | steps:   436 | steps_t:     0 | t: 0.702364 | r:  -508.000000 | e:   1.000000 | Q:        nan | won: False 
#   43 | steps:   443 | steps_t:     0 | t: 0.705668 | r:  -506.000000 | e:   1.000000 | Q:        nan | won: False 
#   44 | steps:   450 | steps_t:     0 | t: 0.708847 | r:  -506.000000 | e:   1.000000 | Q:        nan | won: False 
#   45 | steps:   459 | steps_t:     0 | t: 0.713403 | r:  -508.000000 | e:   1.000000 | Q:        nan | won: False 
#   46 | steps:   470 | steps_t:     0 | t: 0.719924 | r:  -510.000000 | e:   1.000000 | Q:        nan | won: False 
#   47 | steps:   481 | steps_t:     0 | t: 0.725587 | r:  -510.000000 | e:   1.000000 | Q:        nan | won: False 
#   48 | steps:   496 | steps_t:     0 | t: 0.735150 | r:  -503.000000 | e:   1.000000 | Q:        nan | won: False 
#   49 | steps:   507 | steps_t:     0 | t: 0.742662 | r:  -510.000000 | e:   1.000000 | Q:        nan | won: False 
#   50 | steps:   520 | steps_t:     0 | t: 0.749631 | r:  -512.000000 | e:   1.000000 | Q:        nan | won: False 
#   51 | steps:   528 | steps_t:     0 | t: 0.753345 | r:  -507.000000 | e:   1.000000 | Q:        nan | won: False 
#   52 | steps:   540 | steps_t:     0 | t: 0.759427 | r:  -511.000000 | e:   1.000000 | Q:        nan | won: False 
#   53 | steps:   562 | steps_t:     0 | t: 0.771239 | r:  -521.000000 | e:   1.000000 | Q:        nan | won: False 
#   54 | steps:   573 | steps_t:     0 | t: 0.776733 | r:  -510.000000 | e:   1.000000 | Q:        nan | won: False 
#   55 | steps:   579 | steps_t:     0 | t: 0.780812 | r:  -505.000000 | e:   1.000000 | Q:        nan | won: False 
#   56 | steps:   591 | steps_t:     0 | t: 0.789718 | r:  -511.000000 | e:   1.000000 | Q:        nan | won: False 
#   57 | steps:   598 | steps_t:     0 | t: 0.793802 | r:  -506.000000 | e:   1.000000 | Q:        nan | won: False 
#   58 | steps:   625 | steps_t:     0 | t: 0.810615 | r:  -526.000000 | e:   1.000000 | Q:        nan | won: False 
#   59 | steps:   633 | steps_t:     0 | t: 0.815845 | r:  -507.000000 | e:   1.000000 | Q:        nan | won: False 
#   60 | steps:   642 | steps_t:     0 | t: 0.821959 | r:  -508.000000 | e:   1.000000 | Q:        nan | won: False 
#   61 | steps:   649 | steps_t:     0 | t: 0.827011 | r:  -506.000000 | e:   1.000000 | Q:        nan | won: False 
#   62 | steps:   662 | steps_t:     0 | t: 0.837146 | r:  -512.000000 | e:   1.000000 | Q:        nan | won: False 
#   63 | steps:   671 | steps_t:     0 | t: 0.843572 | r:  -508.000000 | e:   1.000000 | Q:        nan | won: False 
#   64 | steps:   680 | steps_t:     0 | t: 0.849514 | r:  -508.000000 | e:   1.000000 | Q:        nan | won: False 
#   65 | steps:   690 | steps_t:     0 | t: 0.858962 | r:  -509.000000 | e:   1.000000 | Q:        nan | won: False 
#   66 | steps:   698 | steps_t:     0 | t: 0.863953 | r:  -507.000000 | e:   1.000000 | Q:        nan | won: False 
#   67 | steps:   706 | steps_t:     0 | t: 0.869083 | r:  -507.000000 | e:   1.000000 | Q:        nan | won: False 
#   68 | steps:   724 | steps_t:     0 | t: 0.881245 | r:  -517.000000 | e:   1.000000 | Q:        nan | won: False 
#   69 | steps:   734 | steps_t:     0 | t: 0.886915 | r:  -509.000000 | e:   1.000000 | Q:        nan | won: False 
#   70 | steps:   743 | steps_t:     0 | t: 0.892941 | r:  -508.000000 | e:   1.000000 | Q:        nan | won: False 
#   71 | steps:   752 | steps_t:     0 | t: 0.898883 | r:  -508.000000 | e:   1.000000 | Q:        nan | won: False 
#   72 | steps:   759 | steps_t:     0 | t: 0.902977 | r:  -506.000000 | e:   1.000000 | Q:        nan | won: False 
#   73 | steps:   770 | steps_t:     0 | t: 0.911523 | r:  -510.000000 | e:   1.000000 | Q:        nan | won: False 
#   74 | steps:   781 | steps_t:     0 | t: 0.918512 | r:  -510.000000 | e:   1.000000 | Q:        nan | won: False 
#   75 | steps:   797 | steps_t:     0 | t: 0.929181 | r:  -515.000000 | e:   1.000000 | Q:        nan | won: False 
#   76 | steps:   811 | steps_t:     0 | t: 0.937844 | r:  -513.000000 | e:   1.000000 | Q:        nan | won: False 
#   77 | steps:   818 | steps_t:     0 | t: 0.943268 | r:  -506.000000 | e:   1.000000 | Q:        nan | won: False 
#   78 | steps:   829 | steps_t:     0 | t: 0.950595 | r:  -510.000000 | e:   1.000000 | Q:        nan | won: False 
#   79 | steps:   841 | steps_t:     0 | t: 0.960664 | r:  -511.000000 | e:   1.000000 | Q:        nan | won: False 
#   80 | steps:   853 | steps_t:     0 | t: 0.969934 | r:  -511.000000 | e:   1.000000 | Q:        nan | won: False 
#   81 | steps:   862 | steps_t:     0 | t: 0.976474 | r:  -508.000000 | e:   1.000000 | Q:        nan | won: False 
#   82 | steps:   868 | steps_t:     0 | t: 0.980380 | r:  -505.000000 | e:   1.000000 | Q:        nan | won: False 
#   83 | steps:   875 | steps_t:     0 | t: 0.986287 | r:  -506.000000 | e:   1.000000 | Q:        nan | won: False 
#   84 | steps:   881 | steps_t:     0 | t: 0.990511 | r:  -505.000000 | e:   1.000000 | Q:        nan | won: False 
#   85 | steps:   890 | steps_t:     0 | t: 0.996586 | r:  -508.000000 | e:   1.000000 | Q:        nan | won: False 
#   86 | steps:   898 | steps_t:     0 | t: 1.001391 | r:  -507.000000 | e:   1.000000 | Q:        nan | won: False 
#   87 | steps:   907 | steps_t:     0 | t: 1.007011 | r:  -508.000000 | e:   1.000000 | Q:        nan | won: False 
#   88 | steps:   914 | steps_t:     0 | t: 1.012198 | r:  -506.000000 | e:   1.000000 | Q:        nan | won: False 
#   89 | steps:   932 | steps_t:     0 | t: 1.022687 | r:  -517.000000 | e:   1.000000 | Q:        nan | won: False 
#   90 | steps:   956 | steps_t:     0 | t: 1.035918 | r:  -523.000000 | e:   1.000000 | Q:        nan | won: False 
#   91 | steps:   979 | steps_t:     0 | t: 1.049945 | r:  -522.000000 | e:   1.000000 | Q:        nan | won: False 
#   92 | steps:   989 | steps_t:     0 | t: 1.056279 | r:  -509.000000 | e:   1.000000 | Q:        nan | won: False 
#   93 | steps:   999 | steps_t:     0 | t: 1.063875 | r:  -509.000000 | e:   1.000000 | Q:        nan | won: False 
#   94 | steps:  1019 | steps_t:     0 | t: 1.076690 | r:  -519.000000 | e:   1.000000 | Q:        nan | won: False 
#   95 | steps:  1025 | steps_t:     0 | t: 1.080752 | r:  -505.000000 | e:   1.000000 | Q:        nan | won: False 
#   96 | steps:  1037 | steps_t:     0 | t: 1.088811 | r:  -511.000000 | e:   1.000000 | Q:        nan | won: False 
#   97 | steps:  1046 | steps_t:     0 | t: 1.094602 | r:  -508.000000 | e:   1.000000 | Q:        nan | won: False 
#   98 | steps:  1060 | steps_t:     0 | t: 1.103398 | r:  -513.000000 | e:   1.000000 | Q:        nan | won: False 
#   99 | steps:  1080 | steps_t:     0 | t: 1.116229 | r:  -519.000000 | e:   1.000000 | Q:        nan | won: False 
#  100 | steps:  1089 | steps_t:     0 | t: 1.121753 | r:  -508.000000 | e:   1.000000 | Q:        nan | won: False 
#  101 | steps:  1099 | steps_t:     0 | t: 1.128556 | r:  -509.000000 | e:   1.000000 | Q:        nan | won: False 
#  102 | steps:  1106 | steps_t:     0 | t: 1.138191 | r:  -506.000000 | e:   1.000000 | Q:        nan | won: False 
#  103 | steps:  1121 | steps_t:     0 | t: 1.155524 | r:  -503.000000 | e:   1.000000 | Q:        nan | won: False 
#  104 | steps:  1130 | steps_t:     0 | t: 1.167030 | r:  -508.000000 | e:   1.000000 | Q:        nan | won: False 
#  105 | steps:  1141 | steps_t:     0 | t: 1.181535 | r:  -510.000000 | e:   1.000000 | Q:        nan | won: False 
#  106 | steps:  1150 | steps_t:     0 | t: 1.193148 | r:  -508.000000 | e:   1.000000 | Q:        nan | won: False 
#  107 | steps:  1157 | steps_t:     0 | t: 1.202022 | r:  -506.000000 | e:   1.000000 | Q:        nan | won: False 
#  108 | steps:  1166 | steps_t:     0 | t: 1.211856 | r:  -508.000000 | e:   1.000000 | Q:        nan | won: False 
#  109 | steps:  1174 | steps_t:     0 | t: 1.223181 | r:  -507.000000 | e:   1.000000 | Q:        nan | won: False 
#  110 | steps:  1183 | steps_t:     0 | t: 1.234493 | r:  -508.000000 | e:   1.000000 | Q:        nan | won: False 
#  111 | steps:  1194 | steps_t:     0 | t: 1.246169 | r:  -510.000000 | e:   1.000000 | Q:        nan | won: False 
#  112 | steps:  1201 | steps_t:     0 | t: 1.254992 | r:  -506.000000 | e:   1.000000 | Q:        nan | won: False 
#  113 | steps:  1210 | steps_t:     0 | t: 1.265511 | r:  -508.000000 | e:   1.000000 | Q:        nan | won: False 
#  114 | steps:  1216 | steps_t:     0 | t: 1.272456 | r:  -505.000000 | e:   1.000000 | Q:        nan | won: False 
#  115 | steps:  1227 | steps_t:     0 | t: 1.282413 | r:  -510.000000 | e:   1.000000 | Q:        nan | won: False 
#  116 | steps:  1233 | steps_t:     0 | t: 1.288080 | r:  -505.000000 | e:   1.000000 | Q:        nan | won: False 
#  117 | steps:  1243 | steps_t:     0 | t: 1.301824 | r:  -509.000000 | e:   1.000000 | Q:        nan | won: False 
#  118 | steps:  1260 | steps_t:     0 | t: 1.319307 | r:  -516.000000 | e:   1.000000 | Q:        nan | won: False 
#  119 | steps:  1271 | steps_t:     0 | t: 1.330286 | r:  -510.000000 | e:   1.000000 | Q:        nan | won: False 
#  120 | steps:  1281 | steps_t:     0 | t: 1.339411 | r:  -509.000000 | e:   1.000000 | Q:        nan | won: False 
#  121 | steps:  1288 | steps_t:     0 | t: 1.347937 | r:  -506.000000 | e:   1.000000 | Q:        nan | won: False 
#  122 | steps:  1298 | steps_t:     0 | t: 1.365310 | r:  -509.000000 | e:   1.000000 | Q:        nan | won: False 
#  123 | steps:  1303 | steps_t:     0 | t: 1.373118 | r:  -504.000000 | e:   1.000000 | Q:        nan | won: False 
#  124 | steps:  1321 | steps_t:     0 | t: 1.395468 | r:  -517.000000 | e:   1.000000 | Q:        nan | won: False 
#  125 | steps:  1332 | steps_t:     0 | t: 1.406930 | r:  -510.000000 | e:   1.000000 | Q:        nan | won: False 
#  126 | steps:  1340 | steps_t:     0 | t: 1.414943 | r:  -507.000000 | e:   1.000000 | Q:        nan | won: False 
#  127 | steps:  1360 | steps_t:     0 | t: 1.435218 | r:  -519.000000 | e:   1.000000 | Q:        nan | won: False 
#  128 | steps:  1366 | steps_t:     0 | t: 1.442030 | r:  -505.000000 | e:   1.000000 | Q:        nan | won: False 
#  129 | steps:  1410 | steps_t:     0 | t: 1.489125 | r:  -532.000000 | e:   1.000000 | Q:        nan | won: False 
#  130 | steps:  1431 | steps_t:     0 | t: 1.509066 | r:  -509.000000 | e:   1.000000 | Q:        nan | won: False 
#  131 | steps:  1452 | steps_t:     0 | t: 1.531040 | r:  -520.000000 | e:   1.000000 | Q:        nan | won: False 
#  132 | steps:  1461 | steps_t:     0 | t: 1.541446 | r:  -508.000000 | e:   1.000000 | Q:        nan | won: False 
#  133 | steps:  1471 | steps_t:     0 | t: 1.551588 | r:  -509.000000 | e:   1.000000 | Q:        nan | won: False 
#  134 | steps:  1477 | steps_t:     0 | t: 1.558867 | r:  -505.000000 | e:   1.000000 | Q:        nan | won: False 
#  135 | steps:  1487 | steps_t:     0 | t: 1.568334 | r:  -509.000000 | e:   1.000000 | Q:        nan | won: False 
#  136 | steps:  1497 | steps_t:     0 | t: 1.577814 | r:  -509.000000 | e:   1.000000 | Q:        nan | won: False 
#  137 | steps:  1506 | steps_t:     0 | t: 1.589436 | r:  -508.000000 | e:   1.000000 | Q:        nan | won: False 
#  138 | steps:  1518 | steps_t:     0 | t: 1.601387 | r:  -511.000000 | e:   1.000000 | Q:        nan | won: False 
#  139 | steps:  1529 | steps_t:     0 | t: 1.612774 | r:  -510.000000 | e:   1.000000 | Q:        nan | won: False 
#  140 | steps:  1541 | steps_t:     0 | t: 1.625777 | r:  -511.000000 | e:   1.000000 | Q:        nan | won: False 
#  141 | steps:  1548 | steps_t:     0 | t: 1.633376 | r:  -506.000000 | e:   1.000000 | Q:        nan | won: False 
#  142 | steps:  1558 | steps_t:     0 | t: 1.645238 | r:  -509.000000 | e:   1.000000 | Q:        nan | won: False 
#  143 | steps:  1574 | steps_t:     0 | t: 1.667025 | r:  -515.000000 | e:   1.000000 | Q:        nan | won: False 
#  144 | steps:  1581 | steps_t:     0 | t: 1.676284 | r:  -506.000000 | e:   1.000000 | Q:        nan | won: False 
#  145 | steps:  1593 | steps_t:     0 | t: 1.690472 | r:  -511.000000 | e:   1.000000 | Q:        nan | won: False 
#  146 | steps:  1600 | steps_t:     0 | t: 1.701006 | r:  -506.000000 | e:   1.000000 | Q:        nan | won: False 
#  147 | steps:  1615 | steps_t:     0 | t: 1.718062 | r:  -514.000000 | e:   1.000000 | Q:        nan | won: False 
#  148 | steps:  1624 | steps_t:     0 | t: 1.729790 | r:  -508.000000 | e:   1.000000 | Q:        nan | won: False 
#  149 | steps:  1632 | steps_t:     0 | t: 1.740742 | r:  -507.000000 | e:   1.000000 | Q:        nan | won: False 
#  150 | steps:  1658 | steps_t:     0 | t: 1.774225 | r:  -514.000000 | e:   1.000000 | Q:        nan | won: False 
#  151 | steps:  1670 | steps_t:     0 | t: 1.789774 | r:  -511.000000 | e:   1.000000 | Q:        nan | won: False 
#  152 | steps:  1683 | steps_t:     0 | t: 1.807777 | r:  -512.000000 | e:   1.000000 | Q:        nan | won: False 
#  153 | steps:  1688 | steps_t:     0 | t: 1.814428 | r:  -504.000000 | e:   1.000000 | Q:        nan | won: False 
#  154 | steps:  1701 | steps_t:     0 | t: 1.831149 | r:  -512.000000 | e:   1.000000 | Q:        nan | won: False 
#  155 | steps:  1709 | steps_t:     0 | t: 1.842257 | r:  -507.000000 | e:   1.000000 | Q:        nan | won: False 
#  156 | steps:  1717 | steps_t:     0 | t: 1.850533 | r:  -507.000000 | e:   1.000000 | Q:        nan | won: False 
#  157 | steps:  1724 | steps_t:     0 | t: 1.857640 | r:  -506.000000 | e:   1.000000 | Q:        nan | won: False 
#  158 | steps:  1733 | steps_t:     0 | t: 1.869675 | r:  -508.000000 | e:   1.000000 | Q:        nan | won: False 
#  159 | steps:  1747 | steps_t:     0 | t: 1.886235 | r:  -513.000000 | e:   1.000000 | Q:        nan | won: False 
#  160 | steps:  1764 | steps_t:     0 | t: 1.906206 | r:  -516.000000 | e:   1.000000 | Q:        nan | won: False 
#  161 | steps:  1783 | steps_t:     0 | t: 1.931252 | r:  -518.000000 | e:   1.000000 | Q:        nan | won: False 
#  162 | steps:  1793 | steps_t:     0 | t: 1.943979 | r:  -509.000000 | e:   1.000000 | Q:        nan | won: False 
#  163 | steps:  1812 | steps_t:     0 | t: 1.970492 | r:  -518.000000 | e:   1.000000 | Q:        nan | won: False 
#  164 | steps:  1820 | steps_t:     0 | t: 1.985021 | r:  -507.000000 | e:   1.000000 | Q:        nan | won: False 
#  165 | steps:  1828 | steps_t:     0 | t: 1.995577 | r:  -507.000000 | e:   1.000000 | Q:        nan | won: False 
#  166 | steps:  1838 | steps_t:     0 | t: 2.010525 | r:  -509.000000 | e:   1.000000 | Q:        nan | won: False 
#  167 | steps:  1851 | steps_t:     0 | t: 2.028318 | r:  -512.000000 | e:   1.000000 | Q:        nan | won: False 
#  168 | steps:  1863 | steps_t:     0 | t: 2.045245 | r:  -511.000000 | e:   1.000000 | Q:        nan | won: False 
#  169 | steps:  1884 | steps_t:     0 | t: 2.078054 | r:  -520.000000 | e:   1.000000 | Q:        nan | won: False 
#  170 | steps:  1892 | steps_t:     0 | t: 2.091119 | r:  -507.000000 | e:   1.000000 | Q:        nan | won: False 
#  171 | steps:  1903 | steps_t:     0 | t: 2.107333 | r:  -510.000000 | e:   1.000000 | Q:        nan | won: False 
#  172 | steps:  1909 | steps_t:     0 | t: 2.116006 | r:  -505.000000 | e:   1.000000 | Q:        nan | won: False 
#  173 | steps:  1918 | steps_t:     0 | t: 2.129198 | r:  -508.000000 | e:   1.000000 | Q:        nan | won: False 
#  174 | steps:  1928 | steps_t:     0 | t: 2.145412 | r:  -509.000000 | e:   1.000000 | Q:        nan | won: False 
#  175 | steps:  1936 | steps_t:     0 | t: 2.155382 | r:  -507.000000 | e:   1.000000 | Q:        nan | won: False 
#  176 | steps:  1954 | steps_t:     0 | t: 2.179077 | r:  -517.000000 | e:   1.000000 | Q:        nan | won: False 
#  177 | steps:  1961 | steps_t:     0 | t: 2.189591 | r:  -506.000000 | e:   1.000000 | Q:        nan | won: False 
#  178 | steps:  1974 | steps_t:     0 | t: 2.204509 | r:  -512.000000 | e:   1.000000 | Q:        nan | won: False 
#  179 | steps:  1983 | steps_t:     0 | t: 2.218103 | r:  -508.000000 | e:   1.000000 | Q:        nan | won: False 
#  180 | steps:  1990 | steps_t:     0 | t: 2.228292 | r:  -506.000000 | e:   1.000000 | Q:        nan | won: False 
#  181 | steps:  2000 | steps_t:     0 | t: 2.243771 | r:  -509.000000 | e:   1.000000 | Q:        nan | won: False 
#  182 | steps:  2008 | steps_t:     0 | t: 2.253752 | r:  -507.000000 | e:   1.000000 | Q:        nan | won: False 
#  183 | steps:  2013 | steps_t:     0 | t: 2.261541 | r:  -504.000000 | e:   1.000000 | Q:        nan | won: False 
#  184 | steps:  2019 | steps_t:     0 | t: 2.268500 | r:  -505.000000 | e:   1.000000 | Q:        nan | won: False 
#  185 | steps:  2032 | steps_t:     0 | t: 2.285230 | r:  -512.000000 | e:   1.000000 | Q:        nan | won: False 
#  186 | steps:  2067 | steps_t:     0 | t: 2.327174 | r:  -523.000000 | e:   1.000000 | Q:        nan | won: False 
#  187 | steps:  2089 | steps_t:     0 | t: 2.356923 | r:  -521.000000 | e:   1.000000 | Q:        nan | won: False 
#  188 | steps:  2097 | steps_t:     0 | t: 2.369725 | r:  -507.000000 | e:   1.000000 | Q:        nan | won: False 
#  189 | steps:  2102 | steps_t:     0 | t: 2.377338 | r:  -504.000000 | e:   1.000000 | Q:        nan | won: False 
#  190 | steps:  2112 | steps_t:     0 | t: 2.393931 | r:  -509.000000 | e:   1.000000 | Q:        nan | won: False 
#  191 | steps:  2122 | steps_t:     0 | t: 2.408741 | r:  -509.000000 | e:   1.000000 | Q:        nan | won: False 
#  192 | steps:  2128 | steps_t:     0 | t: 2.417905 | r:  -505.000000 | e:   1.000000 | Q:        nan | won: False 
#  193 | steps:  2136 | steps_t:     0 | t: 2.429007 | r:  -507.000000 | e:   1.000000 | Q:        nan | won: False 
#  194 | steps:  2144 | steps_t:     0 | t: 2.439064 | r:  -507.000000 | e:   1.000000 | Q:        nan | won: False 
#  195 | steps:  2150 | steps_t:     0 | t: 2.447904 | r:  -505.000000 | e:   1.000000 | Q:        nan | won: False 
#  196 | steps:  2171 | steps_t:     0 | t: 2.477855 | r:  -520.000000 | e:   1.000000 | Q:        nan | won: False 
#  197 | steps:  2181 | steps_t:     0 | t: 2.491248 | r:  -509.000000 | e:   1.000000 | Q:        nan | won: False 
#  198 | steps:  2189 | steps_t:     0 | t: 2.501510 | r:  -507.000000 | e:   1.000000 | Q:        nan | won: False 
#  199 | steps:  2203 | steps_t:     0 | t: 2.521782 | r:  -513.000000 | e:   1.000000 | Q:        nan | won: False 
#  200 | steps:  2219 | steps_t:     0 | t: 2.544416 | r:  -515.000000 | e:   1.000000 | Q:        nan | won: False 
#  201 | steps:  2229 | steps_t:     0 | t: 2.559559 | r:  -509.000000 | e:   1.000000 | Q:        nan | won: False 
#  202 | steps:  2241 | steps_t:     0 | t: 2.574625 | r:  -511.000000 | e:   1.000000 | Q:        nan | won: False 
#  203 | steps:  2259 | steps_t:     0 | t: 2.599554 | r:  -517.000000 | e:   1.000000 | Q:        nan | won: False 
#  204 | steps:  2269 | steps_t:     0 | t: 2.616888 | r:  -509.000000 | e:   1.000000 | Q:        nan | won: False 
#  205 | steps:  2277 | steps_t:     0 | t: 2.638912 | r:  -507.000000 | e:   1.000000 | Q:        nan | won: False 
#  206 | steps:  2285 | steps_t:     0 | t: 2.650358 | r:  -507.000000 | e:   1.000000 | Q:        nan | won: False 
#  207 | steps:  2301 | steps_t:     0 | t: 2.671270 | r:  -515.000000 | e:   1.000000 | Q:        nan | won: False 
#  208 | steps:  2310 | steps_t:     0 | t: 2.682745 | r:  -508.000000 | e:   1.000000 | Q:        nan | won: False 
#  209 | steps:  2317 | steps_t:     0 | t: 2.690983 | r:  -506.000000 | e:   1.000000 | Q:        nan | won: False 
#  210 | steps:  2324 | steps_t:     0 | t: 2.700997 | r:  -506.000000 | e:   1.000000 | Q:        nan | won: False 
#  211 | steps:  2336 | steps_t:     0 | t: 2.717310 | r:  -511.000000 | e:   1.000000 | Q:        nan | won: False 
#  212 | steps:  2348 | steps_t:     0 | t: 2.732058 | r:  -511.000000 | e:   1.000000 | Q:        nan | won: False 
#  213 | steps:  2355 | steps_t:     0 | t: 2.740819 | r:  -506.000000 | e:   1.000000 | Q:        nan | won: False 
#  214 | steps:  2363 | steps_t:     0 | t: 2.751287 | r:  -507.000000 | e:   1.000000 | Q:        nan | won: False 
#  215 | steps:  2373 | steps_t:     0 | t: 2.766498 | r:  -509.000000 | e:   1.000000 | Q:        nan | won: False 
#  216 | steps:  2383 | steps_t:     0 | t: 2.783532 | r:  -509.000000 | e:   1.000000 | Q:        nan | won: False 
#  217 | steps:  2393 | steps_t:     0 | t: 2.801027 | r:  -509.000000 | e:   1.000000 | Q:        nan | won: False 
#  218 | steps:  2401 | steps_t:     0 | t: 2.812578 | r:  -507.000000 | e:   1.000000 | Q:        nan | won: False 
#  219 | steps:  2411 | steps_t:     0 | t: 2.833161 | r:  -509.000000 | e:   1.000000 | Q:        nan | won: False 
#  220 | steps:  2419 | steps_t:     0 | t: 2.845500 | r:  -507.000000 | e:   1.000000 | Q:        nan | won: False 
#  221 | steps:  2428 | steps_t:     0 | t: 2.861325 | r:  -508.000000 | e:   1.000000 | Q:        nan | won: False 
#  222 | steps:  2436 | steps_t:     0 | t: 2.875483 | r:  -507.000000 | e:   1.000000 | Q:        nan | won: False 
#  223 | steps:  2445 | steps_t:     0 | t: 2.894051 | r:  -508.000000 | e:   1.000000 | Q:        nan | won: False 
#  224 | steps:  2455 | steps_t:     0 | t: 2.908981 | r:  -509.000000 | e:   1.000000 | Q:        nan | won: False 
#  225 | steps:  2470 | steps_t:     0 | t: 2.932871 | r:  -503.000000 | e:   1.000000 | Q:        nan | won: False 
#  226 | steps:  2479 | steps_t:     0 | t: 2.957583 | r:  -508.000000 | e:   1.000000 | Q:        nan | won: False 
#  227 | steps:  2487 | steps_t:     0 | t: 2.979617 | r:  -507.000000 | e:   1.000000 | Q:        nan | won: False 
#  228 | steps:  2500 | steps_t:     0 | t: 3.008597 | r:  -512.000000 | e:   1.000000 | Q:        nan | won: False 
#  229 | steps:  2508 | steps_t:     0 | t: 3.020628 | r:  -507.000000 | e:   1.000000 | Q:        nan | won: False 
#  230 | steps:  2518 | steps_t:     0 | t: 3.038561 | r:  -509.000000 | e:   1.000000 | Q:        nan | won: False 
#  231 | steps:  2530 | steps_t:     0 | t: 3.055353 | r:  -511.000000 | e:   1.000000 | Q:        nan | won: False 
#  232 | steps:  2539 | steps_t:     0 | t: 3.067538 | r:  -508.000000 | e:   1.000000 | Q:        nan | won: False 
#  233 | steps:  2547 | steps_t:     0 | t: 3.081006 | r:  -507.000000 | e:   1.000000 | Q:        nan | won: False 
#  234 | steps:  2557 | steps_t:     0 | t: 3.099049 | r:  -509.000000 | e:   1.000000 | Q:        nan | won: False 
#  235 | steps:  2566 | steps_t:     0 | t: 3.117479 | r:  -508.000000 | e:   1.000000 | Q:        nan | won: False 
#  236 | steps:  2578 | steps_t:     0 | t: 3.173911 | r:  -511.000000 | e:   1.000000 | Q:        nan | won: False 
#  237 | steps:  2585 | steps_t:     0 | t: 3.194394 | r:  -506.000000 | e:   1.000000 | Q:        nan | won: False 
#  238 | steps:  2600 | steps_t:     0 | t: 3.225882 | r:  -514.000000 | e:   1.000000 | Q:        nan | won: False 
#  239 | steps:  2611 | steps_t:     0 | t: 3.252273 | r:  -510.000000 | e:   1.000000 | Q:        nan | won: False 
#  240 | steps:  2618 | steps_t:     0 | t: 3.270316 | r:  -506.000000 | e:   1.000000 | Q:        nan | won: False 
#  241 | steps:  2630 | steps_t:     0 | t: 3.287589 | r:  -511.000000 | e:   1.000000 | Q:        nan | won: False 
#  242 | steps:  2641 | steps_t:     0 | t: 3.305654 | r:  -510.000000 | e:   1.000000 | Q:        nan | won: False 
#  243 | steps:  2646 | steps_t:     0 | t: 3.315086 | r:  -504.000000 | e:   1.000000 | Q:        nan | won: False 
#  244 | steps:  2663 | steps_t:     0 | t: 3.342828 | r:  -516.000000 | e:   1.000000 | Q:        nan | won: False 
#  245 | steps:  2676 | steps_t:     0 | t: 3.358694 | r:  -512.000000 | e:   1.000000 | Q:        nan | won: False 
#  246 | steps:  2684 | steps_t:     0 | t: 3.376990 | r:  -507.000000 | e:   1.000000 | Q:        nan | won: False 
#  247 | steps:  2698 | steps_t:     0 | t: 3.411231 | r:  -513.000000 | e:   1.000000 | Q:        nan | won: False 
#  248 | steps:  2706 | steps_t:     0 | t: 3.430013 | r:  -507.000000 | e:   1.000000 | Q:        nan | won: False 
#  249 | steps:  2719 | steps_t:     0 | t: 3.459594 | r:  -512.000000 | e:   1.000000 | Q:        nan | won: False 
#  250 | steps:  2729 | steps_t:     0 | t: 3.479196 | r:  -509.000000 | e:   1.000000 | Q:        nan | won: False 
#  251 | steps:  2737 | steps_t:     0 | t: 3.491972 | r:  -507.000000 | e:   1.000000 | Q:        nan | won: False 
#  252 | steps:  2745 | steps_t:     0 | t: 3.508562 | r:  -507.000000 | e:   1.000000 | Q:        nan | won: False 
#  253 | steps:  2753 | steps_t:     0 | t: 3.529775 | r:  -507.000000 | e:   1.000000 | Q:        nan | won: False 
#  254 | steps:  2762 | steps_t:     0 | t: 3.550074 | r:  -508.000000 | e:   1.000000 | Q:        nan | won: False 
#  255 | steps:  2776 | steps_t:     0 | t: 3.600864 | r:  -513.000000 | e:   1.000000 | Q:        nan | won: False 
#  256 | steps:  2787 | steps_t:     0 | t: 3.625019 | r:  -510.000000 | e:   1.000000 | Q:        nan | won: False 
#  257 | steps:  2794 | steps_t:     0 | t: 3.638504 | r:  -506.000000 | e:   1.000000 | Q:        nan | won: False 
#  258 | steps:  2803 | steps_t:     0 | t: 3.654124 | r:  -508.000000 | e:   1.000000 | Q:        nan | won: False 
#  259 | steps:  2811 | steps_t:     0 | t: 3.666144 | r:  -507.000000 | e:   1.000000 | Q:        nan | won: False 
#  260 | steps:  2833 | steps_t:     0 | t: 3.698800 | r:  -510.000000 | e:   1.000000 | Q:        nan | won: False 
#  261 | steps:  2840 | steps_t:     0 | t: 3.709177 | r:  -506.000000 | e:   1.000000 | Q:        nan | won: False 
#  262 | steps:  2848 | steps_t:     0 | t: 3.721209 | r:  -507.000000 | e:   1.000000 | Q:        nan | won: False 
#  263 | steps:  2854 | steps_t:     0 | t: 3.729575 | r:  -505.000000 | e:   1.000000 | Q:        nan | won: False 
#  264 | steps:  2862 | steps_t:     0 | t: 3.742771 | r:  -507.000000 | e:   1.000000 | Q:        nan | won: False 
#  265 | steps:  2880 | steps_t:     0 | t: 3.773401 | r:  -517.000000 | e:   1.000000 | Q:        nan | won: False 
#  266 | steps:  2888 | steps_t:     0 | t: 3.793082 | r:  -507.000000 | e:   1.000000 | Q:        nan | won: False 
#  267 | steps:  2905 | steps_t:     0 | t: 3.840623 | r:  -505.000000 | e:   1.000000 | Q:        nan | won: False 
#  268 | steps:  2922 | steps_t:     0 | t: 3.863696 | r:  -516.000000 | e:   1.000000 | Q:        nan | won: False 
#  269 | steps:  2930 | steps_t:     0 | t: 3.887774 | r:  -507.000000 | e:   1.000000 | Q:        nan | won: False 
#  270 | steps:  2936 | steps_t:     0 | t: 3.911506 | r:  -505.000000 | e:   1.000000 | Q:        nan | won: False 
#  271 | steps:  2945 | steps_t:     0 | t: 3.969007 | r:  -508.000000 | e:   1.000000 | Q:        nan | won: False 
#  272 | steps:  2953 | steps_t:     0 | t: 3.984927 | r:  -507.000000 | e:   1.000000 | Q:        nan | won: False 
#  273 | steps:  2968 | steps_t:     0 | t: 4.019390 | r:  -514.000000 | e:   1.000000 | Q:        nan | won: False 
#  274 | steps:  2977 | steps_t:     0 | t: 4.051161 | r:  -508.000000 | e:   1.000000 | Q:        nan | won: False 
#  275 | steps:  2989 | steps_t:     0 | t: 4.072799 | r:  -511.000000 | e:   1.000000 | Q:        nan | won: False 
#  276 | steps:  3009 | steps_t:     0 | t: 4.105705 | r:  -519.000000 | e:   1.000000 | Q:        nan | won: False 
#  277 | steps:  3017 | steps_t:     0 | t: 4.117772 | r:  -507.000000 | e:   1.000000 | Q:        nan | won: False 
#  278 | steps:  3028 | steps_t:     0 | t: 4.130612 | r:  -510.000000 | e:   1.000000 | Q:        nan | won: False 
#  279 | steps:  3033 | steps_t:     0 | t: 4.137768 | r:  -504.000000 | e:   1.000000 | Q:        nan | won: False 
#  280 | steps:  3039 | steps_t:     0 | t: 4.147671 | r:  -505.000000 | e:   1.000000 | Q:        nan | won: False 
#  281 | steps:  3045 | steps_t:     0 | t: 4.161585 | r:  -505.000000 | e:   1.000000 | Q:        nan | won: False 
#  282 | steps:  3053 | steps_t:     0 | t: 4.170826 | r:  -507.000000 | e:   1.000000 | Q:        nan | won: False 
#  283 | steps:  3070 | steps_t:     0 | t: 4.203891 | r:  -516.000000 | e:   1.000000 | Q:        nan | won: False 
#  284 | steps:  3079 | steps_t:     0 | t: 4.220486 | r:  -508.000000 | e:   1.000000 | Q:        nan | won: False 
#  285 | steps:  3084 | steps_t:     0 | t: 4.229455 | r:  -504.000000 | e:   1.000000 | Q:        nan | won: False 
#  286 | steps:  3094 | steps_t:     0 | t: 4.299837 | r:  -509.000000 | e:   1.000000 | Q:        nan | won: False 
#  287 | steps:  3101 | steps_t:     0 | t: 4.312617 | r:  -506.000000 | e:   1.000000 | Q:        nan | won: False 
#  288 | steps:  3109 | steps_t:     0 | t: 4.368181 | r:  -507.000000 | e:   1.000000 | Q:        nan | won: False 
#  289 | steps:  3128 | steps_t:     0 | t: 4.463047 | r:  -518.000000 | e:   1.000000 | Q:        nan | won: False 
#  290 | steps:  3142 | steps_t:     0 | t: 4.503297 | r:  -513.000000 | e:   1.000000 | Q:        nan | won: False 
#  291 | steps:  3152 | steps_t:     0 | t: 4.532517 | r:  -509.000000 | e:   1.000000 | Q:        nan | won: False 
#  292 | steps:  3171 | steps_t:     0 | t: 4.584445 | r:  -507.000000 | e:   1.000000 | Q:        nan | won: False 
#  293 | steps:  3182 | steps_t:     0 | t: 4.614482 | r:  -510.000000 | e:   1.000000 | Q:        nan | won: False 
#  294 | steps:  3193 | steps_t:     0 | t: 4.645507 | r:  -510.000000 | e:   1.000000 | Q:        nan | won: False 
#  295 | steps:  3206 | steps_t:     0 | t: 4.702149 | r:  -512.000000 | e:   1.000000 | Q:        nan | won: False 
#  296 | steps:  3214 | steps_t:     0 | t: 4.731293 | r:  -507.000000 | e:   1.000000 | Q:        nan | won: False 
#  297 | steps:  3222 | steps_t:     0 | t: 4.748865 | r:  -507.000000 | e:   1.000000 | Q:        nan | won: False 
#  298 | steps:  3233 | steps_t:     0 | t: 4.840126 | r:  -510.000000 | e:   1.000000 | Q:        nan | won: False 
#  299 | steps:  3242 | steps_t:     0 | t: 4.892583 | r:  -508.000000 | e:   1.000000 | Q:        nan | won: False 
#  300 | steps:  3249 | steps_t:     0 | t: 4.926359 | r:  -506.000000 | e:   1.000000 | Q:        nan | won: False 
#  301 | steps:  3258 | steps_t:     0 | t: 4.944523 | r:  -508.000000 | e:   1.000000 | Q:        nan | won: False 
#  302 | steps:  3265 | steps_t:     0 | t: 4.982762 | r:  -506.000000 | e:   1.000000 | Q:        nan | won: False 
#  303 | steps:  3280 | steps_t:     0 | t: 5.023312 | r:  -492.000000 | e:   1.000000 | Q:        nan | won: False 
#  304 | steps:  3293 | steps_t:     0 | t: 5.046796 | r:  -512.000000 | e:   1.000000 | Q:        nan | won: False 
#  305 | steps:  3300 | steps_t:     0 | t: 5.059795 | r:  -506.000000 | e:   1.000000 | Q:        nan | won: False 
#  306 | steps:  3326 | steps_t:     0 | t: 5.094384 | r:  -514.000000 | e:   1.000000 | Q:        nan | won: False 
#  307 | steps:  3345 | steps_t:     0 | t: 5.135990 | r:  -518.000000 | e:   1.000000 | Q:        nan | won: False 
#  308 | steps:  3364 | steps_t:     0 | t: 5.173679 | r:  -518.000000 | e:   1.000000 | Q:        nan | won: False 
#  309 | steps:  3378 | steps_t:     0 | t: 5.194015 | r:  -513.000000 | e:   1.000000 | Q:        nan | won: False 
#  310 | steps:  3387 | steps_t:     0 | t: 5.224427 | r:  -508.000000 | e:   1.000000 | Q:        nan | won: False 
#  311 | steps:  3395 | steps_t:     0 | t: 5.242057 | r:  -507.000000 | e:   1.000000 | Q:        nan | won: False 
#  312 | steps:  3406 | steps_t:     0 | t: 5.261074 | r:  -510.000000 | e:   1.000000 | Q:        nan | won: False 
#  313 | steps:  3430 | steps_t:     0 | t: 5.312851 | r:  -523.000000 | e:   1.000000 | Q:        nan | won: False 
#  314 | steps:  3439 | steps_t:     0 | t: 5.324527 | r:  -508.000000 | e:   1.000000 | Q:        nan | won: False 
#  315 | steps:  3449 | steps_t:     0 | t: 5.335267 | r:  -509.000000 | e:   1.000000 | Q:        nan | won: False 
#  316 | steps:  3462 | steps_t:     0 | t: 5.356066 | r:  -512.000000 | e:   1.000000 | Q:        nan | won: False 
#  317 | steps:  3492 | steps_t:     0 | t: 5.439525 | r:  -518.000000 | e:   1.000000 | Q:        nan | won: False 
#  318 | steps:  3501 | steps_t:     0 | t: 5.459517 | r:  -508.000000 | e:   1.000000 | Q:        nan | won: False 
#  319 | steps:  3506 | steps_t:     0 | t: 5.482811 | r:  -504.000000 | e:   1.000000 | Q:        nan | won: False 
#  320 | steps:  3517 | steps_t:     0 | t: 5.507682 | r:  -510.000000 | e:   1.000000 | Q:        nan | won: False 
#  321 | steps:  3526 | steps_t:     0 | t: 5.541034 | r:  -508.000000 | e:   1.000000 | Q:        nan | won: False 
#  322 | steps:  3531 | steps_t:     0 | t: 5.554511 | r:  -504.000000 | e:   1.000000 | Q:        nan | won: False 
#  323 | steps:  3551 | steps_t:     0 | t: 5.589027 | r:  -519.000000 | e:   1.000000 | Q:        nan | won: False 
#  324 | steps:  3558 | steps_t:     0 | t: 5.601953 | r:  -506.000000 | e:   1.000000 | Q:        nan | won: False 
#  325 | steps:  3566 | steps_t:     0 | t: 5.624765 | r:  -507.000000 | e:   1.000000 | Q:        nan | won: False 
#  326 | steps:  3576 | steps_t:     0 | t: 5.643549 | r:  -509.000000 | e:   1.000000 | Q:        nan | won: False 
#  327 | steps:  3593 | steps_t:     0 | t: 5.682748 | r:  -516.000000 | e:   1.000000 | Q:        nan | won: False 
#  328 | steps:  3602 | steps_t:     0 | t: 5.717050 | r:  -508.000000 | e:   1.000000 | Q:        nan | won: False 
#  329 | steps:  3616 | steps_t:     0 | t: 5.757753 | r:  -513.000000 | e:   1.000000 | Q:        nan | won: False 
#  330 | steps:  3625 | steps_t:     0 | t: 5.779265 | r:  -508.000000 | e:   1.000000 | Q:        nan | won: False 
#  331 | steps:  3634 | steps_t:     0 | t: 5.808012 | r:  -508.000000 | e:   1.000000 | Q:        nan | won: False 
#  332 | steps:  3644 | steps_t:     0 | t: 5.822792 | r:  -509.000000 | e:   1.000000 | Q:        nan | won: False 
#  333 | steps:  3655 | steps_t:     0 | t: 5.855500 | r:  -510.000000 | e:   1.000000 | Q:        nan | won: False 
#  334 | steps:  3664 | steps_t:     0 | t: 5.870077 | r:  -508.000000 | e:   1.000000 | Q:        nan | won: False 
#  335 | steps:  3673 | steps_t:     0 | t: 5.887457 | r:  -508.000000 | e:   1.000000 | Q:        nan | won: False 
#  336 | steps:  3690 | steps_t:     0 | t: 5.925924 | r:  -516.000000 | e:   1.000000 | Q:        nan | won: False 
#  337 | steps:  3700 | steps_t:     0 | t: 5.942283 | r:  -509.000000 | e:   1.000000 | Q:        nan | won: False 
#  338 | steps:  3708 | steps_t:     0 | t: 5.958283 | r:  -507.000000 | e:   1.000000 | Q:        nan | won: False 
#  339 | steps:  3717 | steps_t:     0 | t: 5.972309 | r:  -508.000000 | e:   1.000000 | Q:        nan | won: False 
#  340 | steps:  3728 | steps_t:     0 | t: 5.989272 | r:  -510.000000 | e:   1.000000 | Q:        nan | won: False 
#  341 | steps:  3735 | steps_t:     0 | t: 6.000090 | r:  -506.000000 | e:   1.000000 | Q:        nan | won: False 
#  342 | steps:  3741 | steps_t:     0 | t: 6.011388 | r:  -505.000000 | e:   1.000000 | Q:        nan | won: False 
#  343 | steps:  3760 | steps_t:     0 | t: 6.039156 | r:  -518.000000 | e:   1.000000 | Q:        nan | won: False 
#  344 | steps:  3795 | steps_t:     0 | t: 6.115026 | r:  -523.000000 | e:   1.000000 | Q:        nan | won: False 
#  345 | steps:  3803 | steps_t:     0 | t: 6.127892 | r:  -507.000000 | e:   1.000000 | Q:        nan | won: False 
#  346 | steps:  3815 | steps_t:     0 | t: 6.144220 | r:  -511.000000 | e:   1.000000 | Q:        nan | won: False 
#  347 | steps:  3838 | steps_t:     0 | t: 6.173490 | r:  -522.000000 | e:   1.000000 | Q:        nan | won: False 
#  348 | steps:  3846 | steps_t:     0 | t: 6.184310 | r:  -507.000000 | e:   1.000000 | Q:        nan | won: False 
#  349 | steps:  3855 | steps_t:     0 | t: 6.193966 | r:  -508.000000 | e:   1.000000 | Q:        nan | won: False 
#  350 | steps:  3877 | steps_t:     0 | t: 6.219389 | r:  -521.000000 | e:   1.000000 | Q:        nan | won: False 
#  351 | steps:  3894 | steps_t:     0 | t: 6.243478 | r:  -516.000000 | e:   1.000000 | Q:        nan | won: False 
#  352 | steps:  3901 | steps_t:     0 | t: 6.253780 | r:  -506.000000 | e:   1.000000 | Q:        nan | won: False 
#  353 | steps:  3909 | steps_t:     0 | t: 6.269370 | r:  -507.000000 | e:   1.000000 | Q:        nan | won: False 
#  354 | steps:  3917 | steps_t:     0 | t: 6.285670 | r:  -507.000000 | e:   1.000000 | Q:        nan | won: False 
#  355 | steps:  3927 | steps_t:     0 | t: 6.307723 | r:  -509.000000 | e:   1.000000 | Q:        nan | won: False 
#  356 | steps:  3934 | steps_t:     0 | t: 6.322757 | r:  -506.000000 | e:   1.000000 | Q:        nan | won: False 
#  357 | steps:  3953 | steps_t:     0 | t: 6.368436 | r:  -518.000000 | e:   1.000000 | Q:        nan | won: False 
#  358 | steps:  3965 | steps_t:     0 | t: 6.387464 | r:  -511.000000 | e:   1.000000 | Q:        nan | won: False 
#  359 | steps:  3974 | steps_t:     0 | t: 6.401935 | r:  -508.000000 | e:   1.000000 | Q:        nan | won: False 
#  360 | steps:  3986 | steps_t:     0 | t: 6.422920 | r:  -511.000000 | e:   1.000000 | Q:        nan | won: False 
#  361 | steps:  3993 | steps_t:     0 | t: 6.433252 | r:  -506.000000 | e:   1.000000 | Q:        nan | won: False 
#  362 | steps:  4013 | steps_t:     0 | t: 6.482600 | r:  -519.000000 | e:   1.000000 | Q:        nan | won: False 
#  363 | steps:  4023 | steps_t:     0 | t: 6.500715 | r:  -509.000000 | e:   1.000000 | Q:        nan | won: False 
#  364 | steps:  4034 | steps_t:     0 | t: 6.520790 | r:  -510.000000 | e:   1.000000 | Q:        nan | won: False 
#  365 | steps:  4048 | steps_t:     0 | t: 6.542829 | r:  -513.000000 | e:   1.000000 | Q:        nan | won: False 
#  366 | steps:  4057 | steps_t:     0 | t: 6.571852 | r:  -508.000000 | e:   1.000000 | Q:        nan | won: False 
#  367 | steps:  4063 | steps_t:     0 | t: 6.591672 | r:  -505.000000 | e:   1.000000 | Q:        nan | won: False 
#  368 | steps:  4070 | steps_t:     0 | t: 6.602355 | r:  -506.000000 | e:   1.000000 | Q:        nan | won: False 
#  369 | steps:  4077 | steps_t:     0 | t: 6.613891 | r:  -506.000000 | e:   1.000000 | Q:        nan | won: False 
#  370 | steps:  4094 | steps_t:     0 | t: 6.649168 | r:  -516.000000 | e:   1.000000 | Q:        nan | won: False 
#  371 | steps:  4102 | steps_t:     0 | t: 6.659943 | r:  -507.000000 | e:   1.000000 | Q:        nan | won: False 
#  372 | steps:  4112 | steps_t:     0 | t: 6.676556 | r:  -509.000000 | e:   1.000000 | Q:        nan | won: False 
#  373 | steps:  4117 | steps_t:     0 | t: 6.683853 | r:  -504.000000 | e:   1.000000 | Q:        nan | won: False 
#  374 | steps:  4135 | steps_t:     0 | t: 6.719022 | r:  -517.000000 | e:   1.000000 | Q:        nan | won: False 
#  375 | steps:  4141 | steps_t:     0 | t: 6.727554 | r:  -505.000000 | e:   1.000000 | Q:        nan | won: False 
#  376 | steps:  4151 | steps_t:     0 | t: 6.746776 | r:  -509.000000 | e:   1.000000 | Q:        nan | won: False 
#  377 | steps:  4159 | steps_t:     0 | t: 6.759609 | r:  -507.000000 | e:   1.000000 | Q:        nan | won: False 
#  378 | steps:  4168 | steps_t:     0 | t: 6.770890 | r:  -508.000000 | e:   1.000000 | Q:        nan | won: False 
#  379 | steps:  4176 | steps_t:     0 | t: 6.784978 | r:  -507.000000 | e:   1.000000 | Q:        nan | won: False 
#  380 | steps:  4195 | steps_t:     0 | t: 6.815751 | r:  -518.000000 | e:   1.000000 | Q:        nan | won: False 
#  381 | steps:  4204 | steps_t:     0 | t: 6.832666 | r:  -508.000000 | e:   1.000000 | Q:        nan | won: False 
#  382 | steps:  4215 | steps_t:     0 | t: 6.849170 | r:  -510.000000 | e:   1.000000 | Q:        nan | won: False 
#  383 | steps:  4224 | steps_t:     0 | t: 6.866433 | r:  -508.000000 | e:   1.000000 | Q:        nan | won: False 
#  384 | steps:  4235 | steps_t:     0 | t: 6.889405 | r:  -510.000000 | e:   1.000000 | Q:        nan | won: False 
#  385 | steps:  4244 | steps_t:     0 | t: 6.904458 | r:  -508.000000 | e:   1.000000 | Q:        nan | won: False 
#  386 | steps:  4255 | steps_t:     0 | t: 6.922575 | r:  -510.000000 | e:   1.000000 | Q:        nan | won: False 
#  387 | steps:  4261 | steps_t:     0 | t: 6.931247 | r:  -505.000000 | e:   1.000000 | Q:        nan | won: False 
#  388 | steps:  4274 | steps_t:     0 | t: 6.951594 | r:  -512.000000 | e:   1.000000 | Q:        nan | won: False 
#  389 | steps:  4284 | steps_t:     0 | t: 6.965717 | r:  -509.000000 | e:   1.000000 | Q:        nan | won: False 
#  390 | steps:  4291 | steps_t:     0 | t: 6.984950 | r:  -506.000000 | e:   1.000000 | Q:        nan | won: False 
#  391 | steps:  4300 | steps_t:     0 | t: 7.004194 | r:  -508.000000 | e:   1.000000 | Q:        nan | won: False 
#  392 | steps:  4312 | steps_t:     0 | t: 7.028160 | r:  -511.000000 | e:   1.000000 | Q:        nan | won: False 
#  393 | steps:  4318 | steps_t:     0 | t: 7.044622 | r:  -505.000000 | e:   1.000000 | Q:        nan | won: False 
#  394 | steps:  4328 | steps_t:     0 | t: 7.064811 | r:  -509.000000 | e:   1.000000 | Q:        nan | won: False 
#  395 | steps:  4341 | steps_t:     0 | t: 7.098127 | r:  -512.000000 | e:   1.000000 | Q:        nan | won: False 
#  396 | steps:  4349 | steps_t:     0 | t: 7.113167 | r:  -507.000000 | e:   1.000000 | Q:        nan | won: False 
#  397 | steps:  4355 | steps_t:     0 | t: 7.123930 | r:  -505.000000 | e:   1.000000 | Q:        nan | won: False 
#  398 | steps:  4364 | steps_t:     0 | t: 7.138080 | r:  -508.000000 | e:   1.000000 | Q:        nan | won: False 
#  399 | steps:  4373 | steps_t:     0 | t: 7.159307 | r:  -508.000000 | e:   1.000000 | Q:        nan | won: False 
#  400 | steps:  4378 | steps_t:     0 | t: 7.169922 | r:  -504.000000 | e:   1.000000 | Q:        nan | won: False 
#  401 | steps:  4392 | steps_t:     0 | t: 7.192960 | r:  -513.000000 | e:   1.000000 | Q:        nan | won: False 
#  402 | steps:  4402 | steps_t:     0 | t: 7.209893 | r:  -509.000000 | e:   1.000000 | Q:        nan | won: False 
#  403 | steps:  4408 | steps_t:     0 | t: 7.228859 | r:  -505.000000 | e:   1.000000 | Q:        nan | won: False 
#  404 | steps:  4426 | steps_t:     0 | t: 7.287090 | r:  -517.000000 | e:   1.000000 | Q:        nan | won: False 
#  405 | steps:  4446 | steps_t:     0 | t: 7.339006 | r:  -519.000000 | e:   1.000000 | Q:        nan | won: False 
#  406 | steps:  4456 | steps_t:     0 | t: 7.354257 | r:  -509.000000 | e:   1.000000 | Q:        nan | won: False 
#  407 | steps:  4466 | steps_t:     0 | t: 7.367669 | r:  -509.000000 | e:   1.000000 | Q:        nan | won: False 
#  408 | steps:  4473 | steps_t:     0 | t: 7.380805 | r:  -506.000000 | e:   1.000000 | Q:        nan | won: False 
#  409 | steps:  4491 | steps_t:     0 | t: 7.434354 | r:  -517.000000 | e:   1.000000 | Q:        nan | won: False 
#  410 | steps:  4515 | steps_t:     0 | t: 7.497273 | r:  -523.000000 | e:   1.000000 | Q:        nan | won: False 
#  411 | steps:  4523 | steps_t:     0 | t: 7.533748 | r:  -507.000000 | e:   1.000000 | Q:        nan | won: False 
#  412 | steps:  4535 | steps_t:     0 | t: 7.557096 | r:  -511.000000 | e:   1.000000 | Q:        nan | won: False 
#  413 | steps:  4543 | steps_t:     0 | t: 7.591471 | r:  -507.000000 | e:   1.000000 | Q:        nan | won: False 
#  414 | steps:  4549 | steps_t:     0 | t: 7.599135 | r:  -505.000000 | e:   1.000000 | Q:        nan | won: False 
#  415 | steps:  4556 | steps_t:     0 | t: 7.610086 | r:  -506.000000 | e:   1.000000 | Q:        nan | won: False 
#  416 | steps:  4563 | steps_t:     0 | t: 7.626799 | r:  -506.000000 | e:   1.000000 | Q:        nan | won: False 
#  417 | steps:  4578 | steps_t:     0 | t: 7.655645 | r:  -514.000000 | e:   1.000000 | Q:        nan | won: False 
#  418 | steps:  4587 | steps_t:     0 | t: 7.676255 | r:  -508.000000 | e:   1.000000 | Q:        nan | won: False 
#  419 | steps:  4594 | steps_t:     0 | t: 7.690142 | r:  -506.000000 | e:   1.000000 | Q:        nan | won: False 
#  420 | steps:  4603 | steps_t:     0 | t: 7.717002 | r:  -508.000000 | e:   1.000000 | Q:        nan | won: False 
#  421 | steps:  4609 | steps_t:     0 | t: 7.729104 | r:  -505.000000 | e:   1.000000 | Q:        nan | won: False 
#  422 | steps:  4615 | steps_t:     0 | t: 7.750057 | r:  -505.000000 | e:   1.000000 | Q:        nan | won: False 
#  423 | steps:  4633 | steps_t:     0 | t: 7.826886 | r:  -517.000000 | e:   1.000000 | Q:        nan | won: False 
#  424 | steps:  4653 | steps_t:     0 | t: 7.870402 | r:  -519.000000 | e:   1.000000 | Q:        nan | won: False 
#  425 | steps:  4662 | steps_t:     0 | t: 7.884564 | r:  -508.000000 | e:   1.000000 | Q:        nan | won: False 
#  426 | steps:  4680 | steps_t:     0 | t: 7.923975 | r:  -517.000000 | e:   1.000000 | Q:        nan | won: False 
#  427 | steps:  4694 | steps_t:     0 | t: 7.945515 | r:  -513.000000 | e:   1.000000 | Q:        nan | won: False 
#  428 | steps:  4701 | steps_t:     0 | t: 7.956744 | r:  -506.000000 | e:   1.000000 | Q:        nan | won: False 
#  429 | steps:  4709 | steps_t:     0 | t: 7.972274 | r:  -507.000000 | e:   1.000000 | Q:        nan | won: False 
#  430 | steps:  4719 | steps_t:     0 | t: 7.991878 | r:  -509.000000 | e:   1.000000 | Q:        nan | won: False 
#  431 | steps:  4731 | steps_t:     0 | t: 8.011105 | r:  -511.000000 | e:   1.000000 | Q:        nan | won: False 
#  432 | steps:  4742 | steps_t:     0 | t: 8.046052 | r:  -510.000000 | e:   1.000000 | Q:        nan | won: False 
#  433 | steps:  4752 | steps_t:     0 | t: 8.071333 | r:  -509.000000 | e:   1.000000 | Q:        nan | won: False 
#  434 | steps:  4759 | steps_t:     0 | t: 8.088644 | r:  -506.000000 | e:   1.000000 | Q:        nan | won: False 
#  435 | steps:  4773 | steps_t:     0 | t: 8.112222 | r:  -513.000000 | e:   1.000000 | Q:        nan | won: False 
#  436 | steps:  4782 | steps_t:     0 | t: 8.123666 | r:  -508.000000 | e:   1.000000 | Q:        nan | won: False 
#  437 | steps:  4805 | steps_t:     0 | t: 8.162317 | r:  -522.000000 | e:   1.000000 | Q:        nan | won: False 
#  438 | steps:  4820 | steps_t:     0 | t: 8.183096 | r:  -514.000000 | e:   1.000000 | Q:        nan | won: False 
#  439 | steps:  4830 | steps_t:     0 | t: 8.196087 | r:  -509.000000 | e:   1.000000 | Q:        nan | won: False 
#  440 | steps:  4840 | steps_t:     0 | t: 8.211544 | r:  -509.000000 | e:   1.000000 | Q:        nan | won: False 
#  441 | steps:  4858 | steps_t:     0 | t: 8.234865 | r:  -517.000000 | e:   1.000000 | Q:        nan | won: False 
#  442 | steps:  4867 | steps_t:     0 | t: 8.246704 | r:  -508.000000 | e:   1.000000 | Q:        nan | won: False 
#  443 | steps:  4875 | steps_t:     0 | t: 8.258015 | r:  -507.000000 | e:   1.000000 | Q:        nan | won: False 
#  444 | steps:  4883 | steps_t:     0 | t: 8.268185 | r:  -507.000000 | e:   1.000000 | Q:        nan | won: False 
#  445 | steps:  4894 | steps_t:     0 | t: 8.285198 | r:  -510.000000 | e:   1.000000 | Q:        nan | won: False 
#  446 | steps:  4904 | steps_t:     0 | t: 8.298580 | r:  -509.000000 | e:   1.000000 | Q:        nan | won: False 
#  447 | steps:  4918 | steps_t:     0 | t: 8.317980 | r:  -502.000000 | e:   1.000000 | Q:        nan | won: False 
#  448 | steps:  4927 | steps_t:     0 | t: 8.329966 | r:  -508.000000 | e:   1.000000 | Q:        nan | won: False 
#  449 | steps:  4937 | steps_t:     0 | t: 8.342829 | r:  -509.000000 | e:   1.000000 | Q:        nan | won: False 
#  450 | steps:  4956 | steps_t:     0 | t: 8.369631 | r:  -507.000000 | e:   1.000000 | Q:        nan | won: False 
#  451 | steps:  4966 | steps_t:     0 | t: 8.383462 | r:  -509.000000 | e:   1.000000 | Q:        nan | won: False 
#  452 | steps:  4975 | steps_t:     0 | t: 8.397858 | r:  -508.000000 | e:   1.000000 | Q:        nan | won: False 
#  453 | steps:  4987 | steps_t:     0 | t: 8.415443 | r:  -511.000000 | e:   1.000000 | Q:        nan | won: False 
#  454 | steps:  4997 | steps_t:     0 | t: 8.429486 | r:  -509.000000 | e:   1.000000 | Q:        nan | won: False 
#  455 | steps:  5004 | steps_t:     3 | t: 8.667946 | r:  -506.000000 | e:   0.999700 | Q:        nan | won: False 
#  456 | steps:  5011 | steps_t:     9 | t: 8.772577 | r:  -506.000000 | e:   0.999100 | Q:        nan | won: False 
#  457 | steps:  5020 | steps_t:    17 | t: 8.913657 | r:  -508.000000 | e:   0.998300 | Q:        nan | won: False 
#  458 | steps:  5041 | steps_t:    37 | t: 9.249497 | r:  -520.000000 | e:   0.996300 | Q:        nan | won: False 
#  459 | steps:  5047 | steps_t:    42 | t: 9.340344 | r:  -505.000000 | e:   0.995800 | Q:        nan | won: False 
#  460 | steps:  5053 | steps_t:    47 | t: 9.446534 | r:  -505.000000 | e:   0.995300 | Q:        nan | won: False 
#  461 | steps:  5061 | steps_t:    54 | t: 9.588711 | r:  -507.000000 | e:   0.994600 | Q:        nan | won: False 
#  462 | steps:  5070 | steps_t:    62 | t: 9.727153 | r:  -508.000000 | e:   0.993800 | Q:        nan | won: False 
#  463 | steps:  5077 | steps_t:    68 | t: 9.834076 | r:  -506.000000 | e:   0.993200 | Q:        nan | won: False 
#  464 | steps:  5086 | steps_t:    76 | t: 9.982794 | r:  -508.000000 | e:   0.992400 | Q:        nan | won: False 
#  465 | steps:  5107 | steps_t:    96 | t: 10.294396 | r:  -509.000000 | e:   0.990400 | Q:        nan | won: False 
#  466 | steps:  5115 | steps_t:   103 | t: 10.391736 | r:  -507.000000 | e:   0.989700 | Q:        nan | won: False 
#  467 | steps:  5134 | steps_t:   121 | t: 10.613650 | r:  -507.000000 | e:   0.987900 | Q: -180.528595 | won: False 
#  468 | steps:  5144 | steps_t:   130 | t: 10.726065 | r:  -509.000000 | e:   0.987000 | Q:        nan | won: False 
#  469 | steps:  5168 | steps_t:   153 | t: 11.077352 | r:  -523.000000 | e:   0.984700 | Q: -267.948120 | won: False 
#  470 | steps:  5180 | steps_t:   164 | t: 11.243178 | r:  -511.000000 | e:   0.983600 | Q: -342.118530 | won: False 
#  471 | steps:  5188 | steps_t:   171 | t: 11.341322 | r:  -507.000000 | e:   0.982900 | Q:        nan | won: False 
#  472 | steps:  5202 | steps_t:   184 | t: 11.501853 | r:  -513.000000 | e:   0.981600 | Q:        nan | won: False 
#  473 | steps:  5212 | steps_t:   193 | t: 11.616613 | r:  -509.000000 | e:   0.980700 | Q:        nan | won: False 
#  474 | steps:  5225 | steps_t:   205 | t: 11.763364 | r:  -512.000000 | e:   0.979500 | Q:        nan | won: False 
#  475 | steps:  5233 | steps_t:   212 | t: 11.840849 | r:  -507.000000 | e:   0.978800 | Q:        nan | won: False 
#  476 | steps:  5245 | steps_t:   223 | t: 11.968427 | r:  -511.000000 | e:   0.977700 | Q:        nan | won: False 
#  477 | steps:  5254 | steps_t:   231 | t: 12.060957 | r:  -508.000000 | e:   0.976900 | Q:        nan | won: False 
#  478 | steps:  5266 | steps_t:   242 | t: 12.182551 | r:  -511.000000 | e:   0.975800 | Q: -305.597137 | won: False 
#  479 | steps:  5280 | steps_t:   255 | t: 12.323353 | r:  -513.000000 | e:   0.974500 | Q: -304.266052 | won: False 
#  480 | steps:  5286 | steps_t:   260 | t: 12.379987 | r:  -505.000000 | e:   0.974000 | Q:        nan | won: False 
#  481 | steps:  5295 | steps_t:   268 | t: 12.473401 | r:  -508.000000 | e:   0.973200 | Q:        nan | won: False 
#  482 | steps:  5307 | steps_t:   279 | t: 12.593600 | r:  -511.000000 | e:   0.972100 | Q:        nan | won: False 
#  483 | steps:  5321 | steps_t:   292 | t: 12.734219 | r:  -513.000000 | e:   0.970800 | Q:        nan | won: False 
#  484 | steps:  5331 | steps_t:   301 | t: 12.836540 | r:  -509.000000 | e:   0.969900 | Q:        nan | won: False 
#  485 | steps:  5350 | steps_t:   319 | t: 13.049289 | r:  -518.000000 | e:   0.968100 | Q:        nan | won: False 
#  486 | steps:  5364 | steps_t:   332 | t: 13.230256 | r:  -513.000000 | e:   0.966800 | Q:        nan | won: False 
#  487 | steps:  5375 | steps_t:   342 | t: 13.349671 | r:  -510.000000 | e:   0.965800 | Q:        nan | won: False 
#  488 | steps:  5382 | steps_t:   348 | t: 13.425714 | r:  -506.000000 | e:   0.965200 | Q:        nan | won: False 
#  489 | steps:  5388 | steps_t:   353 | t: 13.485826 | r:  -505.000000 | e:   0.964700 | Q:        nan | won: False 
#  490 | steps:  5396 | steps_t:   360 | t: 13.571468 | r:  -507.000000 | e:   0.964000 | Q:        nan | won: False 
#  491 | steps:  5403 | steps_t:   366 | t: 13.641865 | r:  -506.000000 | e:   0.963400 | Q:        nan | won: False 
#  492 | steps:  5410 | steps_t:   372 | t: 13.715454 | r:  -506.000000 | e:   0.962800 | Q: -281.772217 | won: False 
#  493 | steps:  5424 | steps_t:   385 | t: 13.864672 | r:  -513.000000 | e:   0.961500 | Q: -296.898193 | won: False 
#  494 | steps:  5438 | steps_t:   398 | t: 14.013639 | r:  -513.000000 | e:   0.960200 | Q: -300.074707 | won: False 
#  495 | steps:  5445 | steps_t:   404 | t: 14.080675 | r:  -506.000000 | e:   0.959600 | Q: -325.675842 | won: False 
#  496 | steps:  5453 | steps_t:   411 | t: 14.165842 | r:  -507.000000 | e:   0.958900 | Q:        nan | won: False 
#  497 | steps:  5474 | steps_t:   431 | t: 14.380017 | r:  -520.000000 | e:   0.956900 | Q: -323.367889 | won: False 
#  498 | steps:  5483 | steps_t:   439 | t: 14.469150 | r:  -508.000000 | e:   0.956100 | Q:        nan | won: False 
#  499 | steps:  5494 | steps_t:   449 | t: 14.570540 | r:  -510.000000 | e:   0.955100 | Q:        nan | won: False 
#  500 | steps:  5507 | steps_t:   461 | t: 14.675106 | r:  -512.000000 | e:   0.953900 | Q:        nan | won: False 
#  501 | steps:  5515 | steps_t:   468 | t: 14.737885 | r:  -507.000000 | e:   0.953200 | Q: -324.538574 | won: False 
#  502 | steps:  5523 | steps_t:   475 | t: 14.804015 | r:  -507.000000 | e:   0.952500 | Q:        nan | won: False 
#  503 | steps:  5535 | steps_t:   486 | t: 14.914141 | r:  -511.000000 | e:   0.951400 | Q:        nan | won: False 
#  504 | steps:  5547 | steps_t:   497 | t: 15.022234 | r:  -511.000000 | e:   0.950300 | Q: -302.394928 | won: False 
#  505 | steps:  5554 | steps_t:   503 | t: 15.082575 | r:  -506.000000 | e:   0.949700 | Q: -271.733063 | won: False 
#  506 | steps:  5562 | steps_t:   510 | t: 15.152531 | r:  -507.000000 | e:   0.949000 | Q:        nan | won: False 
#  507 | steps:  5570 | steps_t:   517 | t: 15.220517 | r:  -507.000000 | e:   0.948300 | Q: -271.854095 | won: False 
#  508 | steps:  5580 | steps_t:   526 | t: 15.302796 | r:  -509.000000 | e:   0.947400 | Q:        nan | won: False 
#  509 | steps:  5600 | steps_t:   545 | t: 15.507066 | r:  -519.000000 | e:   0.945500 | Q: -338.821136 | won: False 
#  510 | steps:  5609 | steps_t:   553 | t: 15.580509 | r:  -508.000000 | e:   0.944700 | Q:        nan | won: False 
#  511 | steps:  5616 | steps_t:   559 | t: 15.642071 | r:  -506.000000 | e:   0.944100 | Q: -285.850983 | won: False 
#  512 | steps:  5622 | steps_t:   564 | t: 15.689855 | r:  -505.000000 | e:   0.943600 | Q:        nan | won: False 
#  513 | steps:  5642 | steps_t:   583 | t: 15.855193 | r:  -519.000000 | e:   0.941700 | Q:        nan | won: False 
#  514 | steps:  5652 | steps_t:   592 | t: 15.936297 | r:  -509.000000 | e:   0.940800 | Q: -269.308014 | won: False 
#  515 | steps:  5659 | steps_t:   598 | t: 15.993478 | r:  -506.000000 | e:   0.940200 | Q:        nan | won: False 
#  516 | steps:  5668 | steps_t:   606 | t: 16.086033 | r:  -508.000000 | e:   0.939400 | Q: -301.627686 | won: False 
#  517 | steps:  5679 | steps_t:   616 | t: 16.205541 | r:  -510.000000 | e:   0.938400 | Q:        nan | won: False 
#  518 | steps:  5689 | steps_t:   625 | t: 16.304169 | r:  -509.000000 | e:   0.937500 | Q:        nan | won: False 
#  519 | steps:  5698 | steps_t:   633 | t: 16.402521 | r:  -508.000000 | e:   0.936700 | Q:        nan | won: False 
#  520 | steps:  5707 | steps_t:   641 | t: 16.511962 | r:  -508.000000 | e:   0.935900 | Q: -324.010345 | won: False 
#  521 | steps:  5719 | steps_t:   652 | t: 16.647586 | r:  -511.000000 | e:   0.934800 | Q: -328.588928 | won: False 
#  522 | steps:  5729 | steps_t:   661 | t: 16.744253 | r:  -509.000000 | e:   0.933900 | Q:        nan | won: False 
#  523 | steps:  5743 | steps_t:   674 | t: 16.920855 | r:  -513.000000 | e:   0.932600 | Q:        nan | won: False 
#  524 | steps:  5756 | steps_t:   686 | t: 17.056110 | r:  -512.000000 | e:   0.931400 | Q:        nan | won: False 
#  525 | steps:  5766 | steps_t:   695 | t: 17.160383 | r:  -509.000000 | e:   0.930500 | Q: -302.430542 | won: False 
#  526 | steps:  5778 | steps_t:   706 | t: 17.280717 | r:  -511.000000 | e:   0.929400 | Q:        nan | won: False 
#  527 | steps:  5799 | steps_t:   726 | t: 17.487279 | r:  -520.000000 | e:   0.927400 | Q: -293.200317 | won: False 
#  528 | steps:  5810 | steps_t:   736 | t: 17.593129 | r:  -510.000000 | e:   0.926400 | Q:        nan | won: False 
#  529 | steps:  5818 | steps_t:   743 | t: 17.666185 | r:  -507.000000 | e:   0.925700 | Q:        nan | won: False 
#  530 | steps:  5830 | steps_t:   754 | t: 17.778959 | r:  -511.000000 | e:   0.924600 | Q:        nan | won: False 
#  531 | steps:  5837 | steps_t:   760 | t: 17.839145 | r:  -506.000000 | e:   0.924000 | Q:        nan | won: False 
#  532 | steps:  5845 | steps_t:   767 | t: 17.919350 | r:  -507.000000 | e:   0.923300 | Q:        nan | won: False 
#  533 | steps:  5862 | steps_t:   783 | t: 18.082182 | r:  -516.000000 | e:   0.921700 | Q: -298.409119 | won: False 
#  534 | steps:  5883 | steps_t:   803 | t: 18.280215 | r:  -520.000000 | e:   0.919700 | Q: -290.283020 | won: False 
#  535 | steps:  5891 | steps_t:   810 | t: 18.352694 | r:  -507.000000 | e:   0.919000 | Q: -293.649658 | won: False 
#  536 | steps:  5905 | steps_t:   823 | t: 18.489472 | r:  -513.000000 | e:   0.917700 | Q: -289.646393 | won: False 
#  537 | steps:  5913 | steps_t:   830 | t: 18.561283 | r:  -507.000000 | e:   0.917000 | Q: -300.986633 | won: False 
#  538 | steps:  5927 | steps_t:   843 | t: 18.696106 | r:  -513.000000 | e:   0.915700 | Q: -303.338776 | won: False 
#  539 | steps:  5938 | steps_t:   853 | t: 18.800634 | r:  -510.000000 | e:   0.914700 | Q: -284.771637 | won: False 
#  540 | steps:  5965 | steps_t:   879 | t: 19.077574 | r:  -526.000000 | e:   0.912100 | Q: -269.151337 | won: False 
#  541 | steps:  5974 | steps_t:   887 | t: 19.164917 | r:  -508.000000 | e:   0.911300 | Q: -281.842590 | won: False 
#  542 | steps:  5998 | steps_t:   910 | t: 19.387961 | r:  -523.000000 | e:   0.909000 | Q: -281.042419 | won: False 
#  543 | steps:  6020 | steps_t:   931 | t: 19.592343 | r:  -521.000000 | e:   0.906900 | Q: -308.184021 | won: False 
#  544 | steps:  6028 | steps_t:   938 | t: 19.662696 | r:  -507.000000 | e:   0.906200 | Q: -337.863678 | won: False 
#  545 | steps:  6038 | steps_t:   947 | t: 19.761078 | r:  -509.000000 | e:   0.905300 | Q: -338.744354 | won: False 
#  546 | steps:  6048 | steps_t:   956 | t: 19.855683 | r:  -509.000000 | e:   0.904400 | Q: -320.853973 | won: False 
#  547 | steps:  6063 | steps_t:   970 | t: 19.992602 | r:  -503.000000 | e:   0.903000 | Q: -311.123383 | won: False 
#  548 | steps:  6074 | steps_t:   980 | t: 20.095294 | r:  -510.000000 | e:   0.902000 | Q:        nan | won: False 
#  549 | steps:  6080 | steps_t:   985 | t: 20.145515 | r:  -505.000000 | e:   0.901500 | Q:        nan | won: False 
#  550 | steps:  6107 | steps_t:  1011 | t: 20.395191 | r:  -526.000000 | e:   0.898900 | Q: -307.926880 | won: False 
#  551 | steps:  6114 | steps_t:  1017 | t: 20.448143 | r:  -506.000000 | e:   0.898300 | Q:        nan | won: False 
#  552 | steps:  6135 | steps_t:  1037 | t: 20.619544 | r:  -520.000000 | e:   0.896300 | Q: -332.333588 | won: False 
#  553 | steps:  6143 | steps_t:  1044 | t: 20.680097 | r:  -507.000000 | e:   0.895600 | Q: -313.656097 | won: False 
#  554 | steps:  6149 | steps_t:  1049 | t: 20.728585 | r:  -505.000000 | e:   0.895100 | Q:        nan | won: False 
#  555 | steps:  6160 | steps_t:  1059 | t: 20.822199 | r:  -510.000000 | e:   0.894100 | Q: -301.805023 | won: False 
#  556 | steps:  6169 | steps_t:  1067 | t: 20.903133 | r:  -508.000000 | e:   0.893300 | Q: -308.042450 | won: False 
#  557 | steps:  6179 | steps_t:  1076 | t: 20.990355 | r:  -509.000000 | e:   0.892400 | Q:        nan | won: False 
#  558 | steps:  6197 | steps_t:  1093 | t: 21.187355 | r:  -517.000000 | e:   0.890700 | Q: -316.123596 | won: False 
#  559 | steps:  6212 | steps_t:  1107 | t: 21.319045 | r:  -514.000000 | e:   0.889300 | Q: -317.303986 | won: False 
#  560 | steps:  6223 | steps_t:  1117 | t: 21.430378 | r:  -510.000000 | e:   0.888300 | Q: -304.589569 | won: False 
#  561 | steps:  6234 | steps_t:  1127 | t: 21.522685 | r:  -510.000000 | e:   0.887300 | Q:        nan | won: False 
#  562 | steps:  6242 | steps_t:  1134 | t: 21.591187 | r:  -507.000000 | e:   0.886600 | Q: -299.496613 | won: False 
#  563 | steps:  6254 | steps_t:  1145 | t: 21.688171 | r:  -511.000000 | e:   0.885500 | Q:        nan | won: False 
#  564 | steps:  6273 | steps_t:  1163 | t: 21.844625 | r:  -518.000000 | e:   0.883700 | Q: -281.629364 | won: False 
#  565 | steps:  6282 | steps_t:  1171 | t: 21.933559 | r:  -508.000000 | e:   0.882900 | Q:        nan | won: False 
#  566 | steps:  6296 | steps_t:  1184 | t: 22.095162 | r:  -513.000000 | e:   0.881600 | Q:        nan | won: False 
#  567 | steps:  6306 | steps_t:  1193 | t: 22.238813 | r:  -509.000000 | e:   0.880700 | Q: -317.749603 | won: False 
#  568 | steps:  6313 | steps_t:  1199 | t: 22.336470 | r:  -506.000000 | e:   0.880100 | Q: -328.865845 | won: False 
#  569 | steps:  6323 | steps_t:  1208 | t: 22.494079 | r:  -509.000000 | e:   0.879200 | Q: -328.819000 | won: False 
#  570 | steps:  6332 | steps_t:  1216 | t: 22.642345 | r:  -508.000000 | e:   0.878400 | Q: -335.482819 | won: False 
#  571 | steps:  6348 | steps_t:  1231 | t: 22.906222 | r:  -515.000000 | e:   0.876900 | Q: -327.761566 | won: False 
#  572 | steps:  6359 | steps_t:  1241 | t: 23.067270 | r:  -510.000000 | e:   0.875900 | Q:        nan | won: False 
#  573 | steps:  6367 | steps_t:  1248 | t: 23.184060 | r:  -507.000000 | e:   0.875200 | Q: -323.336456 | won: False 
#  574 | steps:  6374 | steps_t:  1254 | t: 23.266917 | r:  -506.000000 | e:   0.874600 | Q:        nan | won: False 
#  575 | steps:  6384 | steps_t:  1263 | t: 23.385698 | r:  -509.000000 | e:   0.873700 | Q: -321.868103 | won: False 
#  576 | steps:  6394 | steps_t:  1272 | t: 23.522446 | r:  -509.000000 | e:   0.872800 | Q: -329.441406 | won: False 
#  577 | steps:  6412 | steps_t:  1289 | t: 23.728736 | r:  -517.000000 | e:   0.871100 | Q: -320.056458 | won: False 
#  578 | steps:  6424 | steps_t:  1300 | t: 23.852987 | r:  -511.000000 | e:   0.870000 | Q: -320.474792 | won: False 
#  579 | steps:  6435 | steps_t:  1310 | t: 23.972022 | r:  -510.000000 | e:   0.869000 | Q:        nan | won: False 
#  580 | steps:  6449 | steps_t:  1323 | t: 24.170358 | r:  -513.000000 | e:   0.867700 | Q: -301.286530 | won: False 
#  581 | steps:  6471 | steps_t:  1344 | t: 24.440760 | r:  -521.000000 | e:   0.865600 | Q: -300.165985 | won: False 
#  582 | steps:  6477 | steps_t:  1349 | t: 24.499209 | r:  -505.000000 | e:   0.865100 | Q:        nan | won: False 
#  583 | steps:  6488 | steps_t:  1359 | t: 24.646381 | r:  -510.000000 | e:   0.864100 | Q: -342.235413 | won: False 
#  584 | steps:  6495 | steps_t:  1365 | t: 24.754660 | r:  -506.000000 | e:   0.863500 | Q: -329.201477 | won: False 
#  585 | steps:  6505 | steps_t:  1374 | t: 24.883756 | r:  -509.000000 | e:   0.862600 | Q: -328.396118 | won: False 
#  586 | steps:  6512 | steps_t:  1380 | t: 24.964649 | r:  -506.000000 | e:   0.862000 | Q: -317.539795 | won: False 
#  587 | steps:  6532 | steps_t:  1399 | t: 25.237590 | r:  -519.000000 | e:   0.860100 | Q: -321.097992 | won: False 
#  588 | steps:  6543 | steps_t:  1409 | t: 25.363270 | r:  -510.000000 | e:   0.859100 | Q: -344.977051 | won: False 
#  589 | steps:  6558 | steps_t:  1423 | t: 25.567863 | r:  -514.000000 | e:   0.857700 | Q: -331.834290 | won: False 
#  590 | steps:  6566 | steps_t:  1430 | t: 25.650915 | r:  -507.000000 | e:   0.857000 | Q:        nan | won: False 
#  591 | steps:  6577 | steps_t:  1440 | t: 25.794074 | r:  -510.000000 | e:   0.856000 | Q: -284.319672 | won: False 
#  592 | steps:  6591 | steps_t:  1453 | t: 25.964909 | r:  -513.000000 | e:   0.854700 | Q: -270.021973 | won: False 
#  593 | steps:  6598 | steps_t:  1459 | t: 26.034145 | r:  -506.000000 | e:   0.854100 | Q:        nan | won: False 
#  594 | steps:  6612 | steps_t:  1472 | t: 26.181555 | r:  -502.000000 | e:   0.852800 | Q: -287.509583 | won: False 
#  595 | steps:  6621 | steps_t:  1480 | t: 26.273941 | r:  -508.000000 | e:   0.852000 | Q: -308.893524 | won: False 
#  596 | steps:  6630 | steps_t:  1488 | t: 26.367804 | r:  -508.000000 | e:   0.851200 | Q:        nan | won: False 
#  597 | steps:  6639 | steps_t:  1496 | t: 26.460366 | r:  -508.000000 | e:   0.850400 | Q: -333.824707 | won: False 
#  598 | steps:  6648 | steps_t:  1504 | t: 26.555820 | r:  -508.000000 | e:   0.849600 | Q: -325.714783 | won: False 
#  599 | steps:  6659 | steps_t:  1514 | t: 26.709113 | r:  -510.000000 | e:   0.848600 | Q: -332.584961 | won: False 
#  600 | steps:  6671 | steps_t:  1525 | t: 26.882506 | r:  -511.000000 | e:   0.847500 | Q: -333.776520 | won: False 
#  601 | steps:  6680 | steps_t:  1533 | t: 26.995168 | r:  -508.000000 | e:   0.846700 | Q: -325.635468 | won: False 
#  602 | steps:  6692 | steps_t:  1544 | t: 27.138673 | r:  -511.000000 | e:   0.845600 | Q: -327.311005 | won: False 
#  603 | steps:  6709 | steps_t:  1560 | t: 27.335562 | r:  -516.000000 | e:   0.844000 | Q:        nan | won: False 
#  604 | steps:  6724 | steps_t:  1574 | t: 27.535751 | r:  -492.000000 | e:   0.842600 | Q: -303.319824 | won: False 
#  605 | steps:  6733 | steps_t:  1582 | t: 27.635631 | r:  -508.000000 | e:   0.841800 | Q: -279.241943 | won: False 
#  606 | steps:  6744 | steps_t:  1592 | t: 27.776124 | r:  -510.000000 | e:   0.840800 | Q: -278.485687 | won: False 
#  607 | steps:  6751 | steps_t:  1598 | t: 27.859989 | r:  -506.000000 | e:   0.840200 | Q: -299.824463 | won: False 
#  608 | steps:  6765 | steps_t:  1611 | t: 27.998994 | r:  -513.000000 | e:   0.838900 | Q: -300.163300 | won: False 
#  609 | steps:  6777 | steps_t:  1622 | t: 28.131068 | r:  -511.000000 | e:   0.837800 | Q: -322.001648 | won: False 
#  610 | steps:  6789 | steps_t:  1633 | t: 28.253291 | r:  -511.000000 | e:   0.836700 | Q: -335.584717 | won: False 
#  611 | steps:  6798 | steps_t:  1641 | t: 28.338806 | r:  -508.000000 | e:   0.835900 | Q:        nan | won: False 
#  612 | steps:  6807 | steps_t:  1649 | t: 28.430222 | r:  -508.000000 | e:   0.835100 | Q: -322.616852 | won: False 
#  613 | steps:  6829 | steps_t:  1670 | t: 28.663125 | r:  -521.000000 | e:   0.833000 | Q: -298.544586 | won: False 
#  614 | steps:  6842 | steps_t:  1682 | t: 28.806314 | r:  -512.000000 | e:   0.831800 | Q: -356.165741 | won: False 
#  615 | steps:  6851 | steps_t:  1690 | t: 28.933888 | r:  -508.000000 | e:   0.831000 | Q: -349.760010 | won: False 
#  616 | steps:  6871 | steps_t:  1709 | t: 29.265285 | r:  -519.000000 | e:   0.829100 | Q: -322.929352 | won: False 
#  617 | steps:  6880 | steps_t:  1717 | t: 29.368007 | r:  -508.000000 | e:   0.828300 | Q:        nan | won: False 
#  618 | steps:  6889 | steps_t:  1725 | t: 29.463662 | r:  -508.000000 | e:   0.827500 | Q: -317.529053 | won: False 
#  619 | steps:  6904 | steps_t:  1739 | t: 29.664062 | r:  -514.000000 | e:   0.826100 | Q: -322.569580 | won: False 
#  620 | steps:  6912 | steps_t:  1746 | t: 29.751215 | r:  -507.000000 | e:   0.825400 | Q:        nan | won: False 
#  621 | steps:  6920 | steps_t:  1753 | t: 29.866092 | r:  -507.000000 | e:   0.824700 | Q: -323.296112 | won: False 
#  622 | steps:  6928 | steps_t:  1760 | t: 29.958139 | r:  -507.000000 | e:   0.824000 | Q: -301.803314 | won: False 
#  623 | steps:  6939 | steps_t:  1770 | t: 30.080190 | r:  -510.000000 | e:   0.823000 | Q: -327.060760 | won: False 
#  624 | steps:  6945 | steps_t:  1775 | t: 30.145001 | r:  -505.000000 | e:   0.822500 | Q: -304.517059 | won: False 
#  625 | steps:  6954 | steps_t:  1783 | t: 30.283388 | r:  -508.000000 | e:   0.821700 | Q: -298.328674 | won: False 
#  626 | steps:  6964 | steps_t:  1792 | t: 30.403731 | r:  -509.000000 | e:   0.820800 | Q: -317.642670 | won: False 
#  627 | steps:  6970 | steps_t:  1797 | t: 30.462771 | r:  -505.000000 | e:   0.820300 | Q:        nan | won: False 
#  628 | steps:  6977 | steps_t:  1803 | t: 30.560381 | r:  -506.000000 | e:   0.819700 | Q: -307.540649 | won: False 
#  629 | steps:  6988 | steps_t:  1813 | t: 30.722862 | r:  -510.000000 | e:   0.818700 | Q: -301.071899 | won: False 
#  630 | steps:  6994 | steps_t:  1818 | t: 30.788637 | r:  -505.000000 | e:   0.818200 | Q:        nan | won: False 
#  631 | steps:  7008 | steps_t:  1831 | t: 30.977752 | r:  -513.000000 | e:   0.816900 | Q: -283.686920 | won: False 
#  632 | steps:  7016 | steps_t:  1838 | t: 31.072739 | r:  -507.000000 | e:   0.816200 | Q: -302.316223 | won: False 
#  633 | steps:  7025 | steps_t:  1846 | t: 31.203525 | r:  -508.000000 | e:   0.815400 | Q: -306.413696 | won: False 
#  634 | steps:  7031 | steps_t:  1851 | t: 31.288599 | r:  -505.000000 | e:   0.814900 | Q:        nan | won: False 
#  635 | steps:  7041 | steps_t:  1860 | t: 31.427851 | r:  -509.000000 | e:   0.814000 | Q:        nan | won: False 
#  636 | steps:  7065 | steps_t:  1883 | t: 31.750831 | r:  -523.000000 | e:   0.811700 | Q: -325.833588 | won: False 
#  637 | steps:  7072 | steps_t:  1889 | t: 31.828330 | r:  -506.000000 | e:   0.811100 | Q: -318.731293 | won: False 
#  638 | steps:  7079 | steps_t:  1895 | t: 31.900353 | r:  -506.000000 | e:   0.810500 | Q:        nan | won: False 
#  639 | steps:  7091 | steps_t:  1906 | t: 32.071385 | r:  -511.000000 | e:   0.809400 | Q: -310.794434 | won: False 
#  640 | steps:  7102 | steps_t:  1916 | t: 32.215037 | r:  -510.000000 | e:   0.808400 | Q: -305.365448 | won: False 
#  641 | steps:  7107 | steps_t:  1920 | t: 32.268994 | r:  -504.000000 | e:   0.808000 | Q:        nan | won: False 
#  642 | steps:  7117 | steps_t:  1929 | t: 32.419430 | r:  -509.000000 | e:   0.807100 | Q: -293.434692 | won: False 
#  643 | steps:  7125 | steps_t:  1936 | t: 32.536596 | r:  -507.000000 | e:   0.806400 | Q: -296.456604 | won: False 
#  644 | steps:  7148 | steps_t:  1958 | t: 32.983891 | r:  -522.000000 | e:   0.804200 | Q: -306.248291 | won: False 
#  645 | steps:  7157 | steps_t:  1966 | t: 33.160706 | r:  -508.000000 | e:   0.803400 | Q: -339.136322 | won: False 
#  646 | steps:  7165 | steps_t:  1973 | t: 33.286184 | r:  -507.000000 | e:   0.802700 | Q: -304.454956 | won: False 
#  647 | steps:  7175 | steps_t:  1982 | t: 33.436198 | r:  -509.000000 | e:   0.801800 | Q: -296.754974 | won: False 
#  648 | steps:  7187 | steps_t:  1993 | t: 33.752164 | r:  -511.000000 | e:   0.800700 | Q: -321.617004 | won: False 
#  649 | steps:  7196 | steps_t:  2001 | t: 33.925558 | r:  -508.000000 | e:   0.799900 | Q: -330.817596 | won: False 
#  650 | steps:  7205 | steps_t:  2009 | t: 34.191881 | r:  -508.000000 | e:   0.799100 | Q: -280.992981 | won: False 
#  651 | steps:  7216 | steps_t:  2019 | t: 34.460487 | r:  -510.000000 | e:   0.798100 | Q: -286.175232 | won: False 
#  652 | steps:  7222 | steps_t:  2024 | t: 34.552859 | r:  -505.000000 | e:   0.797600 | Q: -307.711945 | won: False 
#  653 | steps:  7229 | steps_t:  2030 | t: 34.675753 | r:  -506.000000 | e:   0.797000 | Q: -313.837646 | won: False 
#  654 | steps:  7242 | steps_t:  2042 | t: 35.021109 | r:  -501.000000 | e:   0.795800 | Q: -359.538818 | won: False 
#  655 | steps:  7249 | steps_t:  2048 | t: 35.133033 | r:  -506.000000 | e:   0.795200 | Q: -362.905426 | won: False 
#  656 | steps:  7259 | steps_t:  2057 | t: 35.320464 | r:  -509.000000 | e:   0.794300 | Q: -337.945892 | won: False 
#  657 | steps:  7279 | steps_t:  2076 | t: 35.652866 | r:  -519.000000 | e:   0.792400 | Q: -279.909058 | won: False 
#  658 | steps:  7285 | steps_t:  2081 | t: 35.741056 | r:  -505.000000 | e:   0.791900 | Q:        nan | won: False 
