#    1 | steps:     8 | steps_t:     0 | t: 0.065970 | r:  -507.000000 | e:   1.000000 | Q:        nan | won: False 
#    2 | steps:    18 | steps_t:     0 | t: 0.079315 | r:  -509.000000 | e:   1.000000 | Q:        nan | won: False 
#    3 | steps:    28 | steps_t:     0 | t: 0.094356 | r:  -509.000000 | e:   1.000000 | Q:        nan | won: False 
#    4 | steps:    37 | steps_t:     0 | t: 0.107361 | r:  -508.000000 | e:   1.000000 | Q:        nan | won: False 
#    5 | steps:    53 | steps_t:     0 | t: 0.123677 | r:  -515.000000 | e:   1.000000 | Q:        nan | won: False 
#    6 | steps:    61 | steps_t:     0 | t: 0.131537 | r:  -507.000000 | e:   1.000000 | Q:        nan | won: False 
#    7 | steps:    70 | steps_t:     0 | t: 0.140520 | r:  -508.000000 | e:   1.000000 | Q:        nan | won: False 
#    8 | steps:    83 | steps_t:     0 | t: 0.312305 | r:  -512.000000 | e:   1.000000 | Q:        nan | won: False 
#    9 | steps:   117 | steps_t:     0 | t: 0.341651 | r:  -533.000000 | e:   1.000000 | Q:        nan | won: False 
#   10 | steps:   124 | steps_t:     0 | t: 0.348991 | r:  -506.000000 | e:   1.000000 | Q:        nan | won: False 
#   11 | steps:   132 | steps_t:     0 | t: 0.353722 | r:  -507.000000 | e:   1.000000 | Q:        nan | won: False 
#   12 | steps:   142 | steps_t:     0 | t: 0.361703 | r:  -509.000000 | e:   1.000000 | Q:        nan | won: False 
#   13 | steps:   150 | steps_t:     0 | t: 0.366707 | r:  -507.000000 | e:   1.000000 | Q:        nan | won: False 
#   14 | steps:   156 | steps_t:     0 | t: 0.372644 | r:  -505.000000 | e:   1.000000 | Q:        nan | won: False 
#   15 | steps:   164 | steps_t:     0 | t: 0.379530 | r:  -507.000000 | e:   1.000000 | Q:        nan | won: False 
#   16 | steps:   171 | steps_t:     0 | t: 0.384731 | r:  -506.000000 | e:   1.000000 | Q:        nan | won: False 
#   17 | steps:   181 | steps_t:     0 | t: 0.393116 | r:  -509.000000 | e:   1.000000 | Q:        nan | won: False 
#   18 | steps:   189 | steps_t:     0 | t: 0.398863 | r:  -507.000000 | e:   1.000000 | Q:        nan | won: False 
#   19 | steps:   202 | steps_t:     0 | t: 0.408047 | r:  -501.000000 | e:   1.000000 | Q:        nan | won: False 
#   20 | steps:   210 | steps_t:     0 | t: 0.414644 | r:  -507.000000 | e:   1.000000 | Q:        nan | won: False 
#   21 | steps:   223 | steps_t:     0 | t: 0.429129 | r:  -512.000000 | e:   1.000000 | Q:        nan | won: False 
#   22 | steps:   228 | steps_t:     0 | t: 0.434966 | r:  -504.000000 | e:   1.000000 | Q:        nan | won: False 
#   23 | steps:   235 | steps_t:     0 | t: 0.443149 | r:  -506.000000 | e:   1.000000 | Q:        nan | won: False 
#   24 | steps:   242 | steps_t:     0 | t: 0.450901 | r:  -506.000000 | e:   1.000000 | Q:        nan | won: False 
#   25 | steps:   252 | steps_t:     0 | t: 0.462827 | r:  -509.000000 | e:   1.000000 | Q:        nan | won: False 
#   26 | steps:   259 | steps_t:     0 | t: 0.470609 | r:  -506.000000 | e:   1.000000 | Q:        nan | won: False 
#   27 | steps:   267 | steps_t:     0 | t: 0.479264 | r:  -507.000000 | e:   1.000000 | Q:        nan | won: False 
#   28 | steps:   276 | steps_t:     0 | t: 0.485556 | r:  -508.000000 | e:   1.000000 | Q:        nan | won: False 
#   29 | steps:   287 | steps_t:     0 | t: 0.507333 | r:  -510.000000 | e:   1.000000 | Q:        nan | won: False 
#   30 | steps:   300 | steps_t:     0 | t: 0.528201 | r:  -512.000000 | e:   1.000000 | Q:        nan | won: False 
#   31 | steps:   306 | steps_t:     0 | t: 0.532933 | r:  -505.000000 | e:   1.000000 | Q:        nan | won: False 
#   32 | steps:   312 | steps_t:     0 | t: 0.542776 | r:  -505.000000 | e:   1.000000 | Q:        nan | won: False 
#   33 | steps:   323 | steps_t:     0 | t: 0.566736 | r:  -510.000000 | e:   1.000000 | Q:        nan | won: False 
#   34 | steps:   342 | steps_t:     0 | t: 0.613116 | r:  -518.000000 | e:   1.000000 | Q:        nan | won: False 
#   35 | steps:   359 | steps_t:     0 | t: 0.649778 | r:  -516.000000 | e:   1.000000 | Q:        nan | won: False 
#   36 | steps:   366 | steps_t:     0 | t: 0.662119 | r:  -506.000000 | e:   1.000000 | Q:        nan | won: False 
#   37 | steps:   373 | steps_t:     0 | t: 0.681149 | r:  -506.000000 | e:   1.000000 | Q:        nan | won: False 
#   38 | steps:   386 | steps_t:     0 | t: 0.708916 | r:  -512.000000 | e:   1.000000 | Q:        nan | won: False 
#   39 | steps:   398 | steps_t:     0 | t: 0.724971 | r:  -511.000000 | e:   1.000000 | Q:        nan | won: False 
#   40 | steps:   406 | steps_t:     0 | t: 0.736526 | r:  -507.000000 | e:   1.000000 | Q:        nan | won: False 
#   41 | steps:   411 | steps_t:     0 | t: 0.746584 | r:  -504.000000 | e:   1.000000 | Q:        nan | won: False 
#   42 | steps:   425 | steps_t:     0 | t: 0.767845 | r:  -513.000000 | e:   1.000000 | Q:        nan | won: False 
#   43 | steps:   433 | steps_t:     0 | t: 0.781797 | r:  -507.000000 | e:   1.000000 | Q:        nan | won: False 
#   44 | steps:   439 | steps_t:     0 | t: 0.793809 | r:  -505.000000 | e:   1.000000 | Q:        nan | won: False 
#   45 | steps:   452 | steps_t:     0 | t: 0.817423 | r:  -512.000000 | e:   1.000000 | Q:        nan | won: False 
#   46 | steps:   458 | steps_t:     0 | t: 0.824379 | r:  -505.000000 | e:   1.000000 | Q:        nan | won: False 
#   47 | steps:   466 | steps_t:     0 | t: 0.842413 | r:  -507.000000 | e:   1.000000 | Q:        nan | won: False 
#   48 | steps:   475 | steps_t:     0 | t: 0.862295 | r:  -508.000000 | e:   1.000000 | Q:        nan | won: False 
#   49 | steps:   484 | steps_t:     0 | t: 0.876819 | r:  -508.000000 | e:   1.000000 | Q:        nan | won: False 
#   50 | steps:   493 | steps_t:     0 | t: 0.895594 | r:  -508.000000 | e:   1.000000 | Q:        nan | won: False 
#   51 | steps:   502 | steps_t:     0 | t: 0.919853 | r:  -508.000000 | e:   1.000000 | Q:        nan | won: False 
#   52 | steps:   511 | steps_t:     0 | t: 0.936867 | r:  -508.000000 | e:   1.000000 | Q:        nan | won: False 
#   53 | steps:   521 | steps_t:     0 | t: 0.971911 | r:  -509.000000 | e:   1.000000 | Q:        nan | won: False 
#   54 | steps:   537 | steps_t:     0 | t: 1.005983 | r:  -515.000000 | e:   1.000000 | Q:        nan | won: False 
#   55 | steps:   544 | steps_t:     0 | t: 1.017435 | r:  -506.000000 | e:   1.000000 | Q:        nan | won: False 
#   56 | steps:   552 | steps_t:     0 | t: 1.031515 | r:  -507.000000 | e:   1.000000 | Q:        nan | won: False 
#   57 | steps:   567 | steps_t:     0 | t: 1.054481 | r:  -514.000000 | e:   1.000000 | Q:        nan | won: False 
#   58 | steps:   573 | steps_t:     0 | t: 1.066318 | r:  -505.000000 | e:   1.000000 | Q:        nan | won: False 
#   59 | steps:   589 | steps_t:     0 | t: 1.110041 | r:  -515.000000 | e:   1.000000 | Q:        nan | won: False 
#   60 | steps:   595 | steps_t:     0 | t: 1.121214 | r:  -505.000000 | e:   1.000000 | Q:        nan | won: False 
#   61 | steps:   603 | steps_t:     0 | t: 1.138203 | r:  -507.000000 | e:   1.000000 | Q:        nan | won: False 
#   62 | steps:   610 | steps_t:     0 | t: 1.156515 | r:  -506.000000 | e:   1.000000 | Q:        nan | won: False 
#   63 | steps:   617 | steps_t:     0 | t: 1.164764 | r:  -506.000000 | e:   1.000000 | Q:        nan | won: False 
#   64 | steps:   623 | steps_t:     0 | t: 1.169885 | r:  -505.000000 | e:   1.000000 | Q:        nan | won: False 
#   65 | steps:   632 | steps_t:     0 | t: 1.181459 | r:  -508.000000 | e:   1.000000 | Q:        nan | won: False 
#   66 | steps:   639 | steps_t:     0 | t: 1.187165 | r:  -506.000000 | e:   1.000000 | Q:        nan | won: False 
#   67 | steps:   647 | steps_t:     0 | t: 1.196089 | r:  -507.000000 | e:   1.000000 | Q:        nan | won: False 
#   68 | steps:   667 | steps_t:     0 | t: 1.211481 | r:  -508.000000 | e:   1.000000 | Q:        nan | won: False 
#   69 | steps:   679 | steps_t:     0 | t: 1.221760 | r:  -511.000000 | e:   1.000000 | Q:        nan | won: False 
#   70 | steps:   690 | steps_t:     0 | t: 1.229291 | r:  -510.000000 | e:   1.000000 | Q:        nan | won: False 
#   71 | steps:   697 | steps_t:     0 | t: 1.240769 | r:  -506.000000 | e:   1.000000 | Q:        nan | won: False 
#   72 | steps:   704 | steps_t:     0 | t: 1.250353 | r:  -506.000000 | e:   1.000000 | Q:        nan | won: False 
#   73 | steps:   714 | steps_t:     0 | t: 1.262971 | r:  -509.000000 | e:   1.000000 | Q:        nan | won: False 
#   74 | steps:   722 | steps_t:     0 | t: 1.272403 | r:  -507.000000 | e:   1.000000 | Q:        nan | won: False 
#   75 | steps:   732 | steps_t:     0 | t: 1.282295 | r:  -509.000000 | e:   1.000000 | Q:        nan | won: False 
#   76 | steps:   738 | steps_t:     0 | t: 1.286371 | r:  -505.000000 | e:   1.000000 | Q:        nan | won: False 
#   77 | steps:   754 | steps_t:     0 | t: 1.299937 | r:  -515.000000 | e:   1.000000 | Q:        nan | won: False 
#   78 | steps:   762 | steps_t:     0 | t: 1.307899 | r:  -507.000000 | e:   1.000000 | Q:        nan | won: False 
#   79 | steps:   768 | steps_t:     0 | t: 1.312240 | r:  -505.000000 | e:   1.000000 | Q:        nan | won: False 
#   80 | steps:   776 | steps_t:     0 | t: 1.318021 | r:  -507.000000 | e:   1.000000 | Q:        nan | won: False 
#   81 | steps:   789 | steps_t:     0 | t: 1.328750 | r:  -512.000000 | e:   1.000000 | Q:        nan | won: False 
#   82 | steps:   800 | steps_t:     0 | t: 1.335073 | r:  -510.000000 | e:   1.000000 | Q:        nan | won: False 
#   83 | steps:   807 | steps_t:     0 | t: 1.341696 | r:  -506.000000 | e:   1.000000 | Q:        nan | won: False 
#   84 | steps:   816 | steps_t:     0 | t: 1.347641 | r:  -508.000000 | e:   1.000000 | Q:        nan | won: False 
#   85 | steps:   827 | steps_t:     0 | t: 1.356274 | r:  -510.000000 | e:   1.000000 | Q:        nan | won: False 
#   86 | steps:   839 | steps_t:     0 | t: 1.365702 | r:  -511.000000 | e:   1.000000 | Q:        nan | won: False 
#   87 | steps:   847 | steps_t:     0 | t: 1.371926 | r:  -507.000000 | e:   1.000000 | Q:        nan | won: False 
#   88 | steps:   856 | steps_t:     0 | t: 1.391187 | r:  -508.000000 | e:   1.000000 | Q:        nan | won: False 
#   89 | steps:   865 | steps_t:     0 | t: 1.405747 | r:  -508.000000 | e:   1.000000 | Q:        nan | won: False 
#   90 | steps:   871 | steps_t:     0 | t: 1.417255 | r:  -505.000000 | e:   1.000000 | Q:        nan | won: False 
#   91 | steps:   881 | steps_t:     0 | t: 1.433561 | r:  -509.000000 | e:   1.000000 | Q:        nan | won: False 
#   92 | steps:   891 | steps_t:     0 | t: 1.453071 | r:  -509.000000 | e:   1.000000 | Q:        nan | won: False 
#   93 | steps:   900 | steps_t:     0 | t: 1.462831 | r:  -508.000000 | e:   1.000000 | Q:        nan | won: False 
#   94 | steps:   907 | steps_t:     0 | t: 1.469321 | r:  -506.000000 | e:   1.000000 | Q:        nan | won: False 
#   95 | steps:   917 | steps_t:     0 | t: 1.479114 | r:  -509.000000 | e:   1.000000 | Q:        nan | won: False 
#   96 | steps:   934 | steps_t:     0 | t: 1.505972 | r:  -516.000000 | e:   1.000000 | Q:        nan | won: False 
#   97 | steps:   940 | steps_t:     0 | t: 1.512780 | r:  -505.000000 | e:   1.000000 | Q:        nan | won: False 
#   98 | steps:   950 | steps_t:     0 | t: 1.520265 | r:  -509.000000 | e:   1.000000 | Q:        nan | won: False 
#   99 | steps:   959 | steps_t:     0 | t: 1.527239 | r:  -508.000000 | e:   1.000000 | Q:        nan | won: False 
#  100 | steps:   965 | steps_t:     0 | t: 1.531017 | r:  -505.000000 | e:   1.000000 | Q:        nan | won: False 
#  101 | steps:   971 | steps_t:     0 | t: 1.535436 | r:  -505.000000 | e:   1.000000 | Q:        nan | won: False 
#  102 | steps:   979 | steps_t:     0 | t: 1.542753 | r:  -507.000000 | e:   1.000000 | Q:        nan | won: False 
#  103 | steps:   990 | steps_t:     0 | t: 1.553485 | r:  -510.000000 | e:   1.000000 | Q:        nan | won: False 
#  104 | steps:   997 | steps_t:     0 | t: 1.559746 | r:  -506.000000 | e:   1.000000 | Q:        nan | won: False 
#  105 | steps:  1009 | steps_t:     0 | t: 1.571208 | r:  -511.000000 | e:   1.000000 | Q:        nan | won: False 
#  106 | steps:  1017 | steps_t:     0 | t: 1.583365 | r:  -507.000000 | e:   1.000000 | Q:        nan | won: False 
#  107 | steps:  1028 | steps_t:     0 | t: 1.598459 | r:  -510.000000 | e:   1.000000 | Q:        nan | won: False 
#  108 | steps:  1037 | steps_t:     0 | t: 1.610478 | r:  -508.000000 | e:   1.000000 | Q:        nan | won: False 
#  109 | steps:  1043 | steps_t:     0 | t: 1.616059 | r:  -505.000000 | e:   1.000000 | Q:        nan | won: False 
#  110 | steps:  1053 | steps_t:     0 | t: 1.630164 | r:  -509.000000 | e:   1.000000 | Q:        nan | won: False 
#  111 | steps:  1059 | steps_t:     0 | t: 1.641014 | r:  -505.000000 | e:   1.000000 | Q:        nan | won: False 
#  112 | steps:  1069 | steps_t:     0 | t: 1.657554 | r:  -509.000000 | e:   1.000000 | Q:        nan | won: False 
#  113 | steps:  1080 | steps_t:     0 | t: 1.678841 | r:  -510.000000 | e:   1.000000 | Q:        nan | won: False 
#  114 | steps:  1087 | steps_t:     0 | t: 1.693029 | r:  -506.000000 | e:   1.000000 | Q:        nan | won: False 
#  115 | steps:  1094 | steps_t:     0 | t: 1.710790 | r:  -506.000000 | e:   1.000000 | Q:        nan | won: False 
#  116 | steps:  1103 | steps_t:     0 | t: 1.723849 | r:  -508.000000 | e:   1.000000 | Q:        nan | won: False 
#  117 | steps:  1109 | steps_t:     0 | t: 1.736235 | r:  -505.000000 | e:   1.000000 | Q:        nan | won: False 
#  118 | steps:  1120 | steps_t:     0 | t: 1.767765 | r:  -510.000000 | e:   1.000000 | Q:        nan | won: False 
#  119 | steps:  1128 | steps_t:     0 | t: 1.782637 | r:  -507.000000 | e:   1.000000 | Q:        nan | won: False 
#  120 | steps:  1139 | steps_t:     0 | t: 1.802451 | r:  -510.000000 | e:   1.000000 | Q:        nan | won: False 
#  121 | steps:  1145 | steps_t:     0 | t: 1.822253 | r:  -505.000000 | e:   1.000000 | Q:        nan | won: False 
#  122 | steps:  1152 | steps_t:     0 | t: 1.838148 | r:  -506.000000 | e:   1.000000 | Q:        nan | won: False 
