#    1 | steps:    10 | steps_t:     0 | t: 0.267267 | r:  -509.000000 | e:   1.000000 | Q:        nan | won: False 
#    2 | steps:    18 | steps_t:     0 | t: 0.270388 | r:  -507.000000 | e:   1.000000 | Q:        nan | won: False 
#    3 | steps:    26 | steps_t:     0 | t: 0.272898 | r:  -507.000000 | e:   1.000000 | Q:        nan | won: False 
#    4 | steps:    33 | steps_t:     0 | t: 0.275030 | r:  -506.000000 | e:   1.000000 | Q:        nan | won: False 
#    5 | steps:    46 | steps_t:     0 | t: 0.278874 | r:  -512.000000 | e:   1.000000 | Q:        nan | won: False 
#    6 | steps:    58 | steps_t:     0 | t: 0.283042 | r:  -511.000000 | e:   1.000000 | Q:        nan | won: False 
#    7 | steps:    65 | steps_t:     0 | t: 0.285278 | r:  -506.000000 | e:   1.000000 | Q:        nan | won: False 
#    8 | steps:    78 | steps_t:     0 | t: 0.290525 | r:  -512.000000 | e:   1.000000 | Q:        nan | won: False 
#    9 | steps:    86 | steps_t:     0 | t: 0.293798 | r:  -507.000000 | e:   1.000000 | Q:        nan | won: False 
#   10 | steps:    94 | steps_t:     0 | t: 0.364747 | r:  -507.000000 | e:   1.000000 | Q:        nan | won: False 
#   11 | steps:   102 | steps_t:     0 | t: 0.370281 | r:  -507.000000 | e:   1.000000 | Q:        nan | won: False 
#   12 | steps:   112 | steps_t:     0 | t: 0.375475 | r:  -509.000000 | e:   1.000000 | Q:        nan | won: False 
#   13 | steps:   130 | steps_t:     0 | t: 0.387930 | r:  -517.000000 | e:   1.000000 | Q:        nan | won: False 
#   14 | steps:   137 | steps_t:     0 | t: 0.392176 | r:  -506.000000 | e:   1.000000 | Q:        nan | won: False 
#   15 | steps:   160 | steps_t:     0 | t: 0.404840 | r:  -522.000000 | e:   1.000000 | Q:        nan | won: False 
#   16 | steps:   170 | steps_t:     0 | t: 0.412302 | r:  -509.000000 | e:   1.000000 | Q:        nan | won: False 
#   17 | steps:   177 | steps_t:     0 | t: 0.416552 | r:  -506.000000 | e:   1.000000 | Q:        nan | won: False 
#   18 | steps:   191 | steps_t:     0 | t: 0.424152 | r:  -513.000000 | e:   1.000000 | Q:        nan | won: False 
#   19 | steps:   211 | steps_t:     0 | t: 0.432544 | r:  -519.000000 | e:   1.000000 | Q:        nan | won: False 
#   20 | steps:   224 | steps_t:     0 | t: 0.438240 | r:  -512.000000 | e:   1.000000 | Q:        nan | won: False 
#   21 | steps:   232 | steps_t:     0 | t: 0.442078 | r:  -507.000000 | e:   1.000000 | Q:        nan | won: False 
#   22 | steps:   244 | steps_t:     0 | t: 0.446595 | r:  -511.000000 | e:   1.000000 | Q:        nan | won: False 
#   23 | steps:   255 | steps_t:     0 | t: 0.452236 | r:  -510.000000 | e:   1.000000 | Q:        nan | won: False 
#   24 | steps:   262 | steps_t:     0 | t: 0.456161 | r:  -506.000000 | e:   1.000000 | Q:        nan | won: False 
#   25 | steps:   269 | steps_t:     0 | t: 0.459183 | r:  -506.000000 | e:   1.000000 | Q:        nan | won: False 
#   26 | steps:   276 | steps_t:     0 | t: 0.463357 | r:  -506.000000 | e:   1.000000 | Q:        nan | won: False 
#   27 | steps:   283 | steps_t:     0 | t: 0.469321 | r:  -506.000000 | e:   1.000000 | Q:        nan | won: False 
#   28 | steps:   295 | steps_t:     0 | t: 0.477158 | r:  -511.000000 | e:   1.000000 | Q:        nan | won: False 
#   29 | steps:   302 | steps_t:     0 | t: 0.479880 | r:  -506.000000 | e:   1.000000 | Q:        nan | won: False 
#   30 | steps:   307 | steps_t:     0 | t: 0.482203 | r:  -504.000000 | e:   1.000000 | Q:        nan | won: False 
#   31 | steps:   314 | steps_t:     0 | t: 0.485034 | r:  -506.000000 | e:   1.000000 | Q:        nan | won: False 
#   32 | steps:   332 | steps_t:     0 | t: 0.495210 | r:  -517.000000 | e:   1.000000 | Q:        nan | won: False 
#   33 | steps:   345 | steps_t:     0 | t: 0.499561 | r:  -501.000000 | e:   1.000000 | Q:        nan | won: False 
#   34 | steps:   353 | steps_t:     0 | t: 0.502329 | r:  -507.000000 | e:   1.000000 | Q:        nan | won: False 
#   35 | steps:   366 | steps_t:     0 | t: 0.506430 | r:  -512.000000 | e:   1.000000 | Q:        nan | won: False 
#   36 | steps:   379 | steps_t:     0 | t: 0.510755 | r:  -512.000000 | e:   1.000000 | Q:        nan | won: False 
#   37 | steps:   387 | steps_t:     0 | t: 0.513828 | r:  -507.000000 | e:   1.000000 | Q:        nan | won: False 
#   38 | steps:   393 | steps_t:     0 | t: 0.518089 | r:  -505.000000 | e:   1.000000 | Q:        nan | won: False 
#   39 | steps:   408 | steps_t:     0 | t: 0.531379 | r:  -514.000000 | e:   1.000000 | Q:        nan | won: False 
#   40 | steps:   418 | steps_t:     0 | t: 0.535369 | r:  -509.000000 | e:   1.000000 | Q:        nan | won: False 
#   41 | steps:   442 | steps_t:     0 | t: 0.558823 | r:  -523.000000 | e:   1.000000 | Q:        nan | won: False 
#   42 | steps:   451 | steps_t:     0 | t: 0.563778 | r:  -508.000000 | e:   1.000000 | Q:        nan | won: False 
#   43 | steps:   457 | steps_t:     0 | t: 0.573360 | r:  -505.000000 | e:   1.000000 | Q:        nan | won: False 
#   44 | steps:   464 | steps_t:     0 | t: 0.578406 | r:  -506.000000 | e:   1.000000 | Q:        nan | won: False 
#   45 | steps:   471 | steps_t:     0 | t: 0.583545 | r:  -506.000000 | e:   1.000000 | Q:        nan | won: False 
#   46 | steps:   489 | steps_t:     0 | t: 0.601810 | r:  -517.000000 | e:   1.000000 | Q:        nan | won: False 
#   47 | steps:   497 | steps_t:     0 | t: 0.604629 | r:  -507.000000 | e:   1.000000 | Q:        nan | won: False 
#   48 | steps:   518 | steps_t:     0 | t: 0.623521 | r:  -520.000000 | e:   1.000000 | Q:        nan | won: False 
#   49 | steps:   532 | steps_t:     0 | t: 0.633719 | r:  -513.000000 | e:   1.000000 | Q:        nan | won: False 
#   50 | steps:   548 | steps_t:     0 | t: 0.649795 | r:  -515.000000 | e:   1.000000 | Q:        nan | won: False 
#   51 | steps:   565 | steps_t:     0 | t: 0.662004 | r:  -516.000000 | e:   1.000000 | Q:        nan | won: False 
#   52 | steps:   571 | steps_t:     0 | t: 0.666902 | r:  -505.000000 | e:   1.000000 | Q:        nan | won: False 
#   53 | steps:   579 | steps_t:     0 | t: 0.675926 | r:  -507.000000 | e:   1.000000 | Q:        nan | won: False 
#   54 | steps:   587 | steps_t:     0 | t: 0.681694 | r:  -507.000000 | e:   1.000000 | Q:        nan | won: False 
#   55 | steps:   605 | steps_t:     0 | t: 0.692086 | r:  -495.000000 | e:   1.000000 | Q:        nan | won: False 
#   56 | steps:   618 | steps_t:     0 | t: 0.696971 | r:  -512.000000 | e:   1.000000 | Q:        nan | won: False 
#   57 | steps:   625 | steps_t:     0 | t: 0.702410 | r:  -506.000000 | e:   1.000000 | Q:        nan | won: False 
#   58 | steps:   633 | steps_t:     0 | t: 0.708843 | r:  -507.000000 | e:   1.000000 | Q:        nan | won: False 
#   59 | steps:   640 | steps_t:     0 | t: 0.712745 | r:  -506.000000 | e:   1.000000 | Q:        nan | won: False 
#   60 | steps:   647 | steps_t:     0 | t: 0.717696 | r:  -506.000000 | e:   1.000000 | Q:        nan | won: False 
#   61 | steps:   655 | steps_t:     0 | t: 0.727227 | r:  -507.000000 | e:   1.000000 | Q:        nan | won: False 
#   62 | steps:   662 | steps_t:     0 | t: 0.737705 | r:  -506.000000 | e:   1.000000 | Q:        nan | won: False 
#   63 | steps:   675 | steps_t:     0 | t: 0.748721 | r:  -512.000000 | e:   1.000000 | Q:        nan | won: False 
#   64 | steps:   695 | steps_t:     0 | t: 0.760449 | r:  -508.000000 | e:   1.000000 | Q:        nan | won: False 
#   65 | steps:   705 | steps_t:     0 | t: 0.770170 | r:  -509.000000 | e:   1.000000 | Q:        nan | won: False 
#   66 | steps:   715 | steps_t:     0 | t: 0.777102 | r:  -509.000000 | e:   1.000000 | Q:        nan | won: False 
#   67 | steps:   734 | steps_t:     0 | t: 0.789754 | r:  -518.000000 | e:   1.000000 | Q:        nan | won: False 
#   68 | steps:   751 | steps_t:     0 | t: 0.801692 | r:  -505.000000 | e:   1.000000 | Q:        nan | won: False 
#   69 | steps:   762 | steps_t:     0 | t: 0.805491 | r:  -510.000000 | e:   1.000000 | Q:        nan | won: False 
#   70 | steps:   773 | steps_t:     0 | t: 0.811519 | r:  -510.000000 | e:   1.000000 | Q:        nan | won: False 
#   71 | steps:   778 | steps_t:     0 | t: 0.817543 | r:  -504.000000 | e:   1.000000 | Q:        nan | won: False 
#   72 | steps:   792 | steps_t:     0 | t: 0.828298 | r:  -513.000000 | e:   1.000000 | Q:        nan | won: False 
#   73 | steps:   800 | steps_t:     0 | t: 0.831289 | r:  -507.000000 | e:   1.000000 | Q:        nan | won: False 
#   74 | steps:   819 | steps_t:     0 | t: 0.847420 | r:  -518.000000 | e:   1.000000 | Q:        nan | won: False 
#   75 | steps:   831 | steps_t:     0 | t: 0.858183 | r:  -511.000000 | e:   1.000000 | Q:        nan | won: False 
#   76 | steps:   838 | steps_t:     0 | t: 0.866189 | r:  -506.000000 | e:   1.000000 | Q:        nan | won: False 
#   77 | steps:   852 | steps_t:     0 | t: 0.874300 | r:  -513.000000 | e:   1.000000 | Q:        nan | won: False 
#   78 | steps:   867 | steps_t:     0 | t: 0.885286 | r:  -514.000000 | e:   1.000000 | Q:        nan | won: False 
#   79 | steps:   877 | steps_t:     0 | t: 0.892617 | r:  -509.000000 | e:   1.000000 | Q:        nan | won: False 
#   80 | steps:   884 | steps_t:     0 | t: 0.895132 | r:  -506.000000 | e:   1.000000 | Q:        nan | won: False 
#   81 | steps:   891 | steps_t:     0 | t: 0.898318 | r:  -506.000000 | e:   1.000000 | Q:        nan | won: False 
#   82 | steps:   899 | steps_t:     0 | t: 0.904015 | r:  -507.000000 | e:   1.000000 | Q:        nan | won: False 
#   83 | steps:   908 | steps_t:     0 | t: 0.908657 | r:  -508.000000 | e:   1.000000 | Q:        nan | won: False 
#   84 | steps:   918 | steps_t:     0 | t: 0.912190 | r:  -509.000000 | e:   1.000000 | Q:        nan | won: False 
#   85 | steps:   926 | steps_t:     0 | t: 0.922694 | r:  -507.000000 | e:   1.000000 | Q:        nan | won: False 
#   86 | steps:   939 | steps_t:     0 | t: 0.932450 | r:  -512.000000 | e:   1.000000 | Q:        nan | won: False 
#   87 | steps:   962 | steps_t:     0 | t: 0.950249 | r:  -522.000000 | e:   1.000000 | Q:        nan | won: False 
#   88 | steps:   975 | steps_t:     0 | t: 0.962787 | r:  -512.000000 | e:   1.000000 | Q:        nan | won: False 
#   89 | steps:   983 | steps_t:     0 | t: 0.968380 | r:  -507.000000 | e:   1.000000 | Q:        nan | won: False 
#   90 | steps:   990 | steps_t:     0 | t: 0.976644 | r:  -506.000000 | e:   1.000000 | Q:        nan | won: False 
#   91 | steps:  1011 | steps_t:     0 | t: 0.986524 | r:  -520.000000 | e:   1.000000 | Q:        nan | won: False 
#   92 | steps:  1017 | steps_t:     0 | t: 0.990075 | r:  -505.000000 | e:   1.000000 | Q:        nan | won: False 
#   93 | steps:  1028 | steps_t:     0 | t: 0.996308 | r:  -510.000000 | e:   1.000000 | Q:        nan | won: False 
#   94 | steps:  1035 | steps_t:     0 | t: 0.998863 | r:  -506.000000 | e:   1.000000 | Q:        nan | won: False 
#   95 | steps:  1053 | steps_t:     0 | t: 1.007721 | r:  -517.000000 | e:   1.000000 | Q:        nan | won: False 
#   96 | steps:  1068 | steps_t:     0 | t: 1.013501 | r:  -514.000000 | e:   1.000000 | Q:        nan | won: False 
#   97 | steps:  1083 | steps_t:     0 | t: 1.020204 | r:  -514.000000 | e:   1.000000 | Q:        nan | won: False 
#   98 | steps:  1092 | steps_t:     0 | t: 1.023658 | r:  -508.000000 | e:   1.000000 | Q:        nan | won: False 
#   99 | steps:  1100 | steps_t:     0 | t: 1.026678 | r:  -507.000000 | e:   1.000000 | Q:        nan | won: False 
#  100 | steps:  1111 | steps_t:     0 | t: 1.030826 | r:  -510.000000 | e:   1.000000 | Q:        nan | won: False 
#  101 | steps:  1117 | steps_t:     0 | t: 1.033231 | r:  -505.000000 | e:   1.000000 | Q:        nan | won: False 
#  102 | steps:  1123 | steps_t:     0 | t: 1.036251 | r:  -505.000000 | e:   1.000000 | Q:        nan | won: False 
#  103 | steps:  1128 | steps_t:     0 | t: 1.038367 | r:  -504.000000 | e:   1.000000 | Q:        nan | won: False 
#  104 | steps:  1146 | steps_t:     0 | t: 1.044517 | r:  -517.000000 | e:   1.000000 | Q:        nan | won: False 
#  105 | steps:  1154 | steps_t:     0 | t: 1.047700 | r:  -507.000000 | e:   1.000000 | Q:        nan | won: False 
#  106 | steps:  1161 | steps_t:     0 | t: 1.050458 | r:  -506.000000 | e:   1.000000 | Q:        nan | won: False 
#  107 | steps:  1168 | steps_t:     0 | t: 1.053255 | r:  -506.000000 | e:   1.000000 | Q:        nan | won: False 
#  108 | steps:  1180 | steps_t:     0 | t: 1.058962 | r:  -511.000000 | e:   1.000000 | Q:        nan | won: False 
#  109 | steps:  1190 | steps_t:     0 | t: 1.062687 | r:  -509.000000 | e:   1.000000 | Q:        nan | won: False 
#  110 | steps:  1198 | steps_t:     0 | t: 1.065656 | r:  -507.000000 | e:   1.000000 | Q:        nan | won: False 
#  111 | steps:  1213 | steps_t:     0 | t: 1.071153 | r:  -514.000000 | e:   1.000000 | Q:        nan | won: False 
#  112 | steps:  1220 | steps_t:     0 | t: 1.073716 | r:  -506.000000 | e:   1.000000 | Q:        nan | won: False 
#  113 | steps:  1237 | steps_t:     0 | t: 1.080294 | r:  -516.000000 | e:   1.000000 | Q:        nan | won: False 
#  114 | steps:  1251 | steps_t:     0 | t: 1.085416 | r:  -513.000000 | e:   1.000000 | Q:        nan | won: False 
#  115 | steps:  1257 | steps_t:     0 | t: 1.087619 | r:  -505.000000 | e:   1.000000 | Q:        nan | won: False 
#  116 | steps:  1265 | steps_t:     0 | t: 1.090474 | r:  -507.000000 | e:   1.000000 | Q:        nan | won: False 
#  117 | steps:  1279 | steps_t:     0 | t: 1.095415 | r:  -502.000000 | e:   1.000000 | Q:        nan | won: False 
#  118 | steps:  1287 | steps_t:     0 | t: 1.098653 | r:  -507.000000 | e:   1.000000 | Q:        nan | won: False 
#  119 | steps:  1293 | steps_t:     0 | t: 1.100953 | r:  -505.000000 | e:   1.000000 | Q:        nan | won: False 
#  120 | steps:  1299 | steps_t:     0 | t: 1.103457 | r:  -505.000000 | e:   1.000000 | Q:        nan | won: False 
#  121 | steps:  1310 | steps_t:     0 | t: 1.107598 | r:  -510.000000 | e:   1.000000 | Q:        nan | won: False 
#  122 | steps:  1322 | steps_t:     0 | t: 1.111928 | r:  -511.000000 | e:   1.000000 | Q:        nan | won: False 
#  123 | steps:  1328 | steps_t:     0 | t: 1.114211 | r:  -505.000000 | e:   1.000000 | Q:        nan | won: False 
#  124 | steps:  1338 | steps_t:     0 | t: 1.117902 | r:  -509.000000 | e:   1.000000 | Q:        nan | won: False 
#  125 | steps:  1345 | steps_t:     0 | t: 1.125416 | r:  -506.000000 | e:   1.000000 | Q:        nan | won: False 
#  126 | steps:  1352 | steps_t:     0 | t: 1.128612 | r:  -506.000000 | e:   1.000000 | Q:        nan | won: False 
#  127 | steps:  1360 | steps_t:     0 | t: 1.134673 | r:  -507.000000 | e:   1.000000 | Q:        nan | won: False 
#  128 | steps:  1368 | steps_t:     0 | t: 1.137611 | r:  -507.000000 | e:   1.000000 | Q:        nan | won: False 
#  129 | steps:  1375 | steps_t:     0 | t: 1.140090 | r:  -506.000000 | e:   1.000000 | Q:        nan | won: False 
#  130 | steps:  1388 | steps_t:     0 | t: 1.144323 | r:  -512.000000 | e:   1.000000 | Q:        nan | won: False 
#  131 | steps:  1395 | steps_t:     0 | t: 1.147463 | r:  -506.000000 | e:   1.000000 | Q:        nan | won: False 
#  132 | steps:  1402 | steps_t:     0 | t: 1.151157 | r:  -506.000000 | e:   1.000000 | Q:        nan | won: False 
#  133 | steps:  1410 | steps_t:     0 | t: 1.154546 | r:  -507.000000 | e:   1.000000 | Q:        nan | won: False 
#  134 | steps:  1424 | steps_t:     0 | t: 1.163613 | r:  -502.000000 | e:   1.000000 | Q:        nan | won: False 
#  135 | steps:  1431 | steps_t:     0 | t: 1.170292 | r:  -506.000000 | e:   1.000000 | Q:        nan | won: False 
#  136 | steps:  1443 | steps_t:     0 | t: 1.180200 | r:  -511.000000 | e:   1.000000 | Q:        nan | won: False 
#  137 | steps:  1454 | steps_t:     0 | t: 1.184795 | r:  -510.000000 | e:   1.000000 | Q:        nan | won: False 
#  138 | steps:  1461 | steps_t:     0 | t: 1.187567 | r:  -506.000000 | e:   1.000000 | Q:        nan | won: False 
#  139 | steps:  1504 | steps_t:     0 | t: 1.203683 | r:  -531.000000 | e:   1.000000 | Q:        nan | won: False 
#  140 | steps:  1512 | steps_t:     0 | t: 1.206582 | r:  -507.000000 | e:   1.000000 | Q:        nan | won: False 
#  141 | steps:  1520 | steps_t:     0 | t: 1.209395 | r:  -507.000000 | e:   1.000000 | Q:        nan | won: False 
#  142 | steps:  1531 | steps_t:     0 | t: 1.213335 | r:  -510.000000 | e:   1.000000 | Q:        nan | won: False 
#  143 | steps:  1541 | steps_t:     0 | t: 1.217510 | r:  -509.000000 | e:   1.000000 | Q:        nan | won: False 
#  144 | steps:  1560 | steps_t:     0 | t: 1.224885 | r:  -518.000000 | e:   1.000000 | Q:        nan | won: False 
#  145 | steps:  1571 | steps_t:     0 | t: 1.230335 | r:  -510.000000 | e:   1.000000 | Q:        nan | won: False 
#  146 | steps:  1584 | steps_t:     0 | t: 1.238874 | r:  -512.000000 | e:   1.000000 | Q:        nan | won: False 
#  147 | steps:  1603 | steps_t:     0 | t: 1.245572 | r:  -507.000000 | e:   1.000000 | Q:        nan | won: False 
#  148 | steps:  1612 | steps_t:     0 | t: 1.249717 | r:  -508.000000 | e:   1.000000 | Q:        nan | won: False 
#  149 | steps:  1624 | steps_t:     0 | t: 1.272952 | r:  -511.000000 | e:   1.000000 | Q:        nan | won: False 
#  150 | steps:  1636 | steps_t:     0 | t: 1.288367 | r:  -511.000000 | e:   1.000000 | Q:        nan | won: False 
#  151 | steps:  1646 | steps_t:     0 | t: 1.296774 | r:  -509.000000 | e:   1.000000 | Q:        nan | won: False 
#  152 | steps:  1663 | steps_t:     0 | t: 1.316052 | r:  -516.000000 | e:   1.000000 | Q:        nan | won: False 
#  153 | steps:  1676 | steps_t:     0 | t: 1.323994 | r:  -512.000000 | e:   1.000000 | Q:        nan | won: False 
#  154 | steps:  1689 | steps_t:     0 | t: 1.337224 | r:  -512.000000 | e:   1.000000 | Q:        nan | won: False 
#  155 | steps:  1702 | steps_t:     0 | t: 1.353940 | r:  -512.000000 | e:   1.000000 | Q:        nan | won: False 
#  156 | steps:  1709 | steps_t:     0 | t: 1.359192 | r:  -506.000000 | e:   1.000000 | Q:        nan | won: False 
#  157 | steps:  1721 | steps_t:     0 | t: 1.371715 | r:  -511.000000 | e:   1.000000 | Q:        nan | won: False 
#  158 | steps:  1728 | steps_t:     0 | t: 1.376440 | r:  -506.000000 | e:   1.000000 | Q:        nan | won: False 
#  159 | steps:  1734 | steps_t:     0 | t: 1.380146 | r:  -505.000000 | e:   1.000000 | Q:        nan | won: False 
#  160 | steps:  1741 | steps_t:     0 | t: 1.388802 | r:  -506.000000 | e:   1.000000 | Q:        nan | won: False 
#  161 | steps:  1748 | steps_t:     0 | t: 1.400698 | r:  -506.000000 | e:   1.000000 | Q:        nan | won: False 
#  162 | steps:  1764 | steps_t:     0 | t: 1.410569 | r:  -504.000000 | e:   1.000000 | Q:        nan | won: False 
#  163 | steps:  1773 | steps_t:     0 | t: 1.417497 | r:  -508.000000 | e:   1.000000 | Q:        nan | won: False 
#  164 | steps:  1790 | steps_t:     0 | t: 1.428642 | r:  -516.000000 | e:   1.000000 | Q:        nan | won: False 
#  165 | steps:  1797 | steps_t:     0 | t: 1.435214 | r:  -506.000000 | e:   1.000000 | Q:        nan | won: False 
#  166 | steps:  1805 | steps_t:     0 | t: 1.442127 | r:  -507.000000 | e:   1.000000 | Q:        nan | won: False 
#  167 | steps:  1816 | steps_t:     0 | t: 1.445909 | r:  -510.000000 | e:   1.000000 | Q:        nan | won: False 
#  168 | steps:  1822 | steps_t:     0 | t: 1.448361 | r:  -505.000000 | e:   1.000000 | Q:        nan | won: False 
#  169 | steps:  1841 | steps_t:     0 | t: 1.469816 | r:  -518.000000 | e:   1.000000 | Q:        nan | won: False 
#  170 | steps:  1849 | steps_t:     0 | t: 1.472856 | r:  -507.000000 | e:   1.000000 | Q:        nan | won: False 
#  171 | steps:  1858 | steps_t:     0 | t: 1.475806 | r:  -508.000000 | e:   1.000000 | Q:        nan | won: False 
#  172 | steps:  1874 | steps_t:     0 | t: 1.487184 | r:  -515.000000 | e:   1.000000 | Q:        nan | won: False 
#  173 | steps:  1884 | steps_t:     0 | t: 1.497437 | r:  -509.000000 | e:   1.000000 | Q:        nan | won: False 
#  174 | steps:  1901 | steps_t:     0 | t: 1.512351 | r:  -516.000000 | e:   1.000000 | Q:        nan | won: False 
#  175 | steps:  1914 | steps_t:     0 | t: 1.523910 | r:  -512.000000 | e:   1.000000 | Q:        nan | won: False 
#  176 | steps:  1936 | steps_t:     0 | t: 1.547007 | r:  -521.000000 | e:   1.000000 | Q:        nan | won: False 
#  177 | steps:  1945 | steps_t:     0 | t: 1.558512 | r:  -508.000000 | e:   1.000000 | Q:        nan | won: False 
#  178 | steps:  1957 | steps_t:     0 | t: 1.573399 | r:  -511.000000 | e:   1.000000 | Q:        nan | won: False 
#  179 | steps:  1968 | steps_t:     0 | t: 1.585332 | r:  -510.000000 | e:   1.000000 | Q:        nan | won: False 
#  180 | steps:  1977 | steps_t:     0 | t: 1.593250 | r:  -508.000000 | e:   1.000000 | Q:        nan | won: False 
