#    1 | steps:     8 | steps_t:     0 | t: 0.034462 | r:  -507.000000 | e:   1.000000 | Q:        nan | won: False 
#    2 | steps:    15 | steps_t:     0 | t: 0.037790 | r:  -506.000000 | e:   1.000000 | Q:        nan | won: False 
#    3 | steps:    25 | steps_t:     0 | t: 0.041535 | r:  -509.000000 | e:   1.000000 | Q:        nan | won: False 
#    4 | steps:    33 | steps_t:     0 | t: 0.044305 | r:  -507.000000 | e:   1.000000 | Q:        nan | won: False 
#    5 | steps:    40 | steps_t:     0 | t: 0.046763 | r:  -506.000000 | e:   1.000000 | Q:        nan | won: False 
#    6 | steps:    46 | steps_t:     0 | t: 0.048935 | r:  -505.000000 | e:   1.000000 | Q:        nan | won: False 
#    7 | steps:    51 | steps_t:     0 | t: 0.050606 | r:  -504.000000 | e:   1.000000 | Q:        nan | won: False 
#    8 | steps:    60 | steps_t:     0 | t: 0.054303 | r:  -508.000000 | e:   1.000000 | Q:        nan | won: False 
#    9 | steps:    69 | steps_t:     0 | t: 0.057499 | r:  -508.000000 | e:   1.000000 | Q:        nan | won: False 
#   10 | steps:    78 | steps_t:     0 | t: 0.060700 | r:  -508.000000 | e:   1.000000 | Q:        nan | won: False 
#   11 | steps:    94 | steps_t:     0 | t: 0.066403 | r:  -515.000000 | e:   1.000000 | Q:        nan | won: False 
#   12 | steps:   103 | steps_t:     0 | t: 0.129028 | r:  -508.000000 | e:   1.000000 | Q:        nan | won: False 
#   13 | steps:   112 | steps_t:     0 | t: 0.132347 | r:  -508.000000 | e:   1.000000 | Q:        nan | won: False 
#   14 | steps:   119 | steps_t:     0 | t: 0.135144 | r:  -506.000000 | e:   1.000000 | Q:        nan | won: False 
#   15 | steps:   127 | steps_t:     0 | t: 0.138387 | r:  -507.000000 | e:   1.000000 | Q:        nan | won: False 
#   16 | steps:   134 | steps_t:     0 | t: 0.141125 | r:  -506.000000 | e:   1.000000 | Q:        nan | won: False 
#   17 | steps:   140 | steps_t:     0 | t: 0.143435 | r:  -505.000000 | e:   1.000000 | Q:        nan | won: False 
#   18 | steps:   147 | steps_t:     0 | t: 0.146300 | r:  -506.000000 | e:   1.000000 | Q:        nan | won: False 
#   19 | steps:   155 | steps_t:     0 | t: 0.149562 | r:  -507.000000 | e:   1.000000 | Q:        nan | won: False 
#   20 | steps:   165 | steps_t:     0 | t: 0.153481 | r:  -509.000000 | e:   1.000000 | Q:        nan | won: False 
#   21 | steps:   173 | steps_t:     0 | t: 0.156744 | r:  -507.000000 | e:   1.000000 | Q:        nan | won: False 
#   22 | steps:   182 | steps_t:     0 | t: 0.160495 | r:  -508.000000 | e:   1.000000 | Q:        nan | won: False 
#   23 | steps:   190 | steps_t:     0 | t: 0.163690 | r:  -507.000000 | e:   1.000000 | Q:        nan | won: False 
#   24 | steps:   200 | steps_t:     0 | t: 0.167727 | r:  -509.000000 | e:   1.000000 | Q:        nan | won: False 
#   25 | steps:   209 | steps_t:     0 | t: 0.171334 | r:  -508.000000 | e:   1.000000 | Q:        nan | won: False 
#   26 | steps:   216 | steps_t:     0 | t: 0.174099 | r:  -506.000000 | e:   1.000000 | Q:        nan | won: False 
#   27 | steps:   225 | steps_t:     0 | t: 0.177921 | r:  -508.000000 | e:   1.000000 | Q:        nan | won: False 
#   28 | steps:   233 | steps_t:     0 | t: 0.181651 | r:  -507.000000 | e:   1.000000 | Q:        nan | won: False 
#   29 | steps:   241 | steps_t:     0 | t: 0.185117 | r:  -507.000000 | e:   1.000000 | Q:        nan | won: False 
#   30 | steps:   253 | steps_t:     0 | t: 0.189769 | r:  -511.000000 | e:   1.000000 | Q:        nan | won: False 
#   31 | steps:   260 | steps_t:     0 | t: 0.192628 | r:  -506.000000 | e:   1.000000 | Q:        nan | won: False 
#   32 | steps:   281 | steps_t:     0 | t: 0.200792 | r:  -509.000000 | e:   1.000000 | Q:        nan | won: False 
#   33 | steps:   289 | steps_t:     0 | t: 0.204047 | r:  -507.000000 | e:   1.000000 | Q:        nan | won: False 
#   34 | steps:   295 | steps_t:     0 | t: 0.206671 | r:  -505.000000 | e:   1.000000 | Q:        nan | won: False 
#   35 | steps:   305 | steps_t:     0 | t: 0.210957 | r:  -509.000000 | e:   1.000000 | Q:        nan | won: False 
#   36 | steps:   312 | steps_t:     0 | t: 0.214114 | r:  -506.000000 | e:   1.000000 | Q:        nan | won: False 
#   37 | steps:   320 | steps_t:     0 | t: 0.217586 | r:  -507.000000 | e:   1.000000 | Q:        nan | won: False 
#   38 | steps:   328 | steps_t:     0 | t: 0.221533 | r:  -507.000000 | e:   1.000000 | Q:        nan | won: False 
#   39 | steps:   344 | steps_t:     0 | t: 0.229246 | r:  -515.000000 | e:   1.000000 | Q:        nan | won: False 
#   40 | steps:   351 | steps_t:     0 | t: 0.233052 | r:  -506.000000 | e:   1.000000 | Q:        nan | won: False 
#   41 | steps:   359 | steps_t:     0 | t: 0.237025 | r:  -507.000000 | e:   1.000000 | Q:        nan | won: False 
#   42 | steps:   367 | steps_t:     0 | t: 0.240819 | r:  -507.000000 | e:   1.000000 | Q:        nan | won: False 
#   43 | steps:   383 | steps_t:     0 | t: 0.260770 | r:  -515.000000 | e:   1.000000 | Q:        nan | won: False 
#   44 | steps:   391 | steps_t:     0 | t: 0.267573 | r:  -507.000000 | e:   1.000000 | Q:        nan | won: False 
#   45 | steps:   401 | steps_t:     0 | t: 0.277758 | r:  -509.000000 | e:   1.000000 | Q:        nan | won: False 
#   46 | steps:   416 | steps_t:     0 | t: 0.288592 | r:  -514.000000 | e:   1.000000 | Q:        nan | won: False 
#   47 | steps:   425 | steps_t:     0 | t: 0.293738 | r:  -508.000000 | e:   1.000000 | Q:        nan | won: False 
#   48 | steps:   436 | steps_t:     0 | t: 0.301266 | r:  -510.000000 | e:   1.000000 | Q:        nan | won: False 
#   49 | steps:   445 | steps_t:     0 | t: 0.311022 | r:  -508.000000 | e:   1.000000 | Q:        nan | won: False 
#   50 | steps:   461 | steps_t:     0 | t: 0.320615 | r:  -515.000000 | e:   1.000000 | Q:        nan | won: False 
#   51 | steps:   469 | steps_t:     0 | t: 0.325568 | r:  -507.000000 | e:   1.000000 | Q:        nan | won: False 
#   52 | steps:   478 | steps_t:     0 | t: 0.333057 | r:  -508.000000 | e:   1.000000 | Q:        nan | won: False 
#   53 | steps:   495 | steps_t:     0 | t: 0.340938 | r:  -516.000000 | e:   1.000000 | Q:        nan | won: False 
#   54 | steps:   502 | steps_t:     0 | t: 0.345213 | r:  -506.000000 | e:   1.000000 | Q:        nan | won: False 
#   55 | steps:   512 | steps_t:     0 | t: 0.350472 | r:  -509.000000 | e:   1.000000 | Q:        nan | won: False 
#   56 | steps:   521 | steps_t:     0 | t: 0.355002 | r:  -508.000000 | e:   1.000000 | Q:        nan | won: False 
#   57 | steps:   530 | steps_t:     0 | t: 0.363361 | r:  -508.000000 | e:   1.000000 | Q:        nan | won: False 
#   58 | steps:   539 | steps_t:     0 | t: 0.371993 | r:  -508.000000 | e:   1.000000 | Q:        nan | won: False 
#   59 | steps:   558 | steps_t:     0 | t: 0.386205 | r:  -518.000000 | e:   1.000000 | Q:        nan | won: False 
#   60 | steps:   566 | steps_t:     0 | t: 0.392667 | r:  -507.000000 | e:   1.000000 | Q:        nan | won: False 
#   61 | steps:   576 | steps_t:     0 | t: 0.398835 | r:  -509.000000 | e:   1.000000 | Q:        nan | won: False 
#   62 | steps:   590 | steps_t:     0 | t: 0.406206 | r:  -502.000000 | e:   1.000000 | Q:        nan | won: False 
#   63 | steps:   597 | steps_t:     0 | t: 0.409913 | r:  -506.000000 | e:   1.000000 | Q:        nan | won: False 
#   64 | steps:   607 | steps_t:     0 | t: 0.419456 | r:  -509.000000 | e:   1.000000 | Q:        nan | won: False 
#   65 | steps:   614 | steps_t:     0 | t: 0.423688 | r:  -506.000000 | e:   1.000000 | Q:        nan | won: False 
#   66 | steps:   623 | steps_t:     0 | t: 0.428315 | r:  -508.000000 | e:   1.000000 | Q:        nan | won: False 
#   67 | steps:   631 | steps_t:     0 | t: 0.432618 | r:  -507.000000 | e:   1.000000 | Q:        nan | won: False 
#   68 | steps:   638 | steps_t:     0 | t: 0.436943 | r:  -506.000000 | e:   1.000000 | Q:        nan | won: False 
#   69 | steps:   647 | steps_t:     0 | t: 0.442517 | r:  -508.000000 | e:   1.000000 | Q:        nan | won: False 
#   70 | steps:   655 | steps_t:     0 | t: 0.446741 | r:  -507.000000 | e:   1.000000 | Q:        nan | won: False 
#   71 | steps:   662 | steps_t:     0 | t: 0.450850 | r:  -506.000000 | e:   1.000000 | Q:        nan | won: False 
#   72 | steps:   668 | steps_t:     0 | t: 0.454393 | r:  -505.000000 | e:   1.000000 | Q:        nan | won: False 
#   73 | steps:   679 | steps_t:     0 | t: 0.460825 | r:  -510.000000 | e:   1.000000 | Q:        nan | won: False 
#   74 | steps:   687 | steps_t:     0 | t: 0.467678 | r:  -507.000000 | e:   1.000000 | Q:        nan | won: False 
#   75 | steps:   699 | steps_t:     0 | t: 0.475807 | r:  -511.000000 | e:   1.000000 | Q:        nan | won: False 
#   76 | steps:   714 | steps_t:     0 | t: 0.489634 | r:  -492.000000 | e:   1.000000 | Q:        nan | won: False 
#   77 | steps:   725 | steps_t:     0 | t: 0.510373 | r:  -510.000000 | e:   1.000000 | Q:        nan | won: False 
#   78 | steps:   734 | steps_t:     0 | t: 0.525538 | r:  -508.000000 | e:   1.000000 | Q:        nan | won: False 
#   79 | steps:   745 | steps_t:     0 | t: 0.542142 | r:  -510.000000 | e:   1.000000 | Q:        nan | won: False 
#   80 | steps:   751 | steps_t:     0 | t: 0.553566 | r:  -505.000000 | e:   1.000000 | Q:        nan | won: False 
#   81 | steps:   756 | steps_t:     0 | t: 0.560758 | r:  -504.000000 | e:   1.000000 | Q:        nan | won: False 
#   82 | steps:   765 | steps_t:     0 | t: 0.574746 | r:  -508.000000 | e:   1.000000 | Q:        nan | won: False 
#   83 | steps:   772 | steps_t:     0 | t: 0.586341 | r:  -506.000000 | e:   1.000000 | Q:        nan | won: False 
#   84 | steps:   781 | steps_t:     0 | t: 0.601657 | r:  -508.000000 | e:   1.000000 | Q:        nan | won: False 
#   85 | steps:   790 | steps_t:     0 | t: 0.612075 | r:  -508.000000 | e:   1.000000 | Q:        nan | won: False 
#   86 | steps:   798 | steps_t:     0 | t: 0.631446 | r:  -507.000000 | e:   1.000000 | Q:        nan | won: False 
#   87 | steps:   809 | steps_t:     0 | t: 0.675346 | r:  -510.000000 | e:   1.000000 | Q:        nan | won: False 
#   88 | steps:   816 | steps_t:     0 | t: 0.712144 | r:  -506.000000 | e:   1.000000 | Q:        nan | won: False 
#   89 | steps:   822 | steps_t:     0 | t: 0.720466 | r:  -505.000000 | e:   1.000000 | Q:        nan | won: False 
#   90 | steps:   829 | steps_t:     0 | t: 0.727809 | r:  -506.000000 | e:   1.000000 | Q:        nan | won: False 
#   91 | steps:   839 | steps_t:     0 | t: 0.745299 | r:  -509.000000 | e:   1.000000 | Q:        nan | won: False 
#   92 | steps:   851 | steps_t:     0 | t: 0.756233 | r:  -511.000000 | e:   1.000000 | Q:        nan | won: False 
#   93 | steps:   859 | steps_t:     0 | t: 0.762126 | r:  -507.000000 | e:   1.000000 | Q:        nan | won: False 
#   94 | steps:   872 | steps_t:     0 | t: 0.769273 | r:  -512.000000 | e:   1.000000 | Q:        nan | won: False 
#   95 | steps:   883 | steps_t:     0 | t: 0.783454 | r:  -510.000000 | e:   1.000000 | Q:        nan | won: False 
#   96 | steps:   897 | steps_t:     0 | t: 0.805286 | r:  -513.000000 | e:   1.000000 | Q:        nan | won: False 
#   97 | steps:   906 | steps_t:     0 | t: 0.812277 | r:  -508.000000 | e:   1.000000 | Q:        nan | won: False 
#   98 | steps:   915 | steps_t:     0 | t: 0.824151 | r:  -508.000000 | e:   1.000000 | Q:        nan | won: False 
#   99 | steps:   927 | steps_t:     0 | t: 0.835801 | r:  -511.000000 | e:   1.000000 | Q:        nan | won: False 
#  100 | steps:   933 | steps_t:     0 | t: 0.839950 | r:  -505.000000 | e:   1.000000 | Q:        nan | won: False 
#  101 | steps:   941 | steps_t:     0 | t: 0.846412 | r:  -507.000000 | e:   1.000000 | Q:        nan | won: False 
#  102 | steps:   947 | steps_t:     0 | t: 0.853602 | r:  -505.000000 | e:   1.000000 | Q:        nan | won: False 
#  103 | steps:   954 | steps_t:     0 | t: 0.862152 | r:  -506.000000 | e:   1.000000 | Q:        nan | won: False 
#  104 | steps:   962 | steps_t:     0 | t: 0.867919 | r:  -507.000000 | e:   1.000000 | Q:        nan | won: False 
#  105 | steps:   969 | steps_t:     0 | t: 0.872023 | r:  -506.000000 | e:   1.000000 | Q:        nan | won: False 
#  106 | steps:   976 | steps_t:     0 | t: 0.876211 | r:  -506.000000 | e:   1.000000 | Q:        nan | won: False 
#  107 | steps:   985 | steps_t:     0 | t: 0.882002 | r:  -508.000000 | e:   1.000000 | Q:        nan | won: False 
#  108 | steps:   993 | steps_t:     0 | t: 0.889665 | r:  -507.000000 | e:   1.000000 | Q:        nan | won: False 
#  109 | steps:  1005 | steps_t:     0 | t: 0.899137 | r:  -511.000000 | e:   1.000000 | Q:        nan | won: False 
#  110 | steps:  1012 | steps_t:     0 | t: 0.903946 | r:  -506.000000 | e:   1.000000 | Q:        nan | won: False 
#  111 | steps:  1021 | steps_t:     0 | t: 0.915529 | r:  -508.000000 | e:   1.000000 | Q:        nan | won: False 
#  112 | steps:  1028 | steps_t:     0 | t: 0.932337 | r:  -506.000000 | e:   1.000000 | Q:        nan | won: False 
#  113 | steps:  1040 | steps_t:     0 | t: 0.938849 | r:  -511.000000 | e:   1.000000 | Q:        nan | won: False 
#  114 | steps:  1060 | steps_t:     0 | t: 0.952332 | r:  -519.000000 | e:   1.000000 | Q:        nan | won: False 
#  115 | steps:  1066 | steps_t:     0 | t: 0.955550 | r:  -505.000000 | e:   1.000000 | Q:        nan | won: False 
#  116 | steps:  1077 | steps_t:     0 | t: 0.961413 | r:  -510.000000 | e:   1.000000 | Q:        nan | won: False 
#  117 | steps:  1085 | steps_t:     0 | t: 0.966473 | r:  -507.000000 | e:   1.000000 | Q:        nan | won: False 
#  118 | steps:  1098 | steps_t:     0 | t: 0.976338 | r:  -512.000000 | e:   1.000000 | Q:        nan | won: False 
#  119 | steps:  1118 | steps_t:     0 | t: 0.989294 | r:  -519.000000 | e:   1.000000 | Q:        nan | won: False 
#  120 | steps:  1126 | steps_t:     0 | t: 0.993978 | r:  -507.000000 | e:   1.000000 | Q:        nan | won: False 
#  121 | steps:  1133 | steps_t:     0 | t: 0.998608 | r:  -506.000000 | e:   1.000000 | Q:        nan | won: False 
#  122 | steps:  1143 | steps_t:     0 | t: 1.005939 | r:  -509.000000 | e:   1.000000 | Q:        nan | won: False 
#  123 | steps:  1149 | steps_t:     0 | t: 1.009525 | r:  -505.000000 | e:   1.000000 | Q:        nan | won: False 
#  124 | steps:  1156 | steps_t:     0 | t: 1.013449 | r:  -506.000000 | e:   1.000000 | Q:        nan | won: False 
#  125 | steps:  1169 | steps_t:     0 | t: 1.027940 | r:  -512.000000 | e:   1.000000 | Q:        nan | won: False 
#  126 | steps:  1177 | steps_t:     0 | t: 1.036898 | r:  -507.000000 | e:   1.000000 | Q:        nan | won: False 
#  127 | steps:  1187 | steps_t:     0 | t: 1.042809 | r:  -509.000000 | e:   1.000000 | Q:        nan | won: False 
#  128 | steps:  1198 | steps_t:     0 | t: 1.049561 | r:  -510.000000 | e:   1.000000 | Q:        nan | won: False 
#  129 | steps:  1204 | steps_t:     0 | t: 1.053042 | r:  -505.000000 | e:   1.000000 | Q:        nan | won: False 
#  130 | steps:  1210 | steps_t:     0 | t: 1.056788 | r:  -505.000000 | e:   1.000000 | Q:        nan | won: False 
#  131 | steps:  1217 | steps_t:     0 | t: 1.061396 | r:  -506.000000 | e:   1.000000 | Q:        nan | won: False 
#  132 | steps:  1225 | steps_t:     0 | t: 1.066249 | r:  -507.000000 | e:   1.000000 | Q:        nan | won: False 
#  133 | steps:  1234 | steps_t:     0 | t: 1.071306 | r:  -508.000000 | e:   1.000000 | Q:        nan | won: False 
#  134 | steps:  1242 | steps_t:     0 | t: 1.077808 | r:  -507.000000 | e:   1.000000 | Q:        nan | won: False 
#  135 | steps:  1254 | steps_t:     0 | t: 1.085405 | r:  -511.000000 | e:   1.000000 | Q:        nan | won: False 
#  136 | steps:  1264 | steps_t:     0 | t: 1.090843 | r:  -509.000000 | e:   1.000000 | Q:        nan | won: False 
#  137 | steps:  1271 | steps_t:     0 | t: 1.094289 | r:  -506.000000 | e:   1.000000 | Q:        nan | won: False 
#  138 | steps:  1282 | steps_t:     0 | t: 1.100303 | r:  -510.000000 | e:   1.000000 | Q:        nan | won: False 
#  139 | steps:  1290 | steps_t:     0 | t: 1.104790 | r:  -507.000000 | e:   1.000000 | Q:        nan | won: False 
#  140 | steps:  1304 | steps_t:     0 | t: 1.111718 | r:  -513.000000 | e:   1.000000 | Q:        nan | won: False 
#  141 | steps:  1310 | steps_t:     0 | t: 1.117720 | r:  -505.000000 | e:   1.000000 | Q:        nan | won: False 
#  142 | steps:  1319 | steps_t:     0 | t: 1.126432 | r:  -508.000000 | e:   1.000000 | Q:        nan | won: False 
#  143 | steps:  1329 | steps_t:     0 | t: 1.135400 | r:  -509.000000 | e:   1.000000 | Q:        nan | won: False 
#  144 | steps:  1340 | steps_t:     0 | t: 1.144042 | r:  -510.000000 | e:   1.000000 | Q:        nan | won: False 
#  145 | steps:  1348 | steps_t:     0 | t: 1.154085 | r:  -507.000000 | e:   1.000000 | Q:        nan | won: False 
#  146 | steps:  1354 | steps_t:     0 | t: 1.158811 | r:  -505.000000 | e:   1.000000 | Q:        nan | won: False 
#  147 | steps:  1363 | steps_t:     0 | t: 1.167487 | r:  -508.000000 | e:   1.000000 | Q:        nan | won: False 
#  148 | steps:  1369 | steps_t:     0 | t: 1.172058 | r:  -505.000000 | e:   1.000000 | Q:        nan | won: False 
#  149 | steps:  1382 | steps_t:     0 | t: 1.186830 | r:  -512.000000 | e:   1.000000 | Q:        nan | won: False 
#  150 | steps:  1394 | steps_t:     0 | t: 1.194197 | r:  -511.000000 | e:   1.000000 | Q:        nan | won: False 
#  151 | steps:  1400 | steps_t:     0 | t: 1.199738 | r:  -505.000000 | e:   1.000000 | Q:        nan | won: False 
#  152 | steps:  1410 | steps_t:     0 | t: 1.206363 | r:  -509.000000 | e:   1.000000 | Q:        nan | won: False 
#  153 | steps:  1416 | steps_t:     0 | t: 1.212124 | r:  -505.000000 | e:   1.000000 | Q:        nan | won: False 
#  154 | steps:  1425 | steps_t:     0 | t: 1.218825 | r:  -508.000000 | e:   1.000000 | Q:        nan | won: False 
#  155 | steps:  1434 | steps_t:     0 | t: 1.225374 | r:  -508.000000 | e:   1.000000 | Q:        nan | won: False 
#  156 | steps:  1447 | steps_t:     0 | t: 1.240061 | r:  -501.000000 | e:   1.000000 | Q:        nan | won: False 
#  157 | steps:  1457 | steps_t:     0 | t: 1.249528 | r:  -509.000000 | e:   1.000000 | Q:        nan | won: False 
#  158 | steps:  1465 | steps_t:     0 | t: 1.256186 | r:  -507.000000 | e:   1.000000 | Q:        nan | won: False 
#  159 | steps:  1471 | steps_t:     0 | t: 1.259802 | r:  -505.000000 | e:   1.000000 | Q:        nan | won: False 
#  160 | steps:  1480 | steps_t:     0 | t: 1.267227 | r:  -508.000000 | e:   1.000000 | Q:        nan | won: False 
#  161 | steps:  1500 | steps_t:     0 | t: 1.279889 | r:  -519.000000 | e:   1.000000 | Q:        nan | won: False 
#  162 | steps:  1511 | steps_t:     0 | t: 1.288148 | r:  -510.000000 | e:   1.000000 | Q:        nan | won: False 
#  163 | steps:  1517 | steps_t:     0 | t: 1.291446 | r:  -505.000000 | e:   1.000000 | Q:        nan | won: False 
#  164 | steps:  1526 | steps_t:     0 | t: 1.297368 | r:  -508.000000 | e:   1.000000 | Q:        nan | won: False 
#  165 | steps:  1536 | steps_t:     0 | t: 1.303765 | r:  -509.000000 | e:   1.000000 | Q:        nan | won: False 
#  166 | steps:  1549 | steps_t:     0 | t: 1.311080 | r:  -512.000000 | e:   1.000000 | Q:        nan | won: False 
#  167 | steps:  1565 | steps_t:     0 | t: 1.318732 | r:  -515.000000 | e:   1.000000 | Q:        nan | won: False 
#  168 | steps:  1573 | steps_t:     0 | t: 1.323149 | r:  -507.000000 | e:   1.000000 | Q:        nan | won: False 
#  169 | steps:  1580 | steps_t:     0 | t: 1.326986 | r:  -506.000000 | e:   1.000000 | Q:        nan | won: False 
#  170 | steps:  1588 | steps_t:     0 | t: 1.331398 | r:  -507.000000 | e:   1.000000 | Q:        nan | won: False 
#  171 | steps:  1600 | steps_t:     0 | t: 1.337896 | r:  -511.000000 | e:   1.000000 | Q:        nan | won: False 
#  172 | steps:  1611 | steps_t:     0 | t: 1.343905 | r:  -510.000000 | e:   1.000000 | Q:        nan | won: False 
#  173 | steps:  1617 | steps_t:     0 | t: 1.347477 | r:  -505.000000 | e:   1.000000 | Q:        nan | won: False 
#  174 | steps:  1624 | steps_t:     0 | t: 1.352404 | r:  -506.000000 | e:   1.000000 | Q:        nan | won: False 
#  175 | steps:  1632 | steps_t:     0 | t: 1.357330 | r:  -507.000000 | e:   1.000000 | Q:        nan | won: False 
#  176 | steps:  1639 | steps_t:     0 | t: 1.365119 | r:  -506.000000 | e:   1.000000 | Q:        nan | won: False 
#  177 | steps:  1649 | steps_t:     0 | t: 1.371213 | r:  -509.000000 | e:   1.000000 | Q:        nan | won: False 
#  178 | steps:  1664 | steps_t:     0 | t: 1.382026 | r:  -514.000000 | e:   1.000000 | Q:        nan | won: False 
#  179 | steps:  1675 | steps_t:     0 | t: 1.388495 | r:  -510.000000 | e:   1.000000 | Q:        nan | won: False 
#  180 | steps:  1683 | steps_t:     0 | t: 1.393144 | r:  -507.000000 | e:   1.000000 | Q:        nan | won: False 
#  181 | steps:  1693 | steps_t:     0 | t: 1.399201 | r:  -509.000000 | e:   1.000000 | Q:        nan | won: False 
#  182 | steps:  1705 | steps_t:     0 | t: 1.406161 | r:  -511.000000 | e:   1.000000 | Q:        nan | won: False 
#  183 | steps:  1714 | steps_t:     0 | t: 1.413062 | r:  -508.000000 | e:   1.000000 | Q:        nan | won: False 
#  184 | steps:  1730 | steps_t:     0 | t: 1.423624 | r:  -515.000000 | e:   1.000000 | Q:        nan | won: False 
#  185 | steps:  1740 | steps_t:     0 | t: 1.431803 | r:  -509.000000 | e:   1.000000 | Q:        nan | won: False 
#  186 | steps:  1752 | steps_t:     0 | t: 1.439801 | r:  -511.000000 | e:   1.000000 | Q:        nan | won: False 
#  187 | steps:  1761 | steps_t:     0 | t: 1.445039 | r:  -508.000000 | e:   1.000000 | Q:        nan | won: False 
#  188 | steps:  1769 | steps_t:     0 | t: 1.449731 | r:  -507.000000 | e:   1.000000 | Q:        nan | won: False 
#  189 | steps:  1776 | steps_t:     0 | t: 1.456928 | r:  -506.000000 | e:   1.000000 | Q:        nan | won: False 
#  190 | steps:  1789 | steps_t:     0 | t: 1.467975 | r:  -512.000000 | e:   1.000000 | Q:        nan | won: False 
#  191 | steps:  1798 | steps_t:     0 | t: 1.473953 | r:  -508.000000 | e:   1.000000 | Q:        nan | won: False 
#  192 | steps:  1809 | steps_t:     0 | t: 1.481349 | r:  -510.000000 | e:   1.000000 | Q:        nan | won: False 
#  193 | steps:  1819 | steps_t:     0 | t: 1.491463 | r:  -509.000000 | e:   1.000000 | Q:        nan | won: False 
#  194 | steps:  1832 | steps_t:     0 | t: 1.506620 | r:  -512.000000 | e:   1.000000 | Q:        nan | won: False 
#  195 | steps:  1839 | steps_t:     0 | t: 1.512829 | r:  -506.000000 | e:   1.000000 | Q:        nan | won: False 
#  196 | steps:  1868 | steps_t:     0 | t: 1.538453 | r:  -528.000000 | e:   1.000000 | Q:        nan | won: False 
#  197 | steps:  1876 | steps_t:     0 | t: 1.545310 | r:  -507.000000 | e:   1.000000 | Q:        nan | won: False 
#  198 | steps:  1888 | steps_t:     0 | t: 1.556538 | r:  -511.000000 | e:   1.000000 | Q:        nan | won: False 
#  199 | steps:  1895 | steps_t:     0 | t: 1.560630 | r:  -506.000000 | e:   1.000000 | Q:        nan | won: False 
#  200 | steps:  1901 | steps_t:     0 | t: 1.567116 | r:  -505.000000 | e:   1.000000 | Q:        nan | won: False 
#  201 | steps:  1908 | steps_t:     0 | t: 1.572076 | r:  -506.000000 | e:   1.000000 | Q:        nan | won: False 
#  202 | steps:  1923 | steps_t:     0 | t: 1.592229 | r:  -514.000000 | e:   1.000000 | Q:        nan | won: False 
#  203 | steps:  1935 | steps_t:     0 | t: 1.603853 | r:  -511.000000 | e:   1.000000 | Q:        nan | won: False 
#  204 | steps:  1941 | steps_t:     0 | t: 1.608618 | r:  -505.000000 | e:   1.000000 | Q:        nan | won: False 
#  205 | steps:  1949 | steps_t:     0 | t: 1.614942 | r:  -507.000000 | e:   1.000000 | Q:        nan | won: False 
#  206 | steps:  1963 | steps_t:     0 | t: 1.630748 | r:  -513.000000 | e:   1.000000 | Q:        nan | won: False 
#  207 | steps:  1971 | steps_t:     0 | t: 1.640643 | r:  -507.000000 | e:   1.000000 | Q:        nan | won: False 
#  208 | steps:  1980 | steps_t:     0 | t: 1.653790 | r:  -508.000000 | e:   1.000000 | Q:        nan | won: False 
#  209 | steps:  1990 | steps_t:     0 | t: 1.661245 | r:  -509.000000 | e:   1.000000 | Q:        nan | won: False 
#  210 | steps:  1998 | steps_t:     0 | t: 1.669081 | r:  -507.000000 | e:   1.000000 | Q:        nan | won: False 
#  211 | steps:  2007 | steps_t:     0 | t: 1.677367 | r:  -508.000000 | e:   1.000000 | Q:        nan | won: False 
#  212 | steps:  2015 | steps_t:     0 | t: 1.686462 | r:  -507.000000 | e:   1.000000 | Q:        nan | won: False 
#  213 | steps:  2033 | steps_t:     0 | t: 1.699282 | r:  -517.000000 | e:   1.000000 | Q:        nan | won: False 
#  214 | steps:  2053 | steps_t:     0 | t: 1.722168 | r:  -508.000000 | e:   1.000000 | Q:        nan | won: False 
#  215 | steps:  2061 | steps_t:     0 | t: 1.728910 | r:  -507.000000 | e:   1.000000 | Q:        nan | won: False 
#  216 | steps:  2069 | steps_t:     0 | t: 1.751233 | r:  -507.000000 | e:   1.000000 | Q:        nan | won: False 
#  217 | steps:  2079 | steps_t:     0 | t: 1.761433 | r:  -509.000000 | e:   1.000000 | Q:        nan | won: False 
#  218 | steps:  2086 | steps_t:     0 | t: 1.769146 | r:  -506.000000 | e:   1.000000 | Q:        nan | won: False 
#  219 | steps:  2093 | steps_t:     0 | t: 1.773927 | r:  -506.000000 | e:   1.000000 | Q:        nan | won: False 
#  220 | steps:  2105 | steps_t:     0 | t: 1.782586 | r:  -511.000000 | e:   1.000000 | Q:        nan | won: False 
#  221 | steps:  2113 | steps_t:     0 | t: 1.791801 | r:  -507.000000 | e:   1.000000 | Q:        nan | won: False 
#  222 | steps:  2118 | steps_t:     0 | t: 1.795446 | r:  -504.000000 | e:   1.000000 | Q:        nan | won: False 
#  223 | steps:  2126 | steps_t:     0 | t: 1.804238 | r:  -507.000000 | e:   1.000000 | Q:        nan | won: False 
#  224 | steps:  2137 | steps_t:     0 | t: 1.816325 | r:  -510.000000 | e:   1.000000 | Q:        nan | won: False 
#  225 | steps:  2146 | steps_t:     0 | t: 1.828549 | r:  -508.000000 | e:   1.000000 | Q:        nan | won: False 
#  226 | steps:  2153 | steps_t:     0 | t: 1.836567 | r:  -506.000000 | e:   1.000000 | Q:        nan | won: False 
#  227 | steps:  2166 | steps_t:     0 | t: 1.850729 | r:  -512.000000 | e:   1.000000 | Q:        nan | won: False 
#  228 | steps:  2178 | steps_t:     0 | t: 1.864428 | r:  -511.000000 | e:   1.000000 | Q:        nan | won: False 
#  229 | steps:  2186 | steps_t:     0 | t: 1.873675 | r:  -507.000000 | e:   1.000000 | Q:        nan | won: False 
#  230 | steps:  2195 | steps_t:     0 | t: 1.881475 | r:  -508.000000 | e:   1.000000 | Q:        nan | won: False 
#  231 | steps:  2203 | steps_t:     0 | t: 1.886374 | r:  -507.000000 | e:   1.000000 | Q:        nan | won: False 
#  232 | steps:  2210 | steps_t:     0 | t: 1.891558 | r:  -506.000000 | e:   1.000000 | Q:        nan | won: False 
#  233 | steps:  2217 | steps_t:     0 | t: 1.898763 | r:  -506.000000 | e:   1.000000 | Q:        nan | won: False 
#  234 | steps:  2224 | steps_t:     0 | t: 1.906036 | r:  -506.000000 | e:   1.000000 | Q:        nan | won: False 
#  235 | steps:  2237 | steps_t:     0 | t: 1.916220 | r:  -512.000000 | e:   1.000000 | Q:        nan | won: False 
#  236 | steps:  2245 | steps_t:     0 | t: 1.924090 | r:  -507.000000 | e:   1.000000 | Q:        nan | won: False 
#  237 | steps:  2255 | steps_t:     0 | t: 1.936363 | r:  -509.000000 | e:   1.000000 | Q:        nan | won: False 
#  238 | steps:  2265 | steps_t:     0 | t: 1.943237 | r:  -509.000000 | e:   1.000000 | Q:        nan | won: False 
#  239 | steps:  2272 | steps_t:     0 | t: 1.949586 | r:  -506.000000 | e:   1.000000 | Q:        nan | won: False 
#  240 | steps:  2286 | steps_t:     0 | t: 1.965678 | r:  -502.000000 | e:   1.000000 | Q:        nan | won: False 
#  241 | steps:  2295 | steps_t:     0 | t: 1.974582 | r:  -508.000000 | e:   1.000000 | Q:        nan | won: False 
#  242 | steps:  2305 | steps_t:     0 | t: 1.982896 | r:  -509.000000 | e:   1.000000 | Q:        nan | won: False 
#  243 | steps:  2311 | steps_t:     0 | t: 1.988255 | r:  -505.000000 | e:   1.000000 | Q:        nan | won: False 
#  244 | steps:  2319 | steps_t:     0 | t: 1.999195 | r:  -507.000000 | e:   1.000000 | Q:        nan | won: False 
#  245 | steps:  2326 | steps_t:     0 | t: 2.007298 | r:  -506.000000 | e:   1.000000 | Q:        nan | won: False 
#  246 | steps:  2340 | steps_t:     0 | t: 2.021146 | r:  -513.000000 | e:   1.000000 | Q:        nan | won: False 
#  247 | steps:  2346 | steps_t:     0 | t: 2.026527 | r:  -505.000000 | e:   1.000000 | Q:        nan | won: False 
#  248 | steps:  2357 | steps_t:     0 | t: 2.035134 | r:  -510.000000 | e:   1.000000 | Q:        nan | won: False 
#  249 | steps:  2365 | steps_t:     0 | t: 2.042049 | r:  -507.000000 | e:   1.000000 | Q:        nan | won: False 
#  250 | steps:  2373 | steps_t:     0 | t: 2.050337 | r:  -507.000000 | e:   1.000000 | Q:        nan | won: False 
#  251 | steps:  2380 | steps_t:     0 | t: 2.057367 | r:  -506.000000 | e:   1.000000 | Q:        nan | won: False 
#  252 | steps:  2389 | steps_t:     0 | t: 2.064612 | r:  -508.000000 | e:   1.000000 | Q:        nan | won: False 
#  253 | steps:  2396 | steps_t:     0 | t: 2.072084 | r:  -506.000000 | e:   1.000000 | Q:        nan | won: False 
#  254 | steps:  2405 | steps_t:     0 | t: 2.081920 | r:  -508.000000 | e:   1.000000 | Q:        nan | won: False 
#  255 | steps:  2410 | steps_t:     0 | t: 2.088130 | r:  -504.000000 | e:   1.000000 | Q:        nan | won: False 
#  256 | steps:  2417 | steps_t:     0 | t: 2.096425 | r:  -506.000000 | e:   1.000000 | Q:        nan | won: False 
#  257 | steps:  2430 | steps_t:     0 | t: 2.113275 | r:  -512.000000 | e:   1.000000 | Q:        nan | won: False 
#  258 | steps:  2439 | steps_t:     0 | t: 2.124718 | r:  -508.000000 | e:   1.000000 | Q:        nan | won: False 
#  259 | steps:  2449 | steps_t:     0 | t: 2.134129 | r:  -509.000000 | e:   1.000000 | Q:        nan | won: False 
#  260 | steps:  2462 | steps_t:     0 | t: 2.148589 | r:  -512.000000 | e:   1.000000 | Q:        nan | won: False 
#  261 | steps:  2469 | steps_t:     0 | t: 2.157061 | r:  -506.000000 | e:   1.000000 | Q:        nan | won: False 
#  262 | steps:  2476 | steps_t:     0 | t: 2.164717 | r:  -506.000000 | e:   1.000000 | Q:        nan | won: False 
#  263 | steps:  2500 | steps_t:     0 | t: 2.186576 | r:  -512.000000 | e:   1.000000 | Q:        nan | won: False 
#  264 | steps:  2510 | steps_t:     0 | t: 2.202035 | r:  -509.000000 | e:   1.000000 | Q:        nan | won: False 
#  265 | steps:  2519 | steps_t:     0 | t: 2.213330 | r:  -508.000000 | e:   1.000000 | Q:        nan | won: False 
#  266 | steps:  2527 | steps_t:     0 | t: 2.220334 | r:  -507.000000 | e:   1.000000 | Q:        nan | won: False 
#  267 | steps:  2539 | steps_t:     0 | t: 2.233757 | r:  -511.000000 | e:   1.000000 | Q:        nan | won: False 
#  268 | steps:  2545 | steps_t:     0 | t: 2.241735 | r:  -505.000000 | e:   1.000000 | Q:        nan | won: False 
#  269 | steps:  2556 | steps_t:     0 | t: 2.255220 | r:  -510.000000 | e:   1.000000 | Q:        nan | won: False 
#  270 | steps:  2561 | steps_t:     0 | t: 2.261073 | r:  -504.000000 | e:   1.000000 | Q:        nan | won: False 
#  271 | steps:  2567 | steps_t:     0 | t: 2.268763 | r:  -505.000000 | e:   1.000000 | Q:        nan | won: False 
#  272 | steps:  2585 | steps_t:     0 | t: 2.289984 | r:  -517.000000 | e:   1.000000 | Q:        nan | won: False 
#  273 | steps:  2593 | steps_t:     0 | t: 2.299459 | r:  -507.000000 | e:   1.000000 | Q:        nan | won: False 
#  274 | steps:  2602 | steps_t:     0 | t: 2.309245 | r:  -508.000000 | e:   1.000000 | Q:        nan | won: False 
#  275 | steps:  2610 | steps_t:     0 | t: 2.316418 | r:  -507.000000 | e:   1.000000 | Q:        nan | won: False 
#  276 | steps:  2620 | steps_t:     0 | t: 2.327445 | r:  -509.000000 | e:   1.000000 | Q:        nan | won: False 
#  277 | steps:  2638 | steps_t:     0 | t: 2.345380 | r:  -517.000000 | e:   1.000000 | Q:        nan | won: False 
#  278 | steps:  2646 | steps_t:     0 | t: 2.353197 | r:  -507.000000 | e:   1.000000 | Q:        nan | won: False 
#  279 | steps:  2667 | steps_t:     0 | t: 2.378731 | r:  -520.000000 | e:   1.000000 | Q:        nan | won: False 
#  280 | steps:  2674 | steps_t:     0 | t: 2.387013 | r:  -506.000000 | e:   1.000000 | Q:        nan | won: False 
#  281 | steps:  2682 | steps_t:     0 | t: 2.395728 | r:  -507.000000 | e:   1.000000 | Q:        nan | won: False 
#  282 | steps:  2692 | steps_t:     0 | t: 2.408176 | r:  -509.000000 | e:   1.000000 | Q:        nan | won: False 
#  283 | steps:  2699 | steps_t:     0 | t: 2.417848 | r:  -506.000000 | e:   1.000000 | Q:        nan | won: False 
#  284 | steps:  2706 | steps_t:     0 | t: 2.425391 | r:  -506.000000 | e:   1.000000 | Q:        nan | won: False 
#  285 | steps:  2717 | steps_t:     0 | t: 2.435446 | r:  -510.000000 | e:   1.000000 | Q:        nan | won: False 
#  286 | steps:  2729 | steps_t:     0 | t: 2.448048 | r:  -511.000000 | e:   1.000000 | Q:        nan | won: False 
#  287 | steps:  2737 | steps_t:     0 | t: 2.457003 | r:  -507.000000 | e:   1.000000 | Q:        nan | won: False 
#  288 | steps:  2744 | steps_t:     0 | t: 2.462584 | r:  -506.000000 | e:   1.000000 | Q:        nan | won: False 
#  289 | steps:  2751 | steps_t:     0 | t: 2.469500 | r:  -506.000000 | e:   1.000000 | Q:        nan | won: False 
#  290 | steps:  2763 | steps_t:     0 | t: 2.482370 | r:  -511.000000 | e:   1.000000 | Q:        nan | won: False 
#  291 | steps:  2776 | steps_t:     0 | t: 2.496746 | r:  -512.000000 | e:   1.000000 | Q:        nan | won: False 
#  292 | steps:  2782 | steps_t:     0 | t: 2.504164 | r:  -505.000000 | e:   1.000000 | Q:        nan | won: False 
#  293 | steps:  2805 | steps_t:     0 | t: 2.536302 | r:  -522.000000 | e:   1.000000 | Q:        nan | won: False 
#  294 | steps:  2812 | steps_t:     0 | t: 2.546054 | r:  -506.000000 | e:   1.000000 | Q:        nan | won: False 
#  295 | steps:  2826 | steps_t:     0 | t: 2.563419 | r:  -513.000000 | e:   1.000000 | Q:        nan | won: False 
#  296 | steps:  2832 | steps_t:     0 | t: 2.571905 | r:  -505.000000 | e:   1.000000 | Q:        nan | won: False 
#  297 | steps:  2837 | steps_t:     0 | t: 2.583322 | r:  -504.000000 | e:   1.000000 | Q:        nan | won: False 
#  298 | steps:  2847 | steps_t:     0 | t: 2.595218 | r:  -509.000000 | e:   1.000000 | Q:        nan | won: False 
#  299 | steps:  2856 | steps_t:     0 | t: 2.603318 | r:  -508.000000 | e:   1.000000 | Q:        nan | won: False 
#  300 | steps:  2877 | steps_t:     0 | t: 2.631919 | r:  -520.000000 | e:   1.000000 | Q:        nan | won: False 
#  301 | steps:  2885 | steps_t:     0 | t: 2.641833 | r:  -507.000000 | e:   1.000000 | Q:        nan | won: False 
#  302 | steps:  2891 | steps_t:     0 | t: 2.649107 | r:  -505.000000 | e:   1.000000 | Q:        nan | won: False 
#  303 | steps:  2899 | steps_t:     0 | t: 2.659929 | r:  -507.000000 | e:   1.000000 | Q:        nan | won: False 
#  304 | steps:  2905 | steps_t:     0 | t: 2.675106 | r:  -505.000000 | e:   1.000000 | Q:        nan | won: False 
#  305 | steps:  2919 | steps_t:     0 | t: 2.694208 | r:  -513.000000 | e:   1.000000 | Q:        nan | won: False 
#  306 | steps:  2929 | steps_t:     0 | t: 2.717178 | r:  -509.000000 | e:   1.000000 | Q:        nan | won: False 
#  307 | steps:  2937 | steps_t:     0 | t: 2.729340 | r:  -507.000000 | e:   1.000000 | Q:        nan | won: False 
#  308 | steps:  2943 | steps_t:     0 | t: 2.740764 | r:  -505.000000 | e:   1.000000 | Q:        nan | won: False 
#  309 | steps:  2950 | steps_t:     0 | t: 2.752375 | r:  -506.000000 | e:   1.000000 | Q:        nan | won: False 
#  310 | steps:  2958 | steps_t:     0 | t: 2.765965 | r:  -507.000000 | e:   1.000000 | Q:        nan | won: False 
#  311 | steps:  2964 | steps_t:     0 | t: 2.774087 | r:  -505.000000 | e:   1.000000 | Q:        nan | won: False 
#  312 | steps:  2971 | steps_t:     0 | t: 2.784610 | r:  -506.000000 | e:   1.000000 | Q:        nan | won: False 
#  313 | steps:  2977 | steps_t:     0 | t: 2.796037 | r:  -505.000000 | e:   1.000000 | Q:        nan | won: False 
#  314 | steps:  2988 | steps_t:     0 | t: 2.811169 | r:  -510.000000 | e:   1.000000 | Q:        nan | won: False 
#  315 | steps:  2997 | steps_t:     0 | t: 2.824494 | r:  -508.000000 | e:   1.000000 | Q:        nan | won: False 
#  316 | steps:  3008 | steps_t:     0 | t: 2.836551 | r:  -510.000000 | e:   1.000000 | Q:        nan | won: False 
#  317 | steps:  3014 | steps_t:     0 | t: 2.843799 | r:  -505.000000 | e:   1.000000 | Q:        nan | won: False 
#  318 | steps:  3020 | steps_t:     0 | t: 2.860783 | r:  -505.000000 | e:   1.000000 | Q:        nan | won: False 
#  319 | steps:  3030 | steps_t:     0 | t: 2.876317 | r:  -509.000000 | e:   1.000000 | Q:        nan | won: False 
#  320 | steps:  3038 | steps_t:     0 | t: 2.886766 | r:  -507.000000 | e:   1.000000 | Q:        nan | won: False 
#  321 | steps:  3054 | steps_t:     0 | t: 2.907999 | r:  -504.000000 | e:   1.000000 | Q:        nan | won: False 
#  322 | steps:  3064 | steps_t:     0 | t: 2.918937 | r:  -509.000000 | e:   1.000000 | Q:        nan | won: False 
#  323 | steps:  3070 | steps_t:     0 | t: 2.924869 | r:  -505.000000 | e:   1.000000 | Q:        nan | won: False 
#  324 | steps:  3082 | steps_t:     0 | t: 2.937090 | r:  -511.000000 | e:   1.000000 | Q:        nan | won: False 
#  325 | steps:  3089 | steps_t:     0 | t: 2.946595 | r:  -506.000000 | e:   1.000000 | Q:        nan | won: False 
#  326 | steps:  3108 | steps_t:     0 | t: 2.969472 | r:  -518.000000 | e:   1.000000 | Q:        nan | won: False 
#  327 | steps:  3115 | steps_t:     0 | t: 2.977509 | r:  -506.000000 | e:   1.000000 | Q:        nan | won: False 
#  328 | steps:  3122 | steps_t:     0 | t: 2.983438 | r:  -506.000000 | e:   1.000000 | Q:        nan | won: False 
#  329 | steps:  3133 | steps_t:     0 | t: 2.992467 | r:  -510.000000 | e:   1.000000 | Q:        nan | won: False 
#  330 | steps:  3138 | steps_t:     0 | t: 2.999372 | r:  -504.000000 | e:   1.000000 | Q:        nan | won: False 
#  331 | steps:  3147 | steps_t:     0 | t: 3.012220 | r:  -508.000000 | e:   1.000000 | Q:        nan | won: False 
#  332 | steps:  3156 | steps_t:     0 | t: 3.021348 | r:  -508.000000 | e:   1.000000 | Q:        nan | won: False 
#  333 | steps:  3166 | steps_t:     0 | t: 3.035314 | r:  -509.000000 | e:   1.000000 | Q:        nan | won: False 
#  334 | steps:  3172 | steps_t:     0 | t: 3.041883 | r:  -505.000000 | e:   1.000000 | Q:        nan | won: False 
#  335 | steps:  3181 | steps_t:     0 | t: 3.050811 | r:  -508.000000 | e:   1.000000 | Q:        nan | won: False 
#  336 | steps:  3186 | steps_t:     0 | t: 3.055409 | r:  -504.000000 | e:   1.000000 | Q:        nan | won: False 
#  337 | steps:  3198 | steps_t:     0 | t: 3.071730 | r:  -511.000000 | e:   1.000000 | Q:        nan | won: False 
#  338 | steps:  3214 | steps_t:     0 | t: 3.091877 | r:  -515.000000 | e:   1.000000 | Q:        nan | won: False 
#  339 | steps:  3224 | steps_t:     0 | t: 3.101353 | r:  -509.000000 | e:   1.000000 | Q:        nan | won: False 
#  340 | steps:  3238 | steps_t:     0 | t: 3.115748 | r:  -513.000000 | e:   1.000000 | Q:        nan | won: False 
#  341 | steps:  3246 | steps_t:     0 | t: 3.125370 | r:  -507.000000 | e:   1.000000 | Q:        nan | won: False 
#  342 | steps:  3254 | steps_t:     0 | t: 3.133545 | r:  -507.000000 | e:   1.000000 | Q:        nan | won: False 
#  343 | steps:  3263 | steps_t:     0 | t: 3.144915 | r:  -508.000000 | e:   1.000000 | Q:        nan | won: False 
#  344 | steps:  3273 | steps_t:     0 | t: 3.154781 | r:  -509.000000 | e:   1.000000 | Q:        nan | won: False 
#  345 | steps:  3284 | steps_t:     0 | t: 3.167430 | r:  -510.000000 | e:   1.000000 | Q:        nan | won: False 
#  346 | steps:  3291 | steps_t:     0 | t: 3.176776 | r:  -506.000000 | e:   1.000000 | Q:        nan | won: False 
#  347 | steps:  3300 | steps_t:     0 | t: 3.190578 | r:  -508.000000 | e:   1.000000 | Q:        nan | won: False 
#  348 | steps:  3310 | steps_t:     0 | t: 3.206034 | r:  -509.000000 | e:   1.000000 | Q:        nan | won: False 
#  349 | steps:  3320 | steps_t:     0 | t: 3.217256 | r:  -509.000000 | e:   1.000000 | Q:        nan | won: False 
#  350 | steps:  3331 | steps_t:     0 | t: 3.227885 | r:  -510.000000 | e:   1.000000 | Q:        nan | won: False 
#  351 | steps:  3338 | steps_t:     0 | t: 3.234320 | r:  -506.000000 | e:   1.000000 | Q:        nan | won: False 
#  352 | steps:  3346 | steps_t:     0 | t: 3.240439 | r:  -507.000000 | e:   1.000000 | Q:        nan | won: False 
#  353 | steps:  3369 | steps_t:     0 | t: 3.260991 | r:  -522.000000 | e:   1.000000 | Q:        nan | won: False 
#  354 | steps:  3378 | steps_t:     0 | t: 3.270586 | r:  -508.000000 | e:   1.000000 | Q:        nan | won: False 
#  355 | steps:  3387 | steps_t:     0 | t: 3.280931 | r:  -508.000000 | e:   1.000000 | Q:        nan | won: False 
#  356 | steps:  3394 | steps_t:     0 | t: 3.290135 | r:  -506.000000 | e:   1.000000 | Q:        nan | won: False 
#  357 | steps:  3402 | steps_t:     0 | t: 3.296956 | r:  -507.000000 | e:   1.000000 | Q:        nan | won: False 
#  358 | steps:  3410 | steps_t:     0 | t: 3.304526 | r:  -507.000000 | e:   1.000000 | Q:        nan | won: False 
#  359 | steps:  3418 | steps_t:     0 | t: 3.313728 | r:  -507.000000 | e:   1.000000 | Q:        nan | won: False 
#  360 | steps:  3426 | steps_t:     0 | t: 3.320644 | r:  -507.000000 | e:   1.000000 | Q:        nan | won: False 
#  361 | steps:  3434 | steps_t:     0 | t: 3.329238 | r:  -507.000000 | e:   1.000000 | Q:        nan | won: False 
#  362 | steps:  3445 | steps_t:     0 | t: 3.341421 | r:  -510.000000 | e:   1.000000 | Q:        nan | won: False 
#  363 | steps:  3452 | steps_t:     0 | t: 3.349022 | r:  -506.000000 | e:   1.000000 | Q:        nan | won: False 
#  364 | steps:  3458 | steps_t:     0 | t: 3.358642 | r:  -505.000000 | e:   1.000000 | Q:        nan | won: False 
#  365 | steps:  3466 | steps_t:     0 | t: 3.368352 | r:  -507.000000 | e:   1.000000 | Q:        nan | won: False 
#  366 | steps:  3471 | steps_t:     0 | t: 3.374387 | r:  -504.000000 | e:   1.000000 | Q:        nan | won: False 
#  367 | steps:  3483 | steps_t:     0 | t: 3.388268 | r:  -511.000000 | e:   1.000000 | Q:        nan | won: False 
#  368 | steps:  3497 | steps_t:     0 | t: 3.404454 | r:  -513.000000 | e:   1.000000 | Q:        nan | won: False 
#  369 | steps:  3508 | steps_t:     0 | t: 3.413938 | r:  -510.000000 | e:   1.000000 | Q:        nan | won: False 
#  370 | steps:  3516 | steps_t:     0 | t: 3.422144 | r:  -507.000000 | e:   1.000000 | Q:        nan | won: False 
#  371 | steps:  3529 | steps_t:     0 | t: 3.434935 | r:  -512.000000 | e:   1.000000 | Q:        nan | won: False 
#  372 | steps:  3534 | steps_t:     0 | t: 3.440889 | r:  -504.000000 | e:   1.000000 | Q:        nan | won: False 
#  373 | steps:  3540 | steps_t:     0 | t: 3.448858 | r:  -505.000000 | e:   1.000000 | Q:        nan | won: False 
#  374 | steps:  3548 | steps_t:     0 | t: 3.460418 | r:  -507.000000 | e:   1.000000 | Q:        nan | won: False 
#  375 | steps:  3556 | steps_t:     0 | t: 3.474430 | r:  -507.000000 | e:   1.000000 | Q:        nan | won: False 
#  376 | steps:  3564 | steps_t:     0 | t: 3.487487 | r:  -507.000000 | e:   1.000000 | Q:        nan | won: False 
#  377 | steps:  3573 | steps_t:     0 | t: 3.496946 | r:  -508.000000 | e:   1.000000 | Q:        nan | won: False 
#  378 | steps:  3591 | steps_t:     0 | t: 3.515282 | r:  -517.000000 | e:   1.000000 | Q:        nan | won: False 
#  379 | steps:  3599 | steps_t:     0 | t: 3.523278 | r:  -507.000000 | e:   1.000000 | Q:        nan | won: False 
#  380 | steps:  3606 | steps_t:     0 | t: 3.531893 | r:  -506.000000 | e:   1.000000 | Q:        nan | won: False 
#  381 | steps:  3615 | steps_t:     0 | t: 3.541948 | r:  -508.000000 | e:   1.000000 | Q:        nan | won: False 
#  382 | steps:  3623 | steps_t:     0 | t: 3.552584 | r:  -507.000000 | e:   1.000000 | Q:        nan | won: False 
#  383 | steps:  3633 | steps_t:     0 | t: 3.565534 | r:  -509.000000 | e:   1.000000 | Q:        nan | won: False 
#  384 | steps:  3643 | steps_t:     0 | t: 3.575637 | r:  -509.000000 | e:   1.000000 | Q:        nan | won: False 
#  385 | steps:  3652 | steps_t:     0 | t: 3.590320 | r:  -508.000000 | e:   1.000000 | Q:        nan | won: False 
#  386 | steps:  3659 | steps_t:     0 | t: 3.601908 | r:  -506.000000 | e:   1.000000 | Q:        nan | won: False 
#  387 | steps:  3672 | steps_t:     0 | t: 3.627222 | r:  -512.000000 | e:   1.000000 | Q:        nan | won: False 
#  388 | steps:  3680 | steps_t:     0 | t: 3.653232 | r:  -507.000000 | e:   1.000000 | Q:        nan | won: False 
#  389 | steps:  3688 | steps_t:     0 | t: 3.665671 | r:  -507.000000 | e:   1.000000 | Q:        nan | won: False 
#  390 | steps:  3697 | steps_t:     0 | t: 3.679230 | r:  -508.000000 | e:   1.000000 | Q:        nan | won: False 
#  391 | steps:  3705 | steps_t:     0 | t: 3.687927 | r:  -507.000000 | e:   1.000000 | Q:        nan | won: False 
#  392 | steps:  3715 | steps_t:     0 | t: 3.701383 | r:  -509.000000 | e:   1.000000 | Q:        nan | won: False 
#  393 | steps:  3727 | steps_t:     0 | t: 3.722080 | r:  -511.000000 | e:   1.000000 | Q:        nan | won: False 
#  394 | steps:  3735 | steps_t:     0 | t: 3.736510 | r:  -507.000000 | e:   1.000000 | Q:        nan | won: False 
#  395 | steps:  3748 | steps_t:     0 | t: 3.762118 | r:  -512.000000 | e:   1.000000 | Q:        nan | won: False 
#  396 | steps:  3757 | steps_t:     0 | t: 3.774379 | r:  -508.000000 | e:   1.000000 | Q:        nan | won: False 
#  397 | steps:  3766 | steps_t:     0 | t: 3.796435 | r:  -508.000000 | e:   1.000000 | Q:        nan | won: False 
#  398 | steps:  3776 | steps_t:     0 | t: 3.809456 | r:  -509.000000 | e:   1.000000 | Q:        nan | won: False 
#  399 | steps:  3784 | steps_t:     0 | t: 3.824660 | r:  -507.000000 | e:   1.000000 | Q:        nan | won: False 
#  400 | steps:  3796 | steps_t:     0 | t: 3.842537 | r:  -511.000000 | e:   1.000000 | Q:        nan | won: False 
#  401 | steps:  3804 | steps_t:     0 | t: 3.852898 | r:  -507.000000 | e:   1.000000 | Q:        nan | won: False 
#  402 | steps:  3817 | steps_t:     0 | t: 3.879828 | r:  -512.000000 | e:   1.000000 | Q:        nan | won: False 
#  403 | steps:  3829 | steps_t:     0 | t: 3.894556 | r:  -511.000000 | e:   1.000000 | Q:        nan | won: False 
#  404 | steps:  3836 | steps_t:     0 | t: 3.907320 | r:  -506.000000 | e:   1.000000 | Q:        nan | won: False 
#  405 | steps:  3846 | steps_t:     0 | t: 3.923724 | r:  -509.000000 | e:   1.000000 | Q:        nan | won: False 
#  406 | steps:  3856 | steps_t:     0 | t: 3.942611 | r:  -509.000000 | e:   1.000000 | Q:        nan | won: False 
#  407 | steps:  3863 | steps_t:     0 | t: 3.961059 | r:  -506.000000 | e:   1.000000 | Q:        nan | won: False 
#  408 | steps:  3869 | steps_t:     0 | t: 3.971905 | r:  -505.000000 | e:   1.000000 | Q:        nan | won: False 
#  409 | steps:  3877 | steps_t:     0 | t: 3.986584 | r:  -507.000000 | e:   1.000000 | Q:        nan | won: False 
#  410 | steps:  3884 | steps_t:     0 | t: 3.999491 | r:  -506.000000 | e:   1.000000 | Q:        nan | won: False 
#  411 | steps:  3890 | steps_t:     0 | t: 4.010018 | r:  -505.000000 | e:   1.000000 | Q:        nan | won: False 
#  412 | steps:  3898 | steps_t:     0 | t: 4.020333 | r:  -507.000000 | e:   1.000000 | Q:        nan | won: False 
#  413 | steps:  3909 | steps_t:     0 | t: 4.040804 | r:  -510.000000 | e:   1.000000 | Q:        nan | won: False 
#  414 | steps:  3917 | steps_t:     0 | t: 4.054005 | r:  -507.000000 | e:   1.000000 | Q:        nan | won: False 
#  415 | steps:  3931 | steps_t:     0 | t: 4.078344 | r:  -513.000000 | e:   1.000000 | Q:        nan | won: False 
#  416 | steps:  3940 | steps_t:     0 | t: 4.096426 | r:  -508.000000 | e:   1.000000 | Q:        nan | won: False 
#  417 | steps:  3946 | steps_t:     0 | t: 4.104966 | r:  -505.000000 | e:   1.000000 | Q:        nan | won: False 
#  418 | steps:  3957 | steps_t:     0 | t: 4.122630 | r:  -510.000000 | e:   1.000000 | Q:        nan | won: False 
#  419 | steps:  3970 | steps_t:     0 | t: 4.139699 | r:  -512.000000 | e:   1.000000 | Q:        nan | won: False 
#  420 | steps:  3977 | steps_t:     0 | t: 4.146225 | r:  -506.000000 | e:   1.000000 | Q:        nan | won: False 
#  421 | steps:  3994 | steps_t:     0 | t: 4.166573 | r:  -516.000000 | e:   1.000000 | Q:        nan | won: False 
#  422 | steps:  4000 | steps_t:     0 | t: 4.176085 | r:  -505.000000 | e:   1.000000 | Q:        nan | won: False 
#  423 | steps:  4009 | steps_t:     0 | t: 4.191293 | r:  -508.000000 | e:   1.000000 | Q:        nan | won: False 
#  424 | steps:  4019 | steps_t:     0 | t: 4.205990 | r:  -509.000000 | e:   1.000000 | Q:        nan | won: False 
#  425 | steps:  4028 | steps_t:     0 | t: 4.216791 | r:  -508.000000 | e:   1.000000 | Q:        nan | won: False 
#  426 | steps:  4042 | steps_t:     0 | t: 4.233184 | r:  -513.000000 | e:   1.000000 | Q:        nan | won: False 
#  427 | steps:  4053 | steps_t:     0 | t: 4.246229 | r:  -510.000000 | e:   1.000000 | Q:        nan | won: False 
#  428 | steps:  4061 | steps_t:     0 | t: 4.254898 | r:  -507.000000 | e:   1.000000 | Q:        nan | won: False 
#  429 | steps:  4068 | steps_t:     0 | t: 4.263049 | r:  -506.000000 | e:   1.000000 | Q:        nan | won: False 
#  430 | steps:  4076 | steps_t:     0 | t: 4.269123 | r:  -507.000000 | e:   1.000000 | Q:        nan | won: False 
#  431 | steps:  4083 | steps_t:     0 | t: 4.278614 | r:  -506.000000 | e:   1.000000 | Q:        nan | won: False 
#  432 | steps:  4090 | steps_t:     0 | t: 4.290433 | r:  -506.000000 | e:   1.000000 | Q:        nan | won: False 
#  433 | steps:  4098 | steps_t:     0 | t: 4.300850 | r:  -507.000000 | e:   1.000000 | Q:        nan | won: False 
#  434 | steps:  4107 | steps_t:     0 | t: 4.311053 | r:  -508.000000 | e:   1.000000 | Q:        nan | won: False 
#  435 | steps:  4124 | steps_t:     0 | t: 4.327632 | r:  -516.000000 | e:   1.000000 | Q:        nan | won: False 
#  436 | steps:  4133 | steps_t:     0 | t: 4.341571 | r:  -508.000000 | e:   1.000000 | Q:        nan | won: False 
#  437 | steps:  4140 | steps_t:     0 | t: 4.350559 | r:  -506.000000 | e:   1.000000 | Q:        nan | won: False 
#  438 | steps:  4146 | steps_t:     0 | t: 4.357685 | r:  -505.000000 | e:   1.000000 | Q:        nan | won: False 
#  439 | steps:  4158 | steps_t:     0 | t: 4.372233 | r:  -511.000000 | e:   1.000000 | Q:        nan | won: False 
#  440 | steps:  4167 | steps_t:     0 | t: 4.386198 | r:  -508.000000 | e:   1.000000 | Q:        nan | won: False 
#  441 | steps:  4176 | steps_t:     0 | t: 4.399999 | r:  -508.000000 | e:   1.000000 | Q:        nan | won: False 
#  442 | steps:  4185 | steps_t:     0 | t: 4.417666 | r:  -508.000000 | e:   1.000000 | Q:        nan | won: False 
#  443 | steps:  4200 | steps_t:     0 | t: 4.433577 | r:  -492.000000 | e:   1.000000 | Q:        nan | won: False 
#  444 | steps:  4211 | steps_t:     0 | t: 4.445486 | r:  -510.000000 | e:   1.000000 | Q:        nan | won: False 
#  445 | steps:  4220 | steps_t:     0 | t: 4.452873 | r:  -508.000000 | e:   1.000000 | Q:        nan | won: False 
#  446 | steps:  4226 | steps_t:     0 | t: 4.457348 | r:  -505.000000 | e:   1.000000 | Q:        nan | won: False 
#  447 | steps:  4237 | steps_t:     0 | t: 4.469476 | r:  -510.000000 | e:   1.000000 | Q:        nan | won: False 
#  448 | steps:  4243 | steps_t:     0 | t: 4.480728 | r:  -505.000000 | e:   1.000000 | Q:        nan | won: False 
#  449 | steps:  4251 | steps_t:     0 | t: 4.495084 | r:  -507.000000 | e:   1.000000 | Q:        nan | won: False 
#  450 | steps:  4261 | steps_t:     0 | t: 4.510235 | r:  -509.000000 | e:   1.000000 | Q:        nan | won: False 
#  451 | steps:  4268 | steps_t:     0 | t: 4.515898 | r:  -506.000000 | e:   1.000000 | Q:        nan | won: False 
#  452 | steps:  4280 | steps_t:     0 | t: 4.534675 | r:  -511.000000 | e:   1.000000 | Q:        nan | won: False 
#  453 | steps:  4297 | steps_t:     0 | t: 4.551815 | r:  -516.000000 | e:   1.000000 | Q:        nan | won: False 
#  454 | steps:  4308 | steps_t:     0 | t: 4.566630 | r:  -510.000000 | e:   1.000000 | Q:        nan | won: False 
#  455 | steps:  4314 | steps_t:     0 | t: 4.575582 | r:  -505.000000 | e:   1.000000 | Q:        nan | won: False 
#  456 | steps:  4320 | steps_t:     0 | t: 4.583844 | r:  -505.000000 | e:   1.000000 | Q:        nan | won: False 
#  457 | steps:  4328 | steps_t:     0 | t: 4.593965 | r:  -507.000000 | e:   1.000000 | Q:        nan | won: False 
#  458 | steps:  4336 | steps_t:     0 | t: 4.607950 | r:  -507.000000 | e:   1.000000 | Q:        nan | won: False 
#  459 | steps:  4343 | steps_t:     0 | t: 4.617342 | r:  -506.000000 | e:   1.000000 | Q:        nan | won: False 
#  460 | steps:  4364 | steps_t:     0 | t: 4.646706 | r:  -509.000000 | e:   1.000000 | Q:        nan | won: False 
#  461 | steps:  4379 | steps_t:     0 | t: 4.668849 | r:  -492.000000 | e:   1.000000 | Q:        nan | won: False 
#  462 | steps:  4385 | steps_t:     0 | t: 4.952005 | r:  -505.000000 | e:   1.000000 | Q:        nan | won: False 
#  463 | steps:  4393 | steps_t:     0 | t: 4.961222 | r:  -507.000000 | e:   1.000000 | Q:        nan | won: False 
#  464 | steps:  4404 | steps_t:     0 | t: 4.970513 | r:  -510.000000 | e:   1.000000 | Q:        nan | won: False 
#  465 | steps:  4415 | steps_t:     0 | t: 4.977467 | r:  -510.000000 | e:   1.000000 | Q:        nan | won: False 
#  466 | steps:  4422 | steps_t:     0 | t: 4.984855 | r:  -506.000000 | e:   1.000000 | Q:        nan | won: False 
#  467 | steps:  4433 | steps_t:     0 | t: 4.993412 | r:  -510.000000 | e:   1.000000 | Q:        nan | won: False 
#  468 | steps:  4439 | steps_t:     0 | t: 4.999954 | r:  -505.000000 | e:   1.000000 | Q:        nan | won: False 
#  469 | steps:  4449 | steps_t:     0 | t: 5.009671 | r:  -509.000000 | e:   1.000000 | Q:        nan | won: False 
#  470 | steps:  4455 | steps_t:     0 | t: 5.013703 | r:  -505.000000 | e:   1.000000 | Q:        nan | won: False 
#  471 | steps:  4462 | steps_t:     0 | t: 5.022182 | r:  -506.000000 | e:   1.000000 | Q:        nan | won: False 
#  472 | steps:  4471 | steps_t:     0 | t: 5.029716 | r:  -508.000000 | e:   1.000000 | Q:        nan | won: False 
#  473 | steps:  4481 | steps_t:     0 | t: 5.045170 | r:  -509.000000 | e:   1.000000 | Q:        nan | won: False 
#  474 | steps:  4493 | steps_t:     0 | t: 5.059309 | r:  -511.000000 | e:   1.000000 | Q:        nan | won: False 
#  475 | steps:  4502 | steps_t:     0 | t: 5.069492 | r:  -508.000000 | e:   1.000000 | Q:        nan | won: False 
#  476 | steps:  4509 | steps_t:     0 | t: 5.079143 | r:  -506.000000 | e:   1.000000 | Q:        nan | won: False 
#  477 | steps:  4519 | steps_t:     0 | t: 5.093605 | r:  -509.000000 | e:   1.000000 | Q:        nan | won: False 
#  478 | steps:  4529 | steps_t:     0 | t: 5.107992 | r:  -509.000000 | e:   1.000000 | Q:        nan | won: False 
#  479 | steps:  4539 | steps_t:     0 | t: 5.117242 | r:  -509.000000 | e:   1.000000 | Q:        nan | won: False 
#  480 | steps:  4551 | steps_t:     0 | t: 5.132346 | r:  -511.000000 | e:   1.000000 | Q:        nan | won: False 
#  481 | steps:  4560 | steps_t:     0 | t: 5.143762 | r:  -508.000000 | e:   1.000000 | Q:        nan | won: False 
#  482 | steps:  4566 | steps_t:     0 | t: 5.151128 | r:  -505.000000 | e:   1.000000 | Q:        nan | won: False 
#  483 | steps:  4575 | steps_t:     0 | t: 5.162877 | r:  -508.000000 | e:   1.000000 | Q:        nan | won: False 
#  484 | steps:  4581 | steps_t:     0 | t: 5.171220 | r:  -505.000000 | e:   1.000000 | Q:        nan | won: False 
#  485 | steps:  4589 | steps_t:     0 | t: 5.182106 | r:  -507.000000 | e:   1.000000 | Q:        nan | won: False 
#  486 | steps:  4599 | steps_t:     0 | t: 5.192842 | r:  -509.000000 | e:   1.000000 | Q:        nan | won: False 
#  487 | steps:  4607 | steps_t:     0 | t: 5.202747 | r:  -507.000000 | e:   1.000000 | Q:        nan | won: False 
#  488 | steps:  4615 | steps_t:     0 | t: 5.219077 | r:  -507.000000 | e:   1.000000 | Q:        nan | won: False 
#  489 | steps:  4627 | steps_t:     0 | t: 5.238199 | r:  -511.000000 | e:   1.000000 | Q:        nan | won: False 
#  490 | steps:  4640 | steps_t:     0 | t: 5.253415 | r:  -512.000000 | e:   1.000000 | Q:        nan | won: False 
#  491 | steps:  4648 | steps_t:     0 | t: 5.264320 | r:  -507.000000 | e:   1.000000 | Q:        nan | won: False 
#  492 | steps:  4656 | steps_t:     0 | t: 5.274251 | r:  -507.000000 | e:   1.000000 | Q:        nan | won: False 
#  493 | steps:  4663 | steps_t:     0 | t: 5.283748 | r:  -506.000000 | e:   1.000000 | Q:        nan | won: False 
#  494 | steps:  4672 | steps_t:     0 | t: 5.298539 | r:  -508.000000 | e:   1.000000 | Q:        nan | won: False 
#  495 | steps:  4682 | steps_t:     0 | t: 5.312216 | r:  -509.000000 | e:   1.000000 | Q:        nan | won: False 
#  496 | steps:  4691 | steps_t:     0 | t: 5.324858 | r:  -508.000000 | e:   1.000000 | Q:        nan | won: False 
#  497 | steps:  4698 | steps_t:     0 | t: 5.330748 | r:  -506.000000 | e:   1.000000 | Q:        nan | won: False 
#  498 | steps:  4708 | steps_t:     0 | t: 5.339399 | r:  -509.000000 | e:   1.000000 | Q:        nan | won: False 
#  499 | steps:  4719 | steps_t:     0 | t: 5.352037 | r:  -510.000000 | e:   1.000000 | Q:        nan | won: False 
#  500 | steps:  4726 | steps_t:     0 | t: 5.358360 | r:  -506.000000 | e:   1.000000 | Q:        nan | won: False 
#  501 | steps:  4733 | steps_t:     0 | t: 5.367149 | r:  -506.000000 | e:   1.000000 | Q:        nan | won: False 
#  502 | steps:  4740 | steps_t:     0 | t: 5.373319 | r:  -506.000000 | e:   1.000000 | Q:        nan | won: False 
#  503 | steps:  4748 | steps_t:     0 | t: 5.380920 | r:  -507.000000 | e:   1.000000 | Q:        nan | won: False 
#  504 | steps:  4763 | steps_t:     0 | t: 5.396822 | r:  -514.000000 | e:   1.000000 | Q:        nan | won: False 
#  505 | steps:  4776 | steps_t:     0 | t: 5.408297 | r:  -512.000000 | e:   1.000000 | Q:        nan | won: False 
#  506 | steps:  4782 | steps_t:     0 | t: 5.413813 | r:  -505.000000 | e:   1.000000 | Q:        nan | won: False 
#  507 | steps:  4798 | steps_t:     0 | t: 5.427252 | r:  -515.000000 | e:   1.000000 | Q:        nan | won: False 
#  508 | steps:  4805 | steps_t:     0 | t: 5.433841 | r:  -506.000000 | e:   1.000000 | Q:        nan | won: False 
#  509 | steps:  4814 | steps_t:     0 | t: 5.443344 | r:  -508.000000 | e:   1.000000 | Q:        nan | won: False 
#  510 | steps:  4824 | steps_t:     0 | t: 5.454151 | r:  -509.000000 | e:   1.000000 | Q:        nan | won: False 
#  511 | steps:  4843 | steps_t:     0 | t: 5.476815 | r:  -518.000000 | e:   1.000000 | Q:        nan | won: False 
#  512 | steps:  4853 | steps_t:     0 | t: 5.487933 | r:  -509.000000 | e:   1.000000 | Q:        nan | won: False 
#  513 | steps:  4876 | steps_t:     0 | t: 5.521703 | r:  -522.000000 | e:   1.000000 | Q:        nan | won: False 
#  514 | steps:  4885 | steps_t:     0 | t: 5.531665 | r:  -508.000000 | e:   1.000000 | Q:        nan | won: False 
#  515 | steps:  4897 | steps_t:     0 | t: 5.545462 | r:  -511.000000 | e:   1.000000 | Q:        nan | won: False 
#  516 | steps:  4904 | steps_t:     0 | t: 5.557753 | r:  -506.000000 | e:   1.000000 | Q:        nan | won: False 
#  517 | steps:  4913 | steps_t:     0 | t: 5.570361 | r:  -508.000000 | e:   1.000000 | Q:        nan | won: False 
#  518 | steps:  4918 | steps_t:     0 | t: 5.576807 | r:  -504.000000 | e:   1.000000 | Q:        nan | won: False 
#  519 | steps:  4930 | steps_t:     0 | t: 5.590426 | r:  -511.000000 | e:   1.000000 | Q:        nan | won: False 
#  520 | steps:  4936 | steps_t:     0 | t: 5.597458 | r:  -505.000000 | e:   1.000000 | Q:        nan | won: False 
#  521 | steps:  4944 | steps_t:     0 | t: 5.606383 | r:  -507.000000 | e:   1.000000 | Q:        nan | won: False 
#  522 | steps:  4955 | steps_t:     0 | t: 5.622344 | r:  -510.000000 | e:   1.000000 | Q:        nan | won: False 
#  523 | steps:  4962 | steps_t:     0 | t: 5.630804 | r:  -506.000000 | e:   1.000000 | Q:        nan | won: False 
#  524 | steps:  4969 | steps_t:     0 | t: 5.637656 | r:  -506.000000 | e:   1.000000 | Q:        nan | won: False 
#  525 | steps:  4979 | steps_t:     0 | t: 5.647883 | r:  -509.000000 | e:   1.000000 | Q:        nan | won: False 
#  526 | steps:  4989 | steps_t:     0 | t: 5.660333 | r:  -509.000000 | e:   1.000000 | Q:        nan | won: False 
#  527 | steps:  4996 | steps_t:     0 | t: 5.667411 | r:  -506.000000 | e:   1.000000 | Q:        nan | won: False 
#  528 | steps:  5003 | steps_t:     2 | t: 5.933319 | r:  -506.000000 | e:   0.999800 | Q:        nan | won: False 
#  529 | steps:  5012 | steps_t:    10 | t: 6.058894 | r:  -508.000000 | e:   0.999000 | Q:        nan | won: False 
#  530 | steps:  5021 | steps_t:    18 | t: 6.185944 | r:  -508.000000 | e:   0.998200 | Q:        nan | won: False 
#  531 | steps:  5029 | steps_t:    25 | t: 6.300713 | r:  -507.000000 | e:   0.997500 | Q:        nan | won: False 
#  532 | steps:  5039 | steps_t:    34 | t: 6.436003 | r:  -509.000000 | e:   0.996600 | Q:        nan | won: False 
#  533 | steps:  5046 | steps_t:    40 | t: 6.516008 | r:  -506.000000 | e:   0.996000 | Q:        nan | won: False 
#  534 | steps:  5051 | steps_t:    44 | t: 6.568753 | r:  -504.000000 | e:   0.995600 | Q:        nan | won: False 
#  535 | steps:  5061 | steps_t:    53 | t: 6.692300 | r:  -509.000000 | e:   0.994700 | Q:        nan | won: False 
#  536 | steps:  5073 | steps_t:    64 | t: 6.836787 | r:  -511.000000 | e:   0.993600 | Q:        nan | won: False 
#  537 | steps:  5078 | steps_t:    68 | t: 6.890100 | r:  -504.000000 | e:   0.993200 | Q:        nan | won: False 
#  538 | steps:  5091 | steps_t:    80 | t: 7.075752 | r:  -512.000000 | e:   0.992000 | Q:        nan | won: False 
#  539 | steps:  5104 | steps_t:    92 | t: 7.274492 | r:  -512.000000 | e:   0.990800 | Q:        nan | won: False 
#  540 | steps:  5111 | steps_t:    98 | t: 7.384088 | r:  -506.000000 | e:   0.990200 | Q:        nan | won: False 
#  541 | steps:  5119 | steps_t:   105 | t: 7.502884 | r:  -507.000000 | e:   0.989500 | Q:        nan | won: False 
#  542 | steps:  5126 | steps_t:   111 | t: 7.611836 | r:  -506.000000 | e:   0.988900 | Q:        nan | won: False 
#  543 | steps:  5135 | steps_t:   119 | t: 7.752067 | r:  -508.000000 | e:   0.988100 | Q:        nan | won: False 
#  544 | steps:  5144 | steps_t:   127 | t: 7.883371 | r:  -508.000000 | e:   0.987300 | Q:        nan | won: False 
#  545 | steps:  5155 | steps_t:   137 | t: 8.035063 | r:  -510.000000 | e:   0.986300 | Q:        nan | won: False 
#  546 | steps:  5165 | steps_t:   146 | t: 8.162367 | r:  -509.000000 | e:   0.985400 | Q:        nan | won: False 
#  547 | steps:  5171 | steps_t:   151 | t: 8.230935 | r:  -505.000000 | e:   0.984900 | Q:        nan | won: False 
#  548 | steps:  5181 | steps_t:   160 | t: 8.355539 | r:  -509.000000 | e:   0.984000 | Q:        nan | won: False 
#  549 | steps:  5193 | steps_t:   171 | t: 8.601189 | r:  -511.000000 | e:   0.982900 | Q:        nan | won: False 
#  550 | steps:  5198 | steps_t:   175 | t: 8.764930 | r:  -504.000000 | e:   0.982500 | Q:        nan | won: False 
#  551 | steps:  5206 | steps_t:   182 | t: 8.925437 | r:  -507.000000 | e:   0.981800 | Q:        nan | won: False 
#  552 | steps:  5213 | steps_t:   188 | t: 9.074565 | r:  -506.000000 | e:   0.981200 | Q:        nan | won: False 
#  553 | steps:  5221 | steps_t:   195 | t: 9.339165 | r:  -507.000000 | e:   0.980500 | Q:        nan | won: False 
#  554 | steps:  5229 | steps_t:   202 | t: 9.825825 | r:  -507.000000 | e:   0.979800 | Q:        nan | won: False 
#  555 | steps:  5237 | steps_t:   209 | t: 10.220792 | r:  -507.000000 | e:   0.979100 | Q:        nan | won: False 
#  556 | steps:  5244 | steps_t:   215 | t: 10.486674 | r:  -506.000000 | e:   0.978500 | Q:        nan | won: False 
#  557 | steps:  5249 | steps_t:   219 | t: 10.843824 | r:  -504.000000 | e:   0.978100 | Q:        nan | won: False 
#  558 | steps:  5255 | steps_t:   224 | t: 11.200135 | r:  -505.000000 | e:   0.977600 | Q:        nan | won: False 
#  559 | steps:  5264 | steps_t:   232 | t: 12.373306 | r:  -508.000000 | e:   0.976800 | Q:        nan | won: False 
#  560 | steps:  5273 | steps_t:   240 | t: 13.790423 | r:  -508.000000 | e:   0.976000 | Q:        nan | won: False 
#  561 | steps:  5279 | steps_t:   245 | t: 14.969037 | r:  -505.000000 | e:   0.975500 | Q:        nan | won: False 
#  562 | steps:  5288 | steps_t:   253 | t: 15.575067 | r:  -508.000000 | e:   0.974700 | Q:        nan | won: False 
#  563 | steps:  5296 | steps_t:   260 | t: 15.872101 | r:  -507.000000 | e:   0.974000 | Q:        nan | won: False 
#  564 | steps:  5302 | steps_t:   265 | t: 16.116858 | r:  -505.000000 | e:   0.973500 | Q:        nan | won: False 
#  565 | steps:  5312 | steps_t:   274 | t: 16.526458 | r:  -509.000000 | e:   0.972600 | Q: -301.776154 | won: False 
#  566 | steps:  5321 | steps_t:   282 | t: 16.762970 | r:  -508.000000 | e:   0.971800 | Q:        nan | won: False 
#  567 | steps:  5330 | steps_t:   290 | t: 17.002866 | r:  -508.000000 | e:   0.971000 | Q:        nan | won: False 
#  568 | steps:  5341 | steps_t:   300 | t: 17.298891 | r:  -510.000000 | e:   0.970000 | Q: -286.397614 | won: False 
#  569 | steps:  5355 | steps_t:   313 | t: 17.591985 | r:  -502.000000 | e:   0.968700 | Q:        nan | won: False 
#  570 | steps:  5374 | steps_t:   331 | t: 18.042340 | r:  -518.000000 | e:   0.966900 | Q: -347.043610 | won: False 
#  571 | steps:  5382 | steps_t:   338 | t: 18.220896 | r:  -507.000000 | e:   0.966200 | Q:        nan | won: False 
#  572 | steps:  5390 | steps_t:   345 | t: 18.359014 | r:  -507.000000 | e:   0.965500 | Q:        nan | won: False 
#  573 | steps:  5401 | steps_t:   355 | t: 18.523871 | r:  -510.000000 | e:   0.964500 | Q: -317.470795 | won: False 
#  574 | steps:  5410 | steps_t:   363 | t: 18.652742 | r:  -508.000000 | e:   0.963700 | Q: -315.550964 | won: False 
#  575 | steps:  5416 | steps_t:   368 | t: 18.733133 | r:  -505.000000 | e:   0.963200 | Q:        nan | won: False 
#  576 | steps:  5424 | steps_t:   375 | t: 18.871668 | r:  -507.000000 | e:   0.962500 | Q: -310.359253 | won: False 
#  577 | steps:  5435 | steps_t:   385 | t: 19.075573 | r:  -510.000000 | e:   0.961500 | Q:        nan | won: False 
#  578 | steps:  5443 | steps_t:   392 | t: 19.350536 | r:  -507.000000 | e:   0.960800 | Q:        nan | won: False 
#  579 | steps:  5451 | steps_t:   399 | t: 19.557527 | r:  -507.000000 | e:   0.960100 | Q:        nan | won: False 
#  580 | steps:  5460 | steps_t:   407 | t: 19.877801 | r:  -508.000000 | e:   0.959300 | Q:        nan | won: False 
#  581 | steps:  5469 | steps_t:   415 | t: 20.183835 | r:  -508.000000 | e:   0.958500 | Q:        nan | won: False 
#  582 | steps:  5474 | steps_t:   419 | t: 20.330954 | r:  -504.000000 | e:   0.958100 | Q:        nan | won: False 
#  583 | steps:  5482 | steps_t:   426 | t: 20.521468 | r:  -507.000000 | e:   0.957400 | Q:        nan | won: False 
#  584 | steps:  5493 | steps_t:   436 | t: 20.739935 | r:  -510.000000 | e:   0.956400 | Q:        nan | won: False 
#  585 | steps:  5503 | steps_t:   445 | t: 20.951016 | r:  -509.000000 | e:   0.955500 | Q:        nan | won: False 
#  586 | steps:  5512 | steps_t:   453 | t: 21.202791 | r:  -508.000000 | e:   0.954700 | Q:        nan | won: False 
#  587 | steps:  5529 | steps_t:   469 | t: 21.459880 | r:  -516.000000 | e:   0.953100 | Q: -293.795929 | won: False 
#  588 | steps:  5539 | steps_t:   478 | t: 21.617591 | r:  -509.000000 | e:   0.952200 | Q:        nan | won: False 
#  589 | steps:  5553 | steps_t:   491 | t: 21.860247 | r:  -513.000000 | e:   0.950900 | Q: -322.422668 | won: False 
#  590 | steps:  5558 | steps_t:   495 | t: 21.957644 | r:  -504.000000 | e:   0.950500 | Q:        nan | won: False 
#  591 | steps:  5564 | steps_t:   500 | t: 22.100768 | r:  -505.000000 | e:   0.950000 | Q:        nan | won: False 
#  592 | steps:  5576 | steps_t:   511 | t: 22.354448 | r:  -511.000000 | e:   0.948900 | Q: -288.087738 | won: False 
#  593 | steps:  5586 | steps_t:   520 | t: 22.556783 | r:  -509.000000 | e:   0.948000 | Q: -286.281586 | won: False 
#  594 | steps:  5600 | steps_t:   533 | t: 22.789349 | r:  -513.000000 | e:   0.946700 | Q: -287.816193 | won: False 
#  595 | steps:  5608 | steps_t:   540 | t: 22.883953 | r:  -507.000000 | e:   0.946000 | Q:        nan | won: False 
#  596 | steps:  5621 | steps_t:   552 | t: 23.039762 | r:  -512.000000 | e:   0.944800 | Q: -283.101440 | won: False 
#  597 | steps:  5631 | steps_t:   561 | t: 23.195929 | r:  -509.000000 | e:   0.943900 | Q:        nan | won: False 
#  598 | steps:  5640 | steps_t:   569 | t: 23.318237 | r:  -508.000000 | e:   0.943100 | Q:        nan | won: False 
#  599 | steps:  5648 | steps_t:   576 | t: 23.482434 | r:  -507.000000 | e:   0.942400 | Q: -293.822784 | won: False 
#  600 | steps:  5656 | steps_t:   583 | t: 23.798214 | r:  -507.000000 | e:   0.941700 | Q:        nan | won: False 
#  601 | steps:  5663 | steps_t:   589 | t: 23.992115 | r:  -506.000000 | e:   0.941100 | Q:        nan | won: False 
#  602 | steps:  5673 | steps_t:   598 | t: 24.868475 | r:  -509.000000 | e:   0.940200 | Q:        nan | won: False 
#  603 | steps:  5681 | steps_t:   605 | t: 26.299197 | r:  -507.000000 | e:   0.939500 | Q: -275.811432 | won: False 
#  604 | steps:  5686 | steps_t:   609 | t: 26.752272 | r:  -504.000000 | e:   0.939100 | Q:        nan | won: False 
#  605 | steps:  5704 | steps_t:   626 | t: 28.042773 | r:  -506.000000 | e:   0.937400 | Q: -272.062988 | won: False 
#  606 | steps:  5718 | steps_t:   639 | t: 28.470237 | r:  -513.000000 | e:   0.936100 | Q: -281.540222 | won: False 
#  607 | steps:  5726 | steps_t:   646 | t: 28.742528 | r:  -507.000000 | e:   0.935400 | Q:        nan | won: False 
#  608 | steps:  5734 | steps_t:   653 | t: 29.223533 | r:  -507.000000 | e:   0.934700 | Q: -293.003601 | won: False 
#  609 | steps:  5747 | steps_t:   665 | t: 29.762150 | r:  -512.000000 | e:   0.933500 | Q: -294.726868 | won: False 
#  610 | steps:  5758 | steps_t:   675 | t: 30.214788 | r:  -510.000000 | e:   0.932500 | Q:        nan | won: False 
#  611 | steps:  5766 | steps_t:   682 | t: 30.336617 | r:  -507.000000 | e:   0.931800 | Q:        nan | won: False 
#  612 | steps:  5772 | steps_t:   687 | t: 30.432242 | r:  -505.000000 | e:   0.931300 | Q: -276.922363 | won: False 
#  613 | steps:  5781 | steps_t:   695 | t: 30.535599 | r:  -508.000000 | e:   0.930500 | Q: -274.405548 | won: False 
#  614 | steps:  5786 | steps_t:   699 | t: 30.587359 | r:  -504.000000 | e:   0.930100 | Q:        nan | won: False 
#  615 | steps:  5793 | steps_t:   705 | t: 30.668289 | r:  -506.000000 | e:   0.929500 | Q:        nan | won: False 
#  616 | steps:  5798 | steps_t:   709 | t: 30.742965 | r:  -504.000000 | e:   0.929100 | Q:        nan | won: False 
#  617 | steps:  5807 | steps_t:   717 | t: 30.895175 | r:  -508.000000 | e:   0.928300 | Q:        nan | won: False 
#  618 | steps:  5815 | steps_t:   724 | t: 31.071641 | r:  -507.000000 | e:   0.927600 | Q:        nan | won: False 
#  619 | steps:  5829 | steps_t:   737 | t: 31.404194 | r:  -513.000000 | e:   0.926300 | Q: -317.317169 | won: False 
#  620 | steps:  5840 | steps_t:   747 | t: 31.668501 | r:  -510.000000 | e:   0.925300 | Q: -335.485565 | won: False 
#  621 | steps:  5848 | steps_t:   754 | t: 31.785713 | r:  -507.000000 | e:   0.924600 | Q: -336.143433 | won: False 
#  622 | steps:  5861 | steps_t:   766 | t: 31.994467 | r:  -512.000000 | e:   0.923400 | Q:        nan | won: False 
#  623 | steps:  5868 | steps_t:   772 | t: 32.079454 | r:  -506.000000 | e:   0.922800 | Q:        nan | won: False 
#  624 | steps:  5875 | steps_t:   778 | t: 32.190539 | r:  -506.000000 | e:   0.922200 | Q:        nan | won: False 
#  625 | steps:  5882 | steps_t:   784 | t: 32.272938 | r:  -506.000000 | e:   0.921600 | Q:        nan | won: False 
#  626 | steps:  5888 | steps_t:   789 | t: 32.351111 | r:  -505.000000 | e:   0.921100 | Q:        nan | won: False 
#  627 | steps:  5903 | steps_t:   803 | t: 32.566267 | r:  -514.000000 | e:   0.919700 | Q:        nan | won: False 
#  628 | steps:  5909 | steps_t:   808 | t: 32.639281 | r:  -505.000000 | e:   0.919200 | Q: -315.638794 | won: False 
#  629 | steps:  5921 | steps_t:   819 | t: 32.808893 | r:  -511.000000 | e:   0.918100 | Q: -292.172455 | won: False 
#  630 | steps:  5930 | steps_t:   827 | t: 32.918658 | r:  -508.000000 | e:   0.917300 | Q:        nan | won: False 
#  631 | steps:  5940 | steps_t:   836 | t: 33.061836 | r:  -509.000000 | e:   0.916400 | Q: -279.068512 | won: False 
#  632 | steps:  5961 | steps_t:   856 | t: 33.445429 | r:  -509.000000 | e:   0.914400 | Q: -283.216980 | won: False 
#  633 | steps:  5969 | steps_t:   863 | t: 33.567420 | r:  -507.000000 | e:   0.913700 | Q:        nan | won: False 
#  634 | steps:  5978 | steps_t:   871 | t: 33.711108 | r:  -508.000000 | e:   0.912900 | Q: -305.917267 | won: False 
#  635 | steps:  5987 | steps_t:   879 | t: 33.811993 | r:  -508.000000 | e:   0.912100 | Q: -309.083313 | won: False 
#  636 | steps:  5995 | steps_t:   886 | t: 33.906884 | r:  -507.000000 | e:   0.911400 | Q:        nan | won: False 
#  637 | steps:  6001 | steps_t:   891 | t: 33.976577 | r:  -505.000000 | e:   0.910900 | Q:        nan | won: False 
#  638 | steps:  6007 | steps_t:   896 | t: 34.051276 | r:  -505.000000 | e:   0.910400 | Q:        nan | won: False 
#  639 | steps:  6016 | steps_t:   904 | t: 34.162956 | r:  -508.000000 | e:   0.909600 | Q:        nan | won: False 
#  640 | steps:  6022 | steps_t:   909 | t: 34.233967 | r:  -505.000000 | e:   0.909100 | Q:        nan | won: False 
#  641 | steps:  6029 | steps_t:   915 | t: 34.313734 | r:  -506.000000 | e:   0.908500 | Q:        nan | won: False 
#  642 | steps:  6039 | steps_t:   924 | t: 34.442927 | r:  -509.000000 | e:   0.907600 | Q: -260.188232 | won: False 
#  643 | steps:  6050 | steps_t:   934 | t: 34.590421 | r:  -510.000000 | e:   0.906600 | Q:        nan | won: False 
#  644 | steps:  6058 | steps_t:   941 | t: 34.678930 | r:  -507.000000 | e:   0.905900 | Q:        nan | won: False 
#  645 | steps:  6069 | steps_t:   951 | t: 34.834702 | r:  -510.000000 | e:   0.904900 | Q: -284.109680 | won: False 
#  646 | steps:  6078 | steps_t:   959 | t: 34.939422 | r:  -508.000000 | e:   0.904100 | Q: -303.181366 | won: False 
#  647 | steps:  6088 | steps_t:   968 | t: 35.335935 | r:  -509.000000 | e:   0.903200 | Q: -311.879944 | won: False 
#  648 | steps:  6098 | steps_t:   977 | t: 35.973868 | r:  -509.000000 | e:   0.902300 | Q: -299.358551 | won: False 
#  649 | steps:  6110 | steps_t:   988 | t: 36.311122 | r:  -511.000000 | e:   0.901200 | Q: -305.264252 | won: False 
#  650 | steps:  6121 | steps_t:   998 | t: 36.545133 | r:  -510.000000 | e:   0.900200 | Q: -299.470520 | won: False 
#  651 | steps:  6129 | steps_t:  1005 | t: 36.758137 | r:  -507.000000 | e:   0.899500 | Q: -297.060089 | won: False 
#  652 | steps:  6140 | steps_t:  1015 | t: 37.046642 | r:  -510.000000 | e:   0.898500 | Q: -310.828857 | won: False 
#  653 | steps:  6148 | steps_t:  1022 | t: 37.253375 | r:  -507.000000 | e:   0.897800 | Q: -328.436554 | won: False 
#  654 | steps:  6157 | steps_t:  1030 | t: 37.428052 | r:  -508.000000 | e:   0.897000 | Q: -338.883484 | won: False 
#  655 | steps:  6170 | steps_t:  1042 | t: 37.939528 | r:  -512.000000 | e:   0.895800 | Q: -321.347504 | won: False 
#  656 | steps:  6181 | steps_t:  1052 | t: 38.522297 | r:  -510.000000 | e:   0.894800 | Q: -312.472778 | won: False 
#  657 | steps:  6189 | steps_t:  1059 | t: 39.097963 | r:  -507.000000 | e:   0.894100 | Q: -300.689117 | won: False 
#  658 | steps:  6200 | steps_t:  1069 | t: 39.904323 | r:  -510.000000 | e:   0.893100 | Q: -293.398346 | won: False 
#  659 | steps:  6211 | steps_t:  1079 | t: 40.761947 | r:  -510.000000 | e:   0.892100 | Q:        nan | won: False 
#  660 | steps:  6220 | steps_t:  1087 | t: 41.083578 | r:  -508.000000 | e:   0.891300 | Q: -294.321625 | won: False 
#  661 | steps:  6228 | steps_t:  1094 | t: 41.332448 | r:  -507.000000 | e:   0.890600 | Q: -291.754089 | won: False 
#  662 | steps:  6242 | steps_t:  1107 | t: 41.835601 | r:  -513.000000 | e:   0.889300 | Q: -284.174988 | won: False 
#  663 | steps:  6254 | steps_t:  1118 | t: 42.147625 | r:  -511.000000 | e:   0.888200 | Q:        nan | won: False 
#  664 | steps:  6266 | steps_t:  1129 | t: 42.440453 | r:  -511.000000 | e:   0.887100 | Q:        nan | won: False 
#  665 | steps:  6275 | steps_t:  1137 | t: 42.605135 | r:  -508.000000 | e:   0.886300 | Q: -275.963074 | won: False 
#  666 | steps:  6287 | steps_t:  1148 | t: 42.846723 | r:  -511.000000 | e:   0.885200 | Q: -282.951660 | won: False 
#  667 | steps:  6295 | steps_t:  1155 | t: 43.011034 | r:  -507.000000 | e:   0.884500 | Q: -332.886078 | won: False 
#  668 | steps:  6305 | steps_t:  1164 | t: 43.187362 | r:  -509.000000 | e:   0.883600 | Q: -331.255005 | won: False 
#  669 | steps:  6315 | steps_t:  1173 | t: 43.338079 | r:  -509.000000 | e:   0.882700 | Q:        nan | won: False 
#  670 | steps:  6327 | steps_t:  1184 | t: 43.550768 | r:  -511.000000 | e:   0.881600 | Q: -339.948578 | won: False 
#  671 | steps:  6338 | steps_t:  1194 | t: 43.745837 | r:  -510.000000 | e:   0.880600 | Q: -335.925659 | won: False 
#  672 | steps:  6345 | steps_t:  1200 | t: 43.826043 | r:  -506.000000 | e:   0.880000 | Q:        nan | won: False 
#  673 | steps:  6353 | steps_t:  1207 | t: 43.920387 | r:  -507.000000 | e:   0.879300 | Q:        nan | won: False 
#  674 | steps:  6364 | steps_t:  1217 | t: 44.055602 | r:  -510.000000 | e:   0.878300 | Q: -358.002899 | won: False 
#  675 | steps:  6373 | steps_t:  1225 | t: 44.158060 | r:  -508.000000 | e:   0.877500 | Q:        nan | won: False 
#  676 | steps:  6379 | steps_t:  1230 | t: 44.219924 | r:  -505.000000 | e:   0.877000 | Q: -346.944489 | won: False 
#  677 | steps:  6405 | steps_t:  1255 | t: 44.521583 | r:  -503.000000 | e:   0.874500 | Q: -341.510712 | won: False 
#  678 | steps:  6412 | steps_t:  1261 | t: 44.595686 | r:  -506.000000 | e:   0.873900 | Q: -339.958832 | won: False 
#  679 | steps:  6421 | steps_t:  1269 | t: 44.725707 | r:  -508.000000 | e:   0.873100 | Q:        nan | won: False 
#  680 | steps:  6435 | steps_t:  1282 | t: 44.882322 | r:  -513.000000 | e:   0.871800 | Q:        nan | won: False 
#  681 | steps:  6447 | steps_t:  1293 | t: 45.016754 | r:  -511.000000 | e:   0.870700 | Q: -327.054962 | won: False 
#  682 | steps:  6454 | steps_t:  1299 | t: 45.100004 | r:  -506.000000 | e:   0.870100 | Q: -319.103699 | won: False 
#  683 | steps:  6459 | steps_t:  1303 | t: 45.146141 | r:  -504.000000 | e:   0.869700 | Q:        nan | won: False 
#  684 | steps:  6471 | steps_t:  1314 | t: 45.280670 | r:  -511.000000 | e:   0.868600 | Q: -318.818848 | won: False 
#  685 | steps:  6481 | steps_t:  1323 | t: 45.395585 | r:  -509.000000 | e:   0.867700 | Q:        nan | won: False 
#  686 | steps:  6489 | steps_t:  1330 | t: 45.499752 | r:  -507.000000 | e:   0.867000 | Q: -292.702179 | won: False 
#  687 | steps:  6494 | steps_t:  1334 | t: 45.554373 | r:  -504.000000 | e:   0.866600 | Q:        nan | won: False 
#  688 | steps:  6504 | steps_t:  1343 | t: 45.680713 | r:  -509.000000 | e:   0.865700 | Q:        nan | won: False 
#  689 | steps:  6514 | steps_t:  1352 | t: 45.797148 | r:  -509.000000 | e:   0.864800 | Q: -299.119690 | won: False 
#  690 | steps:  6521 | steps_t:  1358 | t: 45.893167 | r:  -506.000000 | e:   0.864200 | Q:        nan | won: False 
#  691 | steps:  6533 | steps_t:  1369 | t: 46.035737 | r:  -511.000000 | e:   0.863100 | Q:        nan | won: False 
#  692 | steps:  6544 | steps_t:  1379 | t: 46.163453 | r:  -510.000000 | e:   0.862100 | Q: -314.833649 | won: False 
#  693 | steps:  6552 | steps_t:  1386 | t: 46.252125 | r:  -507.000000 | e:   0.861400 | Q: -340.893890 | won: False 
#  694 | steps:  6562 | steps_t:  1395 | t: 46.363275 | r:  -509.000000 | e:   0.860500 | Q: -340.943695 | won: False 
#  695 | steps:  6579 | steps_t:  1411 | t: 46.552110 | r:  -516.000000 | e:   0.858900 | Q: -315.839569 | won: False 
#  696 | steps:  6585 | steps_t:  1416 | t: 46.628866 | r:  -505.000000 | e:   0.858400 | Q: -299.561340 | won: False 
#  697 | steps:  6595 | steps_t:  1425 | t: 46.744319 | r:  -509.000000 | e:   0.857500 | Q: -293.780518 | won: False 
#  698 | steps:  6600 | steps_t:  1429 | t: 46.801392 | r:  -504.000000 | e:   0.857100 | Q:        nan | won: False 
#  699 | steps:  6608 | steps_t:  1436 | t: 46.924119 | r:  -507.000000 | e:   0.856400 | Q:        nan | won: False 
#  700 | steps:  6616 | steps_t:  1443 | t: 47.038404 | r:  -507.000000 | e:   0.855700 | Q: -322.394745 | won: False 
#  701 | steps:  6627 | steps_t:  1453 | t: 47.174479 | r:  -510.000000 | e:   0.854700 | Q: -301.187775 | won: False 
#  702 | steps:  6636 | steps_t:  1461 | t: 47.271333 | r:  -508.000000 | e:   0.853900 | Q:        nan | won: False 
#  703 | steps:  6643 | steps_t:  1467 | t: 47.344628 | r:  -506.000000 | e:   0.853300 | Q: -311.188080 | won: False 
#  704 | steps:  6652 | steps_t:  1475 | t: 47.457609 | r:  -508.000000 | e:   0.852500 | Q: -308.034393 | won: False 
#  705 | steps:  6660 | steps_t:  1482 | t: 47.554358 | r:  -507.000000 | e:   0.851800 | Q:        nan | won: False 
#  706 | steps:  6669 | steps_t:  1490 | t: 47.668273 | r:  -508.000000 | e:   0.851000 | Q: -332.758698 | won: False 
#  707 | steps:  6678 | steps_t:  1498 | t: 47.793955 | r:  -508.000000 | e:   0.850200 | Q:        nan | won: False 
#  708 | steps:  6689 | steps_t:  1508 | t: 47.925825 | r:  -510.000000 | e:   0.849200 | Q: -322.644470 | won: False 
#  709 | steps:  6699 | steps_t:  1517 | t: 48.043382 | r:  -509.000000 | e:   0.848300 | Q: -328.801605 | won: False 
#  710 | steps:  6710 | steps_t:  1527 | t: 48.178338 | r:  -510.000000 | e:   0.847300 | Q: -320.716156 | won: False 
#  711 | steps:  6720 | steps_t:  1536 | t: 48.289442 | r:  -509.000000 | e:   0.846400 | Q: -321.531799 | won: False 
#  712 | steps:  6731 | steps_t:  1546 | t: 48.409037 | r:  -510.000000 | e:   0.845400 | Q: -321.759186 | won: False 
#  713 | steps:  6740 | steps_t:  1554 | t: 48.509374 | r:  -508.000000 | e:   0.844600 | Q:        nan | won: False 
#  714 | steps:  6748 | steps_t:  1561 | t: 48.592324 | r:  -507.000000 | e:   0.843900 | Q: -291.910828 | won: False 
#  715 | steps:  6759 | steps_t:  1571 | t: 48.706888 | r:  -510.000000 | e:   0.842900 | Q: -292.923553 | won: False 
#  716 | steps:  6769 | steps_t:  1580 | t: 48.819468 | r:  -509.000000 | e:   0.842000 | Q: -292.126862 | won: False 
#  717 | steps:  6775 | steps_t:  1585 | t: 48.878211 | r:  -505.000000 | e:   0.841500 | Q:        nan | won: False 
#  718 | steps:  6783 | steps_t:  1592 | t: 48.966313 | r:  -507.000000 | e:   0.840800 | Q:        nan | won: False 
#  719 | steps:  6791 | steps_t:  1599 | t: 49.070645 | r:  -507.000000 | e:   0.840100 | Q:        nan | won: False 
#  720 | steps:  6802 | steps_t:  1609 | t: 49.192157 | r:  -510.000000 | e:   0.839100 | Q: -375.305267 | won: False 
#  721 | steps:  6816 | steps_t:  1622 | t: 49.343298 | r:  -513.000000 | e:   0.837800 | Q: -350.160309 | won: False 
#  722 | steps:  6824 | steps_t:  1629 | t: 49.427239 | r:  -507.000000 | e:   0.837100 | Q:        nan | won: False 
#  723 | steps:  6835 | steps_t:  1639 | t: 49.555654 | r:  -510.000000 | e:   0.836100 | Q: -340.552521 | won: False 
#  724 | steps:  6844 | steps_t:  1647 | t: 49.657018 | r:  -508.000000 | e:   0.835300 | Q: -340.757996 | won: False 
#  725 | steps:  6855 | steps_t:  1657 | t: 49.769014 | r:  -510.000000 | e:   0.834300 | Q: -312.078064 | won: False 
#  726 | steps:  6862 | steps_t:  1663 | t: 49.835530 | r:  -506.000000 | e:   0.833700 | Q:        nan | won: False 
#  727 | steps:  6872 | steps_t:  1672 | t: 49.934051 | r:  -509.000000 | e:   0.832800 | Q: -298.260406 | won: False 
#  728 | steps:  6883 | steps_t:  1682 | t: 50.039131 | r:  -510.000000 | e:   0.831800 | Q: -328.076477 | won: False 
#  729 | steps:  6897 | steps_t:  1695 | t: 50.175167 | r:  -513.000000 | e:   0.830500 | Q: -297.108765 | won: False 
#  730 | steps:  6909 | steps_t:  1706 | t: 50.292593 | r:  -511.000000 | e:   0.829400 | Q: -310.772522 | won: False 
#  731 | steps:  6920 | steps_t:  1716 | t: 50.397570 | r:  -510.000000 | e:   0.828400 | Q: -367.222961 | won: False 
#  732 | steps:  6925 | steps_t:  1720 | t: 50.442427 | r:  -504.000000 | e:   0.828000 | Q:        nan | won: False 
#  733 | steps:  6933 | steps_t:  1727 | t: 50.514174 | r:  -507.000000 | e:   0.827300 | Q: -342.234863 | won: False 
#  734 | steps:  6939 | steps_t:  1732 | t: 50.565882 | r:  -505.000000 | e:   0.826800 | Q:        nan | won: False 
#  735 | steps:  6951 | steps_t:  1743 | t: 50.676443 | r:  -511.000000 | e:   0.825700 | Q: -327.692596 | won: False 
#  736 | steps:  6958 | steps_t:  1749 | t: 50.740501 | r:  -506.000000 | e:   0.825100 | Q:        nan | won: False 
#  737 | steps:  6965 | steps_t:  1755 | t: 50.803391 | r:  -506.000000 | e:   0.824500 | Q:        nan | won: False 
#  738 | steps:  6973 | steps_t:  1762 | t: 50.879193 | r:  -507.000000 | e:   0.823800 | Q: -319.800781 | won: False 
#  739 | steps:  6985 | steps_t:  1773 | t: 50.997826 | r:  -511.000000 | e:   0.822700 | Q: -325.338989 | won: False 
#  740 | steps:  6995 | steps_t:  1782 | t: 51.102395 | r:  -509.000000 | e:   0.821800 | Q: -312.481201 | won: False 
#  741 | steps:  7004 | steps_t:  1790 | t: 54.585296 | r:  -508.000000 | e:   0.821000 | Q:        nan | won: False 
#  742 | steps:  7011 | steps_t:  1796 | t: 56.881519 | r:  -506.000000 | e:   0.820400 | Q:        nan | won: False 
#  743 | steps:  7019 | steps_t:  1803 | t: 59.487232 | r:  -507.000000 | e:   0.819700 | Q:        nan | won: False 
#  744 | steps:  7029 | steps_t:  1812 | t: 62.294973 | r:  -509.000000 | e:   0.818800 | Q: -373.546570 | won: False 
#  745 | steps:  7046 | steps_t:  1828 | t: 66.041943 | r:  -516.000000 | e:   0.817200 | Q: -327.886597 | won: False 
#  746 | steps:  7052 | steps_t:  1833 | t: 67.943069 | r:  -505.000000 | e:   0.816700 | Q: -349.610901 | won: False 
#  747 | steps:  7059 | steps_t:  1839 | t: 69.998647 | r:  -506.000000 | e:   0.816100 | Q: -384.156250 | won: False 
#  748 | steps:  7083 | steps_t:  1862 | t: 75.634946 | r:  -523.000000 | e:   0.813800 | Q: -322.888123 | won: False 
#  749 | steps:  7094 | steps_t:  1872 | t: 78.403762 | r:  -510.000000 | e:   0.812800 | Q: -341.234894 | won: False 
#  750 | steps:  7102 | steps_t:  1879 | t: 80.677487 | r:  -507.000000 | e:   0.812100 | Q: -374.027618 | won: False 
