#    1 | steps:     6 | steps_t:     0 | t: 0.020804 | r:  -505.000000 | e:   1.000000 | Q:        nan | won: False 
#    2 | steps:    21 | steps_t:     0 | t: 0.025537 | r:  -492.000000 | e:   1.000000 | Q:        nan | won: False 
#    3 | steps:    27 | steps_t:     0 | t: 0.027281 | r:  -505.000000 | e:   1.000000 | Q:        nan | won: False 
#    4 | steps:    34 | steps_t:     0 | t: 0.029255 | r:  -506.000000 | e:   1.000000 | Q:        nan | won: False 
#    5 | steps:    44 | steps_t:     0 | t: 0.032050 | r:  -509.000000 | e:   1.000000 | Q:        nan | won: False 
#    6 | steps:    66 | steps_t:     0 | t: 0.038617 | r:  -521.000000 | e:   1.000000 | Q:        nan | won: False 
#    7 | steps:    83 | steps_t:     0 | t: 0.083095 | r:  -516.000000 | e:   1.000000 | Q:        nan | won: False 
#    8 | steps:    97 | steps_t:     0 | t: 0.087425 | r:  -513.000000 | e:   1.000000 | Q:        nan | won: False 
#    9 | steps:   106 | steps_t:     0 | t: 0.090289 | r:  -508.000000 | e:   1.000000 | Q:        nan | won: False 
#   10 | steps:   113 | steps_t:     0 | t: 0.092491 | r:  -506.000000 | e:   1.000000 | Q:        nan | won: False 
#   11 | steps:   122 | steps_t:     0 | t: 0.095261 | r:  -508.000000 | e:   1.000000 | Q:        nan | won: False 
#   12 | steps:   131 | steps_t:     0 | t: 0.097932 | r:  -508.000000 | e:   1.000000 | Q:        nan | won: False 
#   13 | steps:   140 | steps_t:     0 | t: 0.100726 | r:  -508.000000 | e:   1.000000 | Q:        nan | won: False 
#   14 | steps:   149 | steps_t:     0 | t: 0.103558 | r:  -508.000000 | e:   1.000000 | Q:        nan | won: False 
#   15 | steps:   157 | steps_t:     0 | t: 0.105927 | r:  -507.000000 | e:   1.000000 | Q:        nan | won: False 
#   16 | steps:   162 | steps_t:     0 | t: 0.107576 | r:  -504.000000 | e:   1.000000 | Q:        nan | won: False 
#   17 | steps:   169 | steps_t:     0 | t: 0.109793 | r:  -506.000000 | e:   1.000000 | Q:        nan | won: False 
#   18 | steps:   178 | steps_t:     0 | t: 0.112799 | r:  -508.000000 | e:   1.000000 | Q:        nan | won: False 
#   19 | steps:   183 | steps_t:     0 | t: 0.114699 | r:  -504.000000 | e:   1.000000 | Q:        nan | won: False 
#   20 | steps:   192 | steps_t:     0 | t: 0.117420 | r:  -508.000000 | e:   1.000000 | Q:        nan | won: False 
#   21 | steps:   203 | steps_t:     0 | t: 0.120892 | r:  -510.000000 | e:   1.000000 | Q:        nan | won: False 
#   22 | steps:   213 | steps_t:     0 | t: 0.124095 | r:  -509.000000 | e:   1.000000 | Q:        nan | won: False 
#   23 | steps:   226 | steps_t:     0 | t: 0.128119 | r:  -512.000000 | e:   1.000000 | Q:        nan | won: False 
#   24 | steps:   244 | steps_t:     0 | t: 0.133674 | r:  -517.000000 | e:   1.000000 | Q:        nan | won: False 
#   25 | steps:   264 | steps_t:     0 | t: 0.140016 | r:  -519.000000 | e:   1.000000 | Q:        nan | won: False 
#   26 | steps:   269 | steps_t:     0 | t: 0.141796 | r:  -504.000000 | e:   1.000000 | Q:        nan | won: False 
#   27 | steps:   286 | steps_t:     0 | t: 0.146756 | r:  -505.000000 | e:   1.000000 | Q:        nan | won: False 
#   28 | steps:   309 | steps_t:     0 | t: 0.154013 | r:  -522.000000 | e:   1.000000 | Q:        nan | won: False 
#   29 | steps:   319 | steps_t:     0 | t: 0.157368 | r:  -509.000000 | e:   1.000000 | Q:        nan | won: False 
#   30 | steps:   329 | steps_t:     0 | t: 0.160884 | r:  -509.000000 | e:   1.000000 | Q:        nan | won: False 
#   31 | steps:   336 | steps_t:     0 | t: 0.162858 | r:  -506.000000 | e:   1.000000 | Q:        nan | won: False 
#   32 | steps:   344 | steps_t:     0 | t: 0.165128 | r:  -507.000000 | e:   1.000000 | Q:        nan | won: False 
#   33 | steps:   355 | steps_t:     0 | t: 0.168297 | r:  -510.000000 | e:   1.000000 | Q:        nan | won: False 
#   34 | steps:   363 | steps_t:     0 | t: 0.170578 | r:  -507.000000 | e:   1.000000 | Q:        nan | won: False 
#   35 | steps:   371 | steps_t:     0 | t: 0.172873 | r:  -507.000000 | e:   1.000000 | Q:        nan | won: False 
#   36 | steps:   392 | steps_t:     0 | t: 0.178877 | r:  -520.000000 | e:   1.000000 | Q:        nan | won: False 
#   37 | steps:   398 | steps_t:     0 | t: 0.180764 | r:  -505.000000 | e:   1.000000 | Q:        nan | won: False 
#   38 | steps:   408 | steps_t:     0 | t: 0.183765 | r:  -509.000000 | e:   1.000000 | Q:        nan | won: False 
#   39 | steps:   415 | steps_t:     0 | t: 0.185874 | r:  -506.000000 | e:   1.000000 | Q:        nan | won: False 
#   40 | steps:   424 | steps_t:     0 | t: 0.188449 | r:  -508.000000 | e:   1.000000 | Q:        nan | won: False 
#   41 | steps:   431 | steps_t:     0 | t: 0.190483 | r:  -506.000000 | e:   1.000000 | Q:        nan | won: False 
#   42 | steps:   437 | steps_t:     0 | t: 0.192211 | r:  -505.000000 | e:   1.000000 | Q:        nan | won: False 
#   43 | steps:   446 | steps_t:     0 | t: 0.194840 | r:  -508.000000 | e:   1.000000 | Q:        nan | won: False 
#   44 | steps:   489 | steps_t:     0 | t: 0.207099 | r:  -531.000000 | e:   1.000000 | Q:        nan | won: False 
#   45 | steps:   505 | steps_t:     0 | t: 0.211619 | r:  -515.000000 | e:   1.000000 | Q:        nan | won: False 
#   46 | steps:   513 | steps_t:     0 | t: 0.213920 | r:  -507.000000 | e:   1.000000 | Q:        nan | won: False 
#   47 | steps:   522 | steps_t:     0 | t: 0.216473 | r:  -508.000000 | e:   1.000000 | Q:        nan | won: False 
#   48 | steps:   533 | steps_t:     0 | t: 0.219578 | r:  -510.000000 | e:   1.000000 | Q:        nan | won: False 
#   49 | steps:   542 | steps_t:     0 | t: 0.222075 | r:  -508.000000 | e:   1.000000 | Q:        nan | won: False 
#   50 | steps:   553 | steps_t:     0 | t: 0.225161 | r:  -510.000000 | e:   1.000000 | Q:        nan | won: False 
#   51 | steps:   559 | steps_t:     0 | t: 0.226906 | r:  -505.000000 | e:   1.000000 | Q:        nan | won: False 
#   52 | steps:   568 | steps_t:     0 | t: 0.229450 | r:  -508.000000 | e:   1.000000 | Q:        nan | won: False 
#   53 | steps:   575 | steps_t:     0 | t: 0.231438 | r:  -506.000000 | e:   1.000000 | Q:        nan | won: False 
#   54 | steps:   596 | steps_t:     0 | t: 0.237266 | r:  -520.000000 | e:   1.000000 | Q:        nan | won: False 
#   55 | steps:   603 | steps_t:     0 | t: 0.239190 | r:  -506.000000 | e:   1.000000 | Q:        nan | won: False 
#   56 | steps:   609 | steps_t:     0 | t: 0.240916 | r:  -505.000000 | e:   1.000000 | Q:        nan | won: False 
#   57 | steps:   616 | steps_t:     0 | t: 0.243000 | r:  -506.000000 | e:   1.000000 | Q:        nan | won: False 
#   58 | steps:   627 | steps_t:     0 | t: 0.246165 | r:  -510.000000 | e:   1.000000 | Q:        nan | won: False 
#   59 | steps:   635 | steps_t:     0 | t: 0.248596 | r:  -507.000000 | e:   1.000000 | Q:        nan | won: False 
#   60 | steps:   647 | steps_t:     0 | t: 0.252248 | r:  -511.000000 | e:   1.000000 | Q:        nan | won: False 
#   61 | steps:   671 | steps_t:     0 | t: 0.259472 | r:  -523.000000 | e:   1.000000 | Q:        nan | won: False 
#   62 | steps:   684 | steps_t:     0 | t: 0.263146 | r:  -512.000000 | e:   1.000000 | Q:        nan | won: False 
#   63 | steps:   692 | steps_t:     0 | t: 0.265452 | r:  -507.000000 | e:   1.000000 | Q:        nan | won: False 
#   64 | steps:   703 | steps_t:     0 | t: 0.268649 | r:  -510.000000 | e:   1.000000 | Q:        nan | won: False 
#   65 | steps:   712 | steps_t:     0 | t: 0.271236 | r:  -508.000000 | e:   1.000000 | Q:        nan | won: False 
#   66 | steps:   730 | steps_t:     0 | t: 0.276612 | r:  -517.000000 | e:   1.000000 | Q:        nan | won: False 
#   67 | steps:   742 | steps_t:     0 | t: 0.280010 | r:  -511.000000 | e:   1.000000 | Q:        nan | won: False 
#   68 | steps:   749 | steps_t:     0 | t: 0.281909 | r:  -506.000000 | e:   1.000000 | Q:        nan | won: False 
#   69 | steps:   772 | steps_t:     0 | t: 0.288311 | r:  -522.000000 | e:   1.000000 | Q:        nan | won: False 
#   70 | steps:   783 | steps_t:     0 | t: 0.291524 | r:  -510.000000 | e:   1.000000 | Q:        nan | won: False 
#   71 | steps:   794 | steps_t:     0 | t: 0.294676 | r:  -510.000000 | e:   1.000000 | Q:        nan | won: False 
#   72 | steps:   808 | steps_t:     0 | t: 0.299111 | r:  -513.000000 | e:   1.000000 | Q:        nan | won: False 
#   73 | steps:   834 | steps_t:     0 | t: 0.306563 | r:  -503.000000 | e:   1.000000 | Q:        nan | won: False 
#   74 | steps:   845 | steps_t:     0 | t: 0.309737 | r:  -510.000000 | e:   1.000000 | Q:        nan | won: False 
#   75 | steps:   856 | steps_t:     0 | t: 0.312878 | r:  -510.000000 | e:   1.000000 | Q:        nan | won: False 
#   76 | steps:   867 | steps_t:     0 | t: 0.316046 | r:  -510.000000 | e:   1.000000 | Q:        nan | won: False 
#   77 | steps:   873 | steps_t:     0 | t: 0.317823 | r:  -505.000000 | e:   1.000000 | Q:        nan | won: False 
#   78 | steps:   880 | steps_t:     0 | t: 0.319942 | r:  -506.000000 | e:   1.000000 | Q:        nan | won: False 
#   79 | steps:   887 | steps_t:     0 | t: 0.321967 | r:  -506.000000 | e:   1.000000 | Q:        nan | won: False 
#   80 | steps:   899 | steps_t:     0 | t: 0.325347 | r:  -511.000000 | e:   1.000000 | Q:        nan | won: False 
#   81 | steps:   915 | steps_t:     0 | t: 0.329882 | r:  -515.000000 | e:   1.000000 | Q:        nan | won: False 
#   82 | steps:   933 | steps_t:     0 | t: 0.334842 | r:  -506.000000 | e:   1.000000 | Q:        nan | won: False 
#   83 | steps:   939 | steps_t:     0 | t: 0.336623 | r:  -505.000000 | e:   1.000000 | Q:        nan | won: False 
#   84 | steps:   946 | steps_t:     0 | t: 0.338569 | r:  -506.000000 | e:   1.000000 | Q:        nan | won: False 
#   85 | steps:   962 | steps_t:     0 | t: 0.343167 | r:  -504.000000 | e:   1.000000 | Q:        nan | won: False 
#   86 | steps:   969 | steps_t:     0 | t: 0.345262 | r:  -506.000000 | e:   1.000000 | Q:        nan | won: False 
#   87 | steps:   976 | steps_t:     0 | t: 0.347149 | r:  -506.000000 | e:   1.000000 | Q:        nan | won: False 
#   88 | steps:   983 | steps_t:     0 | t: 0.349140 | r:  -506.000000 | e:   1.000000 | Q:        nan | won: False 
#   89 | steps:  1000 | steps_t:     0 | t: 0.353908 | r:  -516.000000 | e:   1.000000 | Q:        nan | won: False 
#   90 | steps:  1023 | steps_t:     0 | t: 0.360435 | r:  -522.000000 | e:   1.000000 | Q:        nan | won: False 
#   91 | steps:  1033 | steps_t:     0 | t: 0.363232 | r:  -509.000000 | e:   1.000000 | Q:        nan | won: False 
#   92 | steps:  1047 | steps_t:     0 | t: 0.367443 | r:  -513.000000 | e:   1.000000 | Q:        nan | won: False 
#   93 | steps:  1053 | steps_t:     0 | t: 0.369244 | r:  -505.000000 | e:   1.000000 | Q:        nan | won: False 
#   94 | steps:  1065 | steps_t:     0 | t: 0.372657 | r:  -511.000000 | e:   1.000000 | Q:        nan | won: False 
#   95 | steps:  1074 | steps_t:     0 | t: 0.375210 | r:  -508.000000 | e:   1.000000 | Q:        nan | won: False 
#   96 | steps:  1081 | steps_t:     0 | t: 0.377242 | r:  -506.000000 | e:   1.000000 | Q:        nan | won: False 
#   97 | steps:  1092 | steps_t:     0 | t: 0.380364 | r:  -510.000000 | e:   1.000000 | Q:        nan | won: False 
#   98 | steps:  1098 | steps_t:     0 | t: 0.382103 | r:  -505.000000 | e:   1.000000 | Q:        nan | won: False 
#   99 | steps:  1108 | steps_t:     0 | t: 0.384870 | r:  -509.000000 | e:   1.000000 | Q:        nan | won: False 
#  100 | steps:  1116 | steps_t:     0 | t: 0.387166 | r:  -507.000000 | e:   1.000000 | Q:        nan | won: False 
#  101 | steps:  1127 | steps_t:     0 | t: 0.390455 | r:  -510.000000 | e:   1.000000 | Q:        nan | won: False 
#  102 | steps:  1134 | steps_t:     0 | t: 0.392504 | r:  -506.000000 | e:   1.000000 | Q:        nan | won: False 
#  103 | steps:  1142 | steps_t:     0 | t: 0.394765 | r:  -507.000000 | e:   1.000000 | Q:        nan | won: False 
#  104 | steps:  1152 | steps_t:     0 | t: 0.397570 | r:  -509.000000 | e:   1.000000 | Q:        nan | won: False 
#  105 | steps:  1162 | steps_t:     0 | t: 0.400411 | r:  -509.000000 | e:   1.000000 | Q:        nan | won: False 
#  106 | steps:  1170 | steps_t:     0 | t: 0.402705 | r:  -507.000000 | e:   1.000000 | Q:        nan | won: False 
#  107 | steps:  1179 | steps_t:     0 | t: 0.405307 | r:  -508.000000 | e:   1.000000 | Q:        nan | won: False 
#  108 | steps:  1197 | steps_t:     0 | t: 0.410468 | r:  -517.000000 | e:   1.000000 | Q:        nan | won: False 
#  109 | steps:  1205 | steps_t:     0 | t: 0.412791 | r:  -507.000000 | e:   1.000000 | Q:        nan | won: False 
#  110 | steps:  1212 | steps_t:     0 | t: 0.414947 | r:  -506.000000 | e:   1.000000 | Q:        nan | won: False 
#  111 | steps:  1221 | steps_t:     0 | t: 0.417523 | r:  -508.000000 | e:   1.000000 | Q:        nan | won: False 
#  112 | steps:  1231 | steps_t:     0 | t: 0.420342 | r:  -509.000000 | e:   1.000000 | Q:        nan | won: False 
#  113 | steps:  1240 | steps_t:     0 | t: 0.422946 | r:  -508.000000 | e:   1.000000 | Q:        nan | won: False 
#  114 | steps:  1250 | steps_t:     0 | t: 0.425793 | r:  -509.000000 | e:   1.000000 | Q:        nan | won: False 
#  115 | steps:  1259 | steps_t:     0 | t: 0.428385 | r:  -508.000000 | e:   1.000000 | Q:        nan | won: False 
#  116 | steps:  1268 | steps_t:     0 | t: 0.430969 | r:  -508.000000 | e:   1.000000 | Q:        nan | won: False 
#  117 | steps:  1277 | steps_t:     0 | t: 0.433627 | r:  -508.000000 | e:   1.000000 | Q:        nan | won: False 
#  118 | steps:  1288 | steps_t:     0 | t: 0.437152 | r:  -510.000000 | e:   1.000000 | Q:        nan | won: False 
#  119 | steps:  1300 | steps_t:     0 | t: 0.440634 | r:  -511.000000 | e:   1.000000 | Q:        nan | won: False 
#  120 | steps:  1306 | steps_t:     0 | t: 0.442375 | r:  -505.000000 | e:   1.000000 | Q:        nan | won: False 
#  121 | steps:  1312 | steps_t:     0 | t: 0.444093 | r:  -505.000000 | e:   1.000000 | Q:        nan | won: False 
#  122 | steps:  1322 | steps_t:     0 | t: 0.446969 | r:  -509.000000 | e:   1.000000 | Q:        nan | won: False 
#  123 | steps:  1329 | steps_t:     0 | t: 0.448969 | r:  -506.000000 | e:   1.000000 | Q:        nan | won: False 
#  124 | steps:  1337 | steps_t:     0 | t: 0.451230 | r:  -507.000000 | e:   1.000000 | Q:        nan | won: False 
#  125 | steps:  1355 | steps_t:     0 | t: 0.456478 | r:  -517.000000 | e:   1.000000 | Q:        nan | won: False 
#  126 | steps:  1362 | steps_t:     0 | t: 0.458506 | r:  -506.000000 | e:   1.000000 | Q:        nan | won: False 
#  127 | steps:  1367 | steps_t:     0 | t: 0.460288 | r:  -504.000000 | e:   1.000000 | Q:        nan | won: False 
#  128 | steps:  1374 | steps_t:     0 | t: 0.462352 | r:  -506.000000 | e:   1.000000 | Q:        nan | won: False 
#  129 | steps:  1384 | steps_t:     0 | t: 0.465175 | r:  -509.000000 | e:   1.000000 | Q:        nan | won: False 
#  130 | steps:  1394 | steps_t:     0 | t: 0.467882 | r:  -509.000000 | e:   1.000000 | Q:        nan | won: False 
#  131 | steps:  1402 | steps_t:     0 | t: 0.470054 | r:  -507.000000 | e:   1.000000 | Q:        nan | won: False 
#  132 | steps:  1409 | steps_t:     0 | t: 0.472083 | r:  -506.000000 | e:   1.000000 | Q:        nan | won: False 
#  133 | steps:  1430 | steps_t:     0 | t: 0.478124 | r:  -520.000000 | e:   1.000000 | Q:        nan | won: False 
#  134 | steps:  1449 | steps_t:     0 | t: 0.483722 | r:  -518.000000 | e:   1.000000 | Q:        nan | won: False 
#  135 | steps:  1456 | steps_t:     0 | t: 0.486074 | r:  -506.000000 | e:   1.000000 | Q:        nan | won: False 
#  136 | steps:  1465 | steps_t:     0 | t: 0.488678 | r:  -508.000000 | e:   1.000000 | Q:        nan | won: False 
#  137 | steps:  1482 | steps_t:     0 | t: 0.493727 | r:  -516.000000 | e:   1.000000 | Q:        nan | won: False 
#  138 | steps:  1490 | steps_t:     0 | t: 0.496240 | r:  -507.000000 | e:   1.000000 | Q:        nan | won: False 
#  139 | steps:  1510 | steps_t:     0 | t: 0.502242 | r:  -508.000000 | e:   1.000000 | Q:        nan | won: False 
#  140 | steps:  1518 | steps_t:     0 | t: 0.504884 | r:  -507.000000 | e:   1.000000 | Q:        nan | won: False 
#  141 | steps:  1540 | steps_t:     0 | t: 0.511578 | r:  -521.000000 | e:   1.000000 | Q:        nan | won: False 
#  142 | steps:  1550 | steps_t:     0 | t: 0.514668 | r:  -509.000000 | e:   1.000000 | Q:        nan | won: False 
#  143 | steps:  1573 | steps_t:     0 | t: 0.521296 | r:  -522.000000 | e:   1.000000 | Q:        nan | won: False 
#  144 | steps:  1585 | steps_t:     0 | t: 0.524944 | r:  -511.000000 | e:   1.000000 | Q:        nan | won: False 
#  145 | steps:  1594 | steps_t:     0 | t: 0.527778 | r:  -508.000000 | e:   1.000000 | Q:        nan | won: False 
#  146 | steps:  1599 | steps_t:     0 | t: 0.529463 | r:  -504.000000 | e:   1.000000 | Q:        nan | won: False 
#  147 | steps:  1612 | steps_t:     0 | t: 0.533805 | r:  -512.000000 | e:   1.000000 | Q:        nan | won: False 
#  148 | steps:  1619 | steps_t:     0 | t: 0.536019 | r:  -506.000000 | e:   1.000000 | Q:        nan | won: False 
#  149 | steps:  1630 | steps_t:     0 | t: 0.539339 | r:  -510.000000 | e:   1.000000 | Q:        nan | won: False 
#  150 | steps:  1639 | steps_t:     0 | t: 0.542265 | r:  -508.000000 | e:   1.000000 | Q:        nan | won: False 
#  151 | steps:  1648 | steps_t:     0 | t: 0.545095 | r:  -508.000000 | e:   1.000000 | Q:        nan | won: False 
#  152 | steps:  1659 | steps_t:     0 | t: 0.548576 | r:  -510.000000 | e:   1.000000 | Q:        nan | won: False 
#  153 | steps:  1673 | steps_t:     0 | t: 0.553203 | r:  -513.000000 | e:   1.000000 | Q:        nan | won: False 
#  154 | steps:  1682 | steps_t:     0 | t: 0.556002 | r:  -508.000000 | e:   1.000000 | Q:        nan | won: False 
#  155 | steps:  1702 | steps_t:     0 | t: 0.561745 | r:  -519.000000 | e:   1.000000 | Q:        nan | won: False 
#  156 | steps:  1709 | steps_t:     0 | t: 0.563771 | r:  -506.000000 | e:   1.000000 | Q:        nan | won: False 
#  157 | steps:  1721 | steps_t:     0 | t: 0.567187 | r:  -511.000000 | e:   1.000000 | Q:        nan | won: False 
#  158 | steps:  1782 | steps_t:     0 | t: 0.584633 | r:  -549.000000 | e:   1.000000 | Q:        nan | won: False 
#  159 | steps:  1788 | steps_t:     0 | t: 0.586494 | r:  -505.000000 | e:   1.000000 | Q:        nan | won: False 
#  160 | steps:  1799 | steps_t:     0 | t: 0.589605 | r:  -510.000000 | e:   1.000000 | Q:        nan | won: False 
#  161 | steps:  1820 | steps_t:     0 | t: 0.595757 | r:  -520.000000 | e:   1.000000 | Q:        nan | won: False 
#  162 | steps:  1830 | steps_t:     0 | t: 0.598938 | r:  -509.000000 | e:   1.000000 | Q:        nan | won: False 
#  163 | steps:  1836 | steps_t:     0 | t: 0.601014 | r:  -505.000000 | e:   1.000000 | Q:        nan | won: False 
#  164 | steps:  1845 | steps_t:     0 | t: 0.603746 | r:  -508.000000 | e:   1.000000 | Q:        nan | won: False 
#  165 | steps:  1855 | steps_t:     0 | t: 0.606548 | r:  -509.000000 | e:   1.000000 | Q:        nan | won: False 
#  166 | steps:  1872 | steps_t:     0 | t: 0.611795 | r:  -516.000000 | e:   1.000000 | Q:        nan | won: False 
#  167 | steps:  1881 | steps_t:     0 | t: 0.614491 | r:  -508.000000 | e:   1.000000 | Q:        nan | won: False 
#  168 | steps:  1895 | steps_t:     0 | t: 0.618648 | r:  -513.000000 | e:   1.000000 | Q:        nan | won: False 
#  169 | steps:  1919 | steps_t:     0 | t: 0.625927 | r:  -523.000000 | e:   1.000000 | Q:        nan | won: False 
#  170 | steps:  1925 | steps_t:     0 | t: 0.627748 | r:  -505.000000 | e:   1.000000 | Q:        nan | won: False 
#  171 | steps:  1938 | steps_t:     0 | t: 0.631470 | r:  -512.000000 | e:   1.000000 | Q:        nan | won: False 
#  172 | steps:  1963 | steps_t:     0 | t: 0.638641 | r:  -524.000000 | e:   1.000000 | Q:        nan | won: False 
#  173 | steps:  1969 | steps_t:     0 | t: 0.640514 | r:  -505.000000 | e:   1.000000 | Q:        nan | won: False 
#  174 | steps:  1977 | steps_t:     0 | t: 0.642810 | r:  -507.000000 | e:   1.000000 | Q:        nan | won: False 
#  175 | steps:  1984 | steps_t:     0 | t: 0.645054 | r:  -506.000000 | e:   1.000000 | Q:        nan | won: False 
#  176 | steps:  1993 | steps_t:     0 | t: 0.648001 | r:  -508.000000 | e:   1.000000 | Q:        nan | won: False 
#  177 | steps:  2006 | steps_t:     0 | t: 0.651736 | r:  -512.000000 | e:   1.000000 | Q:        nan | won: False 
#  178 | steps:  2019 | steps_t:     0 | t: 0.655533 | r:  -512.000000 | e:   1.000000 | Q:        nan | won: False 
#  179 | steps:  2034 | steps_t:     0 | t: 0.659856 | r:  -514.000000 | e:   1.000000 | Q:        nan | won: False 
#  180 | steps:  2049 | steps_t:     0 | t: 0.664234 | r:  -514.000000 | e:   1.000000 | Q:        nan | won: False 
#  181 | steps:  2056 | steps_t:     0 | t: 0.666315 | r:  -506.000000 | e:   1.000000 | Q:        nan | won: False 
#  182 | steps:  2062 | steps_t:     0 | t: 0.668244 | r:  -505.000000 | e:   1.000000 | Q:        nan | won: False 
#  183 | steps:  2071 | steps_t:     0 | t: 0.671258 | r:  -508.000000 | e:   1.000000 | Q:        nan | won: False 
#  184 | steps:  2077 | steps_t:     0 | t: 0.673132 | r:  -505.000000 | e:   1.000000 | Q:        nan | won: False 
#  185 | steps:  2084 | steps_t:     0 | t: 0.675202 | r:  -506.000000 | e:   1.000000 | Q:        nan | won: False 
#  186 | steps:  2092 | steps_t:     0 | t: 0.677547 | r:  -507.000000 | e:   1.000000 | Q:        nan | won: False 
#  187 | steps:  2103 | steps_t:     0 | t: 0.680602 | r:  -510.000000 | e:   1.000000 | Q:        nan | won: False 
#  188 | steps:  2119 | steps_t:     0 | t: 0.685264 | r:  -515.000000 | e:   1.000000 | Q:        nan | won: False 
#  189 | steps:  2129 | steps_t:     0 | t: 0.688361 | r:  -509.000000 | e:   1.000000 | Q:        nan | won: False 
#  190 | steps:  2135 | steps_t:     0 | t: 0.690171 | r:  -505.000000 | e:   1.000000 | Q:        nan | won: False 
#  191 | steps:  2143 | steps_t:     0 | t: 0.692720 | r:  -507.000000 | e:   1.000000 | Q:        nan | won: False 
#  192 | steps:  2154 | steps_t:     0 | t: 0.696218 | r:  -510.000000 | e:   1.000000 | Q:        nan | won: False 
#  193 | steps:  2165 | steps_t:     0 | t: 0.699333 | r:  -510.000000 | e:   1.000000 | Q:        nan | won: False 
#  194 | steps:  2170 | steps_t:     0 | t: 0.700701 | r:  -504.000000 | e:   1.000000 | Q:        nan | won: False 
#  195 | steps:  2180 | steps_t:     0 | t: 0.703597 | r:  -509.000000 | e:   1.000000 | Q:        nan | won: False 
#  196 | steps:  2190 | steps_t:     0 | t: 0.706510 | r:  -509.000000 | e:   1.000000 | Q:        nan | won: False 
#  197 | steps:  2198 | steps_t:     0 | t: 0.708830 | r:  -507.000000 | e:   1.000000 | Q:        nan | won: False 
#  198 | steps:  2208 | steps_t:     0 | t: 0.711807 | r:  -509.000000 | e:   1.000000 | Q:        nan | won: False 
#  199 | steps:  2232 | steps_t:     0 | t: 0.719087 | r:  -523.000000 | e:   1.000000 | Q:        nan | won: False 
#  200 | steps:  2246 | steps_t:     0 | t: 0.723177 | r:  -513.000000 | e:   1.000000 | Q:        nan | won: False 
#  201 | steps:  2258 | steps_t:     0 | t: 0.726705 | r:  -511.000000 | e:   1.000000 | Q:        nan | won: False 
#  202 | steps:  2272 | steps_t:     0 | t: 0.730622 | r:  -502.000000 | e:   1.000000 | Q:        nan | won: False 
#  203 | steps:  2280 | steps_t:     0 | t: 0.733003 | r:  -507.000000 | e:   1.000000 | Q:        nan | won: False 
#  204 | steps:  2288 | steps_t:     0 | t: 0.735469 | r:  -507.000000 | e:   1.000000 | Q:        nan | won: False 
#  205 | steps:  2296 | steps_t:     0 | t: 0.737931 | r:  -507.000000 | e:   1.000000 | Q:        nan | won: False 
#  206 | steps:  2306 | steps_t:     0 | t: 0.741031 | r:  -509.000000 | e:   1.000000 | Q:        nan | won: False 
#  207 | steps:  2318 | steps_t:     0 | t: 0.744431 | r:  -511.000000 | e:   1.000000 | Q:        nan | won: False 
#  208 | steps:  2325 | steps_t:     0 | t: 0.746371 | r:  -506.000000 | e:   1.000000 | Q:        nan | won: False 
#  209 | steps:  2333 | steps_t:     0 | t: 0.748672 | r:  -507.000000 | e:   1.000000 | Q:        nan | won: False 
#  210 | steps:  2356 | steps_t:     0 | t: 0.755219 | r:  -522.000000 | e:   1.000000 | Q:        nan | won: False 
#  211 | steps:  2366 | steps_t:     0 | t: 0.758275 | r:  -509.000000 | e:   1.000000 | Q:        nan | won: False 
#  212 | steps:  2376 | steps_t:     0 | t: 0.761328 | r:  -509.000000 | e:   1.000000 | Q:        nan | won: False 
#  213 | steps:  2384 | steps_t:     0 | t: 0.763904 | r:  -507.000000 | e:   1.000000 | Q:        nan | won: False 
#  214 | steps:  2397 | steps_t:     0 | t: 0.767847 | r:  -512.000000 | e:   1.000000 | Q:        nan | won: False 
#  215 | steps:  2407 | steps_t:     0 | t: 0.770736 | r:  -509.000000 | e:   1.000000 | Q:        nan | won: False 
#  216 | steps:  2415 | steps_t:     0 | t: 0.772975 | r:  -507.000000 | e:   1.000000 | Q:        nan | won: False 
#  217 | steps:  2422 | steps_t:     0 | t: 0.774891 | r:  -506.000000 | e:   1.000000 | Q:        nan | won: False 
#  218 | steps:  2439 | steps_t:     0 | t: 0.779753 | r:  -516.000000 | e:   1.000000 | Q:        nan | won: False 
#  219 | steps:  2465 | steps_t:     0 | t: 0.787296 | r:  -525.000000 | e:   1.000000 | Q:        nan | won: False 
#  220 | steps:  2474 | steps_t:     0 | t: 0.790358 | r:  -508.000000 | e:   1.000000 | Q:        nan | won: False 
#  221 | steps:  2492 | steps_t:     0 | t: 0.795737 | r:  -517.000000 | e:   1.000000 | Q:        nan | won: False 
#  222 | steps:  2502 | steps_t:     0 | t: 0.798749 | r:  -509.000000 | e:   1.000000 | Q:        nan | won: False 
#  223 | steps:  2511 | steps_t:     0 | t: 0.801368 | r:  -508.000000 | e:   1.000000 | Q:        nan | won: False 
#  224 | steps:  2518 | steps_t:     0 | t: 0.803394 | r:  -506.000000 | e:   1.000000 | Q:        nan | won: False 
#  225 | steps:  2527 | steps_t:     0 | t: 0.806312 | r:  -508.000000 | e:   1.000000 | Q:        nan | won: False 
#  226 | steps:  2536 | steps_t:     0 | t: 0.809359 | r:  -508.000000 | e:   1.000000 | Q:        nan | won: False 
#  227 | steps:  2547 | steps_t:     0 | t: 0.812597 | r:  -510.000000 | e:   1.000000 | Q:        nan | won: False 
#  228 | steps:  2556 | steps_t:     0 | t: 0.815151 | r:  -508.000000 | e:   1.000000 | Q:        nan | won: False 
#  229 | steps:  2566 | steps_t:     0 | t: 0.818079 | r:  -509.000000 | e:   1.000000 | Q:        nan | won: False 
#  230 | steps:  2581 | steps_t:     0 | t: 0.822468 | r:  -514.000000 | e:   1.000000 | Q:        nan | won: False 
#  231 | steps:  2597 | steps_t:     0 | t: 0.827162 | r:  -515.000000 | e:   1.000000 | Q:        nan | won: False 
#  232 | steps:  2610 | steps_t:     0 | t: 0.830993 | r:  -512.000000 | e:   1.000000 | Q:        nan | won: False 
#  233 | steps:  2620 | steps_t:     0 | t: 0.834249 | r:  -509.000000 | e:   1.000000 | Q:        nan | won: False 
#  234 | steps:  2636 | steps_t:     0 | t: 0.839180 | r:  -504.000000 | e:   1.000000 | Q:        nan | won: False 
#  235 | steps:  2652 | steps_t:     0 | t: 0.843853 | r:  -504.000000 | e:   1.000000 | Q:        nan | won: False 
#  236 | steps:  2672 | steps_t:     0 | t: 0.849562 | r:  -519.000000 | e:   1.000000 | Q:        nan | won: False 
#  237 | steps:  2681 | steps_t:     0 | t: 0.852369 | r:  -508.000000 | e:   1.000000 | Q:        nan | won: False 
#  238 | steps:  2690 | steps_t:     0 | t: 0.855075 | r:  -508.000000 | e:   1.000000 | Q:        nan | won: False 
#  239 | steps:  2700 | steps_t:     0 | t: 0.858585 | r:  -509.000000 | e:   1.000000 | Q:        nan | won: False 
#  240 | steps:  2717 | steps_t:     0 | t: 0.863772 | r:  -516.000000 | e:   1.000000 | Q:        nan | won: False 
#  241 | steps:  2725 | steps_t:     0 | t: 0.866157 | r:  -507.000000 | e:   1.000000 | Q:        nan | won: False 
#  242 | steps:  2733 | steps_t:     0 | t: 0.868491 | r:  -507.000000 | e:   1.000000 | Q:        nan | won: False 
#  243 | steps:  2743 | steps_t:     0 | t: 0.871381 | r:  -509.000000 | e:   1.000000 | Q:        nan | won: False 
#  244 | steps:  2756 | steps_t:     0 | t: 0.875223 | r:  -512.000000 | e:   1.000000 | Q:        nan | won: False 
#  245 | steps:  2764 | steps_t:     0 | t: 0.877847 | r:  -507.000000 | e:   1.000000 | Q:        nan | won: False 
#  246 | steps:  2785 | steps_t:     0 | t: 0.884278 | r:  -520.000000 | e:   1.000000 | Q:        nan | won: False 
#  247 | steps:  2794 | steps_t:     0 | t: 0.887029 | r:  -508.000000 | e:   1.000000 | Q:        nan | won: False 
#  248 | steps:  2800 | steps_t:     0 | t: 0.888798 | r:  -505.000000 | e:   1.000000 | Q:        nan | won: False 
#  249 | steps:  2823 | steps_t:     0 | t: 0.895474 | r:  -522.000000 | e:   1.000000 | Q:        nan | won: False 
#  250 | steps:  2831 | steps_t:     0 | t: 0.897923 | r:  -507.000000 | e:   1.000000 | Q:        nan | won: False 
#  251 | steps:  2839 | steps_t:     0 | t: 0.900348 | r:  -507.000000 | e:   1.000000 | Q:        nan | won: False 
#  252 | steps:  2845 | steps_t:     0 | t: 0.902139 | r:  -505.000000 | e:   1.000000 | Q:        nan | won: False 
#  253 | steps:  2852 | steps_t:     0 | t: 0.904389 | r:  -506.000000 | e:   1.000000 | Q:        nan | won: False 
#  254 | steps:  2872 | steps_t:     0 | t: 0.910551 | r:  -519.000000 | e:   1.000000 | Q:        nan | won: False 
#  255 | steps:  2885 | steps_t:     0 | t: 0.914217 | r:  -501.000000 | e:   1.000000 | Q:        nan | won: False 
#  256 | steps:  2893 | steps_t:     0 | t: 0.916547 | r:  -507.000000 | e:   1.000000 | Q:        nan | won: False 
#  257 | steps:  2901 | steps_t:     0 | t: 0.918891 | r:  -507.000000 | e:   1.000000 | Q:        nan | won: False 
#  258 | steps:  2906 | steps_t:     0 | t: 0.920443 | r:  -504.000000 | e:   1.000000 | Q:        nan | won: False 
#  259 | steps:  2914 | steps_t:     0 | t: 0.922860 | r:  -507.000000 | e:   1.000000 | Q:        nan | won: False 
#  260 | steps:  2925 | steps_t:     0 | t: 0.926341 | r:  -510.000000 | e:   1.000000 | Q:        nan | won: False 
#  261 | steps:  2937 | steps_t:     0 | t: 0.929948 | r:  -511.000000 | e:   1.000000 | Q:        nan | won: False 
#  262 | steps:  2952 | steps_t:     0 | t: 0.934294 | r:  -492.000000 | e:   1.000000 | Q:        nan | won: False 
#  263 | steps:  2959 | steps_t:     0 | t: 0.936356 | r:  -506.000000 | e:   1.000000 | Q:        nan | won: False 
#  264 | steps:  2967 | steps_t:     0 | t: 0.938737 | r:  -507.000000 | e:   1.000000 | Q:        nan | won: False 
#  265 | steps:  2974 | steps_t:     0 | t: 0.940781 | r:  -506.000000 | e:   1.000000 | Q:        nan | won: False 
#  266 | steps:  2982 | steps_t:     0 | t: 0.943043 | r:  -507.000000 | e:   1.000000 | Q:        nan | won: False 
#  267 | steps:  3006 | steps_t:     0 | t: 0.950554 | r:  -523.000000 | e:   1.000000 | Q:        nan | won: False 
#  268 | steps:  3043 | steps_t:     0 | t: 0.961556 | r:    75.000000 | e:   1.000000 | Q:        nan | won: True 
#  269 | steps:  3050 | steps_t:     0 | t: 0.963783 | r:  -506.000000 | e:   1.000000 | Q:        nan | won: False 
#  270 | steps:  3059 | steps_t:     0 | t: 0.966430 | r:  -508.000000 | e:   1.000000 | Q:        nan | won: False 
#  271 | steps:  3070 | steps_t:     0 | t: 0.969705 | r:  -510.000000 | e:   1.000000 | Q:        nan | won: False 
#  272 | steps:  3088 | steps_t:     0 | t: 0.975255 | r:  -517.000000 | e:   1.000000 | Q:        nan | won: False 
#  273 | steps:  3134 | steps_t:     0 | t: 0.988737 | r:  -534.000000 | e:   1.000000 | Q:        nan | won: False 
#  274 | steps:  3142 | steps_t:     0 | t: 0.991394 | r:  -507.000000 | e:   1.000000 | Q:        nan | won: False 
#  275 | steps:  3160 | steps_t:     0 | t: 0.997006 | r:  -517.000000 | e:   1.000000 | Q:        nan | won: False 
#  276 | steps:  3169 | steps_t:     0 | t: 1.000104 | r:  -508.000000 | e:   1.000000 | Q:        nan | won: False 
#  277 | steps:  3178 | steps_t:     0 | t: 1.002949 | r:  -508.000000 | e:   1.000000 | Q:        nan | won: False 
#  278 | steps:  3186 | steps_t:     0 | t: 1.005337 | r:  -507.000000 | e:   1.000000 | Q:        nan | won: False 
#  279 | steps:  3193 | steps_t:     0 | t: 1.007288 | r:  -506.000000 | e:   1.000000 | Q:        nan | won: False 
#  280 | steps:  3205 | steps_t:     0 | t: 1.010645 | r:  -511.000000 | e:   1.000000 | Q:        nan | won: False 
#  281 | steps:  3213 | steps_t:     0 | t: 1.012943 | r:  -507.000000 | e:   1.000000 | Q:        nan | won: False 
#  282 | steps:  3224 | steps_t:     0 | t: 1.016267 | r:  -510.000000 | e:   1.000000 | Q:        nan | won: False 
#  283 | steps:  3243 | steps_t:     0 | t: 1.022242 | r:  -496.000000 | e:   1.000000 | Q:        nan | won: False 
#  284 | steps:  3251 | steps_t:     0 | t: 1.024809 | r:  -507.000000 | e:   1.000000 | Q:        nan | won: False 
#  285 | steps:  3260 | steps_t:     0 | t: 1.027410 | r:  -508.000000 | e:   1.000000 | Q:        nan | won: False 
#  286 | steps:  3277 | steps_t:     0 | t: 1.032234 | r:  -505.000000 | e:   1.000000 | Q:        nan | won: False 
#  287 | steps:  3285 | steps_t:     0 | t: 1.034433 | r:  -507.000000 | e:   1.000000 | Q:        nan | won: False 
#  288 | steps:  3293 | steps_t:     0 | t: 1.036761 | r:  -507.000000 | e:   1.000000 | Q:        nan | won: False 
#  289 | steps:  3304 | steps_t:     0 | t: 1.039994 | r:  -510.000000 | e:   1.000000 | Q:        nan | won: False 
#  290 | steps:  3324 | steps_t:     0 | t: 1.046318 | r:  -519.000000 | e:   1.000000 | Q:        nan | won: False 
#  291 | steps:  3335 | steps_t:     0 | t: 1.049521 | r:  -510.000000 | e:   1.000000 | Q:        nan | won: False 
#  292 | steps:  3341 | steps_t:     0 | t: 1.051281 | r:  -505.000000 | e:   1.000000 | Q:        nan | won: False 
#  293 | steps:  3361 | steps_t:     0 | t: 1.057022 | r:  -519.000000 | e:   1.000000 | Q:        nan | won: False 
#  294 | steps:  3375 | steps_t:     0 | t: 1.061068 | r:  -513.000000 | e:   1.000000 | Q:        nan | won: False 
#  295 | steps:  3383 | steps_t:     0 | t: 1.063523 | r:  -507.000000 | e:   1.000000 | Q:        nan | won: False 
#  296 | steps:  3392 | steps_t:     0 | t: 1.066338 | r:  -508.000000 | e:   1.000000 | Q:        nan | won: False 
#  297 | steps:  3402 | steps_t:     0 | t: 1.069441 | r:  -509.000000 | e:   1.000000 | Q:        nan | won: False 
#  298 | steps:  3412 | steps_t:     0 | t: 1.072366 | r:  -509.000000 | e:   1.000000 | Q:        nan | won: False 
#  299 | steps:  3429 | steps_t:     0 | t: 1.077347 | r:  -516.000000 | e:   1.000000 | Q:        nan | won: False 
#  300 | steps:  3436 | steps_t:     0 | t: 1.079411 | r:  -506.000000 | e:   1.000000 | Q:        nan | won: False 
#  301 | steps:  3455 | steps_t:     0 | t: 1.085124 | r:  -518.000000 | e:   1.000000 | Q:        nan | won: False 
#  302 | steps:  3475 | steps_t:     0 | t: 1.091571 | r:  -519.000000 | e:   1.000000 | Q:        nan | won: False 
#  303 | steps:  3483 | steps_t:     0 | t: 1.093909 | r:  -507.000000 | e:   1.000000 | Q:        nan | won: False 
#  304 | steps:  3490 | steps_t:     0 | t: 1.095870 | r:  -506.000000 | e:   1.000000 | Q:        nan | won: False 
#  305 | steps:  3508 | steps_t:     0 | t: 1.101038 | r:  -517.000000 | e:   1.000000 | Q:        nan | won: False 
#  306 | steps:  3519 | steps_t:     0 | t: 1.104319 | r:  -510.000000 | e:   1.000000 | Q:        nan | won: False 
#  307 | steps:  3527 | steps_t:     0 | t: 1.106877 | r:  -507.000000 | e:   1.000000 | Q:        nan | won: False 
#  308 | steps:  3535 | steps_t:     0 | t: 1.109543 | r:  -507.000000 | e:   1.000000 | Q:        nan | won: False 
#  309 | steps:  3544 | steps_t:     0 | t: 1.112480 | r:  -508.000000 | e:   1.000000 | Q:        nan | won: False 
#  310 | steps:  3556 | steps_t:     0 | t: 1.115914 | r:  -511.000000 | e:   1.000000 | Q:        nan | won: False 
#  311 | steps:  3572 | steps_t:     0 | t: 1.120598 | r:  -515.000000 | e:   1.000000 | Q:        nan | won: False 
#  312 | steps:  3588 | steps_t:     0 | t: 1.125140 | r:  -515.000000 | e:   1.000000 | Q:        nan | won: False 
#  313 | steps:  3600 | steps_t:     0 | t: 1.128722 | r:  -511.000000 | e:   1.000000 | Q:        nan | won: False 
#  314 | steps:  3607 | steps_t:     0 | t: 1.130757 | r:  -506.000000 | e:   1.000000 | Q:        nan | won: False 
#  315 | steps:  3620 | steps_t:     0 | t: 1.135038 | r:  -512.000000 | e:   1.000000 | Q:        nan | won: False 
#  316 | steps:  3634 | steps_t:     0 | t: 1.139230 | r:  -513.000000 | e:   1.000000 | Q:        nan | won: False 
#  317 | steps:  3646 | steps_t:     0 | t: 1.142728 | r:  -511.000000 | e:   1.000000 | Q:        nan | won: False 
#  318 | steps:  3653 | steps_t:     0 | t: 1.144791 | r:  -506.000000 | e:   1.000000 | Q:        nan | won: False 
#  319 | steps:  3665 | steps_t:     0 | t: 1.148276 | r:  -511.000000 | e:   1.000000 | Q:        nan | won: False 
#  320 | steps:  3677 | steps_t:     0 | t: 1.151840 | r:  -511.000000 | e:   1.000000 | Q:        nan | won: False 
#  321 | steps:  3686 | steps_t:     0 | t: 1.154605 | r:  -508.000000 | e:   1.000000 | Q:        nan | won: False 
#  322 | steps:  3697 | steps_t:     0 | t: 1.157912 | r:  -510.000000 | e:   1.000000 | Q:        nan | won: False 
#  323 | steps:  3704 | steps_t:     0 | t: 1.160232 | r:  -506.000000 | e:   1.000000 | Q:        nan | won: False 
#  324 | steps:  3713 | steps_t:     0 | t: 1.162772 | r:  -508.000000 | e:   1.000000 | Q:        nan | won: False 
#  325 | steps:  3722 | steps_t:     0 | t: 1.165287 | r:  -508.000000 | e:   1.000000 | Q:        nan | won: False 
#  326 | steps:  3729 | steps_t:     0 | t: 1.167343 | r:  -506.000000 | e:   1.000000 | Q:        nan | won: False 
#  327 | steps:  3738 | steps_t:     0 | t: 1.169857 | r:  -508.000000 | e:   1.000000 | Q:        nan | won: False 
#  328 | steps:  3760 | steps_t:     0 | t: 1.176413 | r:  -521.000000 | e:   1.000000 | Q:        nan | won: False 
#  329 | steps:  3769 | steps_t:     0 | t: 1.179362 | r:  -508.000000 | e:   1.000000 | Q:        nan | won: False 
#  330 | steps:  3779 | steps_t:     0 | t: 1.182418 | r:  -509.000000 | e:   1.000000 | Q:        nan | won: False 
#  331 | steps:  3791 | steps_t:     0 | t: 1.185761 | r:  -511.000000 | e:   1.000000 | Q:        nan | won: False 
#  332 | steps:  3803 | steps_t:     0 | t: 1.189221 | r:  -511.000000 | e:   1.000000 | Q:        nan | won: False 
#  333 | steps:  3811 | steps_t:     0 | t: 1.191569 | r:  -507.000000 | e:   1.000000 | Q:        nan | won: False 
#  334 | steps:  3818 | steps_t:     0 | t: 1.193889 | r:  -506.000000 | e:   1.000000 | Q:        nan | won: False 
#  335 | steps:  3837 | steps_t:     0 | t: 1.199510 | r:  -518.000000 | e:   1.000000 | Q:        nan | won: False 
#  336 | steps:  3850 | steps_t:     0 | t: 1.203515 | r:  -512.000000 | e:   1.000000 | Q:        nan | won: False 
#  337 | steps:  3860 | steps_t:     0 | t: 1.206608 | r:  -509.000000 | e:   1.000000 | Q:        nan | won: False 
#  338 | steps:  3873 | steps_t:     0 | t: 1.210477 | r:  -512.000000 | e:   1.000000 | Q:        nan | won: False 
#  339 | steps:  3887 | steps_t:     0 | t: 1.214497 | r:  -513.000000 | e:   1.000000 | Q:        nan | won: False 
#  340 | steps:  3899 | steps_t:     0 | t: 1.217960 | r:  -511.000000 | e:   1.000000 | Q:        nan | won: False 
#  341 | steps:  3913 | steps_t:     0 | t: 1.222103 | r:  -513.000000 | e:   1.000000 | Q:        nan | won: False 
#  342 | steps:  3924 | steps_t:     0 | t: 1.225529 | r:  -510.000000 | e:   1.000000 | Q:        nan | won: False 
#  343 | steps:  3936 | steps_t:     0 | t: 1.229675 | r:  -511.000000 | e:   1.000000 | Q:        nan | won: False 
#  344 | steps:  3953 | steps_t:     0 | t: 1.234622 | r:  -516.000000 | e:   1.000000 | Q:        nan | won: False 
#  345 | steps:  3970 | steps_t:     0 | t: 1.239402 | r:  -516.000000 | e:   1.000000 | Q:        nan | won: False 
#  346 | steps:  3976 | steps_t:     0 | t: 1.241169 | r:  -505.000000 | e:   1.000000 | Q:        nan | won: False 
#  347 | steps:  4002 | steps_t:     0 | t: 1.249143 | r:  -525.000000 | e:   1.000000 | Q:        nan | won: False 
#  348 | steps:  4009 | steps_t:     0 | t: 1.251732 | r:  -506.000000 | e:   1.000000 | Q:        nan | won: False 
#  349 | steps:  4020 | steps_t:     0 | t: 1.255073 | r:  -510.000000 | e:   1.000000 | Q:        nan | won: False 
#  350 | steps:  4028 | steps_t:     0 | t: 1.257497 | r:  -507.000000 | e:   1.000000 | Q:        nan | won: False 
#  351 | steps:  4048 | steps_t:     0 | t: 1.263429 | r:  -519.000000 | e:   1.000000 | Q:        nan | won: False 
#  352 | steps:  4066 | steps_t:     0 | t: 1.268832 | r:  -506.000000 | e:   1.000000 | Q:        nan | won: False 
#  353 | steps:  4075 | steps_t:     0 | t: 1.271640 | r:  -508.000000 | e:   1.000000 | Q:        nan | won: False 
#  354 | steps:  4083 | steps_t:     0 | t: 1.274086 | r:  -507.000000 | e:   1.000000 | Q:        nan | won: False 
#  355 | steps:  4091 | steps_t:     0 | t: 1.276801 | r:  -507.000000 | e:   1.000000 | Q:        nan | won: False 
#  356 | steps:  4097 | steps_t:     0 | t: 1.279088 | r:  -505.000000 | e:   1.000000 | Q:        nan | won: False 
#  357 | steps:  4105 | steps_t:     0 | t: 1.281593 | r:  -507.000000 | e:   1.000000 | Q:        nan | won: False 
#  358 | steps:  4112 | steps_t:     0 | t: 1.283868 | r:  -506.000000 | e:   1.000000 | Q:        nan | won: False 
#  359 | steps:  4121 | steps_t:     0 | t: 1.286437 | r:  -508.000000 | e:   1.000000 | Q:        nan | won: False 
#  360 | steps:  4142 | steps_t:     0 | t: 1.292745 | r:  -509.000000 | e:   1.000000 | Q:        nan | won: False 
#  361 | steps:  4153 | steps_t:     0 | t: 1.296113 | r:  -510.000000 | e:   1.000000 | Q:        nan | won: False 
#  362 | steps:  4168 | steps_t:     0 | t: 1.301136 | r:  -514.000000 | e:   1.000000 | Q:        nan | won: False 
#  363 | steps:  4178 | steps_t:     0 | t: 1.304060 | r:  -509.000000 | e:   1.000000 | Q:        nan | won: False 
#  364 | steps:  4186 | steps_t:     0 | t: 1.306437 | r:  -507.000000 | e:   1.000000 | Q:        nan | won: False 
#  365 | steps:  4194 | steps_t:     0 | t: 1.308779 | r:  -507.000000 | e:   1.000000 | Q:        nan | won: False 
#  366 | steps:  4202 | steps_t:     0 | t: 1.311096 | r:  -507.000000 | e:   1.000000 | Q:        nan | won: False 
#  367 | steps:  4211 | steps_t:     0 | t: 1.313669 | r:  -508.000000 | e:   1.000000 | Q:        nan | won: False 
#  368 | steps:  4221 | steps_t:     0 | t: 1.316620 | r:  -509.000000 | e:   1.000000 | Q:        nan | won: False 
#  369 | steps:  4235 | steps_t:     0 | t: 1.320928 | r:  -513.000000 | e:   1.000000 | Q:        nan | won: False 
#  370 | steps:  4244 | steps_t:     0 | t: 1.324186 | r:  -508.000000 | e:   1.000000 | Q:        nan | won: False 
#  371 | steps:  4253 | steps_t:     0 | t: 1.327409 | r:  -508.000000 | e:   1.000000 | Q:        nan | won: False 
#  372 | steps:  4259 | steps_t:     0 | t: 1.329228 | r:  -505.000000 | e:   1.000000 | Q:        nan | won: False 
#  373 | steps:  4272 | steps_t:     0 | t: 1.333241 | r:  -512.000000 | e:   1.000000 | Q:        nan | won: False 
#  374 | steps:  4284 | steps_t:     0 | t: 1.337204 | r:  -511.000000 | e:   1.000000 | Q:        nan | won: False 
#  375 | steps:  4290 | steps_t:     0 | t: 1.339252 | r:  -505.000000 | e:   1.000000 | Q:        nan | won: False 
#  376 | steps:  4300 | steps_t:     0 | t: 1.343322 | r:  -509.000000 | e:   1.000000 | Q:        nan | won: False 
#  377 | steps:  4312 | steps_t:     0 | t: 1.347430 | r:  -511.000000 | e:   1.000000 | Q:        nan | won: False 
#  378 | steps:  4323 | steps_t:     0 | t: 1.351252 | r:  -510.000000 | e:   1.000000 | Q:        nan | won: False 
#  379 | steps:  4334 | steps_t:     0 | t: 1.354518 | r:  -510.000000 | e:   1.000000 | Q:        nan | won: False 
#  380 | steps:  4354 | steps_t:     0 | t: 1.360494 | r:  -519.000000 | e:   1.000000 | Q:        nan | won: False 
#  381 | steps:  4360 | steps_t:     0 | t: 1.362328 | r:  -505.000000 | e:   1.000000 | Q:        nan | won: False 
#  382 | steps:  4377 | steps_t:     0 | t: 1.368989 | r:  -505.000000 | e:   1.000000 | Q:        nan | won: False 
#  383 | steps:  4387 | steps_t:     0 | t: 1.372489 | r:  -509.000000 | e:   1.000000 | Q:        nan | won: False 
#  384 | steps:  4398 | steps_t:     0 | t: 1.375942 | r:  -510.000000 | e:   1.000000 | Q:        nan | won: False 
#  385 | steps:  4404 | steps_t:     0 | t: 1.377816 | r:  -505.000000 | e:   1.000000 | Q:        nan | won: False 
#  386 | steps:  4413 | steps_t:     0 | t: 1.380541 | r:  -508.000000 | e:   1.000000 | Q:        nan | won: False 
#  387 | steps:  4422 | steps_t:     0 | t: 1.383183 | r:  -508.000000 | e:   1.000000 | Q:        nan | won: False 
#  388 | steps:  4430 | steps_t:     0 | t: 1.385616 | r:  -507.000000 | e:   1.000000 | Q:        nan | won: False 
#  389 | steps:  4441 | steps_t:     0 | t: 1.388952 | r:  -510.000000 | e:   1.000000 | Q:        nan | won: False 
#  390 | steps:  4459 | steps_t:     0 | t: 1.395156 | r:  -506.000000 | e:   1.000000 | Q:        nan | won: False 
#  391 | steps:  4469 | steps_t:     0 | t: 1.398238 | r:  -509.000000 | e:   1.000000 | Q:        nan | won: False 
#  392 | steps:  4477 | steps_t:     0 | t: 1.400805 | r:  -507.000000 | e:   1.000000 | Q:        nan | won: False 
#  393 | steps:  4483 | steps_t:     0 | t: 1.402851 | r:  -505.000000 | e:   1.000000 | Q:        nan | won: False 
#  394 | steps:  4497 | steps_t:     0 | t: 1.407701 | r:  -513.000000 | e:   1.000000 | Q:        nan | won: False 
#  395 | steps:  4510 | steps_t:     0 | t: 1.416303 | r:  -512.000000 | e:   1.000000 | Q:        nan | won: False 
#  396 | steps:  4520 | steps_t:     0 | t: 1.420991 | r:  -509.000000 | e:   1.000000 | Q:        nan | won: False 
#  397 | steps:  4538 | steps_t:     0 | t: 1.426471 | r:  -517.000000 | e:   1.000000 | Q:        nan | won: False 
#  398 | steps:  4558 | steps_t:     0 | t: 1.432820 | r:  -519.000000 | e:   1.000000 | Q:        nan | won: False 
#  399 | steps:  4568 | steps_t:     0 | t: 1.435932 | r:  -509.000000 | e:   1.000000 | Q:        nan | won: False 
#  400 | steps:  4575 | steps_t:     0 | t: 1.438084 | r:  -506.000000 | e:   1.000000 | Q:        nan | won: False 
#  401 | steps:  4586 | steps_t:     0 | t: 1.442823 | r:  -510.000000 | e:   1.000000 | Q:        nan | won: False 
#  402 | steps:  4592 | steps_t:     0 | t: 1.445310 | r:  -505.000000 | e:   1.000000 | Q:        nan | won: False 
#  403 | steps:  4602 | steps_t:     0 | t: 1.449421 | r:  -509.000000 | e:   1.000000 | Q:        nan | won: False 
#  404 | steps:  4609 | steps_t:     0 | t: 1.451617 | r:  -506.000000 | e:   1.000000 | Q:        nan | won: False 
#  405 | steps:  4619 | steps_t:     0 | t: 1.455060 | r:  -509.000000 | e:   1.000000 | Q:        nan | won: False 
#  406 | steps:  4629 | steps_t:     0 | t: 1.458062 | r:  -509.000000 | e:   1.000000 | Q:        nan | won: False 
#  407 | steps:  4640 | steps_t:     0 | t: 1.461482 | r:  -510.000000 | e:   1.000000 | Q:        nan | won: False 
#  408 | steps:  4648 | steps_t:     0 | t: 1.466274 | r:  -507.000000 | e:   1.000000 | Q:        nan | won: False 
#  409 | steps:  4657 | steps_t:     0 | t: 1.469654 | r:  -508.000000 | e:   1.000000 | Q:        nan | won: False 
#  410 | steps:  4666 | steps_t:     0 | t: 1.473252 | r:  -508.000000 | e:   1.000000 | Q:        nan | won: False 
#  411 | steps:  4678 | steps_t:     0 | t: 1.477877 | r:  -511.000000 | e:   1.000000 | Q:        nan | won: False 
#  412 | steps:  4721 | steps_t:     0 | t: 1.494558 | r:  -531.000000 | e:   1.000000 | Q:        nan | won: False 
#  413 | steps:  4731 | steps_t:     0 | t: 1.498332 | r:  -509.000000 | e:   1.000000 | Q:        nan | won: False 
#  414 | steps:  4736 | steps_t:     0 | t: 1.500195 | r:  -504.000000 | e:   1.000000 | Q:        nan | won: False 
#  415 | steps:  4755 | steps_t:     0 | t: 1.506070 | r:  -518.000000 | e:   1.000000 | Q:        nan | won: False 
#  416 | steps:  4774 | steps_t:     0 | t: 1.511908 | r:  -518.000000 | e:   1.000000 | Q:        nan | won: False 
#  417 | steps:  4786 | steps_t:     0 | t: 1.518524 | r:  -511.000000 | e:   1.000000 | Q:        nan | won: False 
#  418 | steps:  4796 | steps_t:     0 | t: 1.521696 | r:  -509.000000 | e:   1.000000 | Q:        nan | won: False 
#  419 | steps:  4801 | steps_t:     0 | t: 1.523273 | r:  -504.000000 | e:   1.000000 | Q:        nan | won: False 
#  420 | steps:  4818 | steps_t:     0 | t: 1.532298 | r:  -505.000000 | e:   1.000000 | Q:        nan | won: False 
#  421 | steps:  4826 | steps_t:     0 | t: 1.534921 | r:  -507.000000 | e:   1.000000 | Q:        nan | won: False 
#  422 | steps:  4836 | steps_t:     0 | t: 1.538154 | r:  -509.000000 | e:   1.000000 | Q:        nan | won: False 
#  423 | steps:  4843 | steps_t:     0 | t: 1.540450 | r:  -506.000000 | e:   1.000000 | Q:        nan | won: False 
#  424 | steps:  4856 | steps_t:     0 | t: 1.545160 | r:  -512.000000 | e:   1.000000 | Q:        nan | won: False 
#  425 | steps:  4865 | steps_t:     0 | t: 1.548367 | r:  -508.000000 | e:   1.000000 | Q:        nan | won: False 
#  426 | steps:  4872 | steps_t:     0 | t: 1.550850 | r:  -506.000000 | e:   1.000000 | Q:        nan | won: False 
#  427 | steps:  4878 | steps_t:     0 | t: 1.553073 | r:  -505.000000 | e:   1.000000 | Q:        nan | won: False 
#  428 | steps:  4887 | steps_t:     0 | t: 1.556490 | r:  -508.000000 | e:   1.000000 | Q:        nan | won: False 
#  429 | steps:  4907 | steps_t:     0 | t: 1.564200 | r:  -519.000000 | e:   1.000000 | Q:        nan | won: False 
#  430 | steps:  4915 | steps_t:     0 | t: 1.567199 | r:  -507.000000 | e:   1.000000 | Q:        nan | won: False 
#  431 | steps:  4924 | steps_t:     0 | t: 1.571534 | r:  -508.000000 | e:   1.000000 | Q:        nan | won: False 
#  432 | steps:  4947 | steps_t:     0 | t: 1.580108 | r:  -522.000000 | e:   1.000000 | Q:        nan | won: False 
#  433 | steps:  4955 | steps_t:     0 | t: 1.583352 | r:  -507.000000 | e:   1.000000 | Q:        nan | won: False 
#  434 | steps:  4963 | steps_t:     0 | t: 1.586287 | r:  -507.000000 | e:   1.000000 | Q:        nan | won: False 
#  435 | steps:  4973 | steps_t:     0 | t: 1.589972 | r:  -509.000000 | e:   1.000000 | Q:        nan | won: False 
#  436 | steps:  4983 | steps_t:     0 | t: 1.593584 | r:  -509.000000 | e:   1.000000 | Q:        nan | won: False 
#  437 | steps:  4996 | steps_t:     0 | t: 1.598296 | r:  -512.000000 | e:   1.000000 | Q:        nan | won: False 
#  438 | steps:  5007 | steps_t:     6 | t: 1.736156 | r:  -510.000000 | e:   0.999400 | Q:        nan | won: False 
#  439 | steps:  5019 | steps_t:    17 | t: 1.830955 | r:  -511.000000 | e:   0.998300 | Q:        nan | won: False 
#  440 | steps:  5027 | steps_t:    24 | t: 1.875397 | r:  -507.000000 | e:   0.997600 | Q:        nan | won: False 
#  441 | steps:  5038 | steps_t:    34 | t: 1.937385 | r:  -510.000000 | e:   0.996600 | Q:        nan | won: False 
#  442 | steps:  5056 | steps_t:    51 | t: 2.043283 | r:  -517.000000 | e:   0.994900 | Q:        nan | won: False 
#  443 | steps:  5063 | steps_t:    57 | t: 2.081456 | r:  -506.000000 | e:   0.994300 | Q:        nan | won: False 
#  444 | steps:  5076 | steps_t:    69 | t: 2.164644 | r:  -512.000000 | e:   0.993100 | Q:        nan | won: False 
#  445 | steps:  5082 | steps_t:    74 | t: 2.202442 | r:  -505.000000 | e:   0.992600 | Q:        nan | won: False 
#  446 | steps:  5091 | steps_t:    82 | t: 2.258416 | r:  -508.000000 | e:   0.991800 | Q:        nan | won: False 
#  447 | steps:  5116 | steps_t:   106 | t: 2.404980 | r:  -524.000000 | e:   0.989400 | Q:        nan | won: False 
#  448 | steps:  5135 | steps_t:   124 | t: 2.513769 | r:  -518.000000 | e:   0.987600 | Q:        nan | won: False 
#  449 | steps:  5148 | steps_t:   136 | t: 2.575391 | r:  -512.000000 | e:   0.986400 | Q:        nan | won: False 
#  450 | steps:  5157 | steps_t:   144 | t: 2.617635 | r:  -508.000000 | e:   0.985600 | Q:        nan | won: False 
#  451 | steps:  5175 | steps_t:   161 | t: 2.704725 | r:  -517.000000 | e:   0.983900 | Q:        nan | won: False 
#  452 | steps:  5187 | steps_t:   172 | t: 2.761524 | r:  -511.000000 | e:   0.982800 | Q:        nan | won: False 
#  453 | steps:  5194 | steps_t:   178 | t: 2.793522 | r:  -506.000000 | e:   0.982200 | Q:        nan | won: False 
#  454 | steps:  5202 | steps_t:   185 | t: 2.830606 | r:  -507.000000 | e:   0.981500 | Q:        nan | won: False 
#  455 | steps:  5219 | steps_t:   201 | t: 2.914534 | r:  -516.000000 | e:   0.979900 | Q: -291.929565 | won: False 
#  456 | steps:  5227 | steps_t:   208 | t: 2.951113 | r:  -507.000000 | e:   0.979200 | Q:        nan | won: False 
#  457 | steps:  5238 | steps_t:   218 | t: 3.003273 | r:  -510.000000 | e:   0.978200 | Q:        nan | won: False 
#  458 | steps:  5251 | steps_t:   230 | t: 3.065926 | r:  -512.000000 | e:   0.977000 | Q:        nan | won: False 
#  459 | steps:  5256 | steps_t:   234 | t: 3.085863 | r:  -504.000000 | e:   0.976600 | Q:        nan | won: False 
#  460 | steps:  5264 | steps_t:   241 | t: 3.122850 | r:  -507.000000 | e:   0.975900 | Q:        nan | won: False 
#  461 | steps:  5275 | steps_t:   251 | t: 3.173487 | r:  -510.000000 | e:   0.974900 | Q:        nan | won: False 
#  462 | steps:  5281 | steps_t:   256 | t: 3.200088 | r:  -505.000000 | e:   0.974400 | Q:        nan | won: False 
#  463 | steps:  5300 | steps_t:   274 | t: 3.293982 | r:  -507.000000 | e:   0.972600 | Q:        nan | won: False 
#  464 | steps:  5310 | steps_t:   283 | t: 3.344101 | r:  -509.000000 | e:   0.971700 | Q:        nan | won: False 
#  465 | steps:  5319 | steps_t:   291 | t: 3.393632 | r:  -508.000000 | e:   0.970900 | Q: -330.016724 | won: False 
#  466 | steps:  5335 | steps_t:   306 | t: 3.503691 | r:  -515.000000 | e:   0.969400 | Q:        nan | won: False 
#  467 | steps:  5342 | steps_t:   312 | t: 3.549761 | r:  -506.000000 | e:   0.968800 | Q:        nan | won: False 
#  468 | steps:  5381 | steps_t:   350 | t: 3.817362 | r:  -527.000000 | e:   0.965000 | Q: -314.226288 | won: False 
#  469 | steps:  5395 | steps_t:   363 | t: 3.885842 | r:  -513.000000 | e:   0.963700 | Q:        nan | won: False 
#  470 | steps:  5403 | steps_t:   370 | t: 3.922437 | r:  -507.000000 | e:   0.963000 | Q:        nan | won: False 
#  471 | steps:  5410 | steps_t:   376 | t: 3.954999 | r:  -506.000000 | e:   0.962400 | Q: -315.581238 | won: False 
#  472 | steps:  5416 | steps_t:   381 | t: 3.981996 | r:  -505.000000 | e:   0.961900 | Q:        nan | won: False 
#  473 | steps:  5435 | steps_t:   399 | t: 4.073402 | r:  -518.000000 | e:   0.960100 | Q:        nan | won: False 
#  474 | steps:  5450 | steps_t:   413 | t: 4.155608 | r:  -503.000000 | e:   0.958700 | Q:        nan | won: False 
#  475 | steps:  5466 | steps_t:   428 | t: 4.241995 | r:  -515.000000 | e:   0.957200 | Q:        nan | won: False 
#  476 | steps:  5474 | steps_t:   435 | t: 4.279666 | r:  -507.000000 | e:   0.956500 | Q: -273.459991 | won: False 
#  477 | steps:  5480 | steps_t:   440 | t: 4.305830 | r:  -505.000000 | e:   0.956000 | Q:        nan | won: False 
#  478 | steps:  5489 | steps_t:   448 | t: 4.349168 | r:  -508.000000 | e:   0.955200 | Q: -278.180725 | won: False 
#  479 | steps:  5497 | steps_t:   455 | t: 4.394969 | r:  -507.000000 | e:   0.954500 | Q:        nan | won: False 
#  480 | steps:  5506 | steps_t:   463 | t: 4.448034 | r:  -508.000000 | e:   0.953700 | Q:        nan | won: False 
#  481 | steps:  5518 | steps_t:   474 | t: 4.520009 | r:  -511.000000 | e:   0.952600 | Q:        nan | won: False 
#  482 | steps:  5529 | steps_t:   484 | t: 4.584718 | r:  -510.000000 | e:   0.951600 | Q: -308.244171 | won: False 
#  483 | steps:  5537 | steps_t:   491 | t: 4.629740 | r:  -507.000000 | e:   0.950900 | Q:        nan | won: False 
#  484 | steps:  5545 | steps_t:   498 | t: 4.674329 | r:  -507.000000 | e:   0.950200 | Q:        nan | won: False 
#  485 | steps:  5555 | steps_t:   507 | t: 4.730795 | r:  -509.000000 | e:   0.949300 | Q:        nan | won: False 
#  486 | steps:  5564 | steps_t:   515 | t: 4.781774 | r:  -508.000000 | e:   0.948500 | Q:        nan | won: False 
#  487 | steps:  5575 | steps_t:   525 | t: 4.845616 | r:  -510.000000 | e:   0.947500 | Q: -340.497833 | won: False 
#  488 | steps:  5582 | steps_t:   531 | t: 4.883923 | r:  -506.000000 | e:   0.946900 | Q: -336.871979 | won: False 
#  489 | steps:  5597 | steps_t:   545 | t: 4.970508 | r:  -514.000000 | e:   0.945500 | Q:        nan | won: False 
#  490 | steps:  5621 | steps_t:   568 | t: 5.109885 | r:  -523.000000 | e:   0.943200 | Q: -313.181854 | won: False 
#  491 | steps:  5628 | steps_t:   574 | t: 5.147466 | r:  -506.000000 | e:   0.942600 | Q:        nan | won: False 
#  492 | steps:  5636 | steps_t:   581 | t: 5.191077 | r:  -507.000000 | e:   0.941900 | Q:        nan | won: False 
#  493 | steps:  5645 | steps_t:   589 | t: 5.241753 | r:  -508.000000 | e:   0.941100 | Q: -318.647064 | won: False 
#  494 | steps:  5653 | steps_t:   596 | t: 5.289665 | r:  -507.000000 | e:   0.940400 | Q: -313.415894 | won: False 
#  495 | steps:  5661 | steps_t:   603 | t: 5.339661 | r:  -507.000000 | e:   0.939700 | Q:        nan | won: False 
#  496 | steps:  5677 | steps_t:   618 | t: 5.475723 | r:  -504.000000 | e:   0.938200 | Q: -300.737885 | won: False 
#  497 | steps:  5687 | steps_t:   627 | t: 5.565619 | r:  -509.000000 | e:   0.937300 | Q:        nan | won: False 
#  498 | steps:  5697 | steps_t:   636 | t: 5.664195 | r:  -509.000000 | e:   0.936400 | Q: -308.253693 | won: False 
#  499 | steps:  5712 | steps_t:   650 | t: 5.794037 | r:  -503.000000 | e:   0.935000 | Q:        nan | won: False 
#  500 | steps:  5723 | steps_t:   660 | t: 5.856845 | r:  -510.000000 | e:   0.934000 | Q:        nan | won: False 
#  501 | steps:  5735 | steps_t:   671 | t: 5.925574 | r:  -511.000000 | e:   0.932900 | Q:        nan | won: False 
#  502 | steps:  5745 | steps_t:   680 | t: 5.981895 | r:  -509.000000 | e:   0.932000 | Q:        nan | won: False 
#  503 | steps:  5753 | steps_t:   687 | t: 6.028618 | r:  -507.000000 | e:   0.931300 | Q:        nan | won: False 
#  504 | steps:  5761 | steps_t:   694 | t: 6.072355 | r:  -507.000000 | e:   0.930600 | Q:        nan | won: False 
#  505 | steps:  5773 | steps_t:   705 | t: 6.149199 | r:  -511.000000 | e:   0.929500 | Q:        nan | won: False 
#  506 | steps:  5781 | steps_t:   712 | t: 6.199368 | r:  -507.000000 | e:   0.928800 | Q: -295.477875 | won: False 
#  507 | steps:  5792 | steps_t:   722 | t: 6.270895 | r:  -510.000000 | e:   0.927800 | Q:        nan | won: False 
#  508 | steps:  5806 | steps_t:   735 | t: 6.355775 | r:  -513.000000 | e:   0.926500 | Q:        nan | won: False 
#  509 | steps:  5829 | steps_t:   757 | t: 6.495277 | r:  -522.000000 | e:   0.924300 | Q: -290.453186 | won: False 
#  510 | steps:  5858 | steps_t:   785 | t: 6.639148 | r:  -528.000000 | e:   0.921500 | Q: -280.243042 | won: False 
#  511 | steps:  5864 | steps_t:   790 | t: 6.667315 | r:  -505.000000 | e:   0.921000 | Q:        nan | won: False 
#  512 | steps:  5872 | steps_t:   797 | t: 6.704933 | r:  -507.000000 | e:   0.920300 | Q:        nan | won: False 
#  513 | steps:  5889 | steps_t:   813 | t: 6.789143 | r:  -516.000000 | e:   0.918700 | Q: -298.918976 | won: False 
#  514 | steps:  5911 | steps_t:   834 | t: 6.899816 | r:  -521.000000 | e:   0.916600 | Q: -324.550385 | won: False 
#  515 | steps:  5922 | steps_t:   844 | t: 6.953266 | r:  -510.000000 | e:   0.915600 | Q:        nan | won: False 
#  516 | steps:  5932 | steps_t:   853 | t: 7.001171 | r:  -509.000000 | e:   0.914700 | Q: -311.235901 | won: False 
#  517 | steps:  5939 | steps_t:   859 | t: 7.032991 | r:  -506.000000 | e:   0.914100 | Q:        nan | won: False 
#  518 | steps:  5947 | steps_t:   866 | t: 7.070572 | r:  -507.000000 | e:   0.913400 | Q:        nan | won: False 
#  519 | steps:  5954 | steps_t:   872 | t: 7.103195 | r:  -506.000000 | e:   0.912800 | Q:        nan | won: False 
#  520 | steps:  5964 | steps_t:   881 | t: 7.150517 | r:  -509.000000 | e:   0.911900 | Q:        nan | won: False 
#  521 | steps:  5985 | steps_t:   901 | t: 7.254418 | r:  -520.000000 | e:   0.909900 | Q: -304.749359 | won: False 
#  522 | steps:  5994 | steps_t:   909 | t: 7.300757 | r:  -508.000000 | e:   0.909100 | Q: -328.965088 | won: False 
#  523 | steps:  6004 | steps_t:   918 | t: 7.354614 | r:  -509.000000 | e:   0.908200 | Q: -318.823090 | won: False 
#  524 | steps:  6018 | steps_t:   931 | t: 7.443646 | r:  -513.000000 | e:   0.906900 | Q:        nan | won: False 
#  525 | steps:  6029 | steps_t:   941 | t: 7.544793 | r:  -510.000000 | e:   0.905900 | Q: -332.850220 | won: False 
#  526 | steps:  6047 | steps_t:   958 | t: 7.691342 | r:  -517.000000 | e:   0.904200 | Q: -315.211334 | won: False 
#  527 | steps:  6056 | steps_t:   966 | t: 7.762005 | r:  -508.000000 | e:   0.903400 | Q: -313.059143 | won: False 
#  528 | steps:  6066 | steps_t:   975 | t: 7.833625 | r:  -509.000000 | e:   0.902500 | Q:        nan | won: False 
#  529 | steps:  6073 | steps_t:   981 | t: 7.867401 | r:  -506.000000 | e:   0.901900 | Q:        nan | won: False 
#  530 | steps:  6085 | steps_t:   992 | t: 7.926999 | r:  -511.000000 | e:   0.900800 | Q: -325.202454 | won: False 
#  531 | steps:  6107 | steps_t:  1013 | t: 8.037575 | r:  -521.000000 | e:   0.898700 | Q: -323.508575 | won: False 
#  532 | steps:  6116 | steps_t:  1021 | t: 8.082436 | r:  -508.000000 | e:   0.897900 | Q:        nan | won: False 
#  533 | steps:  6139 | steps_t:  1043 | t: 8.213355 | r:  -522.000000 | e:   0.895700 | Q: -318.966827 | won: False 
#  534 | steps:  6152 | steps_t:  1055 | t: 8.279248 | r:  -512.000000 | e:   0.894500 | Q:        nan | won: False 
#  535 | steps:  6160 | steps_t:  1062 | t: 8.318209 | r:  -507.000000 | e:   0.893800 | Q: -335.100555 | won: False 
#  536 | steps:  6171 | steps_t:  1072 | t: 8.382679 | r:  -510.000000 | e:   0.892800 | Q: -334.084717 | won: False 
#  537 | steps:  6214 | steps_t:  1114 | t: 8.644296 | r:  -531.000000 | e:   0.888600 | Q: -278.763855 | won: False 
#  538 | steps:  6219 | steps_t:  1118 | t: 8.671159 | r:  -504.000000 | e:   0.888200 | Q: -289.932617 | won: False 
#  539 | steps:  6230 | steps_t:  1128 | t: 8.733562 | r:  -510.000000 | e:   0.887200 | Q:        nan | won: False 
#  540 | steps:  6241 | steps_t:  1138 | t: 8.797376 | r:  -510.000000 | e:   0.886200 | Q: -304.149292 | won: False 
#  541 | steps:  6255 | steps_t:  1151 | t: 8.879154 | r:  -502.000000 | e:   0.884900 | Q: -308.583130 | won: False 
#  542 | steps:  6263 | steps_t:  1158 | t: 8.923750 | r:  -507.000000 | e:   0.884200 | Q:        nan | won: False 
#  543 | steps:  6275 | steps_t:  1169 | t: 8.993942 | r:  -511.000000 | e:   0.883100 | Q: -300.382965 | won: False 
#  544 | steps:  6283 | steps_t:  1176 | t: 9.038841 | r:  -507.000000 | e:   0.882400 | Q: -285.049469 | won: False 
#  545 | steps:  6290 | steps_t:  1182 | t: 9.078146 | r:  -506.000000 | e:   0.881800 | Q: -284.442871 | won: False 
#  546 | steps:  6298 | steps_t:  1189 | t: 9.123230 | r:  -507.000000 | e:   0.881100 | Q: -287.416718 | won: False 
#  547 | steps:  6310 | steps_t:  1200 | t: 9.191119 | r:  -511.000000 | e:   0.880000 | Q:        nan | won: False 
#  548 | steps:  6321 | steps_t:  1210 | t: 9.257699 | r:  -510.000000 | e:   0.879000 | Q: -337.421631 | won: False 
#  549 | steps:  6330 | steps_t:  1218 | t: 9.314427 | r:  -508.000000 | e:   0.878200 | Q: -347.343048 | won: False 
#  550 | steps:  6344 | steps_t:  1231 | t: 9.409154 | r:  -513.000000 | e:   0.876900 | Q:        nan | won: False 
#  551 | steps:  6353 | steps_t:  1239 | t: 9.488601 | r:  -508.000000 | e:   0.876100 | Q: -324.385651 | won: False 
#  552 | steps:  6367 | steps_t:  1252 | t: 9.617089 | r:  -513.000000 | e:   0.874800 | Q: -320.746552 | won: False 
#  553 | steps:  6376 | steps_t:  1260 | t: 9.709939 | r:  -508.000000 | e:   0.874000 | Q: -307.358307 | won: False 
#  554 | steps:  6397 | steps_t:  1280 | t: 9.874441 | r:  -520.000000 | e:   0.872000 | Q: -295.344788 | won: False 
#  555 | steps:  6416 | steps_t:  1298 | t: 9.989727 | r:  -518.000000 | e:   0.870200 | Q: -292.946106 | won: False 
#  556 | steps:  6427 | steps_t:  1308 | t: 10.053035 | r:  -510.000000 | e:   0.869200 | Q:        nan | won: False 
#  557 | steps:  6436 | steps_t:  1316 | t: 10.108398 | r:  -508.000000 | e:   0.868400 | Q: -301.517151 | won: False 
#  558 | steps:  6446 | steps_t:  1325 | t: 10.175988 | r:  -509.000000 | e:   0.867500 | Q: -325.880310 | won: False 
#  559 | steps:  6456 | steps_t:  1334 | t: 10.243902 | r:  -509.000000 | e:   0.866600 | Q: -303.842407 | won: False 
#  560 | steps:  6465 | steps_t:  1342 | t: 10.299311 | r:  -508.000000 | e:   0.865800 | Q: -305.421234 | won: False 
#  561 | steps:  6475 | steps_t:  1351 | t: 10.357956 | r:  -509.000000 | e:   0.864900 | Q: -291.796631 | won: False 
#  562 | steps:  6483 | steps_t:  1358 | t: 10.405679 | r:  -507.000000 | e:   0.864200 | Q: -284.415619 | won: False 
#  563 | steps:  6499 | steps_t:  1373 | t: 10.502469 | r:  -515.000000 | e:   0.862700 | Q: -278.133423 | won: False 
#  564 | steps:  6507 | steps_t:  1380 | t: 10.541205 | r:  -507.000000 | e:   0.862000 | Q: -296.834869 | won: False 
#  565 | steps:  6516 | steps_t:  1388 | t: 10.585152 | r:  -508.000000 | e:   0.861200 | Q:        nan | won: False 
#  566 | steps:  6523 | steps_t:  1394 | t: 10.619473 | r:  -506.000000 | e:   0.860600 | Q: -310.428741 | won: False 
#  567 | steps:  6533 | steps_t:  1403 | t: 10.667040 | r:  -509.000000 | e:   0.859700 | Q: -315.128204 | won: False 
#  568 | steps:  6557 | steps_t:  1426 | t: 10.788253 | r:  -523.000000 | e:   0.857400 | Q: -322.315155 | won: False 
#  569 | steps:  6567 | steps_t:  1435 | t: 10.836619 | r:  -509.000000 | e:   0.856500 | Q:        nan | won: False 
#  570 | steps:  6577 | steps_t:  1444 | t: 10.884429 | r:  -509.000000 | e:   0.855600 | Q:        nan | won: False 
#  571 | steps:  6585 | steps_t:  1451 | t: 10.922746 | r:  -507.000000 | e:   0.854900 | Q: -313.449677 | won: False 
#  572 | steps:  6605 | steps_t:  1470 | t: 11.023857 | r:  -519.000000 | e:   0.853000 | Q: -305.221680 | won: False 
#  573 | steps:  6614 | steps_t:  1478 | t: 11.067085 | r:  -508.000000 | e:   0.852200 | Q:        nan | won: False 
#  574 | steps:  6623 | steps_t:  1486 | t: 11.110497 | r:  -508.000000 | e:   0.851400 | Q:        nan | won: False 
#  575 | steps:  6633 | steps_t:  1495 | t: 11.158428 | r:  -509.000000 | e:   0.850500 | Q: -316.200500 | won: False 
#  576 | steps:  6647 | steps_t:  1508 | t: 11.227495 | r:  -513.000000 | e:   0.849200 | Q: -312.623352 | won: False 
#  577 | steps:  6655 | steps_t:  1515 | t: 11.267931 | r:  -507.000000 | e:   0.848500 | Q:        nan | won: False 
#  578 | steps:  6667 | steps_t:  1526 | t: 11.330588 | r:  -511.000000 | e:   0.847400 | Q: -318.587524 | won: False 
#  579 | steps:  6674 | steps_t:  1532 | t: 11.369149 | r:  -506.000000 | e:   0.846800 | Q: -335.444946 | won: False 
#  580 | steps:  6688 | steps_t:  1545 | t: 11.461571 | r:  -513.000000 | e:   0.845500 | Q: -316.593048 | won: False 
#  581 | steps:  6701 | steps_t:  1557 | t: 11.552319 | r:  -512.000000 | e:   0.844300 | Q: -306.580933 | won: False 
#  582 | steps:  6710 | steps_t:  1565 | t: 11.615272 | r:  -508.000000 | e:   0.843500 | Q:        nan | won: False 
#  583 | steps:  6719 | steps_t:  1573 | t: 11.684921 | r:  -508.000000 | e:   0.842700 | Q: -325.351196 | won: False 
#  584 | steps:  6726 | steps_t:  1579 | t: 11.743276 | r:  -506.000000 | e:   0.842100 | Q: -308.944794 | won: False 
#  585 | steps:  6737 | steps_t:  1589 | t: 11.811467 | r:  -510.000000 | e:   0.841100 | Q: -306.409790 | won: False 
#  586 | steps:  6746 | steps_t:  1597 | t: 11.855470 | r:  -508.000000 | e:   0.840300 | Q: -310.963776 | won: False 
#  587 | steps:  6755 | steps_t:  1605 | t: 11.898562 | r:  -508.000000 | e:   0.839500 | Q:        nan | won: False 
#  588 | steps:  6775 | steps_t:  1624 | t: 11.998836 | r:  -508.000000 | e:   0.837600 | Q: -318.696381 | won: False 
#  589 | steps:  6797 | steps_t:  1645 | t: 12.116346 | r:  -521.000000 | e:   0.835500 | Q: -313.280640 | won: False 
#  590 | steps:  6810 | steps_t:  1657 | t: 12.189130 | r:  -512.000000 | e:   0.834300 | Q:        nan | won: False 
#  591 | steps:  6823 | steps_t:  1669 | t: 14.549324 | r:  -512.000000 | e:   0.833100 | Q: -298.113556 | won: False 
#  592 | steps:  6833 | steps_t:  1678 | t: 16.981305 | r:  -509.000000 | e:   0.832200 | Q: -282.478149 | won: False 
#  593 | steps:  6841 | steps_t:  1685 | t: 19.139633 | r:  -507.000000 | e:   0.831500 | Q: -302.426422 | won: False 
