#    1 | steps:     8 | steps_t:     0 | t: 0.015667 | r:  -507.000000 | e:   1.000000 | Q:        nan | won: False 
#    2 | steps:    19 | steps_t:     0 | t: 0.019158 | r:  -510.000000 | e:   1.000000 | Q:        nan | won: False 
#    3 | steps:    27 | steps_t:     0 | t: 0.021435 | r:  -507.000000 | e:   1.000000 | Q:        nan | won: False 
#    4 | steps:    36 | steps_t:     0 | t: 0.023921 | r:  -508.000000 | e:   1.000000 | Q:        nan | won: False 
#    5 | steps:    46 | steps_t:     0 | t: 0.026713 | r:  -509.000000 | e:   1.000000 | Q:        nan | won: False 
#    6 | steps:    64 | steps_t:     0 | t: 0.032464 | r:  -517.000000 | e:   1.000000 | Q:        nan | won: False 
#    7 | steps:    72 | steps_t:     0 | t: 0.035153 | r:  -507.000000 | e:   1.000000 | Q:        nan | won: False 
#    8 | steps:    89 | steps_t:     0 | t: 0.086313 | r:  -516.000000 | e:   1.000000 | Q:        nan | won: False 
#    9 | steps:   108 | steps_t:     0 | t: 0.092232 | r:  -518.000000 | e:   1.000000 | Q:        nan | won: False 
#   10 | steps:   113 | steps_t:     0 | t: 0.093817 | r:  -504.000000 | e:   1.000000 | Q:        nan | won: False 
#   11 | steps:   121 | steps_t:     0 | t: 0.096092 | r:  -507.000000 | e:   1.000000 | Q:        nan | won: False 
#   12 | steps:   129 | steps_t:     0 | t: 0.098345 | r:  -507.000000 | e:   1.000000 | Q:        nan | won: False 
#   13 | steps:   142 | steps_t:     0 | t: 0.102117 | r:  -512.000000 | e:   1.000000 | Q:        nan | won: False 
#   14 | steps:   150 | steps_t:     0 | t: 0.104426 | r:  -507.000000 | e:   1.000000 | Q:        nan | won: False 
#   15 | steps:   159 | steps_t:     0 | t: 0.106925 | r:  -508.000000 | e:   1.000000 | Q:        nan | won: False 
#   16 | steps:   179 | steps_t:     0 | t: 0.112616 | r:  -519.000000 | e:   1.000000 | Q:        nan | won: False 
#   17 | steps:   198 | steps_t:     0 | t: 0.118178 | r:  -518.000000 | e:   1.000000 | Q:        nan | won: False 
#   18 | steps:   209 | steps_t:     0 | t: 0.121496 | r:  -510.000000 | e:   1.000000 | Q:        nan | won: False 
#   19 | steps:   221 | steps_t:     0 | t: 0.124824 | r:  -511.000000 | e:   1.000000 | Q:        nan | won: False 
#   20 | steps:   234 | steps_t:     0 | t: 0.128791 | r:  -512.000000 | e:   1.000000 | Q:        nan | won: False 
#   21 | steps:   244 | steps_t:     0 | t: 0.131695 | r:  -509.000000 | e:   1.000000 | Q:        nan | won: False 
#   22 | steps:   252 | steps_t:     0 | t: 0.134026 | r:  -507.000000 | e:   1.000000 | Q:        nan | won: False 
#   23 | steps:   261 | steps_t:     0 | t: 0.136797 | r:  -508.000000 | e:   1.000000 | Q:        nan | won: False 
#   24 | steps:   271 | steps_t:     0 | t: 0.139653 | r:  -509.000000 | e:   1.000000 | Q:        nan | won: False 
#   25 | steps:   279 | steps_t:     0 | t: 0.141963 | r:  -507.000000 | e:   1.000000 | Q:        nan | won: False 
#   26 | steps:   289 | steps_t:     0 | t: 0.144760 | r:  -509.000000 | e:   1.000000 | Q:        nan | won: False 
#   27 | steps:   299 | steps_t:     0 | t: 0.147746 | r:  -509.000000 | e:   1.000000 | Q:        nan | won: False 
#   28 | steps:   314 | steps_t:     0 | t: 0.152157 | r:  -503.000000 | e:   1.000000 | Q:        nan | won: False 
#   29 | steps:   321 | steps_t:     0 | t: 0.154243 | r:  -506.000000 | e:   1.000000 | Q:        nan | won: False 
#   30 | steps:   331 | steps_t:     0 | t: 0.157110 | r:  -509.000000 | e:   1.000000 | Q:        nan | won: False 
#   31 | steps:   340 | steps_t:     0 | t: 0.160236 | r:  -508.000000 | e:   1.000000 | Q:        nan | won: False 
#   32 | steps:   348 | steps_t:     0 | t: 0.162714 | r:  -507.000000 | e:   1.000000 | Q:        nan | won: False 
#   33 | steps:   367 | steps_t:     0 | t: 0.168371 | r:  -507.000000 | e:   1.000000 | Q:        nan | won: False 
#   34 | steps:   375 | steps_t:     0 | t: 0.170766 | r:  -507.000000 | e:   1.000000 | Q:        nan | won: False 
#   35 | steps:   382 | steps_t:     0 | t: 0.172844 | r:  -506.000000 | e:   1.000000 | Q:        nan | won: False 
#   36 | steps:   393 | steps_t:     0 | t: 0.176204 | r:  -510.000000 | e:   1.000000 | Q:        nan | won: False 
#   37 | steps:   401 | steps_t:     0 | t: 0.178752 | r:  -507.000000 | e:   1.000000 | Q:        nan | won: False 
#   38 | steps:   423 | steps_t:     0 | t: 0.185070 | r:  -521.000000 | e:   1.000000 | Q:        nan | won: False 
#   39 | steps:   442 | steps_t:     0 | t: 0.190726 | r:  -518.000000 | e:   1.000000 | Q:        nan | won: False 
#   40 | steps:   452 | steps_t:     0 | t: 0.193780 | r:  -509.000000 | e:   1.000000 | Q:        nan | won: False 
#   41 | steps:   458 | steps_t:     0 | t: 0.195578 | r:  -505.000000 | e:   1.000000 | Q:        nan | won: False 
#   42 | steps:   466 | steps_t:     0 | t: 0.197932 | r:  -507.000000 | e:   1.000000 | Q:        nan | won: False 
#   43 | steps:   475 | steps_t:     0 | t: 0.200891 | r:  -508.000000 | e:   1.000000 | Q:        nan | won: False 
#   44 | steps:   481 | steps_t:     0 | t: 0.202706 | r:  -505.000000 | e:   1.000000 | Q:        nan | won: False 
#   45 | steps:   489 | steps_t:     0 | t: 0.205081 | r:  -507.000000 | e:   1.000000 | Q:        nan | won: False 
#   46 | steps:   500 | steps_t:     0 | t: 0.208334 | r:  -510.000000 | e:   1.000000 | Q:        nan | won: False 
#   47 | steps:   508 | steps_t:     0 | t: 0.211149 | r:  -507.000000 | e:   1.000000 | Q:        nan | won: False 
#   48 | steps:   516 | steps_t:     0 | t: 0.214359 | r:  -507.000000 | e:   1.000000 | Q:        nan | won: False 
#   49 | steps:   531 | steps_t:     0 | t: 0.219319 | r:  -503.000000 | e:   1.000000 | Q:        nan | won: False 
#   50 | steps:   542 | steps_t:     0 | t: 0.222890 | r:  -510.000000 | e:   1.000000 | Q:        nan | won: False 
#   51 | steps:   548 | steps_t:     0 | t: 0.224702 | r:  -505.000000 | e:   1.000000 | Q:        nan | won: False 
#   52 | steps:   558 | steps_t:     0 | t: 0.228073 | r:  -509.000000 | e:   1.000000 | Q:        nan | won: False 
#   53 | steps:   579 | steps_t:     0 | t: 0.234961 | r:  -520.000000 | e:   1.000000 | Q:        nan | won: False 
#   54 | steps:   600 | steps_t:     0 | t: 0.242070 | r:  -520.000000 | e:   1.000000 | Q:        nan | won: False 
#   55 | steps:   607 | steps_t:     0 | t: 0.244676 | r:  -506.000000 | e:   1.000000 | Q:        nan | won: False 
#   56 | steps:   615 | steps_t:     0 | t: 0.247972 | r:  -507.000000 | e:   1.000000 | Q:        nan | won: False 
#   57 | steps:   640 | steps_t:     0 | t: 0.255944 | r:  -524.000000 | e:   1.000000 | Q:        nan | won: False 
#   58 | steps:   648 | steps_t:     0 | t: 0.258906 | r:  -507.000000 | e:   1.000000 | Q:        nan | won: False 
#   59 | steps:   656 | steps_t:     0 | t: 0.261874 | r:  -507.000000 | e:   1.000000 | Q:        nan | won: False 
#   60 | steps:   664 | steps_t:     0 | t: 0.265802 | r:  -507.000000 | e:   1.000000 | Q:        nan | won: False 
#   61 | steps:   675 | steps_t:     0 | t: 0.269264 | r:  -510.000000 | e:   1.000000 | Q:        nan | won: False 
#   62 | steps:   683 | steps_t:     0 | t: 0.271592 | r:  -507.000000 | e:   1.000000 | Q:        nan | won: False 
#   63 | steps:   701 | steps_t:     0 | t: 0.277676 | r:  -517.000000 | e:   1.000000 | Q:        nan | won: False 
#   64 | steps:   719 | steps_t:     0 | t: 0.283173 | r:  -517.000000 | e:   1.000000 | Q:        nan | won: False 
#   65 | steps:   726 | steps_t:     0 | t: 0.285339 | r:  -506.000000 | e:   1.000000 | Q:        nan | won: False 
#   66 | steps:   740 | steps_t:     0 | t: 0.289929 | r:  -513.000000 | e:   1.000000 | Q:        nan | won: False 
#   67 | steps:   748 | steps_t:     0 | t: 0.292480 | r:  -507.000000 | e:   1.000000 | Q:        nan | won: False 
#   68 | steps:   754 | steps_t:     0 | t: 0.294284 | r:  -505.000000 | e:   1.000000 | Q:        nan | won: False 
#   69 | steps:   760 | steps_t:     0 | t: 0.296053 | r:  -505.000000 | e:   1.000000 | Q:        nan | won: False 
#   70 | steps:   780 | steps_t:     0 | t: 0.302359 | r:  -519.000000 | e:   1.000000 | Q:        nan | won: False 
#   71 | steps:   801 | steps_t:     0 | t: 0.310618 | r:  -520.000000 | e:   1.000000 | Q:        nan | won: False 
#   72 | steps:   812 | steps_t:     0 | t: 0.314749 | r:  -510.000000 | e:   1.000000 | Q:        nan | won: False 
#   73 | steps:   826 | steps_t:     0 | t: 0.319515 | r:  -513.000000 | e:   1.000000 | Q:        nan | won: False 
#   74 | steps:   835 | steps_t:     0 | t: 0.323227 | r:  -508.000000 | e:   1.000000 | Q:        nan | won: False 
#   75 | steps:   853 | steps_t:     0 | t: 0.329389 | r:  -517.000000 | e:   1.000000 | Q:        nan | won: False 
#   76 | steps:   862 | steps_t:     0 | t: 0.332496 | r:  -508.000000 | e:   1.000000 | Q:        nan | won: False 
#   77 | steps:   873 | steps_t:     0 | t: 0.336337 | r:  -510.000000 | e:   1.000000 | Q:        nan | won: False 
#   78 | steps:   882 | steps_t:     0 | t: 0.339547 | r:  -508.000000 | e:   1.000000 | Q:        nan | won: False 
#   79 | steps:   893 | steps_t:     0 | t: 0.343589 | r:  -510.000000 | e:   1.000000 | Q:        nan | won: False 
#   80 | steps:   903 | steps_t:     0 | t: 0.347434 | r:  -509.000000 | e:   1.000000 | Q:        nan | won: False 
#   81 | steps:   915 | steps_t:     0 | t: 0.351311 | r:  -511.000000 | e:   1.000000 | Q:        nan | won: False 
#   82 | steps:   935 | steps_t:     0 | t: 0.358371 | r:  -519.000000 | e:   1.000000 | Q:        nan | won: False 
#   83 | steps:   943 | steps_t:     0 | t: 0.361273 | r:  -507.000000 | e:   1.000000 | Q:        nan | won: False 
#   84 | steps:   956 | steps_t:     0 | t: 0.366170 | r:  -512.000000 | e:   1.000000 | Q:        nan | won: False 
#   85 | steps:   971 | steps_t:     0 | t: 0.371749 | r:  -503.000000 | e:   1.000000 | Q:        nan | won: False 
#   86 | steps:   979 | steps_t:     0 | t: 0.375788 | r:  -507.000000 | e:   1.000000 | Q:        nan | won: False 
#   87 | steps:   999 | steps_t:     0 | t: 0.383304 | r:  -519.000000 | e:   1.000000 | Q:        nan | won: False 
#   88 | steps:  1007 | steps_t:     0 | t: 0.386685 | r:  -507.000000 | e:   1.000000 | Q:        nan | won: False 
#   89 | steps:  1015 | steps_t:     0 | t: 0.389590 | r:  -507.000000 | e:   1.000000 | Q:        nan | won: False 
#   90 | steps:  1022 | steps_t:     0 | t: 0.391934 | r:  -506.000000 | e:   1.000000 | Q:        nan | won: False 
#   91 | steps:  1029 | steps_t:     0 | t: 0.395389 | r:  -506.000000 | e:   1.000000 | Q:        nan | won: False 
#   92 | steps:  1057 | steps_t:     0 | t: 0.405790 | r:  -516.000000 | e:   1.000000 | Q:        nan | won: False 
#   93 | steps:  1066 | steps_t:     0 | t: 0.408881 | r:  -508.000000 | e:   1.000000 | Q:        nan | won: False 
#   94 | steps:  1071 | steps_t:     0 | t: 0.410471 | r:  -504.000000 | e:   1.000000 | Q:        nan | won: False 
#   95 | steps:  1081 | steps_t:     0 | t: 0.414188 | r:  -509.000000 | e:   1.000000 | Q:        nan | won: False 
#   96 | steps:  1090 | steps_t:     0 | t: 0.417164 | r:  -508.000000 | e:   1.000000 | Q:        nan | won: False 
#   97 | steps:  1098 | steps_t:     0 | t: 0.419927 | r:  -507.000000 | e:   1.000000 | Q:        nan | won: False 
#   98 | steps:  1119 | steps_t:     0 | t: 0.426996 | r:  -520.000000 | e:   1.000000 | Q:        nan | won: False 
#   99 | steps:  1127 | steps_t:     0 | t: 0.430044 | r:  -507.000000 | e:   1.000000 | Q:        nan | won: False 
#  100 | steps:  1141 | steps_t:     0 | t: 0.435083 | r:  -513.000000 | e:   1.000000 | Q:        nan | won: False 
#  101 | steps:  1160 | steps_t:     0 | t: 0.441467 | r:  -496.000000 | e:   1.000000 | Q:        nan | won: False 
#  102 | steps:  1170 | steps_t:     0 | t: 0.445260 | r:  -509.000000 | e:   1.000000 | Q:        nan | won: False 
#  103 | steps:  1184 | steps_t:     0 | t: 0.450375 | r:  -513.000000 | e:   1.000000 | Q:        nan | won: False 
#  104 | steps:  1200 | steps_t:     0 | t: 0.455830 | r:  -515.000000 | e:   1.000000 | Q:        nan | won: False 
#  105 | steps:  1219 | steps_t:     0 | t: 0.462278 | r:  -518.000000 | e:   1.000000 | Q:        nan | won: False 
#  106 | steps:  1227 | steps_t:     0 | t: 0.464941 | r:  -507.000000 | e:   1.000000 | Q:        nan | won: False 
#  107 | steps:  1253 | steps_t:     0 | t: 0.474304 | r:  -525.000000 | e:   1.000000 | Q:        nan | won: False 
#  108 | steps:  1261 | steps_t:     0 | t: 0.476942 | r:  -507.000000 | e:   1.000000 | Q:        nan | won: False 
#  109 | steps:  1269 | steps_t:     0 | t: 0.479705 | r:  -507.000000 | e:   1.000000 | Q:        nan | won: False 
#  110 | steps:  1278 | steps_t:     0 | t: 0.483004 | r:  -508.000000 | e:   1.000000 | Q:        nan | won: False 
#  111 | steps:  1285 | steps_t:     0 | t: 0.485342 | r:  -506.000000 | e:   1.000000 | Q:        nan | won: False 
#  112 | steps:  1294 | steps_t:     0 | t: 0.487936 | r:  -508.000000 | e:   1.000000 | Q:        nan | won: False 
#  113 | steps:  1315 | steps_t:     0 | t: 0.495679 | r:  -520.000000 | e:   1.000000 | Q:        nan | won: False 
#  114 | steps:  1322 | steps_t:     0 | t: 0.498508 | r:  -506.000000 | e:   1.000000 | Q:        nan | won: False 
#  115 | steps:  1333 | steps_t:     0 | t: 0.502246 | r:  -510.000000 | e:   1.000000 | Q:        nan | won: False 
#  116 | steps:  1346 | steps_t:     0 | t: 0.507692 | r:  -512.000000 | e:   1.000000 | Q:        nan | won: False 
#  117 | steps:  1362 | steps_t:     0 | t: 0.514382 | r:  -515.000000 | e:   1.000000 | Q:        nan | won: False 
#  118 | steps:  1404 | steps_t:     0 | t: 0.528981 | r:  -530.000000 | e:   1.000000 | Q:        nan | won: False 
#  119 | steps:  1413 | steps_t:     0 | t: 0.532996 | r:  -508.000000 | e:   1.000000 | Q:        nan | won: False 
#  120 | steps:  1424 | steps_t:     0 | t: 0.537215 | r:  -510.000000 | e:   1.000000 | Q:        nan | won: False 
#  121 | steps:  1435 | steps_t:     0 | t: 0.541175 | r:  -510.000000 | e:   1.000000 | Q:        nan | won: False 
#  122 | steps:  1442 | steps_t:     0 | t: 0.543417 | r:  -506.000000 | e:   1.000000 | Q:        nan | won: False 
#  123 | steps:  1450 | steps_t:     0 | t: 0.546188 | r:  -507.000000 | e:   1.000000 | Q:        nan | won: False 
#  124 | steps:  1462 | steps_t:     0 | t: 0.550076 | r:  -511.000000 | e:   1.000000 | Q:        nan | won: False 
#  125 | steps:  1472 | steps_t:     0 | t: 0.553206 | r:  -509.000000 | e:   1.000000 | Q:        nan | won: False 
#  126 | steps:  1493 | steps_t:     0 | t: 0.560840 | r:  -520.000000 | e:   1.000000 | Q:        nan | won: False 
#  127 | steps:  1512 | steps_t:     0 | t: 0.566619 | r:  -507.000000 | e:   1.000000 | Q:        nan | won: False 
#  128 | steps:  1526 | steps_t:     0 | t: 0.570996 | r:  -513.000000 | e:   1.000000 | Q:        nan | won: False 
#  129 | steps:  1531 | steps_t:     0 | t: 0.572684 | r:  -504.000000 | e:   1.000000 | Q:        nan | won: False 
#  130 | steps:  1543 | steps_t:     0 | t: 0.577115 | r:  -511.000000 | e:   1.000000 | Q:        nan | won: False 
#  131 | steps:  1556 | steps_t:     0 | t: 0.582402 | r:  -512.000000 | e:   1.000000 | Q:        nan | won: False 
#  132 | steps:  1567 | steps_t:     0 | t: 0.585984 | r:  -510.000000 | e:   1.000000 | Q:        nan | won: False 
#  133 | steps:  1574 | steps_t:     0 | t: 0.588198 | r:  -506.000000 | e:   1.000000 | Q:        nan | won: False 
#  134 | steps:  1581 | steps_t:     0 | t: 0.590493 | r:  -506.000000 | e:   1.000000 | Q:        nan | won: False 
#  135 | steps:  1589 | steps_t:     0 | t: 0.593111 | r:  -507.000000 | e:   1.000000 | Q:        nan | won: False 
#  136 | steps:  1595 | steps_t:     0 | t: 0.595059 | r:  -505.000000 | e:   1.000000 | Q:        nan | won: False 
#  137 | steps:  1608 | steps_t:     0 | t: 0.599263 | r:  -512.000000 | e:   1.000000 | Q:        nan | won: False 
#  138 | steps:  1614 | steps_t:     0 | t: 0.601617 | r:  -505.000000 | e:   1.000000 | Q:        nan | won: False 
#  139 | steps:  1622 | steps_t:     0 | t: 0.604372 | r:  -507.000000 | e:   1.000000 | Q:        nan | won: False 
#  140 | steps:  1634 | steps_t:     0 | t: 0.608353 | r:  -511.000000 | e:   1.000000 | Q:        nan | won: False 
#  141 | steps:  1641 | steps_t:     0 | t: 0.610663 | r:  -506.000000 | e:   1.000000 | Q:        nan | won: False 
#  142 | steps:  1649 | steps_t:     0 | t: 0.613352 | r:  -507.000000 | e:   1.000000 | Q:        nan | won: False 
#  143 | steps:  1657 | steps_t:     0 | t: 0.616064 | r:  -507.000000 | e:   1.000000 | Q:        nan | won: False 
#  144 | steps:  1665 | steps_t:     0 | t: 0.618551 | r:  -507.000000 | e:   1.000000 | Q:        nan | won: False 
#  145 | steps:  1673 | steps_t:     0 | t: 0.621184 | r:  -507.000000 | e:   1.000000 | Q:        nan | won: False 
#  146 | steps:  1684 | steps_t:     0 | t: 0.625008 | r:  -510.000000 | e:   1.000000 | Q:        nan | won: False 
#  147 | steps:  1700 | steps_t:     0 | t: 0.630576 | r:  -515.000000 | e:   1.000000 | Q:        nan | won: False 
#  148 | steps:  1707 | steps_t:     0 | t: 0.632994 | r:  -506.000000 | e:   1.000000 | Q:        nan | won: False 
#  149 | steps:  1765 | steps_t:     0 | t: 0.654654 | r:  -546.000000 | e:   1.000000 | Q:        nan | won: False 
#  150 | steps:  1782 | steps_t:     0 | t: 0.660929 | r:  -516.000000 | e:   1.000000 | Q:        nan | won: False 
#  151 | steps:  1789 | steps_t:     0 | t: 0.663539 | r:  -506.000000 | e:   1.000000 | Q:        nan | won: False 
#  152 | steps:  1815 | steps_t:     0 | t: 0.672211 | r:  -525.000000 | e:   1.000000 | Q:        nan | won: False 
#  153 | steps:  1829 | steps_t:     0 | t: 0.677091 | r:  -513.000000 | e:   1.000000 | Q:        nan | won: False 
#  154 | steps:  1837 | steps_t:     0 | t: 0.680727 | r:  -507.000000 | e:   1.000000 | Q:        nan | won: False 
#  155 | steps:  1855 | steps_t:     0 | t: 0.686892 | r:  -517.000000 | e:   1.000000 | Q:        nan | won: False 
#  156 | steps:  1865 | steps_t:     0 | t: 0.690428 | r:  -509.000000 | e:   1.000000 | Q:        nan | won: False 
#  157 | steps:  1883 | steps_t:     0 | t: 0.696944 | r:  -517.000000 | e:   1.000000 | Q:        nan | won: False 
#  158 | steps:  1892 | steps_t:     0 | t: 0.700235 | r:  -508.000000 | e:   1.000000 | Q:        nan | won: False 
#  159 | steps:  1900 | steps_t:     0 | t: 0.703333 | r:  -507.000000 | e:   1.000000 | Q:        nan | won: False 
#  160 | steps:  1912 | steps_t:     0 | t: 0.707731 | r:  -511.000000 | e:   1.000000 | Q:        nan | won: False 
#  161 | steps:  1920 | steps_t:     0 | t: 0.710570 | r:  -507.000000 | e:   1.000000 | Q:        nan | won: False 
#  162 | steps:  1925 | steps_t:     0 | t: 0.712466 | r:  -504.000000 | e:   1.000000 | Q:        nan | won: False 
#  163 | steps:  1935 | steps_t:     0 | t: 0.716541 | r:  -509.000000 | e:   1.000000 | Q:        nan | won: False 
#  164 | steps:  1949 | steps_t:     0 | t: 0.723644 | r:  -513.000000 | e:   1.000000 | Q:        nan | won: False 
#  165 | steps:  1958 | steps_t:     0 | t: 0.727134 | r:  -508.000000 | e:   1.000000 | Q:        nan | won: False 
#  166 | steps:  1966 | steps_t:     0 | t: 0.730035 | r:  -507.000000 | e:   1.000000 | Q:        nan | won: False 
#  167 | steps:  1975 | steps_t:     0 | t: 0.733205 | r:  -508.000000 | e:   1.000000 | Q:        nan | won: False 
#  168 | steps:  1982 | steps_t:     0 | t: 0.735883 | r:  -506.000000 | e:   1.000000 | Q:        nan | won: False 
#  169 | steps:  1993 | steps_t:     0 | t: 0.739853 | r:  -510.000000 | e:   1.000000 | Q:        nan | won: False 
#  170 | steps:  1999 | steps_t:     0 | t: 0.742172 | r:  -505.000000 | e:   1.000000 | Q:        nan | won: False 
#  171 | steps:  2007 | steps_t:     0 | t: 0.744827 | r:  -507.000000 | e:   1.000000 | Q:        nan | won: False 
#  172 | steps:  2020 | steps_t:     0 | t: 0.753333 | r:  -512.000000 | e:   1.000000 | Q:        nan | won: False 
#  173 | steps:  2027 | steps_t:     0 | t: 0.756097 | r:  -506.000000 | e:   1.000000 | Q:        nan | won: False 
#  174 | steps:  2040 | steps_t:     0 | t: 0.763405 | r:  -512.000000 | e:   1.000000 | Q:        nan | won: False 
#  175 | steps:  2048 | steps_t:     0 | t: 0.766284 | r:  -507.000000 | e:   1.000000 | Q:        nan | won: False 
#  176 | steps:  2067 | steps_t:     0 | t: 0.773079 | r:  -518.000000 | e:   1.000000 | Q:        nan | won: False 
#  177 | steps:  2073 | steps_t:     0 | t: 0.775596 | r:  -505.000000 | e:   1.000000 | Q:        nan | won: False 
#  178 | steps:  2082 | steps_t:     0 | t: 0.778693 | r:  -508.000000 | e:   1.000000 | Q:        nan | won: False 
#  179 | steps:  2090 | steps_t:     0 | t: 0.781402 | r:  -507.000000 | e:   1.000000 | Q:        nan | won: False 
#  180 | steps:  2098 | steps_t:     0 | t: 0.784243 | r:  -507.000000 | e:   1.000000 | Q:        nan | won: False 
#  181 | steps:  2107 | steps_t:     0 | t: 0.787215 | r:  -508.000000 | e:   1.000000 | Q:        nan | won: False 
#  182 | steps:  2117 | steps_t:     0 | t: 0.792048 | r:  -509.000000 | e:   1.000000 | Q:        nan | won: False 
#  183 | steps:  2125 | steps_t:     0 | t: 0.795238 | r:  -507.000000 | e:   1.000000 | Q:        nan | won: False 
#  184 | steps:  2136 | steps_t:     0 | t: 0.799180 | r:  -510.000000 | e:   1.000000 | Q:        nan | won: False 
#  185 | steps:  2154 | steps_t:     0 | t: 0.805718 | r:  -517.000000 | e:   1.000000 | Q:        nan | won: False 
#  186 | steps:  2163 | steps_t:     0 | t: 0.809081 | r:  -508.000000 | e:   1.000000 | Q:        nan | won: False 
#  187 | steps:  2182 | steps_t:     0 | t: 0.816566 | r:  -518.000000 | e:   1.000000 | Q:        nan | won: False 
#  188 | steps:  2191 | steps_t:     0 | t: 0.819959 | r:  -508.000000 | e:   1.000000 | Q:        nan | won: False 
#  189 | steps:  2204 | steps_t:     0 | t: 0.825797 | r:  -512.000000 | e:   1.000000 | Q:        nan | won: False 
#  190 | steps:  2216 | steps_t:     0 | t: 0.830309 | r:  -511.000000 | e:   1.000000 | Q:        nan | won: False 
#  191 | steps:  2224 | steps_t:     0 | t: 0.833002 | r:  -507.000000 | e:   1.000000 | Q:        nan | won: False 
#  192 | steps:  2232 | steps_t:     0 | t: 0.836863 | r:  -507.000000 | e:   1.000000 | Q:        nan | won: False 
#  193 | steps:  2246 | steps_t:     0 | t: 0.841802 | r:  -513.000000 | e:   1.000000 | Q:        nan | won: False 
#  194 | steps:  2254 | steps_t:     0 | t: 0.844776 | r:  -507.000000 | e:   1.000000 | Q:        nan | won: False 
#  195 | steps:  2263 | steps_t:     0 | t: 0.848104 | r:  -508.000000 | e:   1.000000 | Q:        nan | won: False 
#  196 | steps:  2283 | steps_t:     0 | t: 0.855706 | r:  -508.000000 | e:   1.000000 | Q:        nan | won: False 
#  197 | steps:  2290 | steps_t:     0 | t: 0.859010 | r:  -506.000000 | e:   1.000000 | Q:        nan | won: False 
#  198 | steps:  2298 | steps_t:     0 | t: 0.862027 | r:  -507.000000 | e:   1.000000 | Q:        nan | won: False 
#  199 | steps:  2304 | steps_t:     0 | t: 0.864163 | r:  -505.000000 | e:   1.000000 | Q:        nan | won: False 
#  200 | steps:  2312 | steps_t:     0 | t: 0.867171 | r:  -507.000000 | e:   1.000000 | Q:        nan | won: False 
#  201 | steps:  2329 | steps_t:     0 | t: 0.874982 | r:  -516.000000 | e:   1.000000 | Q:        nan | won: False 
#  202 | steps:  2336 | steps_t:     0 | t: 0.878055 | r:  -506.000000 | e:   1.000000 | Q:        nan | won: False 
#  203 | steps:  2343 | steps_t:     0 | t: 0.880911 | r:  -506.000000 | e:   1.000000 | Q:        nan | won: False 
#  204 | steps:  2349 | steps_t:     0 | t: 0.883713 | r:  -505.000000 | e:   1.000000 | Q:        nan | won: False 
#  205 | steps:  2367 | steps_t:     0 | t: 0.892229 | r:  -517.000000 | e:   1.000000 | Q:        nan | won: False 
#  206 | steps:  2374 | steps_t:     0 | t: 0.895401 | r:  -506.000000 | e:   1.000000 | Q:        nan | won: False 
#  207 | steps:  2381 | steps_t:     0 | t: 0.899050 | r:  -506.000000 | e:   1.000000 | Q:        nan | won: False 
#  208 | steps:  2388 | steps_t:     0 | t: 0.902434 | r:  -506.000000 | e:   1.000000 | Q:        nan | won: False 
#  209 | steps:  2412 | steps_t:     0 | t: 0.913561 | r:  -523.000000 | e:   1.000000 | Q:        nan | won: False 
#  210 | steps:  2420 | steps_t:     0 | t: 0.916836 | r:  -507.000000 | e:   1.000000 | Q:        nan | won: False 
#  211 | steps:  2434 | steps_t:     0 | t: 0.922822 | r:  -502.000000 | e:   1.000000 | Q:        nan | won: False 
#  212 | steps:  2440 | steps_t:     0 | t: 0.925097 | r:  -505.000000 | e:   1.000000 | Q:        nan | won: False 
#  213 | steps:  2449 | steps_t:     0 | t: 0.928856 | r:  -508.000000 | e:   1.000000 | Q:        nan | won: False 
#  214 | steps:  2456 | steps_t:     0 | t: 0.933314 | r:  -506.000000 | e:   1.000000 | Q:        nan | won: False 
#  215 | steps:  2463 | steps_t:     0 | t: 0.939124 | r:  -506.000000 | e:   1.000000 | Q:        nan | won: False 
#  216 | steps:  2473 | steps_t:     0 | t: 0.944098 | r:  -509.000000 | e:   1.000000 | Q:        nan | won: False 
#  217 | steps:  2479 | steps_t:     0 | t: 0.946853 | r:  -505.000000 | e:   1.000000 | Q:        nan | won: False 
#  218 | steps:  2489 | steps_t:     0 | t: 0.952236 | r:  -509.000000 | e:   1.000000 | Q:        nan | won: False 
#  219 | steps:  2496 | steps_t:     0 | t: 0.955714 | r:  -506.000000 | e:   1.000000 | Q:        nan | won: False 
#  220 | steps:  2505 | steps_t:     0 | t: 0.960343 | r:  -508.000000 | e:   1.000000 | Q:        nan | won: False 
#  221 | steps:  2511 | steps_t:     0 | t: 0.963265 | r:  -505.000000 | e:   1.000000 | Q:        nan | won: False 
#  222 | steps:  2525 | steps_t:     0 | t: 0.971942 | r:  -513.000000 | e:   1.000000 | Q:        nan | won: False 
#  223 | steps:  2534 | steps_t:     0 | t: 0.976874 | r:  -508.000000 | e:   1.000000 | Q:        nan | won: False 
#  224 | steps:  2543 | steps_t:     0 | t: 0.980863 | r:  -508.000000 | e:   1.000000 | Q:        nan | won: False 
#  225 | steps:  2560 | steps_t:     0 | t: 0.988518 | r:  -516.000000 | e:   1.000000 | Q:        nan | won: False 
#  226 | steps:  2578 | steps_t:     0 | t: 0.996772 | r:  -506.000000 | e:   1.000000 | Q:        nan | won: False 
#  227 | steps:  2597 | steps_t:     0 | t: 1.005245 | r:  -518.000000 | e:   1.000000 | Q:        nan | won: False 
#  228 | steps:  2612 | steps_t:     0 | t: 1.011260 | r:  -503.000000 | e:   1.000000 | Q:        nan | won: False 
#  229 | steps:  2621 | steps_t:     0 | t: 1.017502 | r:  -508.000000 | e:   1.000000 | Q:        nan | won: False 
#  230 | steps:  2628 | steps_t:     0 | t: 1.020844 | r:  -506.000000 | e:   1.000000 | Q:        nan | won: False 
#  231 | steps:  2635 | steps_t:     0 | t: 1.023605 | r:  -506.000000 | e:   1.000000 | Q:        nan | won: False 
#  232 | steps:  2643 | steps_t:     0 | t: 1.027117 | r:  -507.000000 | e:   1.000000 | Q:        nan | won: False 
#  233 | steps:  2662 | steps_t:     0 | t: 1.038712 | r:  -518.000000 | e:   1.000000 | Q:        nan | won: False 
#  234 | steps:  2673 | steps_t:     0 | t: 1.043258 | r:  -510.000000 | e:   1.000000 | Q:        nan | won: False 
#  235 | steps:  2680 | steps_t:     0 | t: 1.046552 | r:  -506.000000 | e:   1.000000 | Q:        nan | won: False 
#  236 | steps:  2692 | steps_t:     0 | t: 1.052524 | r:  -511.000000 | e:   1.000000 | Q:        nan | won: False 
#  237 | steps:  2700 | steps_t:     0 | t: 1.055521 | r:  -507.000000 | e:   1.000000 | Q:        nan | won: False 
#  238 | steps:  2708 | steps_t:     0 | t: 1.059238 | r:  -507.000000 | e:   1.000000 | Q:        nan | won: False 
#  239 | steps:  2717 | steps_t:     0 | t: 1.062692 | r:  -508.000000 | e:   1.000000 | Q:        nan | won: False 
#  240 | steps:  2726 | steps_t:     0 | t: 1.066700 | r:  -508.000000 | e:   1.000000 | Q:        nan | won: False 
#  241 | steps:  2744 | steps_t:     0 | t: 1.073374 | r:  -517.000000 | e:   1.000000 | Q:        nan | won: False 
#  242 | steps:  2763 | steps_t:     0 | t: 1.081941 | r:  -507.000000 | e:   1.000000 | Q:        nan | won: False 
#  243 | steps:  2782 | steps_t:     0 | t: 1.091502 | r:  -518.000000 | e:   1.000000 | Q:        nan | won: False 
#  244 | steps:  2792 | steps_t:     0 | t: 1.096962 | r:  -509.000000 | e:   1.000000 | Q:        nan | won: False 
#  245 | steps:  2798 | steps_t:     0 | t: 1.099822 | r:  -505.000000 | e:   1.000000 | Q:        nan | won: False 
#  246 | steps:  2804 | steps_t:     0 | t: 1.102134 | r:  -505.000000 | e:   1.000000 | Q:        nan | won: False 
#  247 | steps:  2814 | steps_t:     0 | t: 1.106240 | r:  -509.000000 | e:   1.000000 | Q:        nan | won: False 
#  248 | steps:  2822 | steps_t:     0 | t: 1.109568 | r:  -507.000000 | e:   1.000000 | Q:        nan | won: False 
#  249 | steps:  2834 | steps_t:     0 | t: 1.114243 | r:  -511.000000 | e:   1.000000 | Q:        nan | won: False 
#  250 | steps:  2840 | steps_t:     0 | t: 1.116449 | r:  -505.000000 | e:   1.000000 | Q:        nan | won: False 
#  251 | steps:  2854 | steps_t:     0 | t: 1.121381 | r:  -513.000000 | e:   1.000000 | Q:        nan | won: False 
#  252 | steps:  2880 | steps_t:     0 | t: 1.130740 | r:  -525.000000 | e:   1.000000 | Q:        nan | won: False 
#  253 | steps:  2886 | steps_t:     0 | t: 1.132951 | r:  -505.000000 | e:   1.000000 | Q:        nan | won: False 
#  254 | steps:  2896 | steps_t:     0 | t: 1.136259 | r:  -509.000000 | e:   1.000000 | Q:        nan | won: False 
#  255 | steps:  2902 | steps_t:     0 | t: 1.138397 | r:  -505.000000 | e:   1.000000 | Q:        nan | won: False 
#  256 | steps:  2910 | steps_t:     0 | t: 1.141223 | r:  -507.000000 | e:   1.000000 | Q:        nan | won: False 
#  257 | steps:  2918 | steps_t:     0 | t: 1.144250 | r:  -507.000000 | e:   1.000000 | Q:        nan | won: False 
#  258 | steps:  2927 | steps_t:     0 | t: 1.147719 | r:  -508.000000 | e:   1.000000 | Q:        nan | won: False 
#  259 | steps:  2939 | steps_t:     0 | t: 1.152301 | r:  -511.000000 | e:   1.000000 | Q:        nan | won: False 
#  260 | steps:  2960 | steps_t:     0 | t: 1.159741 | r:  -520.000000 | e:   1.000000 | Q:        nan | won: False 
#  261 | steps:  2970 | steps_t:     0 | t: 1.163418 | r:  -509.000000 | e:   1.000000 | Q:        nan | won: False 
#  262 | steps:  2989 | steps_t:     0 | t: 1.170439 | r:  -518.000000 | e:   1.000000 | Q:        nan | won: False 
#  263 | steps:  3001 | steps_t:     0 | t: 1.174918 | r:  -511.000000 | e:   1.000000 | Q:        nan | won: False 
#  264 | steps:  3012 | steps_t:     0 | t: 1.178859 | r:  -510.000000 | e:   1.000000 | Q:        nan | won: False 
#  265 | steps:  3017 | steps_t:     0 | t: 1.180734 | r:  -504.000000 | e:   1.000000 | Q:        nan | won: False 
#  266 | steps:  3024 | steps_t:     0 | t: 1.183269 | r:  -506.000000 | e:   1.000000 | Q:        nan | won: False 
#  267 | steps:  3032 | steps_t:     0 | t: 1.186069 | r:  -507.000000 | e:   1.000000 | Q:        nan | won: False 
#  268 | steps:  3042 | steps_t:     0 | t: 1.189599 | r:  -509.000000 | e:   1.000000 | Q:        nan | won: False 
#  269 | steps:  3052 | steps_t:     0 | t: 1.193154 | r:  -509.000000 | e:   1.000000 | Q:        nan | won: False 
#  270 | steps:  3077 | steps_t:     0 | t: 1.202024 | r:  -524.000000 | e:   1.000000 | Q:        nan | won: False 
#  271 | steps:  3087 | steps_t:     0 | t: 1.205748 | r:  -509.000000 | e:   1.000000 | Q:        nan | won: False 
#  272 | steps:  3095 | steps_t:     0 | t: 1.208663 | r:  -507.000000 | e:   1.000000 | Q:        nan | won: False 
#  273 | steps:  3101 | steps_t:     0 | t: 1.210875 | r:  -505.000000 | e:   1.000000 | Q:        nan | won: False 
#  274 | steps:  3114 | steps_t:     0 | t: 1.215308 | r:  -512.000000 | e:   1.000000 | Q:        nan | won: False 
#  275 | steps:  3125 | steps_t:     0 | t: 1.219260 | r:  -510.000000 | e:   1.000000 | Q:        nan | won: False 
#  276 | steps:  3134 | steps_t:     0 | t: 1.222781 | r:  -508.000000 | e:   1.000000 | Q:        nan | won: False 
#  277 | steps:  3155 | steps_t:     0 | t: 1.230046 | r:  -520.000000 | e:   1.000000 | Q:        nan | won: False 
#  278 | steps:  3172 | steps_t:     0 | t: 1.236013 | r:  -516.000000 | e:   1.000000 | Q:        nan | won: False 
#  279 | steps:  3184 | steps_t:     0 | t: 1.240184 | r:  -511.000000 | e:   1.000000 | Q:        nan | won: False 
#  280 | steps:  3198 | steps_t:     0 | t: 1.245306 | r:  -513.000000 | e:   1.000000 | Q:        nan | won: False 
#  281 | steps:  3210 | steps_t:     0 | t: 1.249224 | r:  -511.000000 | e:   1.000000 | Q:        nan | won: False 
#  282 | steps:  3226 | steps_t:     0 | t: 1.254379 | r:  -515.000000 | e:   1.000000 | Q:        nan | won: False 
#  283 | steps:  3236 | steps_t:     0 | t: 1.257560 | r:  -509.000000 | e:   1.000000 | Q:        nan | won: False 
#  284 | steps:  3249 | steps_t:     0 | t: 1.261646 | r:  -512.000000 | e:   1.000000 | Q:        nan | won: False 
#  285 | steps:  3259 | steps_t:     0 | t: 1.264811 | r:  -509.000000 | e:   1.000000 | Q:        nan | won: False 
#  286 | steps:  3270 | steps_t:     0 | t: 1.268380 | r:  -510.000000 | e:   1.000000 | Q:        nan | won: False 
#  287 | steps:  3281 | steps_t:     0 | t: 1.271860 | r:  -510.000000 | e:   1.000000 | Q:        nan | won: False 
#  288 | steps:  3294 | steps_t:     0 | t: 1.275970 | r:  -512.000000 | e:   1.000000 | Q:        nan | won: False 
#  289 | steps:  3300 | steps_t:     0 | t: 1.277914 | r:  -505.000000 | e:   1.000000 | Q:        nan | won: False 
#  290 | steps:  3306 | steps_t:     0 | t: 1.279822 | r:  -505.000000 | e:   1.000000 | Q:        nan | won: False 
#  291 | steps:  3314 | steps_t:     0 | t: 1.282328 | r:  -507.000000 | e:   1.000000 | Q:        nan | won: False 
#  292 | steps:  3322 | steps_t:     0 | t: 1.284838 | r:  -507.000000 | e:   1.000000 | Q:        nan | won: False 
#  293 | steps:  3337 | steps_t:     0 | t: 1.289423 | r:  -514.000000 | e:   1.000000 | Q:        nan | won: False 
#  294 | steps:  3345 | steps_t:     0 | t: 1.292079 | r:  -507.000000 | e:   1.000000 | Q:        nan | won: False 
#  295 | steps:  3353 | steps_t:     0 | t: 1.294686 | r:  -507.000000 | e:   1.000000 | Q:        nan | won: False 
#  296 | steps:  3361 | steps_t:     0 | t: 1.297226 | r:  -507.000000 | e:   1.000000 | Q:        nan | won: False 
#  297 | steps:  3372 | steps_t:     0 | t: 1.300475 | r:  -510.000000 | e:   1.000000 | Q:        nan | won: False 
#  298 | steps:  3382 | steps_t:     0 | t: 1.303420 | r:  -509.000000 | e:   1.000000 | Q:        nan | won: False 
#  299 | steps:  3396 | steps_t:     0 | t: 1.307926 | r:  -513.000000 | e:   1.000000 | Q:        nan | won: False 
#  300 | steps:  3401 | steps_t:     0 | t: 1.309668 | r:  -504.000000 | e:   1.000000 | Q:        nan | won: False 
#  301 | steps:  3418 | steps_t:     0 | t: 1.315421 | r:  -516.000000 | e:   1.000000 | Q:        nan | won: False 
#  302 | steps:  3430 | steps_t:     0 | t: 1.319371 | r:  -511.000000 | e:   1.000000 | Q:        nan | won: False 
#  303 | steps:  3444 | steps_t:     0 | t: 1.324060 | r:  -513.000000 | e:   1.000000 | Q:        nan | won: False 
#  304 | steps:  3452 | steps_t:     0 | t: 1.326754 | r:  -507.000000 | e:   1.000000 | Q:        nan | won: False 
#  305 | steps:  3466 | steps_t:     0 | t: 1.331457 | r:  -513.000000 | e:   1.000000 | Q:        nan | won: False 
#  306 | steps:  3473 | steps_t:     0 | t: 1.333873 | r:  -506.000000 | e:   1.000000 | Q:        nan | won: False 
#  307 | steps:  3482 | steps_t:     0 | t: 1.337004 | r:  -508.000000 | e:   1.000000 | Q:        nan | won: False 
#  308 | steps:  3502 | steps_t:     0 | t: 1.343826 | r:  -519.000000 | e:   1.000000 | Q:        nan | won: False 
#  309 | steps:  3524 | steps_t:     0 | t: 1.351164 | r:  -521.000000 | e:   1.000000 | Q:        nan | won: False 
#  310 | steps:  3540 | steps_t:     0 | t: 1.356579 | r:  -504.000000 | e:   1.000000 | Q:        nan | won: False 
#  311 | steps:  3550 | steps_t:     0 | t: 1.359986 | r:  -509.000000 | e:   1.000000 | Q:        nan | won: False 
#  312 | steps:  3563 | steps_t:     0 | t: 1.364454 | r:  -512.000000 | e:   1.000000 | Q:        nan | won: False 
#  313 | steps:  3569 | steps_t:     0 | t: 1.366510 | r:  -505.000000 | e:   1.000000 | Q:        nan | won: False 
#  314 | steps:  3585 | steps_t:     0 | t: 1.372143 | r:  -504.000000 | e:   1.000000 | Q:        nan | won: False 
#  315 | steps:  3593 | steps_t:     0 | t: 1.374746 | r:  -507.000000 | e:   1.000000 | Q:        nan | won: False 
#  316 | steps:  3601 | steps_t:     0 | t: 1.377499 | r:  -507.000000 | e:   1.000000 | Q:        nan | won: False 
#  317 | steps:  3621 | steps_t:     0 | t: 1.384451 | r:  -519.000000 | e:   1.000000 | Q:        nan | won: False 
#  318 | steps:  3633 | steps_t:     0 | t: 1.388554 | r:  -511.000000 | e:   1.000000 | Q:        nan | won: False 
#  319 | steps:  3645 | steps_t:     0 | t: 1.392596 | r:  -511.000000 | e:   1.000000 | Q:        nan | won: False 
#  320 | steps:  3657 | steps_t:     0 | t: 1.396555 | r:  -511.000000 | e:   1.000000 | Q:        nan | won: False 
#  321 | steps:  3666 | steps_t:     0 | t: 1.399616 | r:  -508.000000 | e:   1.000000 | Q:        nan | won: False 
#  322 | steps:  3677 | steps_t:     0 | t: 1.403406 | r:  -510.000000 | e:   1.000000 | Q:        nan | won: False 
#  323 | steps:  3684 | steps_t:     0 | t: 1.406041 | r:  -506.000000 | e:   1.000000 | Q:        nan | won: False 
#  324 | steps:  3692 | steps_t:     0 | t: 1.408758 | r:  -507.000000 | e:   1.000000 | Q:        nan | won: False 
#  325 | steps:  3706 | steps_t:     0 | t: 1.413258 | r:  -513.000000 | e:   1.000000 | Q:        nan | won: False 
#  326 | steps:  3727 | steps_t:     0 | t: 1.419638 | r:  -520.000000 | e:   1.000000 | Q:        nan | won: False 
#  327 | steps:  3734 | steps_t:     0 | t: 1.421687 | r:  -506.000000 | e:   1.000000 | Q:        nan | won: False 
#  328 | steps:  3742 | steps_t:     0 | t: 1.424194 | r:  -507.000000 | e:   1.000000 | Q:        nan | won: False 
#  329 | steps:  3750 | steps_t:     0 | t: 1.426773 | r:  -507.000000 | e:   1.000000 | Q:        nan | won: False 
#  330 | steps:  3757 | steps_t:     0 | t: 1.428957 | r:  -506.000000 | e:   1.000000 | Q:        nan | won: False 
#  331 | steps:  3764 | steps_t:     0 | t: 1.431366 | r:  -506.000000 | e:   1.000000 | Q:        nan | won: False 
#  332 | steps:  3776 | steps_t:     0 | t: 1.434951 | r:  -511.000000 | e:   1.000000 | Q:        nan | won: False 
#  333 | steps:  3788 | steps_t:     0 | t: 1.438609 | r:  -511.000000 | e:   1.000000 | Q:        nan | won: False 
#  334 | steps:  3802 | steps_t:     0 | t: 1.443317 | r:  -513.000000 | e:   1.000000 | Q:        nan | won: False 
#  335 | steps:  3811 | steps_t:     0 | t: 1.446383 | r:  -508.000000 | e:   1.000000 | Q:        nan | won: False 
#  336 | steps:  3825 | steps_t:     0 | t: 1.451290 | r:  -513.000000 | e:   1.000000 | Q:        nan | won: False 
#  337 | steps:  3833 | steps_t:     0 | t: 1.454032 | r:  -507.000000 | e:   1.000000 | Q:        nan | won: False 
#  338 | steps:  3839 | steps_t:     0 | t: 1.455969 | r:  -505.000000 | e:   1.000000 | Q:        nan | won: False 
#  339 | steps:  3847 | steps_t:     0 | t: 1.458522 | r:  -507.000000 | e:   1.000000 | Q:        nan | won: False 
#  340 | steps:  3855 | steps_t:     0 | t: 1.460939 | r:  -507.000000 | e:   1.000000 | Q:        nan | won: False 
#  341 | steps:  3864 | steps_t:     0 | t: 1.463684 | r:  -508.000000 | e:   1.000000 | Q:        nan | won: False 
#  342 | steps:  3870 | steps_t:     0 | t: 1.465447 | r:  -505.000000 | e:   1.000000 | Q:        nan | won: False 
#  343 | steps:  3880 | steps_t:     0 | t: 1.468550 | r:  -509.000000 | e:   1.000000 | Q:        nan | won: False 
#  344 | steps:  3903 | steps_t:     0 | t: 1.476139 | r:  -522.000000 | e:   1.000000 | Q:        nan | won: False 
#  345 | steps:  3918 | steps_t:     0 | t: 1.481066 | r:  -514.000000 | e:   1.000000 | Q:        nan | won: False 
#  346 | steps:  3929 | steps_t:     0 | t: 1.484603 | r:  -510.000000 | e:   1.000000 | Q:        nan | won: False 
#  347 | steps:  3945 | steps_t:     0 | t: 1.489797 | r:  -515.000000 | e:   1.000000 | Q:        nan | won: False 
#  348 | steps:  3951 | steps_t:     0 | t: 1.491836 | r:  -505.000000 | e:   1.000000 | Q:        nan | won: False 
#  349 | steps:  3959 | steps_t:     0 | t: 1.494547 | r:  -507.000000 | e:   1.000000 | Q:        nan | won: False 
#  350 | steps:  3970 | steps_t:     0 | t: 1.498358 | r:  -510.000000 | e:   1.000000 | Q:        nan | won: False 
#  351 | steps:  3978 | steps_t:     0 | t: 1.500887 | r:  -507.000000 | e:   1.000000 | Q:        nan | won: False 
#  352 | steps:  3989 | steps_t:     0 | t: 1.504228 | r:  -510.000000 | e:   1.000000 | Q:        nan | won: False 
#  353 | steps:  4005 | steps_t:     0 | t: 1.509085 | r:  -515.000000 | e:   1.000000 | Q:        nan | won: False 
#  354 | steps:  4014 | steps_t:     0 | t: 1.511973 | r:  -508.000000 | e:   1.000000 | Q:        nan | won: False 
#  355 | steps:  4022 | steps_t:     0 | t: 1.514278 | r:  -507.000000 | e:   1.000000 | Q:        nan | won: False 
#  356 | steps:  4033 | steps_t:     0 | t: 1.517388 | r:  -510.000000 | e:   1.000000 | Q:        nan | won: False 
#  357 | steps:  4046 | steps_t:     0 | t: 1.521110 | r:  -512.000000 | e:   1.000000 | Q:        nan | won: False 
#  358 | steps:  4056 | steps_t:     0 | t: 1.524381 | r:  -509.000000 | e:   1.000000 | Q:        nan | won: False 
#  359 | steps:  4069 | steps_t:     0 | t: 1.528526 | r:  -512.000000 | e:   1.000000 | Q:        nan | won: False 
#  360 | steps:  4079 | steps_t:     0 | t: 1.531694 | r:  -509.000000 | e:   1.000000 | Q:        nan | won: False 
#  361 | steps:  4089 | steps_t:     0 | t: 1.534811 | r:  -509.000000 | e:   1.000000 | Q:        nan | won: False 
#  362 | steps:  4095 | steps_t:     0 | t: 1.536722 | r:  -505.000000 | e:   1.000000 | Q:        nan | won: False 
#  363 | steps:  4114 | steps_t:     0 | t: 1.542599 | r:  -507.000000 | e:   1.000000 | Q:        nan | won: False 
#  364 | steps:  4121 | steps_t:     0 | t: 1.545060 | r:  -506.000000 | e:   1.000000 | Q:        nan | won: False 
#  365 | steps:  4129 | steps_t:     0 | t: 1.548176 | r:  -507.000000 | e:   1.000000 | Q:        nan | won: False 
#  366 | steps:  4137 | steps_t:     0 | t: 1.551100 | r:  -507.000000 | e:   1.000000 | Q:        nan | won: False 
#  367 | steps:  4146 | steps_t:     0 | t: 1.554169 | r:  -508.000000 | e:   1.000000 | Q:        nan | won: False 
#  368 | steps:  4157 | steps_t:     0 | t: 1.557679 | r:  -510.000000 | e:   1.000000 | Q:        nan | won: False 
#  369 | steps:  4170 | steps_t:     0 | t: 1.561464 | r:  -512.000000 | e:   1.000000 | Q:        nan | won: False 
#  370 | steps:  4179 | steps_t:     0 | t: 1.564103 | r:  -508.000000 | e:   1.000000 | Q:        nan | won: False 
#  371 | steps:  4190 | steps_t:     0 | t: 1.567382 | r:  -510.000000 | e:   1.000000 | Q:        nan | won: False 
#  372 | steps:  4200 | steps_t:     0 | t: 1.570324 | r:  -509.000000 | e:   1.000000 | Q:        nan | won: False 
#  373 | steps:  4214 | steps_t:     0 | t: 1.574571 | r:  -513.000000 | e:   1.000000 | Q:        nan | won: False 
#  374 | steps:  4221 | steps_t:     0 | t: 1.576820 | r:  -506.000000 | e:   1.000000 | Q:        nan | won: False 
#  375 | steps:  4229 | steps_t:     0 | t: 1.579232 | r:  -507.000000 | e:   1.000000 | Q:        nan | won: False 
#  376 | steps:  4238 | steps_t:     0 | t: 1.582065 | r:  -508.000000 | e:   1.000000 | Q:        nan | won: False 
#  377 | steps:  4245 | steps_t:     0 | t: 1.584176 | r:  -506.000000 | e:   1.000000 | Q:        nan | won: False 
#  378 | steps:  4257 | steps_t:     0 | t: 1.588004 | r:  -511.000000 | e:   1.000000 | Q:        nan | won: False 
#  379 | steps:  4273 | steps_t:     0 | t: 1.593314 | r:  -504.000000 | e:   1.000000 | Q:        nan | won: False 
#  380 | steps:  4284 | steps_t:     0 | t: 1.597193 | r:  -510.000000 | e:   1.000000 | Q:        nan | won: False 
#  381 | steps:  4291 | steps_t:     0 | t: 1.599598 | r:  -506.000000 | e:   1.000000 | Q:        nan | won: False 
#  382 | steps:  4298 | steps_t:     0 | t: 1.601987 | r:  -506.000000 | e:   1.000000 | Q:        nan | won: False 
#  383 | steps:  4307 | steps_t:     0 | t: 1.605033 | r:  -508.000000 | e:   1.000000 | Q:        nan | won: False 
#  384 | steps:  4319 | steps_t:     0 | t: 1.609062 | r:  -511.000000 | e:   1.000000 | Q:        nan | won: False 
#  385 | steps:  4331 | steps_t:     0 | t: 1.613110 | r:  -511.000000 | e:   1.000000 | Q:        nan | won: False 
#  386 | steps:  4339 | steps_t:     0 | t: 1.615839 | r:  -507.000000 | e:   1.000000 | Q:        nan | won: False 
#  387 | steps:  4361 | steps_t:     0 | t: 1.623380 | r:  -521.000000 | e:   1.000000 | Q:        nan | won: False 
#  388 | steps:  4407 | steps_t:     0 | t: 1.639095 | r:  -545.000000 | e:   1.000000 | Q:        nan | won: False 
#  389 | steps:  4432 | steps_t:     0 | t: 1.647672 | r:  -524.000000 | e:   1.000000 | Q:        nan | won: False 
#  390 | steps:  4437 | steps_t:     0 | t: 1.649325 | r:  -504.000000 | e:   1.000000 | Q:        nan | won: False 
#  391 | steps:  4449 | steps_t:     0 | t: 1.653038 | r:  -511.000000 | e:   1.000000 | Q:        nan | won: False 
#  392 | steps:  4462 | steps_t:     0 | t: 1.657194 | r:  -512.000000 | e:   1.000000 | Q:        nan | won: False 
#  393 | steps:  4472 | steps_t:     0 | t: 1.660295 | r:  -509.000000 | e:   1.000000 | Q:        nan | won: False 
#  394 | steps:  4483 | steps_t:     0 | t: 1.663857 | r:  -510.000000 | e:   1.000000 | Q:        nan | won: False 
#  395 | steps:  4495 | steps_t:     0 | t: 1.667736 | r:  -511.000000 | e:   1.000000 | Q:        nan | won: False 
#  396 | steps:  4504 | steps_t:     0 | t: 1.670659 | r:  -508.000000 | e:   1.000000 | Q:        nan | won: False 
#  397 | steps:  4520 | steps_t:     0 | t: 1.675716 | r:  -515.000000 | e:   1.000000 | Q:        nan | won: False 
#  398 | steps:  4530 | steps_t:     0 | t: 1.679028 | r:  -509.000000 | e:   1.000000 | Q:        nan | won: False 
#  399 | steps:  4539 | steps_t:     0 | t: 1.682072 | r:  -508.000000 | e:   1.000000 | Q:        nan | won: False 
#  400 | steps:  4548 | steps_t:     0 | t: 1.685160 | r:  -508.000000 | e:   1.000000 | Q:        nan | won: False 
#  401 | steps:  4569 | steps_t:     0 | t: 1.692186 | r:  -520.000000 | e:   1.000000 | Q:        nan | won: False 
#  402 | steps:  4576 | steps_t:     0 | t: 1.694521 | r:  -506.000000 | e:   1.000000 | Q:        nan | won: False 
#  403 | steps:  4587 | steps_t:     0 | t: 1.698167 | r:  -510.000000 | e:   1.000000 | Q:        nan | won: False 
#  404 | steps:  4595 | steps_t:     0 | t: 1.700888 | r:  -507.000000 | e:   1.000000 | Q:        nan | won: False 
#  405 | steps:  4603 | steps_t:     0 | t: 1.703515 | r:  -507.000000 | e:   1.000000 | Q:        nan | won: False 
#  406 | steps:  4612 | steps_t:     0 | t: 1.706284 | r:  -508.000000 | e:   1.000000 | Q:        nan | won: False 
#  407 | steps:  4619 | steps_t:     0 | t: 1.708545 | r:  -506.000000 | e:   1.000000 | Q:        nan | won: False 
#  408 | steps:  4626 | steps_t:     0 | t: 1.711199 | r:  -506.000000 | e:   1.000000 | Q:        nan | won: False 
#  409 | steps:  4649 | steps_t:     0 | t: 1.718237 | r:  -522.000000 | e:   1.000000 | Q:        nan | won: False 
#  410 | steps:  4657 | steps_t:     0 | t: 1.720914 | r:  -507.000000 | e:   1.000000 | Q:        nan | won: False 
#  411 | steps:  4669 | steps_t:     0 | t: 1.724731 | r:  -511.000000 | e:   1.000000 | Q:        nan | won: False 
#  412 | steps:  4679 | steps_t:     0 | t: 1.727968 | r:  -509.000000 | e:   1.000000 | Q:        nan | won: False 
#  413 | steps:  4686 | steps_t:     0 | t: 1.730250 | r:  -506.000000 | e:   1.000000 | Q:        nan | won: False 
#  414 | steps:  4696 | steps_t:     0 | t: 1.733298 | r:  -509.000000 | e:   1.000000 | Q:        nan | won: False 
#  415 | steps:  4718 | steps_t:     0 | t: 1.740012 | r:  -521.000000 | e:   1.000000 | Q:        nan | won: False 
#  416 | steps:  4730 | steps_t:     0 | t: 1.743802 | r:  -511.000000 | e:   1.000000 | Q:        nan | won: False 
#  417 | steps:  4740 | steps_t:     0 | t: 1.747099 | r:  -509.000000 | e:   1.000000 | Q:        nan | won: False 
#  418 | steps:  4752 | steps_t:     0 | t: 1.751482 | r:  -511.000000 | e:   1.000000 | Q:        nan | won: False 
#  419 | steps:  4759 | steps_t:     0 | t: 1.753806 | r:  -506.000000 | e:   1.000000 | Q:        nan | won: False 
#  420 | steps:  4766 | steps_t:     0 | t: 1.755941 | r:  -506.000000 | e:   1.000000 | Q:        nan | won: False 
#  421 | steps:  4773 | steps_t:     0 | t: 1.758297 | r:  -506.000000 | e:   1.000000 | Q:        nan | won: False 
#  422 | steps:  4787 | steps_t:     0 | t: 1.763202 | r:  -513.000000 | e:   1.000000 | Q:        nan | won: False 
#  423 | steps:  4797 | steps_t:     0 | t: 1.766205 | r:  -509.000000 | e:   1.000000 | Q:        nan | won: False 
#  424 | steps:  4807 | steps_t:     0 | t: 1.769154 | r:  -509.000000 | e:   1.000000 | Q:        nan | won: False 
#  425 | steps:  4815 | steps_t:     0 | t: 1.771522 | r:  -507.000000 | e:   1.000000 | Q:        nan | won: False 
#  426 | steps:  4829 | steps_t:     0 | t: 1.775944 | r:  -513.000000 | e:   1.000000 | Q:        nan | won: False 
#  427 | steps:  4840 | steps_t:     0 | t: 1.779562 | r:  -510.000000 | e:   1.000000 | Q:        nan | won: False 
#  428 | steps:  4847 | steps_t:     0 | t: 1.781835 | r:  -506.000000 | e:   1.000000 | Q:        nan | won: False 
#  429 | steps:  4860 | steps_t:     0 | t: 1.785957 | r:  -512.000000 | e:   1.000000 | Q:        nan | won: False 
#  430 | steps:  4867 | steps_t:     0 | t: 1.788193 | r:  -506.000000 | e:   1.000000 | Q:        nan | won: False 
#  431 | steps:  4876 | steps_t:     0 | t: 1.791023 | r:  -508.000000 | e:   1.000000 | Q:        nan | won: False 
#  432 | steps:  4887 | steps_t:     0 | t: 1.794361 | r:  -510.000000 | e:   1.000000 | Q:        nan | won: False 
#  433 | steps:  4896 | steps_t:     0 | t: 1.797205 | r:  -508.000000 | e:   1.000000 | Q:        nan | won: False 
#  434 | steps:  4910 | steps_t:     0 | t: 1.801625 | r:  -513.000000 | e:   1.000000 | Q:        nan | won: False 
#  435 | steps:  4922 | steps_t:     0 | t: 1.805601 | r:  -511.000000 | e:   1.000000 | Q:        nan | won: False 
#  436 | steps:  4930 | steps_t:     0 | t: 1.808352 | r:  -507.000000 | e:   1.000000 | Q:        nan | won: False 
#  437 | steps:  4942 | steps_t:     0 | t: 1.812414 | r:  -511.000000 | e:   1.000000 | Q:        nan | won: False 
#  438 | steps:  4951 | steps_t:     0 | t: 1.815453 | r:  -508.000000 | e:   1.000000 | Q:        nan | won: False 
#  439 | steps:  4960 | steps_t:     0 | t: 1.818420 | r:  -508.000000 | e:   1.000000 | Q:        nan | won: False 
#  440 | steps:  4967 | steps_t:     0 | t: 1.820646 | r:  -506.000000 | e:   1.000000 | Q:        nan | won: False 
#  441 | steps:  4974 | steps_t:     0 | t: 1.822846 | r:  -506.000000 | e:   1.000000 | Q:        nan | won: False 
#  442 | steps:  4983 | steps_t:     0 | t: 1.825773 | r:  -508.000000 | e:   1.000000 | Q:        nan | won: False 
#  443 | steps:  4991 | steps_t:     0 | t: 1.828491 | r:  -507.000000 | e:   1.000000 | Q:        nan | won: False 
#  444 | steps:  5005 | steps_t:     4 | t: 1.902216 | r:  -513.000000 | e:   0.999600 | Q:        nan | won: False 
#  445 | steps:  5014 | steps_t:    12 | t: 1.953505 | r:  -508.000000 | e:   0.998800 | Q:        nan | won: False 
#  446 | steps:  5029 | steps_t:    26 | t: 2.046564 | r:  -503.000000 | e:   0.997400 | Q:        nan | won: False 
#  447 | steps:  5039 | steps_t:    35 | t: 2.107869 | r:  -509.000000 | e:   0.996500 | Q:        nan | won: False 
#  448 | steps:  5047 | steps_t:    42 | t: 2.155007 | r:  -507.000000 | e:   0.995800 | Q:        nan | won: False 
#  449 | steps:  5067 | steps_t:    61 | t: 2.278147 | r:  -519.000000 | e:   0.993900 | Q:        nan | won: False 
#  450 | steps:  5084 | steps_t:    77 | t: 2.385106 | r:  -505.000000 | e:   0.992300 | Q:        nan | won: False 
#  451 | steps:  5097 | steps_t:    89 | t: 2.453249 | r:  -512.000000 | e:   0.991100 | Q:        nan | won: False 
#  452 | steps:  5110 | steps_t:   101 | t: 2.524854 | r:  -512.000000 | e:   0.989900 | Q:        nan | won: False 
#  453 | steps:  5117 | steps_t:   107 | t: 2.560654 | r:  -506.000000 | e:   0.989300 | Q:        nan | won: False 
#  454 | steps:  5123 | steps_t:   112 | t: 2.592857 | r:  -505.000000 | e:   0.988800 | Q:        nan | won: False 
#  455 | steps:  5130 | steps_t:   118 | t: 2.632300 | r:  -506.000000 | e:   0.988200 | Q:        nan | won: False 
#  456 | steps:  5137 | steps_t:   124 | t: 2.679004 | r:  -506.000000 | e:   0.987600 | Q:        nan | won: False 
#  457 | steps:  5146 | steps_t:   132 | t: 2.740438 | r:  -508.000000 | e:   0.986800 | Q:        nan | won: False 
#  458 | steps:  5157 | steps_t:   142 | t: 2.818365 | r:  -510.000000 | e:   0.985800 | Q:        nan | won: False 
#  459 | steps:  5169 | steps_t:   153 | t: 2.910660 | r:  -511.000000 | e:   0.984700 | Q:        nan | won: False 
#  460 | steps:  5191 | steps_t:   174 | t: 3.075684 | r:  -521.000000 | e:   0.982600 | Q:        nan | won: False 
#  461 | steps:  5198 | steps_t:   180 | t: 3.109942 | r:  -506.000000 | e:   0.982000 | Q:        nan | won: False 
#  462 | steps:  5207 | steps_t:   188 | t: 3.156871 | r:  -508.000000 | e:   0.981200 | Q:        nan | won: False 
#  463 | steps:  5232 | steps_t:   212 | t: 3.305172 | r:  -524.000000 | e:   0.978800 | Q:        nan | won: False 
#  464 | steps:  5241 | steps_t:   220 | t: 3.349822 | r:  -508.000000 | e:   0.978000 | Q:        nan | won: False 
#  465 | steps:  5263 | steps_t:   241 | t: 3.463464 | r:  -521.000000 | e:   0.975900 | Q: -290.497101 | won: False 
#  466 | steps:  5272 | steps_t:   249 | t: 3.508753 | r:  -508.000000 | e:   0.975100 | Q:        nan | won: False 
#  467 | steps:  5279 | steps_t:   255 | t: 3.541999 | r:  -506.000000 | e:   0.974500 | Q:        nan | won: False 
#  468 | steps:  5288 | steps_t:   263 | t: 3.586484 | r:  -508.000000 | e:   0.973700 | Q:        nan | won: False 
#  469 | steps:  5296 | steps_t:   270 | t: 3.625965 | r:  -507.000000 | e:   0.973000 | Q:        nan | won: False 
#  470 | steps:  5304 | steps_t:   277 | t: 3.665245 | r:  -507.000000 | e:   0.972300 | Q: -350.596985 | won: False 
#  471 | steps:  5311 | steps_t:   283 | t: 3.698539 | r:  -506.000000 | e:   0.971700 | Q:        nan | won: False 
#  472 | steps:  5325 | steps_t:   296 | t: 3.770396 | r:  -513.000000 | e:   0.970400 | Q: -328.599121 | won: False 
#  473 | steps:  5331 | steps_t:   301 | t: 3.799426 | r:  -505.000000 | e:   0.969900 | Q:        nan | won: False 
#  474 | steps:  5339 | steps_t:   308 | t: 3.839100 | r:  -507.000000 | e:   0.969200 | Q:        nan | won: False 
#  475 | steps:  5356 | steps_t:   324 | t: 3.925994 | r:  -516.000000 | e:   0.967600 | Q:        nan | won: False 
#  476 | steps:  5373 | steps_t:   340 | t: 4.027715 | r:  -516.000000 | e:   0.966000 | Q: -275.896301 | won: False 
#  477 | steps:  5385 | steps_t:   351 | t: 4.087446 | r:  -511.000000 | e:   0.964900 | Q:        nan | won: False 
#  478 | steps:  5395 | steps_t:   360 | t: 4.137245 | r:  -509.000000 | e:   0.964000 | Q:        nan | won: False 
#  479 | steps:  5408 | steps_t:   372 | t: 4.203284 | r:  -512.000000 | e:   0.962800 | Q:        nan | won: False 
#  480 | steps:  5423 | steps_t:   386 | t: 4.297187 | r:  -514.000000 | e:   0.961400 | Q:        nan | won: False 
#  481 | steps:  5431 | steps_t:   393 | t: 4.344935 | r:  -507.000000 | e:   0.960700 | Q:        nan | won: False 
#  482 | steps:  5451 | steps_t:   412 | t: 4.467800 | r:  -519.000000 | e:   0.958800 | Q:        nan | won: False 
#  483 | steps:  5472 | steps_t:   432 | t: 4.611621 | r:  -520.000000 | e:   0.956800 | Q:        nan | won: False 
#  484 | steps:  5481 | steps_t:   440 | t: 4.690051 | r:  -508.000000 | e:   0.956000 | Q: -268.188873 | won: False 
#  485 | steps:  5488 | steps_t:   446 | t: 4.748796 | r:  -506.000000 | e:   0.955400 | Q:        nan | won: False 
#  486 | steps:  5498 | steps_t:   455 | t: 4.845908 | r:  -509.000000 | e:   0.954500 | Q:        nan | won: False 
#  487 | steps:  5509 | steps_t:   465 | t: 4.959096 | r:  -510.000000 | e:   0.953500 | Q: -314.059540 | won: False 
#  488 | steps:  5535 | steps_t:   490 | t: 5.152383 | r:  -525.000000 | e:   0.951000 | Q:        nan | won: False 
#  489 | steps:  5545 | steps_t:   499 | t: 5.220779 | r:  -509.000000 | e:   0.950100 | Q:        nan | won: False 
#  490 | steps:  5555 | steps_t:   508 | t: 5.290004 | r:  -509.000000 | e:   0.949200 | Q:        nan | won: False 
#  491 | steps:  5565 | steps_t:   517 | t: 5.349824 | r:  -509.000000 | e:   0.948300 | Q:        nan | won: False 
#  492 | steps:  5582 | steps_t:   533 | t: 5.459700 | r:  -516.000000 | e:   0.946700 | Q:        nan | won: False 
#  493 | steps:  5603 | steps_t:   553 | t: 5.591638 | r:  -520.000000 | e:   0.944700 | Q:        nan | won: False 
#  494 | steps:  5613 | steps_t:   562 | t: 5.649644 | r:  -509.000000 | e:   0.943800 | Q:        nan | won: False 
#  495 | steps:  5624 | steps_t:   572 | t: 5.716742 | r:  -510.000000 | e:   0.942800 | Q:        nan | won: False 
#  496 | steps:  5642 | steps_t:   589 | t: 5.830268 | r:  -517.000000 | e:   0.941100 | Q: -259.572632 | won: False 
#  497 | steps:  5650 | steps_t:   596 | t: 5.877738 | r:  -507.000000 | e:   0.940400 | Q:        nan | won: False 
#  498 | steps:  5670 | steps_t:   615 | t: 6.028325 | r:  -508.000000 | e:   0.938500 | Q: -299.658508 | won: False 
#  499 | steps:  5678 | steps_t:   622 | t: 6.078022 | r:  -507.000000 | e:   0.937800 | Q: -285.344238 | won: False 
#  500 | steps:  5693 | steps_t:   636 | t: 6.184314 | r:  -514.000000 | e:   0.936400 | Q: -278.381226 | won: False 
#  501 | steps:  5706 | steps_t:   648 | t: 6.263571 | r:  -512.000000 | e:   0.935200 | Q:        nan | won: False 
#  502 | steps:  5721 | steps_t:   662 | t: 6.354712 | r:  -514.000000 | e:   0.933800 | Q:        nan | won: False 
#  503 | steps:  5728 | steps_t:   668 | t: 6.395695 | r:  -506.000000 | e:   0.933200 | Q:        nan | won: False 
#  504 | steps:  5738 | steps_t:   677 | t: 6.457433 | r:  -509.000000 | e:   0.932300 | Q: -305.293427 | won: False 
#  505 | steps:  5747 | steps_t:   685 | t: 6.515767 | r:  -508.000000 | e:   0.931500 | Q: -302.653015 | won: False 
#  506 | steps:  5754 | steps_t:   691 | t: 6.555233 | r:  -506.000000 | e:   0.930900 | Q:        nan | won: False 
#  507 | steps:  5767 | steps_t:   703 | t: 6.636563 | r:  -512.000000 | e:   0.929700 | Q: -298.701996 | won: False 
#  508 | steps:  5774 | steps_t:   709 | t: 6.682360 | r:  -506.000000 | e:   0.929100 | Q:        nan | won: False 
#  509 | steps:  5783 | steps_t:   717 | t: 6.745254 | r:  -508.000000 | e:   0.928300 | Q:        nan | won: False 
#  510 | steps:  5797 | steps_t:   730 | t: 6.844070 | r:  -513.000000 | e:   0.927000 | Q:        nan | won: False 
#  511 | steps:  5806 | steps_t:   738 | t: 6.908884 | r:  -508.000000 | e:   0.926200 | Q:        nan | won: False 
#  512 | steps:  5814 | steps_t:   745 | t: 6.970841 | r:  -507.000000 | e:   0.925500 | Q: -270.625275 | won: False 
#  513 | steps:  5831 | steps_t:   761 | t: 7.099145 | r:  -516.000000 | e:   0.923900 | Q: -279.213531 | won: False 
#  514 | steps:  5840 | steps_t:   769 | t: 7.145616 | r:  -508.000000 | e:   0.923100 | Q:        nan | won: False 
#  515 | steps:  5851 | steps_t:   779 | t: 7.209737 | r:  -510.000000 | e:   0.922100 | Q:        nan | won: False 
#  516 | steps:  5873 | steps_t:   800 | t: 7.339171 | r:  -521.000000 | e:   0.920000 | Q: -319.549194 | won: False 
#  517 | steps:  5896 | steps_t:   822 | t: 7.461405 | r:  -522.000000 | e:   0.917800 | Q: -311.260803 | won: False 
#  518 | steps:  5909 | steps_t:   834 | t: 7.529100 | r:  -512.000000 | e:   0.916600 | Q: -317.971466 | won: False 
#  519 | steps:  5919 | steps_t:   843 | t: 7.579790 | r:  -509.000000 | e:   0.915700 | Q:        nan | won: False 
#  520 | steps:  5930 | steps_t:   853 | t: 7.635371 | r:  -510.000000 | e:   0.914700 | Q: -332.100800 | won: False 
#  521 | steps:  5944 | steps_t:   866 | t: 7.708072 | r:  -513.000000 | e:   0.913400 | Q: -326.512787 | won: False 
#  522 | steps:  5974 | steps_t:   895 | t: 7.864688 | r:  -529.000000 | e:   0.910500 | Q: -279.927460 | won: False 
#  523 | steps:  5982 | steps_t:   902 | t: 7.904342 | r:  -507.000000 | e:   0.909800 | Q: -294.981293 | won: False 
#  524 | steps:  5990 | steps_t:   909 | t: 7.944324 | r:  -507.000000 | e:   0.909100 | Q: -296.485046 | won: False 
#  525 | steps:  5999 | steps_t:   917 | t: 7.989863 | r:  -508.000000 | e:   0.908300 | Q: -308.656097 | won: False 
#  526 | steps:  6009 | steps_t:   926 | t: 8.039885 | r:  -509.000000 | e:   0.907400 | Q: -317.079559 | won: False 
#  527 | steps:  6028 | steps_t:   944 | t: 8.138052 | r:  -518.000000 | e:   0.905600 | Q: -325.041046 | won: False 
#  528 | steps:  6038 | steps_t:   953 | t: 8.189178 | r:  -509.000000 | e:   0.904700 | Q: -313.978577 | won: False 
#  529 | steps:  6047 | steps_t:   961 | t: 8.235128 | r:  -508.000000 | e:   0.903900 | Q: -298.252472 | won: False 
#  530 | steps:  6058 | steps_t:   971 | t: 8.290122 | r:  -510.000000 | e:   0.902900 | Q: -296.186035 | won: False 
#  531 | steps:  6068 | steps_t:   980 | t: 8.341229 | r:  -509.000000 | e:   0.902000 | Q: -309.956085 | won: False 
#  532 | steps:  6078 | steps_t:   989 | t: 8.400098 | r:  -509.000000 | e:   0.901100 | Q: -307.856689 | won: False 
#  533 | steps:  6086 | steps_t:   996 | t: 8.448462 | r:  -507.000000 | e:   0.900400 | Q: -315.426575 | won: False 
#  534 | steps:  6100 | steps_t:  1009 | t: 8.539138 | r:  -513.000000 | e:   0.899100 | Q: -316.887024 | won: False 
#  535 | steps:  6113 | steps_t:  1021 | t: 8.630907 | r:  -512.000000 | e:   0.897900 | Q:        nan | won: False 
#  536 | steps:  6124 | steps_t:  1031 | t: 8.739547 | r:  -510.000000 | e:   0.896900 | Q: -296.624176 | won: False 
#  537 | steps:  6134 | steps_t:  1040 | t: 8.834193 | r:  -509.000000 | e:   0.896000 | Q: -287.326752 | won: False 
#  538 | steps:  6143 | steps_t:  1048 | t: 8.919271 | r:  -508.000000 | e:   0.895200 | Q: -280.231476 | won: False 
#  539 | steps:  6150 | steps_t:  1054 | t: 8.991189 | r:  -506.000000 | e:   0.894600 | Q: -274.786102 | won: False 
#  540 | steps:  6157 | steps_t:  1060 | t: 9.060433 | r:  -506.000000 | e:   0.894000 | Q:        nan | won: False 
#  541 | steps:  6184 | steps_t:  1086 | t: 9.245649 | r:  -526.000000 | e:   0.891400 | Q: -279.473236 | won: False 
