#    1 | steps:    11 | steps_t:     0 | t: 0.026745 | r:  -510.000000 | e:   1.000000 | Q:        nan | won: False 
#    2 | steps:    23 | steps_t:     0 | t: 0.031700 | r:  -511.000000 | e:   1.000000 | Q:        nan | won: False 
#    3 | steps:    37 | steps_t:     0 | t: 0.036484 | r:  -513.000000 | e:   1.000000 | Q:        nan | won: False 
#    4 | steps:    46 | steps_t:     0 | t: 0.039919 | r:  -508.000000 | e:   1.000000 | Q:        nan | won: False 
#    5 | steps:    55 | steps_t:     0 | t: 0.043607 | r:  -508.000000 | e:   1.000000 | Q:        nan | won: False 
#    6 | steps:    66 | steps_t:     0 | t: 0.053365 | r:  -510.000000 | e:   1.000000 | Q:        nan | won: False 
#    7 | steps:    81 | steps_t:     0 | t: 0.058785 | r:  -514.000000 | e:   1.000000 | Q:        nan | won: False 
#    8 | steps:    90 | steps_t:     0 | t: 0.144463 | r:  -508.000000 | e:   1.000000 | Q:        nan | won: False 
#    9 | steps:   104 | steps_t:     0 | t: 0.152055 | r:  -502.000000 | e:   1.000000 | Q:        nan | won: False 
#   10 | steps:   114 | steps_t:     0 | t: 0.155694 | r:  -509.000000 | e:   1.000000 | Q:        nan | won: False 
#   11 | steps:   135 | steps_t:     0 | t: 0.167213 | r:  -520.000000 | e:   1.000000 | Q:        nan | won: False 
#   12 | steps:   142 | steps_t:     0 | t: 0.170856 | r:  -506.000000 | e:   1.000000 | Q:        nan | won: False 
#   13 | steps:   152 | steps_t:     0 | t: 0.174893 | r:  -509.000000 | e:   1.000000 | Q:        nan | won: False 
#   14 | steps:   163 | steps_t:     0 | t: 0.178597 | r:  -510.000000 | e:   1.000000 | Q:        nan | won: False 
#   15 | steps:   174 | steps_t:     0 | t: 0.182706 | r:  -510.000000 | e:   1.000000 | Q:        nan | won: False 
#   16 | steps:   185 | steps_t:     0 | t: 0.187004 | r:  -510.000000 | e:   1.000000 | Q:        nan | won: False 
#   17 | steps:   207 | steps_t:     0 | t: 0.194474 | r:  -521.000000 | e:   1.000000 | Q:        nan | won: False 
#   18 | steps:   214 | steps_t:     0 | t: 0.197049 | r:  -506.000000 | e:   1.000000 | Q:        nan | won: False 
#   19 | steps:   226 | steps_t:     0 | t: 0.201593 | r:  -511.000000 | e:   1.000000 | Q:        nan | won: False 
#   20 | steps:   235 | steps_t:     0 | t: 0.206137 | r:  -508.000000 | e:   1.000000 | Q:        nan | won: False 
#   21 | steps:   246 | steps_t:     0 | t: 0.209826 | r:  -510.000000 | e:   1.000000 | Q:        nan | won: False 
#   22 | steps:   261 | steps_t:     0 | t: 0.214695 | r:  -514.000000 | e:   1.000000 | Q:        nan | won: False 
#   23 | steps:   272 | steps_t:     0 | t: 0.218797 | r:  -510.000000 | e:   1.000000 | Q:        nan | won: False 
#   24 | steps:   281 | steps_t:     0 | t: 0.221950 | r:  -508.000000 | e:   1.000000 | Q:        nan | won: False 
#   25 | steps:   290 | steps_t:     0 | t: 0.225302 | r:  -508.000000 | e:   1.000000 | Q:        nan | won: False 
#   26 | steps:   307 | steps_t:     0 | t: 0.230952 | r:  -516.000000 | e:   1.000000 | Q:        nan | won: False 
#   27 | steps:   319 | steps_t:     0 | t: 0.234866 | r:  -511.000000 | e:   1.000000 | Q:        nan | won: False 
#   28 | steps:   327 | steps_t:     0 | t: 0.237349 | r:  -507.000000 | e:   1.000000 | Q:        nan | won: False 
#   29 | steps:   336 | steps_t:     0 | t: 0.240262 | r:  -508.000000 | e:   1.000000 | Q:        nan | won: False 
#   30 | steps:   341 | steps_t:     0 | t: 0.241929 | r:  -504.000000 | e:   1.000000 | Q:        nan | won: False 
#   31 | steps:   350 | steps_t:     0 | t: 0.245269 | r:  -508.000000 | e:   1.000000 | Q:        nan | won: False 
#   32 | steps:   359 | steps_t:     0 | t: 0.248378 | r:  -508.000000 | e:   1.000000 | Q:        nan | won: False 
#   33 | steps:   373 | steps_t:     0 | t: 0.252885 | r:  -513.000000 | e:   1.000000 | Q:        nan | won: False 
#   34 | steps:   379 | steps_t:     0 | t: 0.254837 | r:  -505.000000 | e:   1.000000 | Q:        nan | won: False 
#   35 | steps:   390 | steps_t:     0 | t: 0.258380 | r:  -510.000000 | e:   1.000000 | Q:        nan | won: False 
#   36 | steps:   398 | steps_t:     0 | t: 0.260975 | r:  -507.000000 | e:   1.000000 | Q:        nan | won: False 
#   37 | steps:   409 | steps_t:     0 | t: 0.264529 | r:  -510.000000 | e:   1.000000 | Q:        nan | won: False 
#   38 | steps:   419 | steps_t:     0 | t: 0.267876 | r:  -509.000000 | e:   1.000000 | Q:        nan | won: False 
#   39 | steps:   427 | steps_t:     0 | t: 0.271481 | r:  -507.000000 | e:   1.000000 | Q:        nan | won: False 
#   40 | steps:   438 | steps_t:     0 | t: 0.275285 | r:  -510.000000 | e:   1.000000 | Q:        nan | won: False 
#   41 | steps:   452 | steps_t:     0 | t: 0.279885 | r:  -513.000000 | e:   1.000000 | Q:        nan | won: False 
#   42 | steps:   457 | steps_t:     0 | t: 0.281610 | r:  -504.000000 | e:   1.000000 | Q:        nan | won: False 
#   43 | steps:   464 | steps_t:     0 | t: 0.284035 | r:  -506.000000 | e:   1.000000 | Q:        nan | won: False 
#   44 | steps:   476 | steps_t:     0 | t: 0.288221 | r:  -511.000000 | e:   1.000000 | Q:        nan | won: False 
#   45 | steps:   487 | steps_t:     0 | t: 0.292617 | r:  -510.000000 | e:   1.000000 | Q:        nan | won: False 
#   46 | steps:   496 | steps_t:     0 | t: 0.295675 | r:  -508.000000 | e:   1.000000 | Q:        nan | won: False 
#   47 | steps:   508 | steps_t:     0 | t: 0.299551 | r:  -511.000000 | e:   1.000000 | Q:        nan | won: False 
#   48 | steps:   519 | steps_t:     0 | t: 0.303059 | r:  -510.000000 | e:   1.000000 | Q:        nan | won: False 
#   49 | steps:   528 | steps_t:     0 | t: 0.306084 | r:  -508.000000 | e:   1.000000 | Q:        nan | won: False 
#   50 | steps:   539 | steps_t:     0 | t: 0.309687 | r:  -510.000000 | e:   1.000000 | Q:        nan | won: False 
#   51 | steps:   550 | steps_t:     0 | t: 0.313554 | r:  -510.000000 | e:   1.000000 | Q:        nan | won: False 
#   52 | steps:   557 | steps_t:     0 | t: 0.316454 | r:  -506.000000 | e:   1.000000 | Q:        nan | won: False 
#   53 | steps:   568 | steps_t:     0 | t: 0.320074 | r:  -510.000000 | e:   1.000000 | Q:        nan | won: False 
#   54 | steps:   576 | steps_t:     0 | t: 0.322848 | r:  -507.000000 | e:   1.000000 | Q:        nan | won: False 
#   55 | steps:   585 | steps_t:     0 | t: 0.326032 | r:  -508.000000 | e:   1.000000 | Q:        nan | won: False 
#   56 | steps:   592 | steps_t:     0 | t: 0.328512 | r:  -506.000000 | e:   1.000000 | Q:        nan | won: False 
#   57 | steps:   597 | steps_t:     0 | t: 0.330503 | r:  -504.000000 | e:   1.000000 | Q:        nan | won: False 
#   58 | steps:   606 | steps_t:     0 | t: 0.334404 | r:  -508.000000 | e:   1.000000 | Q:        nan | won: False 
#   59 | steps:   612 | steps_t:     0 | t: 0.336683 | r:  -505.000000 | e:   1.000000 | Q:        nan | won: False 
#   60 | steps:   622 | steps_t:     0 | t: 0.339970 | r:  -509.000000 | e:   1.000000 | Q:        nan | won: False 
#   61 | steps:   630 | steps_t:     0 | t: 0.342622 | r:  -507.000000 | e:   1.000000 | Q:        nan | won: False 
#   62 | steps:   638 | steps_t:     0 | t: 0.345212 | r:  -507.000000 | e:   1.000000 | Q:        nan | won: False 
#   63 | steps:   651 | steps_t:     0 | t: 0.349248 | r:  -512.000000 | e:   1.000000 | Q:        nan | won: False 
#   64 | steps:   658 | steps_t:     0 | t: 0.351528 | r:  -506.000000 | e:   1.000000 | Q:        nan | won: False 
#   65 | steps:   663 | steps_t:     0 | t: 0.353366 | r:  -504.000000 | e:   1.000000 | Q:        nan | won: False 
#   66 | steps:   669 | steps_t:     0 | t: 0.355303 | r:  -505.000000 | e:   1.000000 | Q:        nan | won: False 
#   67 | steps:   677 | steps_t:     0 | t: 0.357901 | r:  -507.000000 | e:   1.000000 | Q:        nan | won: False 
#   68 | steps:   687 | steps_t:     0 | t: 0.361335 | r:  -509.000000 | e:   1.000000 | Q:        nan | won: False 
#   69 | steps:   698 | steps_t:     0 | t: 0.364864 | r:  -510.000000 | e:   1.000000 | Q:        nan | won: False 
#   70 | steps:   714 | steps_t:     0 | t: 0.370038 | r:  -515.000000 | e:   1.000000 | Q:        nan | won: False 
#   71 | steps:   723 | steps_t:     0 | t: 0.373030 | r:  -508.000000 | e:   1.000000 | Q:        nan | won: False 
#   72 | steps:   732 | steps_t:     0 | t: 0.376331 | r:  -508.000000 | e:   1.000000 | Q:        nan | won: False 
#   73 | steps:   742 | steps_t:     0 | t: 0.379475 | r:  -509.000000 | e:   1.000000 | Q:        nan | won: False 
#   74 | steps:   753 | steps_t:     0 | t: 0.382813 | r:  -510.000000 | e:   1.000000 | Q:        nan | won: False 
#   75 | steps:   761 | steps_t:     0 | t: 0.385404 | r:  -507.000000 | e:   1.000000 | Q:        nan | won: False 
#   76 | steps:   770 | steps_t:     0 | t: 0.388252 | r:  -508.000000 | e:   1.000000 | Q:        nan | won: False 
#   77 | steps:   779 | steps_t:     0 | t: 0.391356 | r:  -508.000000 | e:   1.000000 | Q:        nan | won: False 
#   78 | steps:   788 | steps_t:     0 | t: 0.394228 | r:  -508.000000 | e:   1.000000 | Q:        nan | won: False 
#   79 | steps:   797 | steps_t:     0 | t: 0.397551 | r:  -508.000000 | e:   1.000000 | Q:        nan | won: False 
#   80 | steps:   816 | steps_t:     0 | t: 0.404308 | r:  -518.000000 | e:   1.000000 | Q:        nan | won: False 
#   81 | steps:   828 | steps_t:     0 | t: 0.408200 | r:  -511.000000 | e:   1.000000 | Q:        nan | won: False 
#   82 | steps:   839 | steps_t:     0 | t: 0.411426 | r:  -510.000000 | e:   1.000000 | Q:        nan | won: False 
#   83 | steps:   847 | steps_t:     0 | t: 0.413842 | r:  -507.000000 | e:   1.000000 | Q:        nan | won: False 
#   84 | steps:   855 | steps_t:     0 | t: 0.416416 | r:  -507.000000 | e:   1.000000 | Q:        nan | won: False 
#   85 | steps:   860 | steps_t:     0 | t: 0.418055 | r:  -504.000000 | e:   1.000000 | Q:        nan | won: False 
#   86 | steps:   868 | steps_t:     0 | t: 0.420656 | r:  -507.000000 | e:   1.000000 | Q:        nan | won: False 
#   87 | steps:   877 | steps_t:     0 | t: 0.424526 | r:  -508.000000 | e:   1.000000 | Q:        nan | won: False 
#   88 | steps:   885 | steps_t:     0 | t: 0.427250 | r:  -507.000000 | e:   1.000000 | Q:        nan | won: False 
#   89 | steps:   896 | steps_t:     0 | t: 0.430424 | r:  -510.000000 | e:   1.000000 | Q:        nan | won: False 
#   90 | steps:   915 | steps_t:     0 | t: 0.436187 | r:  -518.000000 | e:   1.000000 | Q:        nan | won: False 
#   91 | steps:   922 | steps_t:     0 | t: 0.438492 | r:  -506.000000 | e:   1.000000 | Q:        nan | won: False 
#   92 | steps:   936 | steps_t:     0 | t: 0.442799 | r:  -513.000000 | e:   1.000000 | Q:        nan | won: False 
#   93 | steps:   943 | steps_t:     0 | t: 0.445548 | r:  -506.000000 | e:   1.000000 | Q:        nan | won: False 
#   94 | steps:   955 | steps_t:     0 | t: 0.449230 | r:  -511.000000 | e:   1.000000 | Q:        nan | won: False 
#   95 | steps:   963 | steps_t:     0 | t: 0.451598 | r:  -507.000000 | e:   1.000000 | Q:        nan | won: False 
#   96 | steps:   971 | steps_t:     0 | t: 0.454195 | r:  -507.000000 | e:   1.000000 | Q:        nan | won: False 
#   97 | steps:   980 | steps_t:     0 | t: 0.457208 | r:  -508.000000 | e:   1.000000 | Q:        nan | won: False 
#   98 | steps:   987 | steps_t:     0 | t: 0.459470 | r:  -506.000000 | e:   1.000000 | Q:        nan | won: False 
#   99 | steps:   994 | steps_t:     0 | t: 0.461778 | r:  -506.000000 | e:   1.000000 | Q:        nan | won: False 
#  100 | steps:  1008 | steps_t:     0 | t: 0.467056 | r:  -513.000000 | e:   1.000000 | Q:        nan | won: False 
#  101 | steps:  1030 | steps_t:     0 | t: 0.474333 | r:  -521.000000 | e:   1.000000 | Q:        nan | won: False 
#  102 | steps:  1042 | steps_t:     0 | t: 0.477831 | r:  -511.000000 | e:   1.000000 | Q:        nan | won: False 
#  103 | steps:  1059 | steps_t:     0 | t: 0.483101 | r:  -516.000000 | e:   1.000000 | Q:        nan | won: False 
#  104 | steps:  1067 | steps_t:     0 | t: 0.485745 | r:  -507.000000 | e:   1.000000 | Q:        nan | won: False 
#  105 | steps:  1082 | steps_t:     0 | t: 0.490761 | r:  -514.000000 | e:   1.000000 | Q:        nan | won: False 
#  106 | steps:  1093 | steps_t:     0 | t: 0.494403 | r:  -510.000000 | e:   1.000000 | Q:        nan | won: False 
#  107 | steps:  1111 | steps_t:     0 | t: 0.499555 | r:  -495.000000 | e:   1.000000 | Q:        nan | won: False 
#  108 | steps:  1119 | steps_t:     0 | t: 0.501951 | r:  -507.000000 | e:   1.000000 | Q:        nan | won: False 
#  109 | steps:  1125 | steps_t:     0 | t: 0.503595 | r:  -505.000000 | e:   1.000000 | Q:        nan | won: False 
#  110 | steps:  1134 | steps_t:     0 | t: 0.506141 | r:  -508.000000 | e:   1.000000 | Q:        nan | won: False 
#  111 | steps:  1145 | steps_t:     0 | t: 0.509278 | r:  -510.000000 | e:   1.000000 | Q:        nan | won: False 
#  112 | steps:  1154 | steps_t:     0 | t: 0.511927 | r:  -508.000000 | e:   1.000000 | Q:        nan | won: False 
#  113 | steps:  1163 | steps_t:     0 | t: 0.514685 | r:  -508.000000 | e:   1.000000 | Q:        nan | won: False 
#  114 | steps:  1188 | steps_t:     0 | t: 0.522023 | r:  -524.000000 | e:   1.000000 | Q:        nan | won: False 
#  115 | steps:  1196 | steps_t:     0 | t: 0.524497 | r:  -507.000000 | e:   1.000000 | Q:        nan | won: False 
#  116 | steps:  1222 | steps_t:     0 | t: 0.532441 | r:  -514.000000 | e:   1.000000 | Q:        nan | won: False 
#  117 | steps:  1230 | steps_t:     0 | t: 0.534824 | r:  -507.000000 | e:   1.000000 | Q:        nan | won: False 
#  118 | steps:  1236 | steps_t:     0 | t: 0.536872 | r:  -505.000000 | e:   1.000000 | Q:        nan | won: False 
#  119 | steps:  1249 | steps_t:     0 | t: 0.540877 | r:  -512.000000 | e:   1.000000 | Q:        nan | won: False 
#  120 | steps:  1261 | steps_t:     0 | t: 0.544395 | r:  -511.000000 | e:   1.000000 | Q:        nan | won: False 
#  121 | steps:  1269 | steps_t:     0 | t: 0.546913 | r:  -507.000000 | e:   1.000000 | Q:        nan | won: False 
#  122 | steps:  1279 | steps_t:     0 | t: 0.550074 | r:  -509.000000 | e:   1.000000 | Q:        nan | won: False 
#  123 | steps:  1290 | steps_t:     0 | t: 0.553633 | r:  -510.000000 | e:   1.000000 | Q:        nan | won: False 
#  124 | steps:  1298 | steps_t:     0 | t: 0.556257 | r:  -507.000000 | e:   1.000000 | Q:        nan | won: False 
#  125 | steps:  1307 | steps_t:     0 | t: 0.559203 | r:  -508.000000 | e:   1.000000 | Q:        nan | won: False 
#  126 | steps:  1314 | steps_t:     0 | t: 0.562134 | r:  -506.000000 | e:   1.000000 | Q:        nan | won: False 
#  127 | steps:  1320 | steps_t:     0 | t: 0.564563 | r:  -505.000000 | e:   1.000000 | Q:        nan | won: False 
#  128 | steps:  1327 | steps_t:     0 | t: 0.566635 | r:  -506.000000 | e:   1.000000 | Q:        nan | won: False 
#  129 | steps:  1335 | steps_t:     0 | t: 0.569013 | r:  -507.000000 | e:   1.000000 | Q:        nan | won: False 
#  130 | steps:  1345 | steps_t:     0 | t: 0.573144 | r:  -509.000000 | e:   1.000000 | Q:        nan | won: False 
#  131 | steps:  1361 | steps_t:     0 | t: 0.578399 | r:  -515.000000 | e:   1.000000 | Q:        nan | won: False 
#  132 | steps:  1372 | steps_t:     0 | t: 0.581912 | r:  -510.000000 | e:   1.000000 | Q:        nan | won: False 
#  133 | steps:  1385 | steps_t:     0 | t: 0.586407 | r:  -512.000000 | e:   1.000000 | Q:        nan | won: False 
#  134 | steps:  1393 | steps_t:     0 | t: 0.589130 | r:  -507.000000 | e:   1.000000 | Q:        nan | won: False 
#  135 | steps:  1402 | steps_t:     0 | t: 0.592057 | r:  -508.000000 | e:   1.000000 | Q:        nan | won: False 
#  136 | steps:  1413 | steps_t:     0 | t: 0.595682 | r:  -510.000000 | e:   1.000000 | Q:        nan | won: False 
#  137 | steps:  1422 | steps_t:     0 | t: 0.598726 | r:  -508.000000 | e:   1.000000 | Q:        nan | won: False 
#  138 | steps:  1447 | steps_t:     0 | t: 0.607129 | r:  -524.000000 | e:   1.000000 | Q:        nan | won: False 
#  139 | steps:  1453 | steps_t:     0 | t: 0.609163 | r:  -505.000000 | e:   1.000000 | Q:        nan | won: False 
#  140 | steps:  1464 | steps_t:     0 | t: 0.612366 | r:  -510.000000 | e:   1.000000 | Q:        nan | won: False 
#  141 | steps:  1471 | steps_t:     0 | t: 0.614613 | r:  -506.000000 | e:   1.000000 | Q:        nan | won: False 
#  142 | steps:  1484 | steps_t:     0 | t: 0.618806 | r:  -512.000000 | e:   1.000000 | Q:        nan | won: False 
#  143 | steps:  1494 | steps_t:     0 | t: 0.622070 | r:  -509.000000 | e:   1.000000 | Q:        nan | won: False 
#  144 | steps:  1506 | steps_t:     0 | t: 0.626280 | r:  -511.000000 | e:   1.000000 | Q:        nan | won: False 
#  145 | steps:  1512 | steps_t:     0 | t: 0.628538 | r:  -505.000000 | e:   1.000000 | Q:        nan | won: False 
#  146 | steps:  1518 | steps_t:     0 | t: 0.630482 | r:  -505.000000 | e:   1.000000 | Q:        nan | won: False 
#  147 | steps:  1535 | steps_t:     0 | t: 0.635825 | r:  -516.000000 | e:   1.000000 | Q:        nan | won: False 
#  148 | steps:  1544 | steps_t:     0 | t: 0.638655 | r:  -508.000000 | e:   1.000000 | Q:        nan | won: False 
#  149 | steps:  1551 | steps_t:     0 | t: 0.640928 | r:  -506.000000 | e:   1.000000 | Q:        nan | won: False 
#  150 | steps:  1566 | steps_t:     0 | t: 0.645900 | r:  -514.000000 | e:   1.000000 | Q:        nan | won: False 
#  151 | steps:  1576 | steps_t:     0 | t: 0.649483 | r:  -509.000000 | e:   1.000000 | Q:        nan | won: False 
#  152 | steps:  1585 | steps_t:     0 | t: 0.652696 | r:  -508.000000 | e:   1.000000 | Q:        nan | won: False 
#  153 | steps:  1593 | steps_t:     0 | t: 0.655447 | r:  -507.000000 | e:   1.000000 | Q:        nan | won: False 
#  154 | steps:  1602 | steps_t:     0 | t: 0.658513 | r:  -508.000000 | e:   1.000000 | Q:        nan | won: False 
#  155 | steps:  1610 | steps_t:     0 | t: 0.661198 | r:  -507.000000 | e:   1.000000 | Q:        nan | won: False 
#  156 | steps:  1620 | steps_t:     0 | t: 0.664499 | r:  -509.000000 | e:   1.000000 | Q:        nan | won: False 
#  157 | steps:  1632 | steps_t:     0 | t: 0.668710 | r:  -511.000000 | e:   1.000000 | Q:        nan | won: False 
#  158 | steps:  1638 | steps_t:     0 | t: 0.674626 | r:  -505.000000 | e:   1.000000 | Q:        nan | won: False 
#  159 | steps:  1647 | steps_t:     0 | t: 0.677650 | r:  -508.000000 | e:   1.000000 | Q:        nan | won: False 
#  160 | steps:  1657 | steps_t:     0 | t: 0.686048 | r:  -509.000000 | e:   1.000000 | Q:        nan | won: False 
#  161 | steps:  1676 | steps_t:     0 | t: 0.692522 | r:  -518.000000 | e:   1.000000 | Q:        nan | won: False 
#  162 | steps:  1692 | steps_t:     0 | t: 0.698143 | r:  -504.000000 | e:   1.000000 | Q:        nan | won: False 
#  163 | steps:  1700 | steps_t:     0 | t: 0.700829 | r:  -507.000000 | e:   1.000000 | Q:        nan | won: False 
#  164 | steps:  1718 | steps_t:     0 | t: 0.706702 | r:  -517.000000 | e:   1.000000 | Q:        nan | won: False 
#  165 | steps:  1727 | steps_t:     0 | t: 0.709746 | r:  -508.000000 | e:   1.000000 | Q:        nan | won: False 
#  166 | steps:  1742 | steps_t:     0 | t: 0.714729 | r:  -514.000000 | e:   1.000000 | Q:        nan | won: False 
#  167 | steps:  1750 | steps_t:     0 | t: 0.717610 | r:  -507.000000 | e:   1.000000 | Q:        nan | won: False 
#  168 | steps:  1760 | steps_t:     0 | t: 0.720830 | r:  -509.000000 | e:   1.000000 | Q:        nan | won: False 
#  169 | steps:  1776 | steps_t:     0 | t: 0.725680 | r:  -504.000000 | e:   1.000000 | Q:        nan | won: False 
#  170 | steps:  1784 | steps_t:     0 | t: 0.728079 | r:  -507.000000 | e:   1.000000 | Q:        nan | won: False 
#  171 | steps:  1799 | steps_t:     0 | t: 0.732556 | r:  -492.000000 | e:   1.000000 | Q:        nan | won: False 
#  172 | steps:  1806 | steps_t:     0 | t: 0.734855 | r:  -506.000000 | e:   1.000000 | Q:        nan | won: False 
#  173 | steps:  1821 | steps_t:     0 | t: 0.739809 | r:  -514.000000 | e:   1.000000 | Q:        nan | won: False 
#  174 | steps:  1831 | steps_t:     0 | t: 0.742858 | r:  -509.000000 | e:   1.000000 | Q:        nan | won: False 
#  175 | steps:  1849 | steps_t:     0 | t: 0.748185 | r:  -517.000000 | e:   1.000000 | Q:        nan | won: False 
#  176 | steps:  1854 | steps_t:     0 | t: 0.749856 | r:  -504.000000 | e:   1.000000 | Q:        nan | won: False 
#  177 | steps:  1860 | steps_t:     0 | t: 0.751809 | r:  -505.000000 | e:   1.000000 | Q:        nan | won: False 
#  178 | steps:  1866 | steps_t:     0 | t: 0.753642 | r:  -505.000000 | e:   1.000000 | Q:        nan | won: False 
#  179 | steps:  1877 | steps_t:     0 | t: 0.757180 | r:  -510.000000 | e:   1.000000 | Q:        nan | won: False 
#  180 | steps:  1895 | steps_t:     0 | t: 0.762759 | r:  -517.000000 | e:   1.000000 | Q:        nan | won: False 
#  181 | steps:  1919 | steps_t:     0 | t: 0.769681 | r:  -523.000000 | e:   1.000000 | Q:        nan | won: False 
#  182 | steps:  1925 | steps_t:     0 | t: 0.771705 | r:  -505.000000 | e:   1.000000 | Q:        nan | won: False 
#  183 | steps:  1932 | steps_t:     0 | t: 0.773925 | r:  -506.000000 | e:   1.000000 | Q:        nan | won: False 
#  184 | steps:  1945 | steps_t:     0 | t: 0.778057 | r:  -512.000000 | e:   1.000000 | Q:        nan | won: False 
#  185 | steps:  1951 | steps_t:     0 | t: 0.780045 | r:  -505.000000 | e:   1.000000 | Q:        nan | won: False 
#  186 | steps:  1965 | steps_t:     0 | t: 0.784570 | r:  -513.000000 | e:   1.000000 | Q:        nan | won: False 
#  187 | steps:  1973 | steps_t:     0 | t: 0.787303 | r:  -507.000000 | e:   1.000000 | Q:        nan | won: False 
#  188 | steps:  1981 | steps_t:     0 | t: 0.790040 | r:  -507.000000 | e:   1.000000 | Q:        nan | won: False 
#  189 | steps:  1993 | steps_t:     0 | t: 0.793972 | r:  -511.000000 | e:   1.000000 | Q:        nan | won: False 
#  190 | steps:  2002 | steps_t:     0 | t: 0.797096 | r:  -508.000000 | e:   1.000000 | Q:        nan | won: False 
#  191 | steps:  2010 | steps_t:     0 | t: 0.799773 | r:  -507.000000 | e:   1.000000 | Q:        nan | won: False 
#  192 | steps:  2019 | steps_t:     0 | t: 0.802644 | r:  -508.000000 | e:   1.000000 | Q:        nan | won: False 
#  193 | steps:  2027 | steps_t:     0 | t: 0.805299 | r:  -507.000000 | e:   1.000000 | Q:        nan | won: False 
#  194 | steps:  2040 | steps_t:     0 | t: 0.809653 | r:  -512.000000 | e:   1.000000 | Q:        nan | won: False 
#  195 | steps:  2052 | steps_t:     0 | t: 0.813509 | r:  -511.000000 | e:   1.000000 | Q:        nan | won: False 
#  196 | steps:  2063 | steps_t:     0 | t: 0.817006 | r:  -510.000000 | e:   1.000000 | Q:        nan | won: False 
#  197 | steps:  2077 | steps_t:     0 | t: 0.821454 | r:  -513.000000 | e:   1.000000 | Q:        nan | won: False 
#  198 | steps:  2090 | steps_t:     0 | t: 0.825506 | r:  -512.000000 | e:   1.000000 | Q:        nan | won: False 
#  199 | steps:  2097 | steps_t:     0 | t: 0.828044 | r:  -506.000000 | e:   1.000000 | Q:        nan | won: False 
#  200 | steps:  2105 | steps_t:     0 | t: 0.830766 | r:  -507.000000 | e:   1.000000 | Q:        nan | won: False 
#  201 | steps:  2114 | steps_t:     0 | t: 0.833643 | r:  -508.000000 | e:   1.000000 | Q:        nan | won: False 
#  202 | steps:  2128 | steps_t:     0 | t: 0.838070 | r:  -513.000000 | e:   1.000000 | Q:        nan | won: False 
#  203 | steps:  2142 | steps_t:     0 | t: 0.842511 | r:  -513.000000 | e:   1.000000 | Q:        nan | won: False 
#  204 | steps:  2156 | steps_t:     0 | t: 0.846954 | r:  -513.000000 | e:   1.000000 | Q:        nan | won: False 
#  205 | steps:  2169 | steps_t:     0 | t: 0.850997 | r:  -512.000000 | e:   1.000000 | Q:        nan | won: False 
#  206 | steps:  2184 | steps_t:     0 | t: 0.856036 | r:  -503.000000 | e:   1.000000 | Q:        nan | won: False 
#  207 | steps:  2195 | steps_t:     0 | t: 0.859383 | r:  -510.000000 | e:   1.000000 | Q:        nan | won: False 
#  208 | steps:  2210 | steps_t:     0 | t: 0.864139 | r:  -514.000000 | e:   1.000000 | Q:        nan | won: False 
#  209 | steps:  2217 | steps_t:     0 | t: 0.866135 | r:  -506.000000 | e:   1.000000 | Q:        nan | won: False 
#  210 | steps:  2226 | steps_t:     0 | t: 0.868655 | r:  -508.000000 | e:   1.000000 | Q:        nan | won: False 
#  211 | steps:  2232 | steps_t:     0 | t: 0.870288 | r:  -505.000000 | e:   1.000000 | Q:        nan | won: False 
#  212 | steps:  2237 | steps_t:     0 | t: 0.871793 | r:  -504.000000 | e:   1.000000 | Q:        nan | won: False 
#  213 | steps:  2245 | steps_t:     0 | t: 0.874123 | r:  -507.000000 | e:   1.000000 | Q:        nan | won: False 
#  214 | steps:  2252 | steps_t:     0 | t: 0.876268 | r:  -506.000000 | e:   1.000000 | Q:        nan | won: False 
#  215 | steps:  2261 | steps_t:     0 | t: 0.879173 | r:  -508.000000 | e:   1.000000 | Q:        nan | won: False 
#  216 | steps:  2267 | steps_t:     0 | t: 0.880862 | r:  -505.000000 | e:   1.000000 | Q:        nan | won: False 
#  217 | steps:  2279 | steps_t:     0 | t: 0.884269 | r:  -511.000000 | e:   1.000000 | Q:        nan | won: False 
#  218 | steps:  2286 | steps_t:     0 | t: 0.886256 | r:  -506.000000 | e:   1.000000 | Q:        nan | won: False 
#  219 | steps:  2296 | steps_t:     0 | t: 0.889126 | r:  -509.000000 | e:   1.000000 | Q:        nan | won: False 
#  220 | steps:  2307 | steps_t:     0 | t: 0.892252 | r:  -510.000000 | e:   1.000000 | Q:        nan | won: False 
#  221 | steps:  2315 | steps_t:     0 | t: 0.894617 | r:  -507.000000 | e:   1.000000 | Q:        nan | won: False 
#  222 | steps:  2323 | steps_t:     0 | t: 0.897181 | r:  -507.000000 | e:   1.000000 | Q:        nan | won: False 
#  223 | steps:  2337 | steps_t:     0 | t: 0.901685 | r:  -502.000000 | e:   1.000000 | Q:        nan | won: False 
#  224 | steps:  2347 | steps_t:     0 | t: 0.904814 | r:  -509.000000 | e:   1.000000 | Q:        nan | won: False 
#  225 | steps:  2358 | steps_t:     0 | t: 0.908055 | r:  -510.000000 | e:   1.000000 | Q:        nan | won: False 
#  226 | steps:  2366 | steps_t:     0 | t: 0.910421 | r:  -507.000000 | e:   1.000000 | Q:        nan | won: False 
#  227 | steps:  2374 | steps_t:     0 | t: 0.912946 | r:  -507.000000 | e:   1.000000 | Q:        nan | won: False 
#  228 | steps:  2379 | steps_t:     0 | t: 0.914525 | r:  -504.000000 | e:   1.000000 | Q:        nan | won: False 
#  229 | steps:  2400 | steps_t:     0 | t: 0.920595 | r:  -520.000000 | e:   1.000000 | Q:        nan | won: False 
#  230 | steps:  2418 | steps_t:     0 | t: 0.926286 | r:  -517.000000 | e:   1.000000 | Q:        nan | won: False 
#  231 | steps:  2425 | steps_t:     0 | t: 0.928405 | r:  -506.000000 | e:   1.000000 | Q:        nan | won: False 
#  232 | steps:  2437 | steps_t:     0 | t: 0.931777 | r:  -511.000000 | e:   1.000000 | Q:        nan | won: False 
#  233 | steps:  2444 | steps_t:     0 | t: 0.933776 | r:  -506.000000 | e:   1.000000 | Q:        nan | won: False 
#  234 | steps:  2453 | steps_t:     0 | t: 0.936478 | r:  -508.000000 | e:   1.000000 | Q:        nan | won: False 
#  235 | steps:  2464 | steps_t:     0 | t: 0.939672 | r:  -510.000000 | e:   1.000000 | Q:        nan | won: False 
#  236 | steps:  2473 | steps_t:     0 | t: 0.942145 | r:  -508.000000 | e:   1.000000 | Q:        nan | won: False 
#  237 | steps:  2485 | steps_t:     0 | t: 0.945561 | r:  -511.000000 | e:   1.000000 | Q:        nan | won: False 
#  238 | steps:  2493 | steps_t:     0 | t: 0.947963 | r:  -507.000000 | e:   1.000000 | Q:        nan | won: False 
#  239 | steps:  2501 | steps_t:     0 | t: 0.950710 | r:  -507.000000 | e:   1.000000 | Q:        nan | won: False 
#  240 | steps:  2512 | steps_t:     0 | t: 0.953823 | r:  -510.000000 | e:   1.000000 | Q:        nan | won: False 
#  241 | steps:  2524 | steps_t:     0 | t: 0.957194 | r:  -511.000000 | e:   1.000000 | Q:        nan | won: False 
#  242 | steps:  2530 | steps_t:     0 | t: 0.958811 | r:  -505.000000 | e:   1.000000 | Q:        nan | won: False 
#  243 | steps:  2542 | steps_t:     0 | t: 0.962193 | r:  -511.000000 | e:   1.000000 | Q:        nan | won: False 
#  244 | steps:  2552 | steps_t:     0 | t: 0.965074 | r:  -509.000000 | e:   1.000000 | Q:        nan | won: False 
#  245 | steps:  2566 | steps_t:     0 | t: 0.969189 | r:  -513.000000 | e:   1.000000 | Q:        nan | won: False 
#  246 | steps:  2577 | steps_t:     0 | t: 0.972431 | r:  -510.000000 | e:   1.000000 | Q:        nan | won: False 
#  247 | steps:  2584 | steps_t:     0 | t: 0.974523 | r:  -506.000000 | e:   1.000000 | Q:        nan | won: False 
#  248 | steps:  2592 | steps_t:     0 | t: 0.976825 | r:  -507.000000 | e:   1.000000 | Q:        nan | won: False 
#  249 | steps:  2606 | steps_t:     0 | t: 0.980622 | r:  -513.000000 | e:   1.000000 | Q:        nan | won: False 
#  250 | steps:  2615 | steps_t:     0 | t: 0.983097 | r:  -508.000000 | e:   1.000000 | Q:        nan | won: False 
#  251 | steps:  2630 | steps_t:     0 | t: 0.987160 | r:  -514.000000 | e:   1.000000 | Q:        nan | won: False 
#  252 | steps:  2638 | steps_t:     0 | t: 0.989414 | r:  -507.000000 | e:   1.000000 | Q:        nan | won: False 
#  253 | steps:  2649 | steps_t:     0 | t: 0.992693 | r:  -510.000000 | e:   1.000000 | Q:        nan | won: False 
#  254 | steps:  2663 | steps_t:     0 | t: 0.996875 | r:  -502.000000 | e:   1.000000 | Q:        nan | won: False 
#  255 | steps:  2672 | steps_t:     0 | t: 0.999448 | r:  -508.000000 | e:   1.000000 | Q:        nan | won: False 
#  256 | steps:  2685 | steps_t:     0 | t: 1.003113 | r:  -512.000000 | e:   1.000000 | Q:        nan | won: False 
#  257 | steps:  2694 | steps_t:     0 | t: 1.005557 | r:  -508.000000 | e:   1.000000 | Q:        nan | won: False 
#  258 | steps:  2704 | steps_t:     0 | t: 1.008366 | r:  -509.000000 | e:   1.000000 | Q:        nan | won: False 
#  259 | steps:  2710 | steps_t:     0 | t: 1.010059 | r:  -505.000000 | e:   1.000000 | Q:        nan | won: False 
#  260 | steps:  2716 | steps_t:     0 | t: 1.011787 | r:  -505.000000 | e:   1.000000 | Q:        nan | won: False 
#  261 | steps:  2722 | steps_t:     0 | t: 1.013561 | r:  -505.000000 | e:   1.000000 | Q:        nan | won: False 
#  262 | steps:  2731 | steps_t:     0 | t: 1.016336 | r:  -508.000000 | e:   1.000000 | Q:        nan | won: False 
#  263 | steps:  2748 | steps_t:     0 | t: 1.021298 | r:  -516.000000 | e:   1.000000 | Q:        nan | won: False 
#  264 | steps:  2771 | steps_t:     0 | t: 1.027663 | r:  -522.000000 | e:   1.000000 | Q:        nan | won: False 
#  265 | steps:  2778 | steps_t:     0 | t: 1.029580 | r:  -506.000000 | e:   1.000000 | Q:        nan | won: False 
#  266 | steps:  2787 | steps_t:     0 | t: 1.032091 | r:  -508.000000 | e:   1.000000 | Q:        nan | won: False 
#  267 | steps:  2798 | steps_t:     0 | t: 1.035232 | r:  -510.000000 | e:   1.000000 | Q:        nan | won: False 
#  268 | steps:  2813 | steps_t:     0 | t: 1.039870 | r:  -514.000000 | e:   1.000000 | Q:        nan | won: False 
#  269 | steps:  2821 | steps_t:     0 | t: 1.042259 | r:  -507.000000 | e:   1.000000 | Q:        nan | won: False 
#  270 | steps:  2828 | steps_t:     0 | t: 1.044264 | r:  -506.000000 | e:   1.000000 | Q:        nan | won: False 
#  271 | steps:  2834 | steps_t:     0 | t: 1.045876 | r:  -505.000000 | e:   1.000000 | Q:        nan | won: False 
#  272 | steps:  2845 | steps_t:     0 | t: 1.048983 | r:  -510.000000 | e:   1.000000 | Q:        nan | won: False 
#  273 | steps:  2852 | steps_t:     0 | t: 1.051015 | r:  -506.000000 | e:   1.000000 | Q:        nan | won: False 
#  274 | steps:  2863 | steps_t:     0 | t: 1.054166 | r:  -510.000000 | e:   1.000000 | Q:        nan | won: False 
#  275 | steps:  2878 | steps_t:     0 | t: 1.058628 | r:  -503.000000 | e:   1.000000 | Q:        nan | won: False 
#  276 | steps:  2889 | steps_t:     0 | t: 1.062089 | r:  -510.000000 | e:   1.000000 | Q:        nan | won: False 
#  277 | steps:  2899 | steps_t:     0 | t: 1.065116 | r:  -509.000000 | e:   1.000000 | Q:        nan | won: False 
#  278 | steps:  2906 | steps_t:     0 | t: 1.067321 | r:  -506.000000 | e:   1.000000 | Q:        nan | won: False 
#  279 | steps:  2930 | steps_t:     0 | t: 1.076690 | r:  -523.000000 | e:   1.000000 | Q:        nan | won: False 
#  280 | steps:  2940 | steps_t:     0 | t: 1.079959 | r:  -509.000000 | e:   1.000000 | Q:        nan | won: False 
#  281 | steps:  2959 | steps_t:     0 | t: 1.092075 | r:  -518.000000 | e:   1.000000 | Q:        nan | won: False 
#  282 | steps:  2966 | steps_t:     0 | t: 1.098409 | r:  -506.000000 | e:   1.000000 | Q:        nan | won: False 
#  283 | steps:  2984 | steps_t:     0 | t: 1.104276 | r:  -517.000000 | e:   1.000000 | Q:        nan | won: False 
#  284 | steps:  2990 | steps_t:     0 | t: 1.106659 | r:  -505.000000 | e:   1.000000 | Q:        nan | won: False 
#  285 | steps:  3014 | steps_t:     0 | t: 1.120390 | r:  -523.000000 | e:   1.000000 | Q:        nan | won: False 
#  286 | steps:  3037 | steps_t:     0 | t: 1.130274 | r:  -522.000000 | e:   1.000000 | Q:        nan | won: False 
#  287 | steps:  3051 | steps_t:     0 | t: 1.134703 | r:  -513.000000 | e:   1.000000 | Q:        nan | won: False 
#  288 | steps:  3060 | steps_t:     0 | t: 1.138812 | r:  -508.000000 | e:   1.000000 | Q:        nan | won: False 
#  289 | steps:  3069 | steps_t:     0 | t: 1.146265 | r:  -508.000000 | e:   1.000000 | Q:        nan | won: False 
#  290 | steps:  3075 | steps_t:     0 | t: 1.149449 | r:  -505.000000 | e:   1.000000 | Q:        nan | won: False 
#  291 | steps:  3103 | steps_t:     0 | t: 1.159632 | r:  -516.000000 | e:   1.000000 | Q:        nan | won: False 
#  292 | steps:  3114 | steps_t:     0 | t: 1.164227 | r:  -510.000000 | e:   1.000000 | Q:        nan | won: False 
#  293 | steps:  3120 | steps_t:     0 | t: 1.168309 | r:  -505.000000 | e:   1.000000 | Q:        nan | won: False 
#  294 | steps:  3129 | steps_t:     0 | t: 1.171914 | r:  -508.000000 | e:   1.000000 | Q:        nan | won: False 
#  295 | steps:  3140 | steps_t:     0 | t: 1.175725 | r:  -510.000000 | e:   1.000000 | Q:        nan | won: False 
#  296 | steps:  3156 | steps_t:     0 | t: 1.180731 | r:  -515.000000 | e:   1.000000 | Q:        nan | won: False 
#  297 | steps:  3165 | steps_t:     0 | t: 1.183786 | r:  -508.000000 | e:   1.000000 | Q:        nan | won: False 
#  298 | steps:  3174 | steps_t:     0 | t: 1.187064 | r:  -508.000000 | e:   1.000000 | Q:        nan | won: False 
#  299 | steps:  3187 | steps_t:     0 | t: 1.191345 | r:  -512.000000 | e:   1.000000 | Q:        nan | won: False 
#  300 | steps:  3204 | steps_t:     0 | t: 1.198440 | r:  -516.000000 | e:   1.000000 | Q:        nan | won: False 
#  301 | steps:  3212 | steps_t:     0 | t: 1.201483 | r:  -507.000000 | e:   1.000000 | Q:        nan | won: False 
#  302 | steps:  3217 | steps_t:     0 | t: 1.203663 | r:  -504.000000 | e:   1.000000 | Q:        nan | won: False 
#  303 | steps:  3223 | steps_t:     0 | t: 1.205702 | r:  -505.000000 | e:   1.000000 | Q:        nan | won: False 
#  304 | steps:  3234 | steps_t:     0 | t: 1.209162 | r:  -510.000000 | e:   1.000000 | Q:        nan | won: False 
#  305 | steps:  3241 | steps_t:     0 | t: 1.211314 | r:  -506.000000 | e:   1.000000 | Q:        nan | won: False 
#  306 | steps:  3249 | steps_t:     0 | t: 1.213811 | r:  -507.000000 | e:   1.000000 | Q:        nan | won: False 
#  307 | steps:  3257 | steps_t:     0 | t: 1.217068 | r:  -507.000000 | e:   1.000000 | Q:        nan | won: False 
#  308 | steps:  3265 | steps_t:     0 | t: 1.219940 | r:  -507.000000 | e:   1.000000 | Q:        nan | won: False 
#  309 | steps:  3271 | steps_t:     0 | t: 1.221979 | r:  -505.000000 | e:   1.000000 | Q:        nan | won: False 
#  310 | steps:  3279 | steps_t:     0 | t: 1.224453 | r:  -507.000000 | e:   1.000000 | Q:        nan | won: False 
#  311 | steps:  3287 | steps_t:     0 | t: 1.227118 | r:  -507.000000 | e:   1.000000 | Q:        nan | won: False 
#  312 | steps:  3296 | steps_t:     0 | t: 1.230027 | r:  -508.000000 | e:   1.000000 | Q:        nan | won: False 
#  313 | steps:  3302 | steps_t:     0 | t: 1.231864 | r:  -505.000000 | e:   1.000000 | Q:        nan | won: False 
#  314 | steps:  3356 | steps_t:     0 | t: 1.249037 | r:  -553.000000 | e:   1.000000 | Q:        nan | won: False 
#  315 | steps:  3373 | steps_t:     0 | t: 1.254668 | r:  -516.000000 | e:   1.000000 | Q:        nan | won: False 
#  316 | steps:  3395 | steps_t:     0 | t: 1.261844 | r:  -521.000000 | e:   1.000000 | Q:        nan | won: False 
#  317 | steps:  3407 | steps_t:     0 | t: 1.269296 | r:  -511.000000 | e:   1.000000 | Q:        nan | won: False 
#  318 | steps:  3424 | steps_t:     0 | t: 1.274989 | r:  -516.000000 | e:   1.000000 | Q:        nan | won: False 
#  319 | steps:  3433 | steps_t:     0 | t: 1.278019 | r:  -508.000000 | e:   1.000000 | Q:        nan | won: False 
#  320 | steps:  3440 | steps_t:     0 | t: 1.280506 | r:  -506.000000 | e:   1.000000 | Q:        nan | won: False 
#  321 | steps:  3448 | steps_t:     0 | t: 1.287421 | r:  -507.000000 | e:   1.000000 | Q:        nan | won: False 
#  322 | steps:  3456 | steps_t:     0 | t: 1.290877 | r:  -507.000000 | e:   1.000000 | Q:        nan | won: False 
#  323 | steps:  3472 | steps_t:     0 | t: 1.296171 | r:  -515.000000 | e:   1.000000 | Q:        nan | won: False 
#  324 | steps:  3479 | steps_t:     0 | t: 1.298434 | r:  -506.000000 | e:   1.000000 | Q:        nan | won: False 
#  325 | steps:  3486 | steps_t:     0 | t: 1.301094 | r:  -506.000000 | e:   1.000000 | Q:        nan | won: False 
#  326 | steps:  3505 | steps_t:     0 | t: 1.309487 | r:  -518.000000 | e:   1.000000 | Q:        nan | won: False 
#  327 | steps:  3515 | steps_t:     0 | t: 1.321227 | r:  -509.000000 | e:   1.000000 | Q:        nan | won: False 
#  328 | steps:  3524 | steps_t:     0 | t: 1.332450 | r:  -508.000000 | e:   1.000000 | Q:        nan | won: False 
#  329 | steps:  3548 | steps_t:     0 | t: 1.361309 | r:  -523.000000 | e:   1.000000 | Q:        nan | won: False 
#  330 | steps:  3561 | steps_t:     0 | t: 1.369044 | r:  -501.000000 | e:   1.000000 | Q:        nan | won: False 
#  331 | steps:  3566 | steps_t:     0 | t: 1.374802 | r:  -504.000000 | e:   1.000000 | Q:        nan | won: False 
#  332 | steps:  3583 | steps_t:     0 | t: 1.384989 | r:  -516.000000 | e:   1.000000 | Q:        nan | won: False 
#  333 | steps:  3596 | steps_t:     0 | t: 1.390464 | r:  -512.000000 | e:   1.000000 | Q:        nan | won: False 
#  334 | steps:  3604 | steps_t:     0 | t: 1.393419 | r:  -507.000000 | e:   1.000000 | Q:        nan | won: False 
#  335 | steps:  3613 | steps_t:     0 | t: 1.397661 | r:  -508.000000 | e:   1.000000 | Q:        nan | won: False 
#  336 | steps:  3622 | steps_t:     0 | t: 1.400926 | r:  -508.000000 | e:   1.000000 | Q:        nan | won: False 
#  337 | steps:  3631 | steps_t:     0 | t: 1.404036 | r:  -508.000000 | e:   1.000000 | Q:        nan | won: False 
#  338 | steps:  3639 | steps_t:     0 | t: 1.406746 | r:  -507.000000 | e:   1.000000 | Q:        nan | won: False 
#  339 | steps:  3650 | steps_t:     0 | t: 1.410645 | r:  -510.000000 | e:   1.000000 | Q:        nan | won: False 
#  340 | steps:  3661 | steps_t:     0 | t: 1.415646 | r:  -510.000000 | e:   1.000000 | Q:        nan | won: False 
#  341 | steps:  3677 | steps_t:     0 | t: 1.421180 | r:  -515.000000 | e:   1.000000 | Q:        nan | won: False 
#  342 | steps:  3682 | steps_t:     0 | t: 1.422856 | r:  -504.000000 | e:   1.000000 | Q:        nan | won: False 
#  343 | steps:  3693 | steps_t:     0 | t: 1.427710 | r:  -510.000000 | e:   1.000000 | Q:        nan | won: False 
#  344 | steps:  3706 | steps_t:     0 | t: 1.453508 | r:  -512.000000 | e:   1.000000 | Q:        nan | won: False 
#  345 | steps:  3716 | steps_t:     0 | t: 1.460056 | r:  -509.000000 | e:   1.000000 | Q:        nan | won: False 
#  346 | steps:  3726 | steps_t:     0 | t: 1.463745 | r:  -509.000000 | e:   1.000000 | Q:        nan | won: False 
#  347 | steps:  3738 | steps_t:     0 | t: 1.471811 | r:  -511.000000 | e:   1.000000 | Q:        nan | won: False 
#  348 | steps:  3745 | steps_t:     0 | t: 1.475793 | r:  -506.000000 | e:   1.000000 | Q:        nan | won: False 
#  349 | steps:  3754 | steps_t:     0 | t: 1.479454 | r:  -508.000000 | e:   1.000000 | Q:        nan | won: False 
#  350 | steps:  3764 | steps_t:     0 | t: 1.483265 | r:  -509.000000 | e:   1.000000 | Q:        nan | won: False 
#  351 | steps:  3770 | steps_t:     0 | t: 1.485445 | r:  -505.000000 | e:   1.000000 | Q:        nan | won: False 
#  352 | steps:  3789 | steps_t:     0 | t: 1.492588 | r:  -518.000000 | e:   1.000000 | Q:        nan | won: False 
#  353 | steps:  3799 | steps_t:     0 | t: 1.497456 | r:  -509.000000 | e:   1.000000 | Q:        nan | won: False 
#  354 | steps:  3816 | steps_t:     0 | t: 1.504015 | r:  -505.000000 | e:   1.000000 | Q:        nan | won: False 
#  355 | steps:  3824 | steps_t:     0 | t: 1.507274 | r:  -507.000000 | e:   1.000000 | Q:        nan | won: False 
#  356 | steps:  3837 | steps_t:     0 | t: 1.513041 | r:  -512.000000 | e:   1.000000 | Q:        nan | won: False 
#  357 | steps:  3845 | steps_t:     0 | t: 1.517205 | r:  -507.000000 | e:   1.000000 | Q:        nan | won: False 
#  358 | steps:  3852 | steps_t:     0 | t: 1.520446 | r:  -506.000000 | e:   1.000000 | Q:        nan | won: False 
#  359 | steps:  3859 | steps_t:     0 | t: 1.523051 | r:  -506.000000 | e:   1.000000 | Q:        nan | won: False 
#  360 | steps:  3868 | steps_t:     0 | t: 1.526383 | r:  -508.000000 | e:   1.000000 | Q:        nan | won: False 
#  361 | steps:  3888 | steps_t:     0 | t: 1.534405 | r:  -519.000000 | e:   1.000000 | Q:        nan | won: False 
#  362 | steps:  3894 | steps_t:     0 | t: 1.536908 | r:  -505.000000 | e:   1.000000 | Q:        nan | won: False 
#  363 | steps:  3900 | steps_t:     0 | t: 1.540311 | r:  -505.000000 | e:   1.000000 | Q:        nan | won: False 
#  364 | steps:  3911 | steps_t:     0 | t: 1.544102 | r:  -510.000000 | e:   1.000000 | Q:        nan | won: False 
#  365 | steps:  3922 | steps_t:     0 | t: 1.548054 | r:  -510.000000 | e:   1.000000 | Q:        nan | won: False 
#  366 | steps:  3945 | steps_t:     0 | t: 1.564039 | r:  -522.000000 | e:   1.000000 | Q:        nan | won: False 
#  367 | steps:  3954 | steps_t:     0 | t: 1.567339 | r:  -508.000000 | e:   1.000000 | Q:        nan | won: False 
#  368 | steps:  3976 | steps_t:     0 | t: 1.576304 | r:  -521.000000 | e:   1.000000 | Q:        nan | won: False 
#  369 | steps:  3985 | steps_t:     0 | t: 1.579751 | r:  -508.000000 | e:   1.000000 | Q:        nan | won: False 
#  370 | steps:  3995 | steps_t:     0 | t: 1.583344 | r:  -509.000000 | e:   1.000000 | Q:        nan | won: False 
#  371 | steps:  4004 | steps_t:     0 | t: 1.586717 | r:  -508.000000 | e:   1.000000 | Q:        nan | won: False 
#  372 | steps:  4010 | steps_t:     0 | t: 1.588940 | r:  -505.000000 | e:   1.000000 | Q:        nan | won: False 
#  373 | steps:  4024 | steps_t:     0 | t: 1.594706 | r:  -491.000000 | e:   1.000000 | Q:        nan | won: False 
#  374 | steps:  4033 | steps_t:     0 | t: 1.598738 | r:  -508.000000 | e:   1.000000 | Q:        nan | won: False 
#  375 | steps:  4041 | steps_t:     0 | t: 1.601685 | r:  -507.000000 | e:   1.000000 | Q:        nan | won: False 
#  376 | steps:  4063 | steps_t:     0 | t: 1.609929 | r:  -510.000000 | e:   1.000000 | Q:        nan | won: False 
#  377 | steps:  4070 | steps_t:     0 | t: 1.612901 | r:  -506.000000 | e:   1.000000 | Q:        nan | won: False 
#  378 | steps:  4078 | steps_t:     0 | t: 1.616121 | r:  -507.000000 | e:   1.000000 | Q:        nan | won: False 
#  379 | steps:  4088 | steps_t:     0 | t: 1.620032 | r:  -509.000000 | e:   1.000000 | Q:        nan | won: False 
#  380 | steps:  4102 | steps_t:     0 | t: 1.626521 | r:  -513.000000 | e:   1.000000 | Q:        nan | won: False 
#  381 | steps:  4111 | steps_t:     0 | t: 1.630191 | r:  -508.000000 | e:   1.000000 | Q:        nan | won: False 
#  382 | steps:  4119 | steps_t:     0 | t: 1.633098 | r:  -507.000000 | e:   1.000000 | Q:        nan | won: False 
#  383 | steps:  4134 | steps_t:     0 | t: 1.639355 | r:  -514.000000 | e:   1.000000 | Q:        nan | won: False 
#  384 | steps:  4140 | steps_t:     0 | t: 1.642605 | r:  -505.000000 | e:   1.000000 | Q:        nan | won: False 
#  385 | steps:  4146 | steps_t:     0 | t: 1.645807 | r:  -505.000000 | e:   1.000000 | Q:        nan | won: False 
#  386 | steps:  4153 | steps_t:     0 | t: 1.648686 | r:  -506.000000 | e:   1.000000 | Q:        nan | won: False 
#  387 | steps:  4168 | steps_t:     0 | t: 1.654436 | r:  -514.000000 | e:   1.000000 | Q:        nan | won: False 
#  388 | steps:  4175 | steps_t:     0 | t: 1.656872 | r:  -506.000000 | e:   1.000000 | Q:        nan | won: False 
#  389 | steps:  4188 | steps_t:     0 | t: 1.661326 | r:  -512.000000 | e:   1.000000 | Q:        nan | won: False 
#  390 | steps:  4202 | steps_t:     0 | t: 1.665810 | r:  -513.000000 | e:   1.000000 | Q:        nan | won: False 
#  391 | steps:  4213 | steps_t:     0 | t: 1.670211 | r:  -510.000000 | e:   1.000000 | Q:        nan | won: False 
#  392 | steps:  4219 | steps_t:     0 | t: 1.672255 | r:  -505.000000 | e:   1.000000 | Q:        nan | won: False 
#  393 | steps:  4230 | steps_t:     0 | t: 1.675789 | r:  -510.000000 | e:   1.000000 | Q:        nan | won: False 
#  394 | steps:  4238 | steps_t:     0 | t: 1.678443 | r:  -507.000000 | e:   1.000000 | Q:        nan | won: False 
#  395 | steps:  4245 | steps_t:     0 | t: 1.680609 | r:  -506.000000 | e:   1.000000 | Q:        nan | won: False 
#  396 | steps:  4254 | steps_t:     0 | t: 1.683497 | r:  -508.000000 | e:   1.000000 | Q:        nan | won: False 
#  397 | steps:  4264 | steps_t:     0 | t: 1.687424 | r:  -509.000000 | e:   1.000000 | Q:        nan | won: False 
#  398 | steps:  4288 | steps_t:     0 | t: 1.695777 | r:  -523.000000 | e:   1.000000 | Q:        nan | won: False 
#  399 | steps:  4297 | steps_t:     0 | t: 1.698923 | r:  -508.000000 | e:   1.000000 | Q:        nan | won: False 
#  400 | steps:  4314 | steps_t:     0 | t: 1.704979 | r:  -516.000000 | e:   1.000000 | Q:        nan | won: False 
#  401 | steps:  4336 | steps_t:     0 | t: 1.712574 | r:  -521.000000 | e:   1.000000 | Q:        nan | won: False 
#  402 | steps:  4344 | steps_t:     0 | t: 1.715748 | r:  -507.000000 | e:   1.000000 | Q:        nan | won: False 
#  403 | steps:  4357 | steps_t:     0 | t: 1.724381 | r:  -512.000000 | e:   1.000000 | Q:        nan | won: False 
#  404 | steps:  4364 | steps_t:     0 | t: 1.727342 | r:  -506.000000 | e:   1.000000 | Q:        nan | won: False 
#  405 | steps:  4370 | steps_t:     0 | t: 1.730639 | r:  -505.000000 | e:   1.000000 | Q:        nan | won: False 
#  406 | steps:  4378 | steps_t:     0 | t: 1.733560 | r:  -507.000000 | e:   1.000000 | Q:        nan | won: False 
#  407 | steps:  4383 | steps_t:     0 | t: 1.735571 | r:  -504.000000 | e:   1.000000 | Q:        nan | won: False 
#  408 | steps:  4389 | steps_t:     0 | t: 1.742611 | r:  -505.000000 | e:   1.000000 | Q:        nan | won: False 
#  409 | steps:  4397 | steps_t:     0 | t: 1.749566 | r:  -507.000000 | e:   1.000000 | Q:        nan | won: False 
#  410 | steps:  4409 | steps_t:     0 | t: 1.768982 | r:  -511.000000 | e:   1.000000 | Q:        nan | won: False 
#  411 | steps:  4420 | steps_t:     0 | t: 1.776190 | r:  -510.000000 | e:   1.000000 | Q:        nan | won: False 
#  412 | steps:  4428 | steps_t:     0 | t: 1.780543 | r:  -507.000000 | e:   1.000000 | Q:        nan | won: False 
#  413 | steps:  4437 | steps_t:     0 | t: 1.798713 | r:  -508.000000 | e:   1.000000 | Q:        nan | won: False 
#  414 | steps:  4448 | steps_t:     0 | t: 1.806932 | r:  -510.000000 | e:   1.000000 | Q:        nan | won: False 
#  415 | steps:  4469 | steps_t:     0 | t: 1.821672 | r:  -520.000000 | e:   1.000000 | Q:        nan | won: False 
#  416 | steps:  4479 | steps_t:     0 | t: 1.825301 | r:  -509.000000 | e:   1.000000 | Q:        nan | won: False 
#  417 | steps:  4487 | steps_t:     0 | t: 1.827987 | r:  -507.000000 | e:   1.000000 | Q:        nan | won: False 
#  418 | steps:  4493 | steps_t:     0 | t: 1.829837 | r:  -505.000000 | e:   1.000000 | Q:        nan | won: False 
#  419 | steps:  4507 | steps_t:     0 | t: 1.834767 | r:  -513.000000 | e:   1.000000 | Q:        nan | won: False 
#  420 | steps:  4513 | steps_t:     0 | t: 1.836746 | r:  -505.000000 | e:   1.000000 | Q:        nan | won: False 
#  421 | steps:  4531 | steps_t:     0 | t: 1.843308 | r:  -517.000000 | e:   1.000000 | Q:        nan | won: False 
#  422 | steps:  4539 | steps_t:     0 | t: 1.846293 | r:  -507.000000 | e:   1.000000 | Q:        nan | won: False 
#  423 | steps:  4553 | steps_t:     0 | t: 1.850814 | r:  -513.000000 | e:   1.000000 | Q:        nan | won: False 
#  424 | steps:  4570 | steps_t:     0 | t: 1.857526 | r:  -505.000000 | e:   1.000000 | Q:        nan | won: False 
#  425 | steps:  4579 | steps_t:     0 | t: 1.860706 | r:  -508.000000 | e:   1.000000 | Q:        nan | won: False 
#  426 | steps:  4590 | steps_t:     0 | t: 1.864796 | r:  -510.000000 | e:   1.000000 | Q:        nan | won: False 
#  427 | steps:  4596 | steps_t:     0 | t: 1.869411 | r:  -505.000000 | e:   1.000000 | Q:        nan | won: False 
#  428 | steps:  4605 | steps_t:     0 | t: 1.873741 | r:  -508.000000 | e:   1.000000 | Q:        nan | won: False 
#  429 | steps:  4614 | steps_t:     0 | t: 1.877208 | r:  -508.000000 | e:   1.000000 | Q:        nan | won: False 
#  430 | steps:  4626 | steps_t:     0 | t: 1.880901 | r:  -511.000000 | e:   1.000000 | Q:        nan | won: False 
#  431 | steps:  4634 | steps_t:     0 | t: 1.883843 | r:  -507.000000 | e:   1.000000 | Q:        nan | won: False 
#  432 | steps:  4643 | steps_t:     0 | t: 1.887280 | r:  -508.000000 | e:   1.000000 | Q:        nan | won: False 
#  433 | steps:  4654 | steps_t:     0 | t: 1.891122 | r:  -510.000000 | e:   1.000000 | Q:        nan | won: False 
#  434 | steps:  4663 | steps_t:     0 | t: 1.894242 | r:  -508.000000 | e:   1.000000 | Q:        nan | won: False 
#  435 | steps:  4681 | steps_t:     0 | t: 1.899825 | r:  -517.000000 | e:   1.000000 | Q:        nan | won: False 
#  436 | steps:  4690 | steps_t:     0 | t: 1.903159 | r:  -508.000000 | e:   1.000000 | Q:        nan | won: False 
#  437 | steps:  4697 | steps_t:     0 | t: 1.905337 | r:  -506.000000 | e:   1.000000 | Q:        nan | won: False 
#  438 | steps:  4715 | steps_t:     0 | t: 1.910598 | r:  -495.000000 | e:   1.000000 | Q:        nan | won: False 
#  439 | steps:  4727 | steps_t:     0 | t: 1.914413 | r:  -511.000000 | e:   1.000000 | Q:        nan | won: False 
#  440 | steps:  4733 | steps_t:     0 | t: 1.917180 | r:  -505.000000 | e:   1.000000 | Q:        nan | won: False 
#  441 | steps:  4740 | steps_t:     0 | t: 1.920239 | r:  -506.000000 | e:   1.000000 | Q:        nan | won: False 
#  442 | steps:  4764 | steps_t:     0 | t: 1.927478 | r:  -523.000000 | e:   1.000000 | Q:        nan | won: False 
#  443 | steps:  4771 | steps_t:     0 | t: 1.929630 | r:  -506.000000 | e:   1.000000 | Q:        nan | won: False 
#  444 | steps:  4777 | steps_t:     0 | t: 1.931414 | r:  -505.000000 | e:   1.000000 | Q:        nan | won: False 
#  445 | steps:  4787 | steps_t:     0 | t: 1.934516 | r:  -509.000000 | e:   1.000000 | Q:        nan | won: False 
#  446 | steps:  4794 | steps_t:     0 | t: 1.937114 | r:  -506.000000 | e:   1.000000 | Q:        nan | won: False 
#  447 | steps:  4809 | steps_t:     0 | t: 1.942117 | r:  -514.000000 | e:   1.000000 | Q:        nan | won: False 
#  448 | steps:  4821 | steps_t:     0 | t: 1.945668 | r:  -511.000000 | e:   1.000000 | Q:        nan | won: False 
#  449 | steps:  4832 | steps_t:     0 | t: 1.948845 | r:  -510.000000 | e:   1.000000 | Q:        nan | won: False 
#  450 | steps:  4853 | steps_t:     0 | t: 1.956044 | r:  -520.000000 | e:   1.000000 | Q:        nan | won: False 
#  451 | steps:  4865 | steps_t:     0 | t: 1.959953 | r:  -511.000000 | e:   1.000000 | Q:        nan | won: False 
#  452 | steps:  4876 | steps_t:     0 | t: 1.963868 | r:  -510.000000 | e:   1.000000 | Q:        nan | won: False 
#  453 | steps:  4888 | steps_t:     0 | t: 1.968380 | r:  -511.000000 | e:   1.000000 | Q:        nan | won: False 
#  454 | steps:  4896 | steps_t:     0 | t: 1.971530 | r:  -507.000000 | e:   1.000000 | Q:        nan | won: False 
#  455 | steps:  4905 | steps_t:     0 | t: 1.974686 | r:  -508.000000 | e:   1.000000 | Q:        nan | won: False 
#  456 | steps:  4914 | steps_t:     0 | t: 1.977683 | r:  -508.000000 | e:   1.000000 | Q:        nan | won: False 
#  457 | steps:  4921 | steps_t:     0 | t: 1.980170 | r:  -506.000000 | e:   1.000000 | Q:        nan | won: False 
#  458 | steps:  4928 | steps_t:     0 | t: 1.985977 | r:  -506.000000 | e:   1.000000 | Q:        nan | won: False 
#  459 | steps:  4938 | steps_t:     0 | t: 1.989512 | r:  -509.000000 | e:   1.000000 | Q:        nan | won: False 
#  460 | steps:  4946 | steps_t:     0 | t: 1.992732 | r:  -507.000000 | e:   1.000000 | Q:        nan | won: False 
#  461 | steps:  4969 | steps_t:     0 | t: 2.000445 | r:  -522.000000 | e:   1.000000 | Q:        nan | won: False 
#  462 | steps:  4986 | steps_t:     0 | t: 2.006095 | r:  -505.000000 | e:   1.000000 | Q:        nan | won: False 
#  463 | steps:  4998 | steps_t:     0 | t: 2.010469 | r:  -511.000000 | e:   1.000000 | Q:        nan | won: False 
#  464 | steps:  5012 | steps_t:    11 | t: 2.155192 | r:  -513.000000 | e:   0.998900 | Q:        nan | won: False 
#  465 | steps:  5018 | steps_t:    16 | t: 2.189075 | r:  -505.000000 | e:   0.998400 | Q:        nan | won: False 
#  466 | steps:  5027 | steps_t:    24 | t: 2.241174 | r:  -508.000000 | e:   0.997600 | Q:        nan | won: False 
#  467 | steps:  5037 | steps_t:    33 | t: 2.300804 | r:  -509.000000 | e:   0.996700 | Q:        nan | won: False 
#  468 | steps:  5044 | steps_t:    39 | t: 2.341280 | r:  -506.000000 | e:   0.996100 | Q:        nan | won: False 
#  469 | steps:  5052 | steps_t:    46 | t: 2.392644 | r:  -507.000000 | e:   0.995400 | Q:        nan | won: False 
#  470 | steps:  5068 | steps_t:    61 | t: 2.489891 | r:  -515.000000 | e:   0.993900 | Q:        nan | won: False 
#  471 | steps:  5075 | steps_t:    67 | t: 2.530268 | r:  -506.000000 | e:   0.993300 | Q:        nan | won: False 
#  472 | steps:  5086 | steps_t:    77 | t: 2.595509 | r:  -510.000000 | e:   0.992300 | Q:        nan | won: False 
#  473 | steps:  5102 | steps_t:    92 | t: 2.693836 | r:  -504.000000 | e:   0.990800 | Q:        nan | won: False 
#  474 | steps:  5110 | steps_t:    99 | t: 2.740254 | r:  -507.000000 | e:   0.990100 | Q:        nan | won: False 
#  475 | steps:  5119 | steps_t:   107 | t: 2.793398 | r:  -508.000000 | e:   0.989300 | Q:        nan | won: False 
#  476 | steps:  5127 | steps_t:   114 | t: 2.839174 | r:  -507.000000 | e:   0.988600 | Q:        nan | won: False 
#  477 | steps:  5146 | steps_t:   132 | t: 2.970560 | r:  -518.000000 | e:   0.986800 | Q:        nan | won: False 
#  478 | steps:  5153 | steps_t:   138 | t: 3.011752 | r:  -506.000000 | e:   0.986200 | Q:        nan | won: False 
#  479 | steps:  5164 | steps_t:   148 | t: 3.078772 | r:  -510.000000 | e:   0.985200 | Q:        nan | won: False 
#  480 | steps:  5176 | steps_t:   159 | t: 3.162386 | r:  -511.000000 | e:   0.984100 | Q:        nan | won: False 
#  481 | steps:  5194 | steps_t:   176 | t: 3.315009 | r:  -506.000000 | e:   0.982400 | Q:        nan | won: False 
#  482 | steps:  5201 | steps_t:   182 | t: 3.367233 | r:  -506.000000 | e:   0.981800 | Q:        nan | won: False 
#  483 | steps:  5211 | steps_t:   191 | t: 3.438022 | r:  -509.000000 | e:   0.980900 | Q:        nan | won: False 
#  484 | steps:  5222 | steps_t:   201 | t: 3.522061 | r:  -510.000000 | e:   0.979900 | Q:        nan | won: False 
#  485 | steps:  5230 | steps_t:   208 | t: 3.586698 | r:  -507.000000 | e:   0.979200 | Q:        nan | won: False 
#  486 | steps:  5240 | steps_t:   217 | t: 3.658427 | r:  -509.000000 | e:   0.978300 | Q:        nan | won: False 
#  487 | steps:  5254 | steps_t:   230 | t: 3.738348 | r:  -513.000000 | e:   0.977000 | Q:        nan | won: False 
#  488 | steps:  5262 | steps_t:   237 | t: 3.782159 | r:  -507.000000 | e:   0.976300 | Q:        nan | won: False 
#  489 | steps:  5277 | steps_t:   251 | t: 3.915052 | r:  -514.000000 | e:   0.974900 | Q:        nan | won: False 
#  490 | steps:  5294 | steps_t:   267 | t: 4.013220 | r:  -505.000000 | e:   0.973300 | Q: -290.535065 | won: False 
#  491 | steps:  5304 | steps_t:   276 | t: 4.070931 | r:  -509.000000 | e:   0.972400 | Q: -287.206970 | won: False 
#  492 | steps:  5334 | steps_t:   305 | t: 4.233571 | r:  -529.000000 | e:   0.969500 | Q:        nan | won: False 
#  493 | steps:  5343 | steps_t:   313 | t: 4.303083 | r:  -508.000000 | e:   0.968700 | Q:        nan | won: False 
#  494 | steps:  5350 | steps_t:   319 | t: 4.346756 | r:  -506.000000 | e:   0.968100 | Q:        nan | won: False 
#  495 | steps:  5367 | steps_t:   335 | t: 4.441773 | r:  -505.000000 | e:   0.966500 | Q:        nan | won: False 
#  496 | steps:  5388 | steps_t:   355 | t: 4.567360 | r:  -520.000000 | e:   0.964500 | Q:        nan | won: False 
#  497 | steps:  5396 | steps_t:   362 | t: 4.625720 | r:  -507.000000 | e:   0.963800 | Q:        nan | won: False 
#  498 | steps:  5419 | steps_t:   384 | t: 4.846358 | r:  -522.000000 | e:   0.961600 | Q:        nan | won: False 
#  499 | steps:  5430 | steps_t:   394 | t: 4.932312 | r:  -510.000000 | e:   0.960600 | Q:        nan | won: False 
#  500 | steps:  5441 | steps_t:   404 | t: 5.108552 | r:  -510.000000 | e:   0.959600 | Q:        nan | won: False 
#  501 | steps:  5449 | steps_t:   411 | t: 5.209477 | r:  -507.000000 | e:   0.958900 | Q:        nan | won: False 
#  502 | steps:  5460 | steps_t:   421 | t: 5.373990 | r:  -510.000000 | e:   0.957900 | Q: -277.408112 | won: False 
#  503 | steps:  5471 | steps_t:   431 | t: 5.572559 | r:  -510.000000 | e:   0.956900 | Q: -274.652191 | won: False 
#  504 | steps:  5479 | steps_t:   438 | t: 5.674044 | r:  -507.000000 | e:   0.956200 | Q:        nan | won: False 
#  505 | steps:  5490 | steps_t:   448 | t: 5.792669 | r:  -510.000000 | e:   0.955200 | Q:        nan | won: False 
#  506 | steps:  5502 | steps_t:   459 | t: 5.900066 | r:  -511.000000 | e:   0.954100 | Q: -321.158386 | won: False 
#  507 | steps:  5512 | steps_t:   468 | t: 5.966887 | r:  -509.000000 | e:   0.953200 | Q:        nan | won: False 
#  508 | steps:  5518 | steps_t:   473 | t: 6.004621 | r:  -505.000000 | e:   0.952700 | Q:        nan | won: False 
#  509 | steps:  5529 | steps_t:   483 | t: 6.093535 | r:  -510.000000 | e:   0.951700 | Q:        nan | won: False 
#  510 | steps:  5544 | steps_t:   497 | t: 6.215100 | r:  -514.000000 | e:   0.950300 | Q:        nan | won: False 
#  511 | steps:  5553 | steps_t:   505 | t: 6.280319 | r:  -508.000000 | e:   0.949500 | Q: -323.078766 | won: False 
#  512 | steps:  5561 | steps_t:   512 | t: 6.341245 | r:  -507.000000 | e:   0.948800 | Q:        nan | won: False 
#  513 | steps:  5571 | steps_t:   521 | t: 6.402194 | r:  -509.000000 | e:   0.947900 | Q: -337.307373 | won: False 
#  514 | steps:  5583 | steps_t:   532 | t: 6.487846 | r:  -511.000000 | e:   0.946800 | Q: -345.566040 | won: False 
#  515 | steps:  5590 | steps_t:   538 | t: 6.529975 | r:  -506.000000 | e:   0.946200 | Q:        nan | won: False 
#  516 | steps:  5599 | steps_t:   546 | t: 6.588523 | r:  -508.000000 | e:   0.945400 | Q: -326.872253 | won: False 
#  517 | steps:  5609 | steps_t:   555 | t: 6.648051 | r:  -509.000000 | e:   0.944500 | Q: -318.507965 | won: False 
#  518 | steps:  5616 | steps_t:   561 | t: 6.689242 | r:  -506.000000 | e:   0.943900 | Q: -311.466888 | won: False 
#  519 | steps:  5634 | steps_t:   578 | t: 6.814869 | r:  -517.000000 | e:   0.942200 | Q: -320.183807 | won: False 
#  520 | steps:  5642 | steps_t:   585 | t: 6.870871 | r:  -507.000000 | e:   0.941500 | Q:        nan | won: False 
#  521 | steps:  5653 | steps_t:   595 | t: 6.944595 | r:  -510.000000 | e:   0.940500 | Q: -334.570526 | won: False 
#  522 | steps:  5665 | steps_t:   606 | t: 7.016928 | r:  -511.000000 | e:   0.939400 | Q: -337.022888 | won: False 
#  523 | steps:  5674 | steps_t:   614 | t: 7.068524 | r:  -508.000000 | e:   0.938600 | Q:        nan | won: False 
#  524 | steps:  5691 | steps_t:   630 | t: 7.178847 | r:  -516.000000 | e:   0.937000 | Q: -351.312714 | won: False 
#  525 | steps:  5701 | steps_t:   639 | t: 7.265013 | r:  -509.000000 | e:   0.936100 | Q: -326.749084 | won: False 
#  526 | steps:  5712 | steps_t:   649 | t: 7.369236 | r:  -510.000000 | e:   0.935100 | Q:        nan | won: False 
#  527 | steps:  5724 | steps_t:   660 | t: 7.489162 | r:  -511.000000 | e:   0.934000 | Q: -308.697998 | won: False 
#  528 | steps:  5743 | steps_t:   678 | t: 7.752692 | r:  -507.000000 | e:   0.932200 | Q: -303.396912 | won: False 
#  529 | steps:  5751 | steps_t:   685 | t: 7.797115 | r:  -507.000000 | e:   0.931500 | Q:        nan | won: False 
#  530 | steps:  5761 | steps_t:   694 | t: 7.849730 | r:  -509.000000 | e:   0.930600 | Q:        nan | won: False 
#  531 | steps:  5779 | steps_t:   711 | t: 7.946045 | r:  -506.000000 | e:   0.928900 | Q: -324.447754 | won: False 
#  532 | steps:  5788 | steps_t:   719 | t: 8.005516 | r:  -508.000000 | e:   0.928100 | Q: -330.498016 | won: False 
#  533 | steps:  5797 | steps_t:   727 | t: 8.060981 | r:  -508.000000 | e:   0.927300 | Q: -321.570740 | won: False 
#  534 | steps:  5805 | steps_t:   734 | t: 8.119606 | r:  -507.000000 | e:   0.926600 | Q:        nan | won: False 
#  535 | steps:  5813 | steps_t:   741 | t: 8.170729 | r:  -507.000000 | e:   0.925900 | Q:        nan | won: False 
#  536 | steps:  5830 | steps_t:   757 | t: 8.283927 | r:  -516.000000 | e:   0.924300 | Q: -296.445221 | won: False 
#  537 | steps:  5842 | steps_t:   768 | t: 8.352630 | r:  -511.000000 | e:   0.923200 | Q:        nan | won: False 
#  538 | steps:  5855 | steps_t:   780 | t: 8.433919 | r:  -512.000000 | e:   0.922000 | Q: -312.042419 | won: False 
#  539 | steps:  5862 | steps_t:   786 | t: 8.479810 | r:  -506.000000 | e:   0.921400 | Q: -324.986115 | won: False 
#  540 | steps:  5870 | steps_t:   793 | t: 8.521987 | r:  -507.000000 | e:   0.920700 | Q: -335.952911 | won: False 
#  541 | steps:  5891 | steps_t:   813 | t: 8.643015 | r:  -520.000000 | e:   0.918700 | Q:        nan | won: False 
#  542 | steps:  5896 | steps_t:   817 | t: 8.673540 | r:  -504.000000 | e:   0.918300 | Q:        nan | won: False 
#  543 | steps:  5904 | steps_t:   824 | t: 8.714538 | r:  -507.000000 | e:   0.917600 | Q:        nan | won: False 
#  544 | steps:  5913 | steps_t:   832 | t: 8.760719 | r:  -508.000000 | e:   0.916800 | Q:        nan | won: False 
#  545 | steps:  5926 | steps_t:   844 | t: 8.840687 | r:  -512.000000 | e:   0.915600 | Q: -316.459930 | won: False 
#  546 | steps:  5934 | steps_t:   851 | t: 8.887661 | r:  -507.000000 | e:   0.914900 | Q: -315.797180 | won: False 
#  547 | steps:  5943 | steps_t:   859 | t: 8.936169 | r:  -508.000000 | e:   0.914100 | Q:        nan | won: False 
#  548 | steps:  5959 | steps_t:   874 | t: 9.018946 | r:  -515.000000 | e:   0.912600 | Q:        nan | won: False 
#  549 | steps:  5981 | steps_t:   895 | t: 9.147821 | r:  -521.000000 | e:   0.910500 | Q: -294.067780 | won: False 
#  550 | steps:  5990 | steps_t:   903 | t: 9.215041 | r:  -508.000000 | e:   0.909700 | Q:        nan | won: False 
#  551 | steps:  6002 | steps_t:   914 | t: 9.295697 | r:  -511.000000 | e:   0.908600 | Q:        nan | won: False 
#  552 | steps:  6011 | steps_t:   922 | t: 9.405257 | r:  -508.000000 | e:   0.907800 | Q: -333.191742 | won: False 
#  553 | steps:  6018 | steps_t:   928 | t: 9.469913 | r:  -506.000000 | e:   0.907200 | Q: -325.968933 | won: False 
#  554 | steps:  6028 | steps_t:   937 | t: 9.596520 | r:  -509.000000 | e:   0.906300 | Q: -322.269501 | won: False 
#  555 | steps:  6035 | steps_t:   943 | t: 9.677067 | r:  -506.000000 | e:   0.905700 | Q:        nan | won: False 
#  556 | steps:  6045 | steps_t:   952 | t: 9.760160 | r:  -509.000000 | e:   0.904800 | Q: -326.039368 | won: False 
#  557 | steps:  6057 | steps_t:   963 | t: 9.838518 | r:  -511.000000 | e:   0.903700 | Q: -340.748383 | won: False 
#  558 | steps:  6065 | steps_t:   970 | t: 9.892693 | r:  -507.000000 | e:   0.903000 | Q: -364.919617 | won: False 
#  559 | steps:  6074 | steps_t:   978 | t: 9.957794 | r:  -508.000000 | e:   0.902200 | Q: -358.926239 | won: False 
#  560 | steps:  6084 | steps_t:   987 | t: 10.040496 | r:  -509.000000 | e:   0.901300 | Q:        nan | won: False 
#  561 | steps:  6091 | steps_t:   993 | t: 10.102226 | r:  -506.000000 | e:   0.900700 | Q: -324.117371 | won: False 
#  562 | steps:  6106 | steps_t:  1007 | t: 10.225055 | r:  -514.000000 | e:   0.899300 | Q:        nan | won: False 
#  563 | steps:  6114 | steps_t:  1014 | t: 10.284682 | r:  -507.000000 | e:   0.898600 | Q: -339.831543 | won: False 
#  564 | steps:  6127 | steps_t:  1026 | t: 10.389074 | r:  -512.000000 | e:   0.897400 | Q: -348.206635 | won: False 
#  565 | steps:  6140 | steps_t:  1038 | t: 10.491522 | r:  -512.000000 | e:   0.896200 | Q: -329.121735 | won: False 
#  566 | steps:  6157 | steps_t:  1054 | t: 10.624384 | r:  -505.000000 | e:   0.894600 | Q:        nan | won: False 
#  567 | steps:  6164 | steps_t:  1060 | t: 10.664704 | r:  -506.000000 | e:   0.894000 | Q:        nan | won: False 
#  568 | steps:  6172 | steps_t:  1067 | t: 10.720868 | r:  -507.000000 | e:   0.893300 | Q:        nan | won: False 
#  569 | steps:  6183 | steps_t:  1077 | t: 10.801238 | r:  -510.000000 | e:   0.892300 | Q: -305.874359 | won: False 
#  570 | steps:  6190 | steps_t:  1083 | t: 10.845263 | r:  -506.000000 | e:   0.891700 | Q:        nan | won: False 
#  571 | steps:  6197 | steps_t:  1089 | t: 10.887052 | r:  -506.000000 | e:   0.891100 | Q: -324.017761 | won: False 
#  572 | steps:  6207 | steps_t:  1098 | t: 10.951260 | r:  -509.000000 | e:   0.890200 | Q:        nan | won: False 
#  573 | steps:  6218 | steps_t:  1108 | t: 11.017916 | r:  -510.000000 | e:   0.889200 | Q: -361.609985 | won: False 
#  574 | steps:  6228 | steps_t:  1117 | t: 11.089766 | r:  -509.000000 | e:   0.888300 | Q: -352.251801 | won: False 
#  575 | steps:  6234 | steps_t:  1122 | t: 11.133016 | r:  -505.000000 | e:   0.887800 | Q:        nan | won: False 
#  576 | steps:  6242 | steps_t:  1129 | t: 11.186168 | r:  -507.000000 | e:   0.887100 | Q: -344.183197 | won: False 
#  577 | steps:  6253 | steps_t:  1139 | t: 11.261857 | r:  -510.000000 | e:   0.886100 | Q: -306.843201 | won: False 
#  578 | steps:  6262 | steps_t:  1147 | t: 11.346858 | r:  -508.000000 | e:   0.885300 | Q: -302.661896 | won: False 
#  579 | steps:  6272 | steps_t:  1156 | t: 11.476875 | r:  -509.000000 | e:   0.884400 | Q:        nan | won: False 
#  580 | steps:  6283 | steps_t:  1166 | t: 11.599619 | r:  -510.000000 | e:   0.883400 | Q: -318.409912 | won: False 
#  581 | steps:  6289 | steps_t:  1171 | t: 11.659234 | r:  -505.000000 | e:   0.882900 | Q:        nan | won: False 
#  582 | steps:  6299 | steps_t:  1180 | t: 11.740140 | r:  -509.000000 | e:   0.882000 | Q: -316.255432 | won: False 
#  583 | steps:  6306 | steps_t:  1186 | t: 11.782322 | r:  -506.000000 | e:   0.881400 | Q: -334.861145 | won: False 
#  584 | steps:  6315 | steps_t:  1194 | t: 11.839381 | r:  -508.000000 | e:   0.880600 | Q: -332.696381 | won: False 
#  585 | steps:  6338 | steps_t:  1216 | t: 11.999196 | r:  -522.000000 | e:   0.878400 | Q: -316.322876 | won: False 
#  586 | steps:  6349 | steps_t:  1226 | t: 12.092133 | r:  -510.000000 | e:   0.877400 | Q: -335.362427 | won: False 
#  587 | steps:  6356 | steps_t:  1232 | t: 12.175008 | r:  -506.000000 | e:   0.876800 | Q:        nan | won: False 
#  588 | steps:  6372 | steps_t:  1247 | t: 12.290303 | r:  -515.000000 | e:   0.875300 | Q: -322.426239 | won: False 
#  589 | steps:  6381 | steps_t:  1255 | t: 12.362697 | r:  -508.000000 | e:   0.874500 | Q: -309.283356 | won: False 
#  590 | steps:  6392 | steps_t:  1265 | t: 12.434131 | r:  -510.000000 | e:   0.873500 | Q:        nan | won: False 
#  591 | steps:  6400 | steps_t:  1272 | t: 14.305008 | r:  -507.000000 | e:   0.872800 | Q: -322.168793 | won: False 
#  592 | steps:  6408 | steps_t:  1279 | t: 16.481597 | r:  -507.000000 | e:   0.872100 | Q:        nan | won: False 
#  593 | steps:  6418 | steps_t:  1288 | t: 18.937294 | r:  -509.000000 | e:   0.871200 | Q: -342.773376 | won: False 
#  594 | steps:  6429 | steps_t:  1298 | t: 21.558684 | r:  -510.000000 | e:   0.870200 | Q: -327.438568 | won: False 
#  595 | steps:  6440 | steps_t:  1308 | t: 24.217663 | r:  -510.000000 | e:   0.869200 | Q:        nan | won: False 
#  596 | steps:  6457 | steps_t:  1324 | t: 27.889168 | r:  -516.000000 | e:   0.867600 | Q: -311.074677 | won: False 
#  597 | steps:  6465 | steps_t:  1331 | t: 30.098191 | r:  -507.000000 | e:   0.866900 | Q: -310.747742 | won: False 
#  598 | steps:  6476 | steps_t:  1341 | t: 32.770169 | r:  -510.000000 | e:   0.865900 | Q: -339.433441 | won: False 
#  599 | steps:  6488 | steps_t:  1352 | t: 35.805431 | r:  -511.000000 | e:   0.864800 | Q: -332.452942 | won: False 
#  600 | steps:  6500 | steps_t:  1363 | t: 38.685225 | r:  -511.000000 | e:   0.863700 | Q: -356.088409 | won: False 
